nohup: ignoring input
Loading original CSV...
✅ Completed injection file: fpair_Adventure__Children_s_2u_pos5_neg1.csv
✅ Completed injection file: fpair_Adventure__Children_s_4u_pos5_neg1.csv
✅ Completed injection file: fpair_Adventure__Children_s_6u_pos5_neg1.csv
✅ Completed injection file: fpair_Adventure__Children_s_25u_pos5_neg1.csv
✅ Completed injection file: fpair_Adventure__Children_s_50u_pos5_neg1.csv
✅ Completed injection file: fpair_Adventure__Children_s_100u_pos5_neg1.csv
✅ Completed injection file: fpair_Adventure__Children_s_200u_pos5_neg1.csv
✅ Completed injection file: fpair_Adventure__Children_s_300u_pos5_neg1.csv
✅ Completed injection file: fpair_Adventure__Children_s_500u_pos5_neg1.csv
✅ Completed injection file: fpair_Adventure__Children_s_1000u_pos5_neg1.csv
✅ Completed injection file: fpair_Adventure__Classics_2u_pos5_neg1.csv
✅ Completed injection file: fpair_Adventure__Classics_4u_pos5_neg1.csv
✅ Completed injection file: fpair_Adventure__Classics_6u_pos5_neg1.csv
✅ Completed injection file: fpair_Adventure__Classics_25u_pos5_neg1.csv
✅ Completed injection file: fpair_Adventure__Classics_50u_pos5_neg1.csv
✅ Completed injection file: fpair_Adventure__Classics_100u_pos5_neg1.csv
✅ Completed injection file: fpair_Adventure__Classics_200u_pos5_neg1.csv
✅ Completed injection file: fpair_Adventure__Classics_300u_pos5_neg1.csv
✅ Completed injection file: fpair_Adventure__Classics_500u_pos5_neg1.csv
✅ Completed injection file: fpair_Adventure__Classics_1000u_pos5_neg1.csv
✅ Completed injection file: fpair_Adventure__Drama_2u_pos5_neg1.csv
✅ Completed injection file: fpair_Adventure__Drama_4u_pos5_neg1.csv
✅ Completed injection file: fpair_Adventure__Drama_6u_pos5_neg1.csv
✅ Completed injection file: fpair_Adventure__Drama_25u_pos5_neg1.csv
✅ Completed injection file: fpair_Adventure__Drama_50u_pos5_neg1.csv
✅ Completed injection file: fpair_Adventure__Drama_100u_pos5_neg1.csv
✅ Completed injection file: fpair_Adventure__Drama_200u_pos5_neg1.csv
✅ Completed injection file: fpair_Adventure__Drama_300u_pos5_neg1.csv
✅ Completed injection file: fpair_Adventure__Drama_500u_pos5_neg1.csv
✅ Completed injection file: fpair_Adventure__Drama_1000u_pos5_neg1.csv
✅ Completed injection file: fpair_Adventure__Fantasy_2u_pos5_neg1.csv
✅ Completed injection file: fpair_Adventure__Fantasy_4u_pos5_neg1.csv
✅ Completed injection file: fpair_Adventure__Fantasy_6u_pos5_neg1.csv
✅ Completed injection file: fpair_Adventure__Fantasy_25u_pos5_neg1.csv
✅ Completed injection file: fpair_Adventure__Fantasy_50u_pos5_neg1.csv
✅ Completed injection file: fpair_Adventure__Fantasy_100u_pos5_neg1.csv
✅ Completed injection file: fpair_Adventure__Fantasy_200u_pos5_neg1.csv
✅ Completed injection file: fpair_Adventure__Fantasy_300u_pos5_neg1.csv
✅ Completed injection file: fpair_Adventure__Fantasy_500u_pos5_neg1.csv
✅ Completed injection file: fpair_Adventure__Fantasy_1000u_pos5_neg1.csv
✅ Completed injection file: fpair_Adventure__Historical_2u_pos5_neg1.csv
✅ Completed injection file: fpair_Adventure__Historical_4u_pos5_neg1.csv
✅ Completed injection file: fpair_Adventure__Historical_6u_pos5_neg1.csv
✅ Completed injection file: fpair_Adventure__Historical_25u_pos5_neg1.csv
✅ Completed injection file: fpair_Adventure__Historical_50u_pos5_neg1.csv
✅ Completed injection file: fpair_Adventure__Historical_100u_pos5_neg1.csv
✅ Completed injection file: fpair_Adventure__Historical_200u_pos5_neg1.csv
✅ Completed injection file: fpair_Adventure__Historical_300u_pos5_neg1.csv
✅ Completed injection file: fpair_Adventure__Historical_500u_pos5_neg1.csv
✅ Completed injection file: fpair_Adventure__Historical_1000u_pos5_neg1.csv
✅ Completed injection file: fpair_Adventure__Horror_2u_pos5_neg1.csv
✅ Completed injection file: fpair_Adventure__Horror_4u_pos5_neg1.csv
✅ Completed injection file: fpair_Adventure__Horror_6u_pos5_neg1.csv
✅ Completed injection file: fpair_Adventure__Horror_25u_pos5_neg1.csv
✅ Completed injection file: fpair_Adventure__Horror_50u_pos5_neg1.csv
✅ Completed injection file: fpair_Adventure__Horror_100u_pos5_neg1.csv
✅ Completed injection file: fpair_Adventure__Horror_200u_pos5_neg1.csv
✅ Completed injection file: fpair_Adventure__Horror_300u_pos5_neg1.csv
✅ Completed injection file: fpair_Adventure__Horror_500u_pos5_neg1.csv
✅ Completed injection file: fpair_Adventure__Horror_1000u_pos5_neg1.csv
✅ Completed injection file: fpair_Adventure__Mystery_2u_pos5_neg1.csv
✅ Completed injection file: fpair_Adventure__Mystery_4u_pos5_neg1.csv
✅ Completed injection file: fpair_Adventure__Mystery_6u_pos5_neg1.csv
✅ Completed injection file: fpair_Adventure__Mystery_25u_pos5_neg1.csv
✅ Completed injection file: fpair_Adventure__Mystery_50u_pos5_neg1.csv
✅ Completed injection file: fpair_Adventure__Mystery_100u_pos5_neg1.csv
✅ Completed injection file: fpair_Adventure__Mystery_200u_pos5_neg1.csv
✅ Completed injection file: fpair_Adventure__Mystery_300u_pos5_neg1.csv
✅ Completed injection file: fpair_Adventure__Mystery_500u_pos5_neg1.csv
✅ Completed injection file: fpair_Adventure__Mystery_1000u_pos5_neg1.csv
✅ Completed injection file: fpair_Adventure__Nonfiction_2u_pos5_neg1.csv
✅ Completed injection file: fpair_Adventure__Nonfiction_4u_pos5_neg1.csv
✅ Completed injection file: fpair_Adventure__Nonfiction_6u_pos5_neg1.csv
✅ Completed injection file: fpair_Adventure__Nonfiction_25u_pos5_neg1.csv
✅ Completed injection file: fpair_Adventure__Nonfiction_50u_pos5_neg1.csv
✅ Completed injection file: fpair_Adventure__Nonfiction_100u_pos5_neg1.csv
✅ Completed injection file: fpair_Adventure__Nonfiction_200u_pos5_neg1.csv
✅ Completed injection file: fpair_Adventure__Nonfiction_300u_pos5_neg1.csv
✅ Completed injection file: fpair_Adventure__Nonfiction_500u_pos5_neg1.csv
✅ Completed injection file: fpair_Adventure__Nonfiction_1000u_pos5_neg1.csv
✅ Completed injection file: fpair_Adventure__Romance_2u_pos5_neg1.csv
✅ Completed injection file: fpair_Adventure__Romance_4u_pos5_neg1.csv
✅ Completed injection file: fpair_Adventure__Romance_6u_pos5_neg1.csv
✅ Completed injection file: fpair_Adventure__Romance_25u_pos5_neg1.csv
✅ Completed injection file: fpair_Adventure__Romance_50u_pos5_neg1.csv
✅ Completed injection file: fpair_Adventure__Romance_100u_pos5_neg1.csv
✅ Completed injection file: fpair_Adventure__Romance_200u_pos5_neg1.csv
✅ Completed injection file: fpair_Adventure__Romance_300u_pos5_neg1.csv
✅ Completed injection file: fpair_Adventure__Romance_500u_pos5_neg1.csv
✅ Completed injection file: fpair_Adventure__Romance_1000u_pos5_neg1.csv
✅ Completed injection file: fpair_Adventure__Science_Fiction_2u_pos5_neg1.csv
✅ Completed injection file: fpair_Adventure__Science_Fiction_4u_pos5_neg1.csv
✅ Completed injection file: fpair_Adventure__Science_Fiction_6u_pos5_neg1.csv
✅ Completed injection file: fpair_Adventure__Science_Fiction_25u_pos5_neg1.csv
✅ Completed injection file: fpair_Adventure__Science_Fiction_50u_pos5_neg1.csv
✅ Completed injection file: fpair_Adventure__Science_Fiction_100u_pos5_neg1.csv
✅ Completed injection file: fpair_Adventure__Science_Fiction_200u_pos5_neg1.csv
✅ Completed injection file: fpair_Adventure__Science_Fiction_300u_pos5_neg1.csv
✅ Completed injection file: fpair_Adventure__Science_Fiction_500u_pos5_neg1.csv
✅ Completed injection file: fpair_Adventure__Science_Fiction_1000u_pos5_neg1.csv
✅ Completed injection file: fpair_Adventure__Thriller_2u_pos5_neg1.csv
✅ Completed injection file: fpair_Adventure__Thriller_4u_pos5_neg1.csv
✅ Completed injection file: fpair_Adventure__Thriller_6u_pos5_neg1.csv
✅ Completed injection file: fpair_Adventure__Thriller_25u_pos5_neg1.csv
✅ Completed injection file: fpair_Adventure__Thriller_50u_pos5_neg1.csv
✅ Completed injection file: fpair_Adventure__Thriller_100u_pos5_neg1.csv
✅ Completed injection file: fpair_Adventure__Thriller_200u_pos5_neg1.csv
✅ Completed injection file: fpair_Adventure__Thriller_300u_pos5_neg1.csv
✅ Completed injection file: fpair_Adventure__Thriller_500u_pos5_neg1.csv
✅ Completed injection file: fpair_Adventure__Thriller_1000u_pos5_neg1.csv
✅ Done for Adventure-only pairs. Out: /home/moshtasa/Research/phd-svd-recsys/SVD/Book/result/rec/top_re/1020/data/PAIR_INJECTION/5
