nohup: ignoring input
[Adventure] [15], /home/moshtasa/Research/phd-svd-recsys/SVD/Book/result/rec/top_re/1017/SVD_Single_Injection/ORIGINAL_15recommendation.csv -> 2041 books -> Adventure: avg/user=2.87, unique=398
[Adventure] [25], /home/moshtasa/Research/phd-svd-recsys/SVD/Book/result/rec/top_re/1017/SVD_Single_Injection/ORIGINAL_25recommendation.csv -> 2771 books -> Adventure: avg/user=4.90, unique=549
[Adventure] [35], /home/moshtasa/Research/phd-svd-recsys/SVD/Book/result/rec/top_re/1017/SVD_Single_Injection/ORIGINAL_35recommendation.csv -> 3366 books -> Adventure: avg/user=6.99, unique=663
[Adventure] [15] f_Adventure_2u_pos5_neg1_all_15recommendation.csv -> 2044 books -> Adventure: avg/user=2.84, unique=401
[Adventure] [15] f_Adventure_4u_pos5_neg1_all_15recommendation.csv -> 2217 books -> Adventure: avg/user=3.23, unique=464
[Adventure] [15] f_Adventure_6u_pos5_neg1_all_15recommendation.csv -> 1979 books -> Adventure: avg/user=3.62, unique=435
[Adventure] [15] f_Adventure_25u_pos5_neg1_all_15recommendation.csv -> 1639 books -> Adventure: avg/user=10.33, unique=401
[Adventure] [15] f_Adventure_50u_pos5_neg1_all_15recommendation.csv -> 1647 books -> Adventure: avg/user=9.67, unique=398
[Adventure] [15] f_Adventure_100u_pos5_neg1_all_15recommendation.csv -> 1732 books -> Adventure: avg/user=9.55, unique=445
[Adventure] [15] f_Adventure_200u_pos5_neg1_all_15recommendation.csv -> 1803 books -> Adventure: avg/user=7.57, unique=451
[Adventure] [15] f_Adventure_300u_pos5_neg1_all_15recommendation.csv -> 1924 books -> Adventure: avg/user=6.87, unique=451
[Adventure] [15] f_Adventure_350u_pos5_neg1_all_15recommendation.csv -> 1982 books -> Adventure: avg/user=6.95, unique=459
[Adventure] [15] f_Adventure_500u_pos5_neg1_all_15recommendation.csv -> 2074 books -> Adventure: avg/user=6.04, unique=452
[Adventure] [15] f_Adventure_1000u_pos5_neg1_all_15recommendation.csv -> 2106 books -> Adventure: avg/user=6.76, unique=489
[Adventure] [25] f_Adventure_2u_pos5_neg1_all_25recommendation.csv -> 2748 books -> Adventure: avg/user=4.98, unique=547
[Adventure] [25] f_Adventure_4u_pos5_neg1_all_25recommendation.csv -> 2974 books -> Adventure: avg/user=5.46, unique=622
[Adventure] [25] f_Adventure_6u_pos5_neg1_all_25recommendation.csv -> 2660 books -> Adventure: avg/user=6.19, unique=576
[Adventure] [25] f_Adventure_25u_pos5_neg1_all_25recommendation.csv -> 2218 books -> Adventure: avg/user=16.25, unique=516
[Adventure] [25] f_Adventure_50u_pos5_neg1_all_25recommendation.csv -> 2187 books -> Adventure: avg/user=15.03, unique=522
[Adventure] [25] f_Adventure_100u_pos5_neg1_all_25recommendation.csv -> 2325 books -> Adventure: avg/user=14.99, unique=560
[Adventure] [25] f_Adventure_200u_pos5_neg1_all_25recommendation.csv -> 2479 books -> Adventure: avg/user=12.08, unique=580
[Adventure] [25] f_Adventure_300u_pos5_neg1_all_25recommendation.csv -> 2563 books -> Adventure: avg/user=10.97, unique=590
[Adventure] [25] f_Adventure_350u_pos5_neg1_all_25recommendation.csv -> 2637 books -> Adventure: avg/user=11.16, unique=585
[Adventure] [25] f_Adventure_500u_pos5_neg1_all_25recommendation.csv -> 2737 books -> Adventure: avg/user=9.89, unique=582
[Adventure] [25] f_Adventure_1000u_pos5_neg1_all_25recommendation.csv -> 2795 books -> Adventure: avg/user=10.91, unique=616
[Adventure] [35] f_Adventure_2u_pos5_neg1_all_35recommendation.csv -> 3297 books -> Adventure: avg/user=7.20, unique=661
[Adventure] [35] f_Adventure_4u_pos5_neg1_all_35recommendation.csv -> 3505 books -> Adventure: avg/user=7.74, unique=710
[Adventure] [35] f_Adventure_6u_pos5_neg1_all_35recommendation.csv -> 3165 books -> Adventure: avg/user=8.83, unique=672
[Adventure] [35] f_Adventure_25u_pos5_neg1_all_35recommendation.csv -> 2652 books -> Adventure: avg/user=21.34, unique=601
[Adventure] [35] f_Adventure_50u_pos5_neg1_all_35recommendation.csv -> 2635 books -> Adventure: avg/user=19.71, unique=602
[Adventure] [35] f_Adventure_100u_pos5_neg1_all_35recommendation.csv -> 2788 books -> Adventure: avg/user=19.90, unique=652
[Adventure] [35] f_Adventure_200u_pos5_neg1_all_35recommendation.csv -> 2988 books -> Adventure: avg/user=16.26, unique=673
[Adventure] [35] f_Adventure_300u_pos5_neg1_all_35recommendation.csv -> 3037 books -> Adventure: avg/user=14.82, unique=678
[Adventure] [35] f_Adventure_350u_pos5_neg1_all_35recommendation.csv -> 3210 books -> Adventure: avg/user=15.11, unique=702
[Adventure] [35] f_Adventure_500u_pos5_neg1_all_35recommendation.csv -> 3296 books -> Adventure: avg/user=13.54, unique=686
[Adventure] [35] f_Adventure_1000u_pos5_neg1_all_35recommendation.csv -> 3361 books -> Adventure: avg/user=14.83, unique=730
[OK][Adventure] Saved text:   /home/moshtasa/Research/phd-svd-recsys/SVD/Book/result/rec/top_re/1017/result/5/Adventure_explanation/explanation.txt
[OK][Adventure] Saved table:  /home/moshtasa/Research/phd-svd-recsys/SVD/Book/result/rec/top_re/1017/result/5/Adventure_explanation/per_book_ranking.csv
[OK][Adventure] Saved figure: /home/moshtasa/Research/phd-svd-recsys/SVD/Book/result/rec/top_re/1017/result/5/Adventure_explanation/adventure__pos5.png
[Classics] [15], /home/moshtasa/Research/phd-svd-recsys/SVD/Book/result/rec/top_re/1017/SVD_Single_Injection/ORIGINAL_15recommendation.csv -> 2041 books -> Classics: avg/user=0.89, unique=167
[Classics] [25], /home/moshtasa/Research/phd-svd-recsys/SVD/Book/result/rec/top_re/1017/SVD_Single_Injection/ORIGINAL_25recommendation.csv -> 2771 books -> Classics: avg/user=1.60, unique=234
[Classics] [35], /home/moshtasa/Research/phd-svd-recsys/SVD/Book/result/rec/top_re/1017/SVD_Single_Injection/ORIGINAL_35recommendation.csv -> 3366 books -> Classics: avg/user=2.34, unique=305
[Classics] [15] f_Classics_2u_pos5_neg1_all_15recommendation.csv -> 2037 books -> Classics: avg/user=1.35, unique=181
[Classics] [15] f_Classics_4u_pos5_neg1_all_15recommendation.csv -> 2170 books -> Classics: avg/user=1.88, unique=198
[Classics] [15] f_Classics_6u_pos5_neg1_all_15recommendation.csv -> 1923 books -> Classics: avg/user=2.21, unique=196
[Classics] [15] f_Classics_25u_pos5_neg1_all_15recommendation.csv -> 1981 books -> Classics: avg/user=4.57, unique=278
[Classics] [15] f_Classics_50u_pos5_neg1_all_15recommendation.csv -> 1857 books -> Classics: avg/user=4.24, unique=296
[Classics] [15] f_Classics_100u_pos5_neg1_all_15recommendation.csv -> 1857 books -> Classics: avg/user=4.25, unique=284
[Classics] [15] f_Classics_200u_pos5_neg1_all_15recommendation.csv -> 2046 books -> Classics: avg/user=3.45, unique=286
[Classics] [15] f_Classics_300u_pos5_neg1_all_15recommendation.csv -> 2032 books -> Classics: avg/user=3.51, unique=307
[Classics] [15] f_Classics_350u_pos5_neg1_all_15recommendation.csv -> 2103 books -> Classics: avg/user=4.06, unique=305
[Classics] [15] f_Classics_500u_pos5_neg1_all_15recommendation.csv -> 2221 books -> Classics: avg/user=3.60, unique=317
[Classics] [15] f_Classics_1000u_pos5_neg1_all_15recommendation.csv -> 2273 books -> Classics: avg/user=3.56, unique=334
[Classics] [25] f_Classics_2u_pos5_neg1_all_25recommendation.csv -> 2738 books -> Classics: avg/user=2.23, unique=265
[Classics] [25] f_Classics_4u_pos5_neg1_all_25recommendation.csv -> 2948 books -> Classics: avg/user=3.00, unique=292
[Classics] [25] f_Classics_6u_pos5_neg1_all_25recommendation.csv -> 2627 books -> Classics: avg/user=3.68, unique=278
[Classics] [25] f_Classics_25u_pos5_neg1_all_25recommendation.csv -> 2564 books -> Classics: avg/user=7.12, unique=344
[Classics] [25] f_Classics_50u_pos5_neg1_all_25recommendation.csv -> 2505 books -> Classics: avg/user=6.77, unique=392
[Classics] [25] f_Classics_100u_pos5_neg1_all_25recommendation.csv -> 2488 books -> Classics: avg/user=6.71, unique=381
[Classics] [25] f_Classics_200u_pos5_neg1_all_25recommendation.csv -> 2690 books -> Classics: avg/user=5.57, unique=368
[Classics] [25] f_Classics_300u_pos5_neg1_all_25recommendation.csv -> 2686 books -> Classics: avg/user=5.66, unique=396
[Classics] [25] f_Classics_350u_pos5_neg1_all_25recommendation.csv -> 2802 books -> Classics: avg/user=6.43, unique=391
[Classics] [25] f_Classics_500u_pos5_neg1_all_25recommendation.csv -> 2902 books -> Classics: avg/user=5.77, unique=413
[Classics] [25] f_Classics_1000u_pos5_neg1_all_25recommendation.csv -> 2956 books -> Classics: avg/user=5.70, unique=416
[Classics] [35] f_Classics_2u_pos5_neg1_all_35recommendation.csv -> 3319 books -> Classics: avg/user=3.10, unique=332
[Classics] [35] f_Classics_4u_pos5_neg1_all_35recommendation.csv -> 3512 books -> Classics: avg/user=4.10, unique=344
[Classics] [35] f_Classics_6u_pos5_neg1_all_35recommendation.csv -> 3152 books -> Classics: avg/user=5.11, unique=339
[Classics] [35] f_Classics_25u_pos5_neg1_all_35recommendation.csv -> 3036 books -> Classics: avg/user=9.47, unique=402
[Classics] [35] f_Classics_50u_pos5_neg1_all_35recommendation.csv -> 3005 books -> Classics: avg/user=9.14, unique=463
[Classics] [35] f_Classics_100u_pos5_neg1_all_35recommendation.csv -> 2979 books -> Classics: avg/user=9.04, unique=440
[Classics] [35] f_Classics_200u_pos5_neg1_all_35recommendation.csv -> 3218 books -> Classics: avg/user=7.61, unique=425
[Classics] [35] f_Classics_300u_pos5_neg1_all_35recommendation.csv -> 3199 books -> Classics: avg/user=7.74, unique=448
[Classics] [35] f_Classics_350u_pos5_neg1_all_35recommendation.csv -> 3351 books -> Classics: avg/user=8.66, unique=467
[Classics] [35] f_Classics_500u_pos5_neg1_all_35recommendation.csv -> 3477 books -> Classics: avg/user=7.85, unique=478
[Classics] [35] f_Classics_1000u_pos5_neg1_all_35recommendation.csv -> 3512 books -> Classics: avg/user=7.73, unique=487
[OK][Classics] Saved text:   /home/moshtasa/Research/phd-svd-recsys/SVD/Book/result/rec/top_re/1017/result/5/Classics_explanation/explanation.txt
[OK][Classics] Saved table:  /home/moshtasa/Research/phd-svd-recsys/SVD/Book/result/rec/top_re/1017/result/5/Classics_explanation/per_book_ranking.csv
[OK][Classics] Saved figure: /home/moshtasa/Research/phd-svd-recsys/SVD/Book/result/rec/top_re/1017/result/5/Classics_explanation/classics__pos5.png
[Drama] [15], /home/moshtasa/Research/phd-svd-recsys/SVD/Book/result/rec/top_re/1017/SVD_Single_Injection/ORIGINAL_15recommendation.csv -> 2041 books -> Drama: avg/user=4.93, unique=592
[Drama] [25], /home/moshtasa/Research/phd-svd-recsys/SVD/Book/result/rec/top_re/1017/SVD_Single_Injection/ORIGINAL_25recommendation.csv -> 2771 books -> Drama: avg/user=8.10, unique=790
[Drama] [35], /home/moshtasa/Research/phd-svd-recsys/SVD/Book/result/rec/top_re/1017/SVD_Single_Injection/ORIGINAL_35recommendation.csv -> 3366 books -> Drama: avg/user=11.23, unique=970
[Drama] [15] f_Drama_2u_pos5_neg1_all_15recommendation.csv -> 2025 books -> Drama: avg/user=5.00, unique=617
[Drama] [15] f_Drama_4u_pos5_neg1_all_15recommendation.csv -> 2232 books -> Drama: avg/user=5.46, unique=655
[Drama] [15] f_Drama_6u_pos5_neg1_all_15recommendation.csv -> 1987 books -> Drama: avg/user=5.20, unique=611
[Drama] [15] f_Drama_25u_pos5_neg1_all_15recommendation.csv -> 1758 books -> Drama: avg/user=9.52, unique=540
[Drama] [15] f_Drama_50u_pos5_neg1_all_15recommendation.csv -> 1717 books -> Drama: avg/user=8.26, unique=567
[Drama] [15] f_Drama_100u_pos5_neg1_all_15recommendation.csv -> 1864 books -> Drama: avg/user=8.06, unique=619
[Drama] [15] f_Drama_200u_pos5_neg1_all_15recommendation.csv -> 1907 books -> Drama: avg/user=6.75, unique=623
[Drama] [15] f_Drama_300u_pos5_neg1_all_15recommendation.csv -> 2018 books -> Drama: avg/user=6.39, unique=607
[Drama] [15] f_Drama_350u_pos5_neg1_all_15recommendation.csv -> 2108 books -> Drama: avg/user=6.53, unique=648
[Drama] [15] f_Drama_500u_pos5_neg1_all_15recommendation.csv -> 2178 books -> Drama: avg/user=5.89, unique=677
[Drama] [15] f_Drama_1000u_pos5_neg1_all_15recommendation.csv -> 2182 books -> Drama: avg/user=5.93, unique=674
[Drama] [25] f_Drama_2u_pos5_neg1_all_25recommendation.csv -> 2732 books -> Drama: avg/user=8.18, unique=807
[Drama] [25] f_Drama_4u_pos5_neg1_all_25recommendation.csv -> 2931 books -> Drama: avg/user=8.80, unique=852
[Drama] [25] f_Drama_6u_pos5_neg1_all_25recommendation.csv -> 2645 books -> Drama: avg/user=8.68, unique=787
[Drama] [25] f_Drama_25u_pos5_neg1_all_25recommendation.csv -> 2367 books -> Drama: avg/user=14.82, unique=755
[Drama] [25] f_Drama_50u_pos5_neg1_all_25recommendation.csv -> 2281 books -> Drama: avg/user=12.92, unique=728
[Drama] [25] f_Drama_100u_pos5_neg1_all_25recommendation.csv -> 2432 books -> Drama: avg/user=12.81, unique=754
[Drama] [25] f_Drama_200u_pos5_neg1_all_25recommendation.csv -> 2534 books -> Drama: avg/user=11.02, unique=801
[Drama] [25] f_Drama_300u_pos5_neg1_all_25recommendation.csv -> 2662 books -> Drama: avg/user=10.33, unique=801
[Drama] [25] f_Drama_350u_pos5_neg1_all_25recommendation.csv -> 2798 books -> Drama: avg/user=10.60, unique=832
[Drama] [25] f_Drama_500u_pos5_neg1_all_25recommendation.csv -> 2875 books -> Drama: avg/user=9.72, unique=877
[Drama] [25] f_Drama_1000u_pos5_neg1_all_25recommendation.csv -> 2862 books -> Drama: avg/user=9.67, unique=851
[Drama] [35] f_Drama_2u_pos5_neg1_all_35recommendation.csv -> 3312 books -> Drama: avg/user=11.33, unique=970
[Drama] [35] f_Drama_4u_pos5_neg1_all_35recommendation.csv -> 3533 books -> Drama: avg/user=12.06, unique=1020
[Drama] [35] f_Drama_6u_pos5_neg1_all_35recommendation.csv -> 3173 books -> Drama: avg/user=12.13, unique=952
[Drama] [35] f_Drama_25u_pos5_neg1_all_35recommendation.csv -> 2864 books -> Drama: avg/user=19.64, unique=892
[Drama] [35] f_Drama_50u_pos5_neg1_all_35recommendation.csv -> 2792 books -> Drama: avg/user=17.32, unique=881
[Drama] [35] f_Drama_100u_pos5_neg1_all_35recommendation.csv -> 2878 books -> Drama: avg/user=17.33, unique=867
[Drama] [35] f_Drama_200u_pos5_neg1_all_35recommendation.csv -> 3048 books -> Drama: avg/user=15.18, unique=953
[Drama] [35] f_Drama_300u_pos5_neg1_all_35recommendation.csv -> 3155 books -> Drama: avg/user=14.16, unique=945
[Drama] [35] f_Drama_350u_pos5_neg1_all_35recommendation.csv -> 3298 books -> Drama: avg/user=14.53, unique=963
[Drama] [35] f_Drama_500u_pos5_neg1_all_35recommendation.csv -> 3376 books -> Drama: avg/user=13.50, unique=1016
[Drama] [35] f_Drama_1000u_pos5_neg1_all_35recommendation.csv -> 3427 books -> Drama: avg/user=13.36, unique=1021
[OK][Drama] Saved text:   /home/moshtasa/Research/phd-svd-recsys/SVD/Book/result/rec/top_re/1017/result/5/Drama_explanation/explanation.txt
[OK][Drama] Saved table:  /home/moshtasa/Research/phd-svd-recsys/SVD/Book/result/rec/top_re/1017/result/5/Drama_explanation/per_book_ranking.csv
[OK][Drama] Saved figure: /home/moshtasa/Research/phd-svd-recsys/SVD/Book/result/rec/top_re/1017/result/5/Drama_explanation/drama__pos5.png
[Fantasy] [15], /home/moshtasa/Research/phd-svd-recsys/SVD/Book/result/rec/top_re/1017/SVD_Single_Injection/ORIGINAL_15recommendation.csv -> 2041 books -> Fantasy: avg/user=3.20, unique=504
[Fantasy] [25], /home/moshtasa/Research/phd-svd-recsys/SVD/Book/result/rec/top_re/1017/SVD_Single_Injection/ORIGINAL_25recommendation.csv -> 2771 books -> Fantasy: avg/user=5.65, unique=676
[Fantasy] [35], /home/moshtasa/Research/phd-svd-recsys/SVD/Book/result/rec/top_re/1017/SVD_Single_Injection/ORIGINAL_35recommendation.csv -> 3366 books -> Fantasy: avg/user=8.15, unique=809
[Fantasy] [15] f_Fantasy_2u_pos5_neg1_all_15recommendation.csv -> 2011 books -> Fantasy: avg/user=3.82, unique=516
[Fantasy] [15] f_Fantasy_4u_pos5_neg1_all_15recommendation.csv -> 2182 books -> Fantasy: avg/user=3.99, unique=560
[Fantasy] [15] f_Fantasy_6u_pos5_neg1_all_15recommendation.csv -> 1886 books -> Fantasy: avg/user=5.01, unique=526
[Fantasy] [15] f_Fantasy_25u_pos5_neg1_all_15recommendation.csv -> 2042 books -> Fantasy: avg/user=4.83, unique=608
[Fantasy] [15] f_Fantasy_50u_pos5_neg1_all_15recommendation.csv -> 1989 books -> Fantasy: avg/user=5.50, unique=609
[Fantasy] [15] f_Fantasy_100u_pos5_neg1_all_15recommendation.csv -> 2101 books -> Fantasy: avg/user=5.52, unique=651
[Fantasy] [15] f_Fantasy_200u_pos5_neg1_all_15recommendation.csv -> 2061 books -> Fantasy: avg/user=5.46, unique=616
[Fantasy] [15] f_Fantasy_300u_pos5_neg1_all_15recommendation.csv -> 2126 books -> Fantasy: avg/user=5.32, unique=631
[Fantasy] [15] f_Fantasy_350u_pos5_neg1_all_15recommendation.csv -> 2275 books -> Fantasy: avg/user=5.19, unique=672
[Fantasy] [15] f_Fantasy_500u_pos5_neg1_all_15recommendation.csv -> 2248 books -> Fantasy: avg/user=5.31, unique=612
[Fantasy] [15] f_Fantasy_1000u_pos5_neg1_all_15recommendation.csv -> 2349 books -> Fantasy: avg/user=4.88, unique=629
[Fantasy] [25] f_Fantasy_2u_pos5_neg1_all_25recommendation.csv -> 2725 books -> Fantasy: avg/user=6.68, unique=694
[Fantasy] [25] f_Fantasy_4u_pos5_neg1_all_25recommendation.csv -> 2912 books -> Fantasy: avg/user=6.85, unique=732
[Fantasy] [25] f_Fantasy_6u_pos5_neg1_all_25recommendation.csv -> 2571 books -> Fantasy: avg/user=8.42, unique=690
[Fantasy] [25] f_Fantasy_25u_pos5_neg1_all_25recommendation.csv -> 2740 books -> Fantasy: avg/user=8.26, unique=811
[Fantasy] [25] f_Fantasy_50u_pos5_neg1_all_25recommendation.csv -> 2734 books -> Fantasy: avg/user=9.28, unique=812
[Fantasy] [25] f_Fantasy_100u_pos5_neg1_all_25recommendation.csv -> 2866 books -> Fantasy: avg/user=9.26, unique=868
[Fantasy] [25] f_Fantasy_200u_pos5_neg1_all_25recommendation.csv -> 2790 books -> Fantasy: avg/user=9.19, unique=810
[Fantasy] [25] f_Fantasy_300u_pos5_neg1_all_25recommendation.csv -> 2869 books -> Fantasy: avg/user=9.04, unique=818
[Fantasy] [25] f_Fantasy_350u_pos5_neg1_all_25recommendation.csv -> 2981 books -> Fantasy: avg/user=8.83, unique=852
[Fantasy] [25] f_Fantasy_500u_pos5_neg1_all_25recommendation.csv -> 3003 books -> Fantasy: avg/user=8.93, unique=826
[Fantasy] [25] f_Fantasy_1000u_pos5_neg1_all_25recommendation.csv -> 3120 books -> Fantasy: avg/user=8.38, unique=852
[Fantasy] [35] f_Fantasy_2u_pos5_neg1_all_35recommendation.csv -> 3278 books -> Fantasy: avg/user=9.55, unique=811
[Fantasy] [35] f_Fantasy_4u_pos5_neg1_all_35recommendation.csv -> 3475 books -> Fantasy: avg/user=9.70, unique=844
[Fantasy] [35] f_Fantasy_6u_pos5_neg1_all_35recommendation.csv -> 3075 books -> Fantasy: avg/user=11.75, unique=807
[Fantasy] [35] f_Fantasy_25u_pos5_neg1_all_35recommendation.csv -> 3273 books -> Fantasy: avg/user=11.69, unique=951
[Fantasy] [35] f_Fantasy_50u_pos5_neg1_all_35recommendation.csv -> 3275 books -> Fantasy: avg/user=13.01, unique=943
[Fantasy] [35] f_Fantasy_100u_pos5_neg1_all_35recommendation.csv -> 3400 books -> Fantasy: avg/user=12.98, unique=979
[Fantasy] [35] f_Fantasy_200u_pos5_neg1_all_35recommendation.csv -> 3365 books -> Fantasy: avg/user=12.92, unique=962
[Fantasy] [35] f_Fantasy_300u_pos5_neg1_all_35recommendation.csv -> 3447 books -> Fantasy: avg/user=12.74, unique=944
[Fantasy] [35] f_Fantasy_350u_pos5_neg1_all_35recommendation.csv -> 3592 books -> Fantasy: avg/user=12.47, unique=1004
[Fantasy] [35] f_Fantasy_500u_pos5_neg1_all_35recommendation.csv -> 3618 books -> Fantasy: avg/user=12.49, unique=987
[Fantasy] [35] f_Fantasy_1000u_pos5_neg1_all_35recommendation.csv -> 3731 books -> Fantasy: avg/user=11.86, unique=1003
[OK][Fantasy] Saved text:   /home/moshtasa/Research/phd-svd-recsys/SVD/Book/result/rec/top_re/1017/result/5/Fantasy_explanation/explanation.txt
[OK][Fantasy] Saved table:  /home/moshtasa/Research/phd-svd-recsys/SVD/Book/result/rec/top_re/1017/result/5/Fantasy_explanation/per_book_ranking.csv
[OK][Fantasy] Saved figure: /home/moshtasa/Research/phd-svd-recsys/SVD/Book/result/rec/top_re/1017/result/5/Fantasy_explanation/fantasy__pos5.png
[Historical] [15], /home/moshtasa/Research/phd-svd-recsys/SVD/Book/result/rec/top_re/1017/SVD_Single_Injection/ORIGINAL_15recommendation.csv -> 2041 books -> Historical: avg/user=1.07, unique=151
[Historical] [25], /home/moshtasa/Research/phd-svd-recsys/SVD/Book/result/rec/top_re/1017/SVD_Single_Injection/ORIGINAL_25recommendation.csv -> 2771 books -> Historical: avg/user=1.89, unique=218
[Historical] [35], /home/moshtasa/Research/phd-svd-recsys/SVD/Book/result/rec/top_re/1017/SVD_Single_Injection/ORIGINAL_35recommendation.csv -> 3366 books -> Historical: avg/user=2.71, unique=284
[Historical] [15] f_Historical_2u_pos5_neg1_all_15recommendation.csv -> 2019 books -> Historical: avg/user=1.34, unique=181
[Historical] [15] f_Historical_4u_pos5_neg1_all_15recommendation.csv -> 2225 books -> Historical: avg/user=1.75, unique=219
[Historical] [15] f_Historical_6u_pos5_neg1_all_15recommendation.csv -> 1928 books -> Historical: avg/user=2.71, unique=205
[Historical] [15] f_Historical_25u_pos5_neg1_all_15recommendation.csv -> 1989 books -> Historical: avg/user=4.53, unique=281
[Historical] [15] f_Historical_50u_pos5_neg1_all_15recommendation.csv -> 1843 books -> Historical: avg/user=3.84, unique=280
[Historical] [15] f_Historical_100u_pos5_neg1_all_15recommendation.csv -> 1923 books -> Historical: avg/user=3.95, unique=291
[Historical] [15] f_Historical_200u_pos5_neg1_all_15recommendation.csv -> 1988 books -> Historical: avg/user=3.83, unique=293
[Historical] [15] f_Historical_300u_pos5_neg1_all_15recommendation.csv -> 2017 books -> Historical: avg/user=4.45, unique=308
[Historical] [15] f_Historical_350u_pos5_neg1_all_15recommendation.csv -> 2053 books -> Historical: avg/user=5.52, unique=294
[Historical] [15] f_Historical_500u_pos5_neg1_all_15recommendation.csv -> 2190 books -> Historical: avg/user=3.58, unique=321
[Historical] [15] f_Historical_1000u_pos5_neg1_all_15recommendation.csv -> 2182 books -> Historical: avg/user=3.70, unique=325
[Historical] [25] f_Historical_2u_pos5_neg1_all_25recommendation.csv -> 2714 books -> Historical: avg/user=2.28, unique=245
[Historical] [25] f_Historical_4u_pos5_neg1_all_25recommendation.csv -> 2992 books -> Historical: avg/user=3.10, unique=296
[Historical] [25] f_Historical_6u_pos5_neg1_all_25recommendation.csv -> 2610 books -> Historical: avg/user=4.42, unique=273
[Historical] [25] f_Historical_25u_pos5_neg1_all_25recommendation.csv -> 2638 books -> Historical: avg/user=6.98, unique=360
[Historical] [25] f_Historical_50u_pos5_neg1_all_25recommendation.csv -> 2441 books -> Historical: avg/user=6.27, unique=372
[Historical] [25] f_Historical_100u_pos5_neg1_all_25recommendation.csv -> 2536 books -> Historical: avg/user=6.55, unique=371
[Historical] [25] f_Historical_200u_pos5_neg1_all_25recommendation.csv -> 2600 books -> Historical: avg/user=6.42, unique=375
[Historical] [25] f_Historical_300u_pos5_neg1_all_25recommendation.csv -> 2704 books -> Historical: avg/user=7.27, unique=379
[Historical] [25] f_Historical_350u_pos5_neg1_all_25recommendation.csv -> 2747 books -> Historical: avg/user=8.89, unique=377
[Historical] [25] f_Historical_500u_pos5_neg1_all_25recommendation.csv -> 2885 books -> Historical: avg/user=5.99, unique=404
[Historical] [25] f_Historical_1000u_pos5_neg1_all_25recommendation.csv -> 2881 books -> Historical: avg/user=6.17, unique=411
[Historical] [35] f_Historical_2u_pos5_neg1_all_35recommendation.csv -> 3317 books -> Historical: avg/user=3.25, unique=298
[Historical] [35] f_Historical_4u_pos5_neg1_all_35recommendation.csv -> 3523 books -> Historical: avg/user=4.44, unique=347
[Historical] [35] f_Historical_6u_pos5_neg1_all_35recommendation.csv -> 3123 books -> Historical: avg/user=6.10, unique=313
[Historical] [35] f_Historical_25u_pos5_neg1_all_35recommendation.csv -> 3131 books -> Historical: avg/user=9.27, unique=428
[Historical] [35] f_Historical_50u_pos5_neg1_all_35recommendation.csv -> 2947 books -> Historical: avg/user=8.63, unique=442
[Historical] [35] f_Historical_100u_pos5_neg1_all_35recommendation.csv -> 3055 books -> Historical: avg/user=9.06, unique=424
[Historical] [35] f_Historical_200u_pos5_neg1_all_35recommendation.csv -> 3110 books -> Historical: avg/user=8.95, unique=431
[Historical] [35] f_Historical_300u_pos5_neg1_all_35recommendation.csv -> 3208 books -> Historical: avg/user=9.97, unique=422
[Historical] [35] f_Historical_350u_pos5_neg1_all_35recommendation.csv -> 3290 books -> Historical: avg/user=12.09, unique=431
[Historical] [35] f_Historical_500u_pos5_neg1_all_35recommendation.csv -> 3432 books -> Historical: avg/user=8.35, unique=466
[Historical] [35] f_Historical_1000u_pos5_neg1_all_35recommendation.csv -> 3437 books -> Historical: avg/user=8.57, unique=468
[OK][Historical] Saved text:   /home/moshtasa/Research/phd-svd-recsys/SVD/Book/result/rec/top_re/1017/result/5/Historical_explanation/explanation.txt
[OK][Historical] Saved table:  /home/moshtasa/Research/phd-svd-recsys/SVD/Book/result/rec/top_re/1017/result/5/Historical_explanation/per_book_ranking.csv
[OK][Historical] Saved figure: /home/moshtasa/Research/phd-svd-recsys/SVD/Book/result/rec/top_re/1017/result/5/Historical_explanation/historical__pos5.png
[Horror] [15], /home/moshtasa/Research/phd-svd-recsys/SVD/Book/result/rec/top_re/1017/SVD_Single_Injection/ORIGINAL_15recommendation.csv -> 2041 books -> Horror: avg/user=1.16, unique=170
[Horror] [25], /home/moshtasa/Research/phd-svd-recsys/SVD/Book/result/rec/top_re/1017/SVD_Single_Injection/ORIGINAL_25recommendation.csv -> 2771 books -> Horror: avg/user=1.98, unique=238
[Horror] [35], /home/moshtasa/Research/phd-svd-recsys/SVD/Book/result/rec/top_re/1017/SVD_Single_Injection/ORIGINAL_35recommendation.csv -> 3366 books -> Horror: avg/user=2.78, unique=281
[Horror] [15] f_Horror_2u_pos5_neg1_all_15recommendation.csv -> 2029 books -> Horror: avg/user=1.31, unique=190
[Horror] [15] f_Horror_4u_pos5_neg1_all_15recommendation.csv -> 2215 books -> Horror: avg/user=1.65, unique=229
[Horror] [15] f_Horror_6u_pos5_neg1_all_15recommendation.csv -> 1929 books -> Horror: avg/user=2.34, unique=225
[Horror] [15] f_Horror_25u_pos5_neg1_all_15recommendation.csv -> 1926 books -> Horror: avg/user=4.10, unique=299
[Horror] [15] f_Horror_50u_pos5_neg1_all_15recommendation.csv -> 1843 books -> Horror: avg/user=4.12, unique=305
[Horror] [15] f_Horror_100u_pos5_neg1_all_15recommendation.csv -> 1970 books -> Horror: avg/user=4.29, unique=304
[Horror] [15] f_Horror_200u_pos5_neg1_all_15recommendation.csv -> 1984 books -> Horror: avg/user=4.23, unique=293
[Horror] [15] f_Horror_300u_pos5_neg1_all_15recommendation.csv -> 2036 books -> Horror: avg/user=4.47, unique=291
[Horror] [15] f_Horror_350u_pos5_neg1_all_15recommendation.csv -> 2055 books -> Horror: avg/user=5.16, unique=291
[Horror] [15] f_Horror_500u_pos5_neg1_all_15recommendation.csv -> 2160 books -> Horror: avg/user=4.82, unique=286
[Horror] [15] f_Horror_1000u_pos5_neg1_all_15recommendation.csv -> 2155 books -> Horror: avg/user=4.02, unique=291
[Horror] [25] f_Horror_2u_pos5_neg1_all_25recommendation.csv -> 2755 books -> Horror: avg/user=2.23, unique=256
[Horror] [25] f_Horror_4u_pos5_neg1_all_25recommendation.csv -> 2958 books -> Horror: avg/user=2.80, unique=297
[Horror] [25] f_Horror_6u_pos5_neg1_all_25recommendation.csv -> 2621 books -> Horror: avg/user=3.89, unique=279
[Horror] [25] f_Horror_25u_pos5_neg1_all_25recommendation.csv -> 2510 books -> Horror: avg/user=6.51, unique=366
[Horror] [25] f_Horror_50u_pos5_neg1_all_25recommendation.csv -> 2445 books -> Horror: avg/user=6.61, unique=380
[Horror] [25] f_Horror_100u_pos5_neg1_all_25recommendation.csv -> 2597 books -> Horror: avg/user=6.81, unique=374
[Horror] [25] f_Horror_200u_pos5_neg1_all_25recommendation.csv -> 2637 books -> Horror: avg/user=6.76, unique=372
[Horror] [25] f_Horror_300u_pos5_neg1_all_25recommendation.csv -> 2686 books -> Horror: avg/user=7.15, unique=370
[Horror] [25] f_Horror_350u_pos5_neg1_all_25recommendation.csv -> 2701 books -> Horror: avg/user=8.25, unique=375
[Horror] [25] f_Horror_500u_pos5_neg1_all_25recommendation.csv -> 2857 books -> Horror: avg/user=7.63, unique=378
[Horror] [25] f_Horror_1000u_pos5_neg1_all_25recommendation.csv -> 2902 books -> Horror: avg/user=6.49, unique=373
[Horror] [35] f_Horror_2u_pos5_neg1_all_35recommendation.csv -> 3319 books -> Horror: avg/user=3.15, unique=298
[Horror] [35] f_Horror_4u_pos5_neg1_all_35recommendation.csv -> 3505 books -> Horror: avg/user=3.94, unique=337
[Horror] [35] f_Horror_6u_pos5_neg1_all_35recommendation.csv -> 3145 books -> Horror: avg/user=5.41, unique=325
[Horror] [35] f_Horror_25u_pos5_neg1_all_35recommendation.csv -> 3054 books -> Horror: avg/user=8.73, unique=423
[Horror] [35] f_Horror_50u_pos5_neg1_all_35recommendation.csv -> 2938 books -> Horror: avg/user=8.94, unique=448
[Horror] [35] f_Horror_100u_pos5_neg1_all_35recommendation.csv -> 3109 books -> Horror: avg/user=9.16, unique=430
[Horror] [35] f_Horror_200u_pos5_neg1_all_35recommendation.csv -> 3163 books -> Horror: avg/user=9.12, unique=425
[Horror] [35] f_Horror_300u_pos5_neg1_all_35recommendation.csv -> 3207 books -> Horror: avg/user=9.67, unique=416
[Horror] [35] f_Horror_350u_pos5_neg1_all_35recommendation.csv -> 3262 books -> Horror: avg/user=11.10, unique=430
[Horror] [35] f_Horror_500u_pos5_neg1_all_35recommendation.csv -> 3410 books -> Horror: avg/user=10.22, unique=433
[Horror] [35] f_Horror_1000u_pos5_neg1_all_35recommendation.csv -> 3486 books -> Horror: avg/user=8.83, unique=434
[OK][Horror] Saved text:   /home/moshtasa/Research/phd-svd-recsys/SVD/Book/result/rec/top_re/1017/result/5/Horror_explanation/explanation.txt
[OK][Horror] Saved table:  /home/moshtasa/Research/phd-svd-recsys/SVD/Book/result/rec/top_re/1017/result/5/Horror_explanation/per_book_ranking.csv
[OK][Horror] Saved figure: /home/moshtasa/Research/phd-svd-recsys/SVD/Book/result/rec/top_re/1017/result/5/Horror_explanation/horror__pos5.png
[Mystery] [15], /home/moshtasa/Research/phd-svd-recsys/SVD/Book/result/rec/top_re/1017/SVD_Single_Injection/ORIGINAL_15recommendation.csv -> 2041 books -> Mystery: avg/user=3.80, unique=438
[Mystery] [25], /home/moshtasa/Research/phd-svd-recsys/SVD/Book/result/rec/top_re/1017/SVD_Single_Injection/ORIGINAL_25recommendation.csv -> 2771 books -> Mystery: avg/user=6.12, unique=606
[Mystery] [35], /home/moshtasa/Research/phd-svd-recsys/SVD/Book/result/rec/top_re/1017/SVD_Single_Injection/ORIGINAL_35recommendation.csv -> 3366 books -> Mystery: avg/user=8.36, unique=732
[Mystery] [15] f_Mystery_2u_pos5_neg1_all_15recommendation.csv -> 2041 books -> Mystery: avg/user=3.48, unique=458
[Mystery] [15] f_Mystery_4u_pos5_neg1_all_15recommendation.csv -> 2248 books -> Mystery: avg/user=3.68, unique=543
[Mystery] [15] f_Mystery_6u_pos5_neg1_all_15recommendation.csv -> 1970 books -> Mystery: avg/user=4.65, unique=490
[Mystery] [15] f_Mystery_25u_pos5_neg1_all_15recommendation.csv -> 1981 books -> Mystery: avg/user=4.47, unique=550
[Mystery] [15] f_Mystery_50u_pos5_neg1_all_15recommendation.csv -> 1917 books -> Mystery: avg/user=4.31, unique=539
[Mystery] [15] f_Mystery_100u_pos5_neg1_all_15recommendation.csv -> 2071 books -> Mystery: avg/user=4.86, unique=556
[Mystery] [15] f_Mystery_200u_pos5_neg1_all_15recommendation.csv -> 2056 books -> Mystery: avg/user=4.68, unique=545
[Mystery] [15] f_Mystery_300u_pos5_neg1_all_15recommendation.csv -> 2097 books -> Mystery: avg/user=5.14, unique=575
[Mystery] [15] f_Mystery_350u_pos5_neg1_all_15recommendation.csv -> 2114 books -> Mystery: avg/user=5.02, unique=554
[Mystery] [15] f_Mystery_500u_pos5_neg1_all_15recommendation.csv -> 2266 books -> Mystery: avg/user=4.56, unique=550
[Mystery] [15] f_Mystery_1000u_pos5_neg1_all_15recommendation.csv -> 2270 books -> Mystery: avg/user=4.07, unique=575
[Mystery] [25] f_Mystery_2u_pos5_neg1_all_25recommendation.csv -> 2757 books -> Mystery: avg/user=5.72, unique=612
[Mystery] [25] f_Mystery_4u_pos5_neg1_all_25recommendation.csv -> 3004 books -> Mystery: avg/user=6.22, unique=709
[Mystery] [25] f_Mystery_6u_pos5_neg1_all_25recommendation.csv -> 2660 books -> Mystery: avg/user=7.55, unique=633
[Mystery] [25] f_Mystery_25u_pos5_neg1_all_25recommendation.csv -> 2637 books -> Mystery: avg/user=7.45, unique=725
[Mystery] [25] f_Mystery_50u_pos5_neg1_all_25recommendation.csv -> 2584 books -> Mystery: avg/user=7.28, unique=720
[Mystery] [25] f_Mystery_100u_pos5_neg1_all_25recommendation.csv -> 2700 books -> Mystery: avg/user=8.02, unique=744
[Mystery] [25] f_Mystery_200u_pos5_neg1_all_25recommendation.csv -> 2755 books -> Mystery: avg/user=7.82, unique=746
[Mystery] [25] f_Mystery_300u_pos5_neg1_all_25recommendation.csv -> 2814 books -> Mystery: avg/user=8.49, unique=751
[Mystery] [25] f_Mystery_350u_pos5_neg1_all_25recommendation.csv -> 2845 books -> Mystery: avg/user=8.35, unique=748
[Mystery] [25] f_Mystery_500u_pos5_neg1_all_25recommendation.csv -> 2968 books -> Mystery: avg/user=7.61, unique=761
[Mystery] [25] f_Mystery_1000u_pos5_neg1_all_25recommendation.csv -> 3004 books -> Mystery: avg/user=6.90, unique=783
[Mystery] [35] f_Mystery_2u_pos5_neg1_all_35recommendation.csv -> 3337 books -> Mystery: avg/user=7.93, unique=733
[Mystery] [35] f_Mystery_4u_pos5_neg1_all_35recommendation.csv -> 3554 books -> Mystery: avg/user=8.74, unique=838
[Mystery] [35] f_Mystery_6u_pos5_neg1_all_35recommendation.csv -> 3170 books -> Mystery: avg/user=10.39, unique=751
[Mystery] [35] f_Mystery_25u_pos5_neg1_all_35recommendation.csv -> 3199 books -> Mystery: avg/user=10.38, unique=873
[Mystery] [35] f_Mystery_50u_pos5_neg1_all_35recommendation.csv -> 3107 books -> Mystery: avg/user=10.24, unique=865
[Mystery] [35] f_Mystery_100u_pos5_neg1_all_35recommendation.csv -> 3270 books -> Mystery: avg/user=11.13, unique=892
[Mystery] [35] f_Mystery_200u_pos5_neg1_all_35recommendation.csv -> 3317 books -> Mystery: avg/user=10.92, unique=924
[Mystery] [35] f_Mystery_300u_pos5_neg1_all_35recommendation.csv -> 3343 books -> Mystery: avg/user=11.80, unique=889
[Mystery] [35] f_Mystery_350u_pos5_neg1_all_35recommendation.csv -> 3419 books -> Mystery: avg/user=11.63, unique=915
[Mystery] [35] f_Mystery_500u_pos5_neg1_all_35recommendation.csv -> 3508 books -> Mystery: avg/user=10.59, unique=898
[Mystery] [35] f_Mystery_1000u_pos5_neg1_all_35recommendation.csv -> 3598 books -> Mystery: avg/user=9.70, unique=945
[OK][Mystery] Saved text:   /home/moshtasa/Research/phd-svd-recsys/SVD/Book/result/rec/top_re/1017/result/5/Mystery_explanation/explanation.txt
[OK][Mystery] Saved table:  /home/moshtasa/Research/phd-svd-recsys/SVD/Book/result/rec/top_re/1017/result/5/Mystery_explanation/per_book_ranking.csv
[OK][Mystery] Saved figure: /home/moshtasa/Research/phd-svd-recsys/SVD/Book/result/rec/top_re/1017/result/5/Mystery_explanation/mystery__pos5.png
[Nonfiction] [15], /home/moshtasa/Research/phd-svd-recsys/SVD/Book/result/rec/top_re/1017/SVD_Single_Injection/ORIGINAL_15recommendation.csv -> 2041 books -> Nonfiction: avg/user=2.22, unique=249
[Nonfiction] [25], /home/moshtasa/Research/phd-svd-recsys/SVD/Book/result/rec/top_re/1017/SVD_Single_Injection/ORIGINAL_25recommendation.csv -> 2771 books -> Nonfiction: avg/user=3.46, unique=317
[Nonfiction] [35], /home/moshtasa/Research/phd-svd-recsys/SVD/Book/result/rec/top_re/1017/SVD_Single_Injection/ORIGINAL_35recommendation.csv -> 3366 books -> Nonfiction: avg/user=4.71, unique=375
[Nonfiction] [15] f_Nonfiction_2u_pos5_neg1_all_15recommendation.csv -> 2035 books -> Nonfiction: avg/user=2.05, unique=247
[Nonfiction] [15] f_Nonfiction_4u_pos5_neg1_all_15recommendation.csv -> 2215 books -> Nonfiction: avg/user=2.60, unique=281
[Nonfiction] [15] f_Nonfiction_6u_pos5_neg1_all_15recommendation.csv -> 1932 books -> Nonfiction: avg/user=3.14, unique=273
[Nonfiction] [15] f_Nonfiction_25u_pos5_neg1_all_15recommendation.csv -> 2005 books -> Nonfiction: avg/user=4.44, unique=363
[Nonfiction] [15] f_Nonfiction_50u_pos5_neg1_all_15recommendation.csv -> 1896 books -> Nonfiction: avg/user=4.36, unique=368
[Nonfiction] [15] f_Nonfiction_100u_pos5_neg1_all_15recommendation.csv -> 2025 books -> Nonfiction: avg/user=3.31, unique=361
[Nonfiction] [15] f_Nonfiction_200u_pos5_neg1_all_15recommendation.csv -> 2061 books -> Nonfiction: avg/user=3.87, unique=346
[Nonfiction] [15] f_Nonfiction_300u_pos5_neg1_all_15recommendation.csv -> 2098 books -> Nonfiction: avg/user=3.96, unique=375
[Nonfiction] [15] f_Nonfiction_350u_pos5_neg1_all_15recommendation.csv -> 2127 books -> Nonfiction: avg/user=4.32, unique=360
[Nonfiction] [15] f_Nonfiction_500u_pos5_neg1_all_15recommendation.csv -> 2266 books -> Nonfiction: avg/user=3.25, unique=371
[Nonfiction] [15] f_Nonfiction_1000u_pos5_neg1_all_15recommendation.csv -> 2319 books -> Nonfiction: avg/user=3.00, unique=384
[Nonfiction] [25] f_Nonfiction_2u_pos5_neg1_all_25recommendation.csv -> 2754 books -> Nonfiction: avg/user=3.32, unique=339
[Nonfiction] [25] f_Nonfiction_4u_pos5_neg1_all_25recommendation.csv -> 2943 books -> Nonfiction: avg/user=4.23, unique=362
[Nonfiction] [25] f_Nonfiction_6u_pos5_neg1_all_25recommendation.csv -> 2583 books -> Nonfiction: avg/user=5.17, unique=347
[Nonfiction] [25] f_Nonfiction_25u_pos5_neg1_all_25recommendation.csv -> 2684 books -> Nonfiction: avg/user=6.97, unique=488
[Nonfiction] [25] f_Nonfiction_50u_pos5_neg1_all_25recommendation.csv -> 2521 books -> Nonfiction: avg/user=6.98, unique=478
[Nonfiction] [25] f_Nonfiction_100u_pos5_neg1_all_25recommendation.csv -> 2653 books -> Nonfiction: avg/user=5.57, unique=472
[Nonfiction] [25] f_Nonfiction_200u_pos5_neg1_all_25recommendation.csv -> 2748 books -> Nonfiction: avg/user=6.32, unique=462
[Nonfiction] [25] f_Nonfiction_300u_pos5_neg1_all_25recommendation.csv -> 2734 books -> Nonfiction: avg/user=6.65, unique=474
[Nonfiction] [25] f_Nonfiction_350u_pos5_neg1_all_25recommendation.csv -> 2878 books -> Nonfiction: avg/user=7.25, unique=478
[Nonfiction] [25] f_Nonfiction_500u_pos5_neg1_all_25recommendation.csv -> 2989 books -> Nonfiction: avg/user=5.66, unique=481
[Nonfiction] [25] f_Nonfiction_1000u_pos5_neg1_all_25recommendation.csv -> 3058 books -> Nonfiction: avg/user=5.25, unique=503
[Nonfiction] [35] f_Nonfiction_2u_pos5_neg1_all_35recommendation.csv -> 3331 books -> Nonfiction: avg/user=4.60, unique=403
[Nonfiction] [35] f_Nonfiction_4u_pos5_neg1_all_35recommendation.csv -> 3524 books -> Nonfiction: avg/user=5.82, unique=428
[Nonfiction] [35] f_Nonfiction_6u_pos5_neg1_all_35recommendation.csv -> 3129 books -> Nonfiction: avg/user=7.22, unique=422
[Nonfiction] [35] f_Nonfiction_25u_pos5_neg1_all_35recommendation.csv -> 3164 books -> Nonfiction: avg/user=9.38, unique=572
[Nonfiction] [35] f_Nonfiction_50u_pos5_neg1_all_35recommendation.csv -> 3030 books -> Nonfiction: avg/user=9.54, unique=556
[Nonfiction] [35] f_Nonfiction_100u_pos5_neg1_all_35recommendation.csv -> 3196 books -> Nonfiction: avg/user=7.83, unique=555
[Nonfiction] [35] f_Nonfiction_200u_pos5_neg1_all_35recommendation.csv -> 3313 books -> Nonfiction: avg/user=8.74, unique=554
[Nonfiction] [35] f_Nonfiction_300u_pos5_neg1_all_35recommendation.csv -> 3291 books -> Nonfiction: avg/user=9.31, unique=562
[Nonfiction] [35] f_Nonfiction_350u_pos5_neg1_all_35recommendation.csv -> 3435 books -> Nonfiction: avg/user=10.13, unique=577
[Nonfiction] [35] f_Nonfiction_500u_pos5_neg1_all_35recommendation.csv -> 3587 books -> Nonfiction: avg/user=8.07, unique=580
[Nonfiction] [35] f_Nonfiction_1000u_pos5_neg1_all_35recommendation.csv -> 3647 books -> Nonfiction: avg/user=7.53, unique=602
[OK][Nonfiction] Saved text:   /home/moshtasa/Research/phd-svd-recsys/SVD/Book/result/rec/top_re/1017/result/5/Nonfiction_explanation/explanation.txt
[OK][Nonfiction] Saved table:  /home/moshtasa/Research/phd-svd-recsys/SVD/Book/result/rec/top_re/1017/result/5/Nonfiction_explanation/per_book_ranking.csv
[OK][Nonfiction] Saved figure: /home/moshtasa/Research/phd-svd-recsys/SVD/Book/result/rec/top_re/1017/result/5/Nonfiction_explanation/nonfiction__pos5.png
[Romance] [15], /home/moshtasa/Research/phd-svd-recsys/SVD/Book/result/rec/top_re/1017/SVD_Single_Injection/ORIGINAL_15recommendation.csv -> 2041 books -> Romance: avg/user=2.40, unique=399
[Romance] [25], /home/moshtasa/Research/phd-svd-recsys/SVD/Book/result/rec/top_re/1017/SVD_Single_Injection/ORIGINAL_25recommendation.csv -> 2771 books -> Romance: avg/user=3.95, unique=538
[Romance] [35], /home/moshtasa/Research/phd-svd-recsys/SVD/Book/result/rec/top_re/1017/SVD_Single_Injection/ORIGINAL_35recommendation.csv -> 3366 books -> Romance: avg/user=5.48, unique=669
[Romance] [15] f_Romance_2u_pos5_neg1_all_15recommendation.csv -> 2045 books -> Romance: avg/user=2.71, unique=409
[Romance] [15] f_Romance_4u_pos5_neg1_all_15recommendation.csv -> 2234 books -> Romance: avg/user=2.90, unique=471
[Romance] [15] f_Romance_6u_pos5_neg1_all_15recommendation.csv -> 1983 books -> Romance: avg/user=3.36, unique=436
[Romance] [15] f_Romance_25u_pos5_neg1_all_15recommendation.csv -> 1976 books -> Romance: avg/user=4.45, unique=497
[Romance] [15] f_Romance_50u_pos5_neg1_all_15recommendation.csv -> 2124 books -> Romance: avg/user=4.06, unique=564
[Romance] [15] f_Romance_100u_pos5_neg1_all_15recommendation.csv -> 2078 books -> Romance: avg/user=4.37, unique=544
[Romance] [15] f_Romance_200u_pos5_neg1_all_15recommendation.csv -> 2156 books -> Romance: avg/user=4.67, unique=544
[Romance] [15] f_Romance_300u_pos5_neg1_all_15recommendation.csv -> 2103 books -> Romance: avg/user=4.20, unique=512
[Romance] [15] f_Romance_350u_pos5_neg1_all_15recommendation.csv -> 2242 books -> Romance: avg/user=4.10, unique=536
[Romance] [15] f_Romance_500u_pos5_neg1_all_15recommendation.csv -> 2295 books -> Romance: avg/user=4.33, unique=550
[Romance] [15] f_Romance_1000u_pos5_neg1_all_15recommendation.csv -> 2300 books -> Romance: avg/user=3.77, unique=544
[Romance] [25] f_Romance_2u_pos5_neg1_all_25recommendation.csv -> 2753 books -> Romance: avg/user=4.37, unique=538
[Romance] [25] f_Romance_4u_pos5_neg1_all_25recommendation.csv -> 2975 books -> Romance: avg/user=4.87, unique=618
[Romance] [25] f_Romance_6u_pos5_neg1_all_25recommendation.csv -> 2643 books -> Romance: avg/user=5.55, unique=563
[Romance] [25] f_Romance_25u_pos5_neg1_all_25recommendation.csv -> 2637 books -> Romance: avg/user=7.11, unique=679
[Romance] [25] f_Romance_50u_pos5_neg1_all_25recommendation.csv -> 2824 books -> Romance: avg/user=6.57, unique=740
[Romance] [25] f_Romance_100u_pos5_neg1_all_25recommendation.csv -> 2754 books -> Romance: avg/user=7.03, unique=701
[Romance] [25] f_Romance_200u_pos5_neg1_all_25recommendation.csv -> 2830 books -> Romance: avg/user=7.39, unique=723
[Romance] [25] f_Romance_300u_pos5_neg1_all_25recommendation.csv -> 2806 books -> Romance: avg/user=6.67, unique=677
[Romance] [25] f_Romance_350u_pos5_neg1_all_25recommendation.csv -> 2954 books -> Romance: avg/user=6.55, unique=735
[Romance] [25] f_Romance_500u_pos5_neg1_all_25recommendation.csv -> 2999 books -> Romance: avg/user=6.94, unique=725
[Romance] [25] f_Romance_1000u_pos5_neg1_all_25recommendation.csv -> 3068 books -> Romance: avg/user=6.18, unique=743
[Romance] [35] f_Romance_2u_pos5_neg1_all_35recommendation.csv -> 3328 books -> Romance: avg/user=6.01, unique=654
[Romance] [35] f_Romance_4u_pos5_neg1_all_35recommendation.csv -> 3516 books -> Romance: avg/user=6.79, unique=740
[Romance] [35] f_Romance_6u_pos5_neg1_all_35recommendation.csv -> 3144 books -> Romance: avg/user=7.68, unique=679
[Romance] [35] f_Romance_25u_pos5_neg1_all_35recommendation.csv -> 3169 books -> Romance: avg/user=9.63, unique=809
[Romance] [35] f_Romance_50u_pos5_neg1_all_35recommendation.csv -> 3338 books -> Romance: avg/user=9.01, unique=856
[Romance] [35] f_Romance_100u_pos5_neg1_all_35recommendation.csv -> 3283 books -> Romance: avg/user=9.58, unique=830
[Romance] [35] f_Romance_200u_pos5_neg1_all_35recommendation.csv -> 3361 books -> Romance: avg/user=9.97, unique=857
[Romance] [35] f_Romance_300u_pos5_neg1_all_35recommendation.csv -> 3324 books -> Romance: avg/user=9.08, unique=815
[Romance] [35] f_Romance_350u_pos5_neg1_all_35recommendation.csv -> 3492 books -> Romance: avg/user=8.92, unique=868
[Romance] [35] f_Romance_500u_pos5_neg1_all_35recommendation.csv -> 3571 books -> Romance: avg/user=9.47, unique=881
[Romance] [35] f_Romance_1000u_pos5_neg1_all_35recommendation.csv -> 3664 books -> Romance: avg/user=8.55, unique=907
[OK][Romance] Saved text:   /home/moshtasa/Research/phd-svd-recsys/SVD/Book/result/rec/top_re/1017/result/5/Romance_explanation/explanation.txt
[OK][Romance] Saved table:  /home/moshtasa/Research/phd-svd-recsys/SVD/Book/result/rec/top_re/1017/result/5/Romance_explanation/per_book_ranking.csv
[OK][Romance] Saved figure: /home/moshtasa/Research/phd-svd-recsys/SVD/Book/result/rec/top_re/1017/result/5/Romance_explanation/romance__pos5.png
[Science Fiction] [15], /home/moshtasa/Research/phd-svd-recsys/SVD/Book/result/rec/top_re/1017/SVD_Single_Injection/ORIGINAL_15recommendation.csv -> 2041 books -> Science Fiction: avg/user=0.99, unique=147
[Science Fiction] [25], /home/moshtasa/Research/phd-svd-recsys/SVD/Book/result/rec/top_re/1017/SVD_Single_Injection/ORIGINAL_25recommendation.csv -> 2771 books -> Science Fiction: avg/user=1.62, unique=204
[Science Fiction] [35], /home/moshtasa/Research/phd-svd-recsys/SVD/Book/result/rec/top_re/1017/SVD_Single_Injection/ORIGINAL_35recommendation.csv -> 3366 books -> Science Fiction: avg/user=2.28, unique=247
[Science Fiction] [15] f_Science_Fiction_2u_pos5_neg1_all_15recommendation.csv -> 2025 books -> Science Fiction: avg/user=1.08, unique=135
[Science Fiction] [15] f_Science_Fiction_4u_pos5_neg1_all_15recommendation.csv -> 2214 books -> Science Fiction: avg/user=1.46, unique=189
[Science Fiction] [15] f_Science_Fiction_6u_pos5_neg1_all_15recommendation.csv -> 1882 books -> Science Fiction: avg/user=1.90, unique=170
[Science Fiction] [15] f_Science_Fiction_25u_pos5_neg1_all_15recommendation.csv -> 1999 books -> Science Fiction: avg/user=3.49, unique=303
[Science Fiction] [15] f_Science_Fiction_50u_pos5_neg1_all_15recommendation.csv -> 1917 books -> Science Fiction: avg/user=3.41, unique=319
[Science Fiction] [15] f_Science_Fiction_100u_pos5_neg1_all_15recommendation.csv -> 1998 books -> Science Fiction: avg/user=3.45, unique=302
[Science Fiction] [15] f_Science_Fiction_200u_pos5_neg1_all_15recommendation.csv -> 2086 books -> Science Fiction: avg/user=3.74, unique=338
[Science Fiction] [15] f_Science_Fiction_300u_pos5_neg1_all_15recommendation.csv -> 1994 books -> Science Fiction: avg/user=3.63, unique=288
[Science Fiction] [15] f_Science_Fiction_350u_pos5_neg1_all_15recommendation.csv -> 2123 books -> Science Fiction: avg/user=3.89, unique=319
[Science Fiction] [15] f_Science_Fiction_500u_pos5_neg1_all_15recommendation.csv -> 2229 books -> Science Fiction: avg/user=3.20, unique=333
[Science Fiction] [15] f_Science_Fiction_1000u_pos5_neg1_all_15recommendation.csv -> 2248 books -> Science Fiction: avg/user=3.80, unique=363
[Science Fiction] [25] f_Science_Fiction_2u_pos5_neg1_all_25recommendation.csv -> 2746 books -> Science Fiction: avg/user=1.77, unique=199
[Science Fiction] [25] f_Science_Fiction_4u_pos5_neg1_all_25recommendation.csv -> 2944 books -> Science Fiction: avg/user=2.40, unique=244
[Science Fiction] [25] f_Science_Fiction_6u_pos5_neg1_all_25recommendation.csv -> 2626 books -> Science Fiction: avg/user=3.14, unique=244
[Science Fiction] [25] f_Science_Fiction_25u_pos5_neg1_all_25recommendation.csv -> 2670 books -> Science Fiction: avg/user=5.51, unique=424
[Science Fiction] [25] f_Science_Fiction_50u_pos5_neg1_all_25recommendation.csv -> 2567 books -> Science Fiction: avg/user=5.48, unique=412
[Science Fiction] [25] f_Science_Fiction_100u_pos5_neg1_all_25recommendation.csv -> 2688 books -> Science Fiction: avg/user=5.52, unique=406
[Science Fiction] [25] f_Science_Fiction_200u_pos5_neg1_all_25recommendation.csv -> 2787 books -> Science Fiction: avg/user=5.95, unique=451
[Science Fiction] [25] f_Science_Fiction_300u_pos5_neg1_all_25recommendation.csv -> 2653 books -> Science Fiction: avg/user=5.87, unique=392
[Science Fiction] [25] f_Science_Fiction_350u_pos5_neg1_all_25recommendation.csv -> 2882 books -> Science Fiction: avg/user=6.26, unique=429
[Science Fiction] [25] f_Science_Fiction_500u_pos5_neg1_all_25recommendation.csv -> 2939 books -> Science Fiction: avg/user=5.23, unique=431
[Science Fiction] [25] f_Science_Fiction_1000u_pos5_neg1_all_25recommendation.csv -> 3053 books -> Science Fiction: avg/user=6.09, unique=465
[Science Fiction] [35] f_Science_Fiction_2u_pos5_neg1_all_35recommendation.csv -> 3322 books -> Science Fiction: avg/user=2.48, unique=255
[Science Fiction] [35] f_Science_Fiction_4u_pos5_neg1_all_35recommendation.csv -> 3507 books -> Science Fiction: avg/user=3.37, unique=298
[Science Fiction] [35] f_Science_Fiction_6u_pos5_neg1_all_35recommendation.csv -> 3152 books -> Science Fiction: avg/user=4.36, unique=298
[Science Fiction] [35] f_Science_Fiction_25u_pos5_neg1_all_35recommendation.csv -> 3252 books -> Science Fiction: avg/user=7.43, unique=503
[Science Fiction] [35] f_Science_Fiction_50u_pos5_neg1_all_35recommendation.csv -> 3070 books -> Science Fiction: avg/user=7.48, unique=481
[Science Fiction] [35] f_Science_Fiction_100u_pos5_neg1_all_35recommendation.csv -> 3221 books -> Science Fiction: avg/user=7.53, unique=485
[Science Fiction] [35] f_Science_Fiction_200u_pos5_neg1_all_35recommendation.csv -> 3370 books -> Science Fiction: avg/user=8.08, unique=530
[Science Fiction] [35] f_Science_Fiction_300u_pos5_neg1_all_35recommendation.csv -> 3240 books -> Science Fiction: avg/user=8.07, unique=482
[Science Fiction] [35] f_Science_Fiction_350u_pos5_neg1_all_35recommendation.csv -> 3445 books -> Science Fiction: avg/user=8.57, unique=501
[Science Fiction] [35] f_Science_Fiction_500u_pos5_neg1_all_35recommendation.csv -> 3523 books -> Science Fiction: avg/user=7.22, unique=507
[Science Fiction] [35] f_Science_Fiction_1000u_pos5_neg1_all_35recommendation.csv -> 3672 books -> Science Fiction: avg/user=8.31, unique=543
[OK][Science Fiction] Saved text:   /home/moshtasa/Research/phd-svd-recsys/SVD/Book/result/rec/top_re/1017/result/5/Science_Fiction_explanation/explanation.txt
[OK][Science Fiction] Saved table:  /home/moshtasa/Research/phd-svd-recsys/SVD/Book/result/rec/top_re/1017/result/5/Science_Fiction_explanation/per_book_ranking.csv
[OK][Science Fiction] Saved figure: /home/moshtasa/Research/phd-svd-recsys/SVD/Book/result/rec/top_re/1017/result/5/Science_Fiction_explanation/science_fiction__pos5.png
[Thriller] [15], /home/moshtasa/Research/phd-svd-recsys/SVD/Book/result/rec/top_re/1017/SVD_Single_Injection/ORIGINAL_15recommendation.csv -> 2041 books -> Thriller: avg/user=1.90, unique=254
[Thriller] [25], /home/moshtasa/Research/phd-svd-recsys/SVD/Book/result/rec/top_re/1017/SVD_Single_Injection/ORIGINAL_25recommendation.csv -> 2771 books -> Thriller: avg/user=3.11, unique=346
[Thriller] [35], /home/moshtasa/Research/phd-svd-recsys/SVD/Book/result/rec/top_re/1017/SVD_Single_Injection/ORIGINAL_35recommendation.csv -> 3366 books -> Thriller: avg/user=4.29, unique=418
[Thriller] [15] f_Thriller_2u_pos5_neg1_all_15recommendation.csv -> 2048 books -> Thriller: avg/user=1.84, unique=257
[Thriller] [15] f_Thriller_4u_pos5_neg1_all_15recommendation.csv -> 2268 books -> Thriller: avg/user=2.19, unique=325
[Thriller] [15] f_Thriller_6u_pos5_neg1_all_15recommendation.csv -> 1939 books -> Thriller: avg/user=2.71, unique=302
[Thriller] [15] f_Thriller_25u_pos5_neg1_all_15recommendation.csv -> 1867 books -> Thriller: avg/user=5.84, unique=361
[Thriller] [15] f_Thriller_50u_pos5_neg1_all_15recommendation.csv -> 1858 books -> Thriller: avg/user=5.24, unique=372
[Thriller] [15] f_Thriller_100u_pos5_neg1_all_15recommendation.csv -> 1929 books -> Thriller: avg/user=4.62, unique=393
[Thriller] [15] f_Thriller_200u_pos5_neg1_all_15recommendation.csv -> 2035 books -> Thriller: avg/user=3.62, unique=373
[Thriller] [15] f_Thriller_300u_pos5_neg1_all_15recommendation.csv -> 2045 books -> Thriller: avg/user=4.16, unique=355
[Thriller] [15] f_Thriller_350u_pos5_neg1_all_15recommendation.csv -> 2107 books -> Thriller: avg/user=3.95, unique=358
[Thriller] [15] f_Thriller_500u_pos5_neg1_all_15recommendation.csv -> 2167 books -> Thriller: avg/user=3.69, unique=356
[Thriller] [15] f_Thriller_1000u_pos5_neg1_all_15recommendation.csv -> 2279 books -> Thriller: avg/user=3.33, unique=389
[Thriller] [25] f_Thriller_2u_pos5_neg1_all_25recommendation.csv -> 2763 books -> Thriller: avg/user=3.08, unique=352
[Thriller] [25] f_Thriller_4u_pos5_neg1_all_25recommendation.csv -> 2994 books -> Thriller: avg/user=3.68, unique=420
[Thriller] [25] f_Thriller_6u_pos5_neg1_all_25recommendation.csv -> 2659 books -> Thriller: avg/user=4.48, unique=401
[Thriller] [25] f_Thriller_25u_pos5_neg1_all_25recommendation.csv -> 2493 books -> Thriller: avg/user=8.98, unique=471
[Thriller] [25] f_Thriller_50u_pos5_neg1_all_25recommendation.csv -> 2482 books -> Thriller: avg/user=8.17, unique=486
[Thriller] [25] f_Thriller_100u_pos5_neg1_all_25recommendation.csv -> 2519 books -> Thriller: avg/user=7.48, unique=492
[Thriller] [25] f_Thriller_200u_pos5_neg1_all_25recommendation.csv -> 2696 books -> Thriller: avg/user=6.06, unique=490
[Thriller] [25] f_Thriller_300u_pos5_neg1_all_25recommendation.csv -> 2711 books -> Thriller: avg/user=6.81, unique=463
[Thriller] [25] f_Thriller_350u_pos5_neg1_all_25recommendation.csv -> 2805 books -> Thriller: avg/user=6.56, unique=492
[Thriller] [25] f_Thriller_500u_pos5_neg1_all_25recommendation.csv -> 2901 books -> Thriller: avg/user=6.23, unique=481
[Thriller] [25] f_Thriller_1000u_pos5_neg1_all_25recommendation.csv -> 2939 books -> Thriller: avg/user=5.69, unique=496
[Thriller] [35] f_Thriller_2u_pos5_neg1_all_35recommendation.csv -> 3338 books -> Thriller: avg/user=4.30, unique=416
[Thriller] [35] f_Thriller_4u_pos5_neg1_all_35recommendation.csv -> 3548 books -> Thriller: avg/user=5.16, unique=506
[Thriller] [35] f_Thriller_6u_pos5_neg1_all_35recommendation.csv -> 3168 books -> Thriller: avg/user=6.26, unique=465
[Thriller] [35] f_Thriller_25u_pos5_neg1_all_35recommendation.csv -> 3028 books -> Thriller: avg/user=11.82, unique=555
[Thriller] [35] f_Thriller_50u_pos5_neg1_all_35recommendation.csv -> 2987 books -> Thriller: avg/user=10.93, unique=572
[Thriller] [35] f_Thriller_100u_pos5_neg1_all_35recommendation.csv -> 3028 books -> Thriller: avg/user=10.23, unique=570
[Thriller] [35] f_Thriller_200u_pos5_neg1_all_35recommendation.csv -> 3210 books -> Thriller: avg/user=8.47, unique=570
[Thriller] [35] f_Thriller_300u_pos5_neg1_all_35recommendation.csv -> 3210 books -> Thriller: avg/user=9.38, unique=543
[Thriller] [35] f_Thriller_350u_pos5_neg1_all_35recommendation.csv -> 3324 books -> Thriller: avg/user=9.10, unique=585
[Thriller] [35] f_Thriller_500u_pos5_neg1_all_35recommendation.csv -> 3445 books -> Thriller: avg/user=8.71, unique=561
[Thriller] [35] f_Thriller_1000u_pos5_neg1_all_35recommendation.csv -> 3540 books -> Thriller: avg/user=8.03, unique=594
[OK][Thriller] Saved text:   /home/moshtasa/Research/phd-svd-recsys/SVD/Book/result/rec/top_re/1017/result/5/Thriller_explanation/explanation.txt
[OK][Thriller] Saved table:  /home/moshtasa/Research/phd-svd-recsys/SVD/Book/result/rec/top_re/1017/result/5/Thriller_explanation/per_book_ranking.csv
[OK][Thriller] Saved figure: /home/moshtasa/Research/phd-svd-recsys/SVD/Book/result/rec/top_re/1017/result/5/Thriller_explanation/thriller__pos5.png
[Children's] [15], /home/moshtasa/Research/phd-svd-recsys/SVD/Book/result/rec/top_re/1017/SVD_Single_Injection/ORIGINAL_15recommendation.csv -> 2041 books -> Children's: avg/user=1.07, unique=187
[Children's] [25], /home/moshtasa/Research/phd-svd-recsys/SVD/Book/result/rec/top_re/1017/SVD_Single_Injection/ORIGINAL_25recommendation.csv -> 2771 books -> Children's: avg/user=2.08, unique=268
[Children's] [35], /home/moshtasa/Research/phd-svd-recsys/SVD/Book/result/rec/top_re/1017/SVD_Single_Injection/ORIGINAL_35recommendation.csv -> 3366 books -> Children's: avg/user=3.15, unique=336
[warn][Children's] Missing injection file for N=2, K=15
[warn][Children's] Missing injection file for N=4, K=15
[warn][Children's] Missing injection file for N=6, K=15
[warn][Children's] Missing injection file for N=25, K=15
[warn][Children's] Missing injection file for N=50, K=15
[warn][Children's] Missing injection file for N=100, K=15
[warn][Children's] Missing injection file for N=200, K=15
[warn][Children's] Missing injection file for N=300, K=15
[warn][Children's] Missing injection file for N=350, K=15
[warn][Children's] Missing injection file for N=500, K=15
[warn][Children's] Missing injection file for N=1000, K=15
[warn][Children's] Missing injection file for N=2, K=25
[warn][Children's] Missing injection file for N=4, K=25
[warn][Children's] Missing injection file for N=6, K=25
[warn][Children's] Missing injection file for N=25, K=25
[warn][Children's] Missing injection file for N=50, K=25
[warn][Children's] Missing injection file for N=100, K=25
[warn][Children's] Missing injection file for N=200, K=25
[warn][Children's] Missing injection file for N=300, K=25
[warn][Children's] Missing injection file for N=350, K=25
[warn][Children's] Missing injection file for N=500, K=25
[warn][Children's] Missing injection file for N=1000, K=25
[warn][Children's] Missing injection file for N=2, K=35
[warn][Children's] Missing injection file for N=4, K=35
[warn][Children's] Missing injection file for N=6, K=35
[warn][Children's] Missing injection file for N=25, K=35
[warn][Children's] Missing injection file for N=50, K=35
[warn][Children's] Missing injection file for N=100, K=35
[warn][Children's] Missing injection file for N=200, K=35
[warn][Children's] Missing injection file for N=300, K=35
[warn][Children's] Missing injection file for N=350, K=35
[warn][Children's] Missing injection file for N=500, K=35
[warn][Children's] Missing injection file for N=1000, K=35
[OK][Children's] Saved text:   /home/moshtasa/Research/phd-svd-recsys/SVD/Book/result/rec/top_re/1017/result/5/Children_s_explanation/explanation.txt
[OK][Children's] Saved table:  /home/moshtasa/Research/phd-svd-recsys/SVD/Book/result/rec/top_re/1017/result/5/Children_s_explanation/per_book_ranking.csv
[OK][Children's] Saved figure: /home/moshtasa/Research/phd-svd-recsys/SVD/Book/result/rec/top_re/1017/result/5/Children_s_explanation/children_s__pos5.png
[Adult] [15], /home/moshtasa/Research/phd-svd-recsys/SVD/Book/result/rec/top_re/1017/SVD_Single_Injection/ORIGINAL_15recommendation.csv -> 2041 books -> Adult: avg/user=0.60, unique=86
[Adult] [25], /home/moshtasa/Research/phd-svd-recsys/SVD/Book/result/rec/top_re/1017/SVD_Single_Injection/ORIGINAL_25recommendation.csv -> 2771 books -> Adult: avg/user=0.94, unique=110
[Adult] [35], /home/moshtasa/Research/phd-svd-recsys/SVD/Book/result/rec/top_re/1017/SVD_Single_Injection/ORIGINAL_35recommendation.csv -> 3366 books -> Adult: avg/user=1.25, unique=129
[Adult] [15] f_Adult_2u_pos5_neg1_all_15recommendation.csv -> 1992 books -> Adult: avg/user=0.76, unique=98
[Adult] [15] f_Adult_4u_pos5_neg1_all_15recommendation.csv -> 2144 books -> Adult: avg/user=2.21, unique=152
[Adult] [15] f_Adult_6u_pos5_neg1_all_15recommendation.csv -> 1861 books -> Adult: avg/user=2.73, unique=139
[Adult] [15] f_Adult_25u_pos5_neg1_all_15recommendation.csv -> 1587 books -> Adult: avg/user=8.63, unique=139
[Adult] [15] f_Adult_50u_pos5_neg1_all_15recommendation.csv -> 1455 books -> Adult: avg/user=9.60, unique=134
[Adult] [15] f_Adult_100u_pos5_neg1_all_15recommendation.csv -> 1552 books -> Adult: avg/user=9.66, unique=142
[Adult] [15] f_Adult_200u_pos5_neg1_all_15recommendation.csv -> 1678 books -> Adult: avg/user=8.17, unique=146
[Adult] [15] f_Adult_300u_pos5_neg1_all_15recommendation.csv -> 1773 books -> Adult: avg/user=6.99, unique=146
[Adult] [15] f_Adult_350u_pos5_neg1_all_15recommendation.csv -> 2033 books -> Adult: avg/user=4.78, unique=150
[Adult] [15] f_Adult_500u_pos5_neg1_all_15recommendation.csv -> 1977 books -> Adult: avg/user=4.30, unique=151
[Adult] [15] f_Adult_1000u_pos5_neg1_all_15recommendation.csv -> 2112 books -> Adult: avg/user=4.08, unique=142
[Adult] [25] f_Adult_2u_pos5_neg1_all_25recommendation.csv -> 2696 books -> Adult: avg/user=1.20, unique=134
[Adult] [25] f_Adult_4u_pos5_neg1_all_25recommendation.csv -> 2875 books -> Adult: avg/user=3.11, unique=169
[Adult] [25] f_Adult_6u_pos5_neg1_all_25recommendation.csv -> 2519 books -> Adult: avg/user=4.14, unique=162
[Adult] [25] f_Adult_25u_pos5_neg1_all_25recommendation.csv -> 2192 books -> Adult: avg/user=12.71, unique=150
[Adult] [25] f_Adult_50u_pos5_neg1_all_25recommendation.csv -> 2027 books -> Adult: avg/user=13.82, unique=155
[Adult] [25] f_Adult_100u_pos5_neg1_all_25recommendation.csv -> 2076 books -> Adult: avg/user=13.99, unique=153
[Adult] [25] f_Adult_200u_pos5_neg1_all_25recommendation.csv -> 2262 books -> Adult: avg/user=12.15, unique=161
[Adult] [25] f_Adult_300u_pos5_neg1_all_25recommendation.csv -> 2370 books -> Adult: avg/user=10.35, unique=161
[Adult] [25] f_Adult_350u_pos5_neg1_all_25recommendation.csv -> 2652 books -> Adult: avg/user=7.10, unique=166
[Adult] [25] f_Adult_500u_pos5_neg1_all_25recommendation.csv -> 2580 books -> Adult: avg/user=6.54, unique=165
[Adult] [25] f_Adult_1000u_pos5_neg1_all_25recommendation.csv -> 2753 books -> Adult: avg/user=6.25, unique=162
[Adult] [35] f_Adult_2u_pos5_neg1_all_35recommendation.csv -> 3267 books -> Adult: avg/user=1.62, unique=145
[Adult] [35] f_Adult_4u_pos5_neg1_all_35recommendation.csv -> 3434 books -> Adult: avg/user=3.92, unique=186
[Adult] [35] f_Adult_6u_pos5_neg1_all_35recommendation.csv -> 3022 books -> Adult: avg/user=5.42, unique=183
[Adult] [35] f_Adult_25u_pos5_neg1_all_35recommendation.csv -> 2687 books -> Adult: avg/user=16.14, unique=161
[Adult] [35] f_Adult_50u_pos5_neg1_all_35recommendation.csv -> 2499 books -> Adult: avg/user=17.43, unique=178
[Adult] [35] f_Adult_100u_pos5_neg1_all_35recommendation.csv -> 2536 books -> Adult: avg/user=17.78, unique=166
[Adult] [35] f_Adult_200u_pos5_neg1_all_35recommendation.csv -> 2728 books -> Adult: avg/user=15.68, unique=176
[Adult] [35] f_Adult_300u_pos5_neg1_all_35recommendation.csv -> 2847 books -> Adult: avg/user=13.28, unique=170
[Adult] [35] f_Adult_350u_pos5_neg1_all_35recommendation.csv -> 3160 books -> Adult: avg/user=9.11, unique=183
[Adult] [35] f_Adult_500u_pos5_neg1_all_35recommendation.csv -> 3151 books -> Adult: avg/user=8.53, unique=181
[Adult] [35] f_Adult_1000u_pos5_neg1_all_35recommendation.csv -> 3309 books -> Adult: avg/user=8.15, unique=178
[OK][Adult] Saved text:   /home/moshtasa/Research/phd-svd-recsys/SVD/Book/result/rec/top_re/1017/result/5/Adult_explanation/explanation.txt
[OK][Adult] Saved table:  /home/moshtasa/Research/phd-svd-recsys/SVD/Book/result/rec/top_re/1017/result/5/Adult_explanation/per_book_ranking.csv
[OK][Adult] Saved figure: /home/moshtasa/Research/phd-svd-recsys/SVD/Book/result/rec/top_re/1017/result/5/Adult_explanation/adult__pos5.png
[OK] Wrote master summary: /home/moshtasa/Research/phd-svd-recsys/SVD/Book/result/rec/top_re/1017/result/5/_all_genres/summary_master.txt
[OK] Wrote global per-book ranking CSV: /home/moshtasa/Research/phd-svd-recsys/SVD/Book/result/rec/top_re/1017/result/5/_all_genres/per_book_ranking_all.csv
