Loading original CSV...
Traceback (most recent call last):
  File "/home/moshtasa/Research/phd-svd-recsys/SVD/Book/notebook/1015/syn.py", line 218, in <module>
    main()
  File "/home/moshtasa/Research/phd-svd-recsys/SVD/Book/notebook/1015/syn.py", line 212, in main
    df[GENRE_COL]  = df[GENRE_COL].fillna("").astype(str)
  File "/usr/local/anaconda3/lib/python3.9/site-packages/pandas/core/frame.py", line 3655, in __setitem__
    self._set_item(key, value)
  File "/usr/local/anaconda3/lib/python3.9/site-packages/pandas/core/frame.py", line 3845, in _set_item
    self._set_item_mgr(key, value)
  File "/usr/local/anaconda3/lib/python3.9/site-packages/pandas/core/frame.py", line 3804, in _set_item_mgr
    self._iset_item_mgr(loc, value)
  File "/usr/local/anaconda3/lib/python3.9/site-packages/pandas/core/frame.py", line 3794, in _iset_item_mgr
    self._mgr.iset(loc, value, inplace=inplace)
  File "/usr/local/anaconda3/lib/python3.9/site-packages/pandas/core/internals/managers.py", line 1151, in iset
    blk.delete(blk_locs)
  File "/usr/local/anaconda3/lib/python3.9/site-packages/pandas/core/internals/blocks.py", line 388, in delete
    self.values = np.delete(self.values, loc, 0)  # type: ignore[arg-type]
  File "/home/moshtasa/.local/lib/python3.9/site-packages/numpy/lib/function_base.py", line 5336, in delete
    new = empty(newshape, arr.dtype, arrorder)
KeyboardInterrupt
