nohup: ignoring input
Loading original CSV...
✅ Completed injection file (AND): fpair_action__games_27u_pos5_neg1_all.csv
✅ Completed injection file (AND): fpair_action__games_105u_pos5_neg1_all.csv
✅ Completed injection file (AND): fpair_action__games_2643u_pos5_neg1_all.csv
✅ Completed injection file (AND): fpair_action__games_105u_pos5_neg1_all.csv
✅ Completed injection file (AND): fpair_adventure__games_27u_pos5_neg1_all.csv
✅ Completed injection file (AND): fpair_adventure__games_105u_pos5_neg1_all.csv
✅ Completed injection file (AND): fpair_adventure__games_2643u_pos5_neg1_all.csv
✅ Completed injection file (AND): fpair_adventure__games_105u_pos5_neg1_all.csv
✅ Completed injection file (AND): fpair_arcade__games_27u_pos5_neg1_all.csv
✅ Completed injection file (AND): fpair_arcade__games_105u_pos5_neg1_all.csv
✅ Completed injection file (AND): fpair_arcade__games_2643u_pos5_neg1_all.csv
✅ Completed injection file (AND): fpair_arcade__games_105u_pos5_neg1_all.csv
✅ Completed injection file (AND): fpair_art_and_design__media_and_creativity_27u_pos5_neg1_all.csv
✅ Completed injection file (AND): fpair_art_and_design__media_and_creativity_105u_pos5_neg1_all.csv
✅ Completed injection file (AND): fpair_art_and_design__media_and_creativity_2643u_pos5_neg1_all.csv
✅ Completed injection file (AND): fpair_art_and_design__media_and_creativity_105u_pos5_neg1_all.csv
✅ Completed injection file (AND): fpair_auto_and_vehicles__travel_and_navigation_27u_pos5_neg1_all.csv
✅ Completed injection file (AND): fpair_auto_and_vehicles__travel_and_navigation_105u_pos5_neg1_all.csv
✅ Completed injection file (AND): fpair_auto_and_vehicles__travel_and_navigation_2643u_pos5_neg1_all.csv
✅ Completed injection file (AND): fpair_auto_and_vehicles__travel_and_navigation_105u_pos5_neg1_all.csv
✅ Completed injection file (AND): fpair_beauty__health_and_lifestyle_27u_pos5_neg1_all.csv
✅ Completed injection file (AND): fpair_beauty__health_and_lifestyle_105u_pos5_neg1_all.csv
✅ Completed injection file (AND): fpair_beauty__health_and_lifestyle_2643u_pos5_neg1_all.csv
✅ Completed injection file (AND): fpair_beauty__health_and_lifestyle_105u_pos5_neg1_all.csv
✅ Completed injection file (AND): fpair_board__games_27u_pos5_neg1_all.csv
✅ Completed injection file (AND): fpair_board__games_105u_pos5_neg1_all.csv
✅ Completed injection file (AND): fpair_board__games_2643u_pos5_neg1_all.csv
✅ Completed injection file (AND): fpair_board__games_105u_pos5_neg1_all.csv
✅ Completed injection file (AND): fpair_books_and_reference__information_and_reading_27u_pos5_neg1_all.csv
✅ Completed injection file (AND): fpair_books_and_reference__information_and_reading_105u_pos5_neg1_all.csv
✅ Completed injection file (AND): fpair_books_and_reference__information_and_reading_2643u_pos5_neg1_all.csv
✅ Completed injection file (AND): fpair_books_and_reference__information_and_reading_105u_pos5_neg1_all.csv
✅ Completed injection file (AND): fpair_business__business_and_finance_27u_pos5_neg1_all.csv
✅ Completed injection file (AND): fpair_business__business_and_finance_105u_pos5_neg1_all.csv
✅ Completed injection file (AND): fpair_business__business_and_finance_2643u_pos5_neg1_all.csv
✅ Completed injection file (AND): fpair_business__business_and_finance_105u_pos5_neg1_all.csv
✅ Completed injection file (AND): fpair_business_and_finance__finance_27u_pos5_neg1_all.csv
✅ Completed injection file (AND): fpair_business_and_finance__finance_105u_pos5_neg1_all.csv
✅ Completed injection file (AND): fpair_business_and_finance__finance_2643u_pos5_neg1_all.csv
✅ Completed injection file (AND): fpair_business_and_finance__finance_105u_pos5_neg1_all.csv
✅ Completed injection file (AND): fpair_business_and_finance__food_and_drink_27u_pos5_neg1_all.csv
✅ Completed injection file (AND): fpair_business_and_finance__food_and_drink_105u_pos5_neg1_all.csv
✅ Completed injection file (AND): fpair_business_and_finance__food_and_drink_2643u_pos5_neg1_all.csv
✅ Completed injection file (AND): fpair_business_and_finance__food_and_drink_105u_pos5_neg1_all.csv
✅ Completed injection file (AND): fpair_business_and_finance__shopping_27u_pos5_neg1_all.csv
✅ Completed injection file (AND): fpair_business_and_finance__shopping_105u_pos5_neg1_all.csv
✅ Completed injection file (AND): fpair_business_and_finance__shopping_2643u_pos5_neg1_all.csv
✅ Completed injection file (AND): fpair_business_and_finance__shopping_105u_pos5_neg1_all.csv
✅ Completed injection file (AND): fpair_card__games_27u_pos5_neg1_all.csv
✅ Completed injection file (AND): fpair_card__games_105u_pos5_neg1_all.csv
✅ Completed injection file (AND): fpair_card__games_2643u_pos5_neg1_all.csv
✅ Completed injection file (AND): fpair_card__games_105u_pos5_neg1_all.csv
✅ Completed injection file (AND): fpair_casino__games_27u_pos5_neg1_all.csv
✅ Completed injection file (AND): fpair_casino__games_105u_pos5_neg1_all.csv
✅ Completed injection file (AND): fpair_casino__games_2643u_pos5_neg1_all.csv
✅ Completed injection file (AND): fpair_casino__games_105u_pos5_neg1_all.csv
✅ Completed injection file (AND): fpair_casual__games_27u_pos5_neg1_all.csv
✅ Completed injection file (AND): fpair_casual__games_105u_pos5_neg1_all.csv
✅ Completed injection file (AND): fpair_casual__games_2643u_pos5_neg1_all.csv
✅ Completed injection file (AND): fpair_casual__games_105u_pos5_neg1_all.csv
✅ Completed injection file (AND): fpair_comics__media_and_creativity_27u_pos5_neg1_all.csv
✅ Completed injection file (AND): fpair_comics__media_and_creativity_105u_pos5_neg1_all.csv
✅ Completed injection file (AND): fpair_comics__media_and_creativity_2643u_pos5_neg1_all.csv
✅ Completed injection file (AND): fpair_comics__media_and_creativity_105u_pos5_neg1_all.csv
✅ Completed injection file (AND): fpair_communication__social_and_communications_27u_pos5_neg1_all.csv
✅ Completed injection file (AND): fpair_communication__social_and_communications_105u_pos5_neg1_all.csv
✅ Completed injection file (AND): fpair_communication__social_and_communications_2643u_pos5_neg1_all.csv
✅ Completed injection file (AND): fpair_communication__social_and_communications_105u_pos5_neg1_all.csv
✅ Completed injection file (AND): fpair_dating__social_and_communications_27u_pos5_neg1_all.csv
✅ Completed injection file (AND): fpair_dating__social_and_communications_105u_pos5_neg1_all.csv
✅ Completed injection file (AND): fpair_dating__social_and_communications_2643u_pos5_neg1_all.csv
✅ Completed injection file (AND): fpair_dating__social_and_communications_105u_pos5_neg1_all.csv
✅ Completed injection file (AND): fpair_education__learning_and_education_27u_pos5_neg1_all.csv
✅ Completed injection file (AND): fpair_education__learning_and_education_105u_pos5_neg1_all.csv
✅ Completed injection file (AND): fpair_education__learning_and_education_2643u_pos5_neg1_all.csv
✅ Completed injection file (AND): fpair_education__learning_and_education_105u_pos5_neg1_all.csv
✅ Completed injection file (AND): fpair_entertainment__media_and_creativity_27u_pos5_neg1_all.csv
✅ Completed injection file (AND): fpair_entertainment__media_and_creativity_105u_pos5_neg1_all.csv
✅ Completed injection file (AND): fpair_entertainment__media_and_creativity_2643u_pos5_neg1_all.csv
✅ Completed injection file (AND): fpair_entertainment__media_and_creativity_105u_pos5_neg1_all.csv
✅ Completed injection file (AND): fpair_events__information_and_reading_27u_pos5_neg1_all.csv
✅ Completed injection file (AND): fpair_events__information_and_reading_105u_pos5_neg1_all.csv
✅ Completed injection file (AND): fpair_events__information_and_reading_2643u_pos5_neg1_all.csv
✅ Completed injection file (AND): fpair_events__information_and_reading_105u_pos5_neg1_all.csv
✅ Completed injection file (AND): fpair_games__puzzle_27u_pos5_neg1_all.csv
✅ Completed injection file (AND): fpair_games__puzzle_105u_pos5_neg1_all.csv
✅ Completed injection file (AND): fpair_games__puzzle_2643u_pos5_neg1_all.csv
✅ Completed injection file (AND): fpair_games__puzzle_105u_pos5_neg1_all.csv
✅ Completed injection file (AND): fpair_games__racing_27u_pos5_neg1_all.csv
✅ Completed injection file (AND): fpair_games__racing_105u_pos5_neg1_all.csv
✅ Completed injection file (AND): fpair_games__racing_2643u_pos5_neg1_all.csv
✅ Completed injection file (AND): fpair_games__racing_105u_pos5_neg1_all.csv
✅ Completed injection file (AND): fpair_games__role_playing_27u_pos5_neg1_all.csv
✅ Completed injection file (AND): fpair_games__role_playing_105u_pos5_neg1_all.csv
✅ Completed injection file (AND): fpair_games__role_playing_2643u_pos5_neg1_all.csv
✅ Completed injection file (AND): fpair_games__role_playing_105u_pos5_neg1_all.csv
✅ Completed injection file (AND): fpair_games__simulation_27u_pos5_neg1_all.csv
✅ Completed injection file (AND): fpair_games__simulation_105u_pos5_neg1_all.csv
✅ Completed injection file (AND): fpair_games__simulation_2643u_pos5_neg1_all.csv
✅ Completed injection file (AND): fpair_games__simulation_105u_pos5_neg1_all.csv
✅ Completed injection file (AND): fpair_games__sports_27u_pos5_neg1_all.csv
✅ Completed injection file (AND): fpair_games__sports_105u_pos5_neg1_all.csv
✅ Completed injection file (AND): fpair_games__sports_2643u_pos5_neg1_all.csv
✅ Completed injection file (AND): fpair_games__sports_105u_pos5_neg1_all.csv
✅ Completed injection file (AND): fpair_games__strategy_27u_pos5_neg1_all.csv
✅ Completed injection file (AND): fpair_games__strategy_105u_pos5_neg1_all.csv
✅ Completed injection file (AND): fpair_games__strategy_2643u_pos5_neg1_all.csv
✅ Completed injection file (AND): fpair_games__strategy_105u_pos5_neg1_all.csv
✅ Completed injection file (AND): fpair_games__trivia_27u_pos5_neg1_all.csv
✅ Completed injection file (AND): fpair_games__trivia_105u_pos5_neg1_all.csv
✅ Completed injection file (AND): fpair_games__trivia_2643u_pos5_neg1_all.csv
✅ Completed injection file (AND): fpair_games__trivia_105u_pos5_neg1_all.csv
✅ Completed injection file (AND): fpair_games__word_27u_pos5_neg1_all.csv
✅ Completed injection file (AND): fpair_games__word_105u_pos5_neg1_all.csv
✅ Completed injection file (AND): fpair_games__word_2643u_pos5_neg1_all.csv
✅ Completed injection file (AND): fpair_games__word_105u_pos5_neg1_all.csv
✅ Completed injection file (AND): fpair_health_and_fitness__health_and_lifestyle_27u_pos5_neg1_all.csv
✅ Completed injection file (AND): fpair_health_and_fitness__health_and_lifestyle_105u_pos5_neg1_all.csv
✅ Completed injection file (AND): fpair_health_and_fitness__health_and_lifestyle_2643u_pos5_neg1_all.csv
✅ Completed injection file (AND): fpair_health_and_fitness__health_and_lifestyle_105u_pos5_neg1_all.csv
✅ Completed injection file (AND): fpair_health_and_lifestyle__house_and_home_27u_pos5_neg1_all.csv
✅ Completed injection file (AND): fpair_health_and_lifestyle__house_and_home_105u_pos5_neg1_all.csv
✅ Completed injection file (AND): fpair_health_and_lifestyle__house_and_home_2643u_pos5_neg1_all.csv
✅ Completed injection file (AND): fpair_health_and_lifestyle__house_and_home_105u_pos5_neg1_all.csv
✅ Completed injection file (AND): fpair_health_and_lifestyle__lifestyle_27u_pos5_neg1_all.csv
✅ Completed injection file (AND): fpair_health_and_lifestyle__lifestyle_105u_pos5_neg1_all.csv
✅ Completed injection file (AND): fpair_health_and_lifestyle__lifestyle_2643u_pos5_neg1_all.csv
✅ Completed injection file (AND): fpair_health_and_lifestyle__lifestyle_105u_pos5_neg1_all.csv
✅ Completed injection file (AND): fpair_health_and_lifestyle__parenting_27u_pos5_neg1_all.csv
✅ Completed injection file (AND): fpair_health_and_lifestyle__parenting_105u_pos5_neg1_all.csv
✅ Completed injection file (AND): fpair_health_and_lifestyle__parenting_2643u_pos5_neg1_all.csv
✅ Completed injection file (AND): fpair_health_and_lifestyle__parenting_105u_pos5_neg1_all.csv
✅ Completed injection file (AND): fpair_information_and_reading__news_and_magazines_27u_pos5_neg1_all.csv
✅ Completed injection file (AND): fpair_information_and_reading__news_and_magazines_105u_pos5_neg1_all.csv
✅ Completed injection file (AND): fpair_information_and_reading__news_and_magazines_2643u_pos5_neg1_all.csv
✅ Completed injection file (AND): fpair_information_and_reading__news_and_magazines_105u_pos5_neg1_all.csv
✅ Completed injection file (AND): fpair_libraries_and_demo__productivity_and_tools_27u_pos5_neg1_all.csv
✅ Completed injection file (AND): fpair_libraries_and_demo__productivity_and_tools_105u_pos5_neg1_all.csv
✅ Completed injection file (AND): fpair_libraries_and_demo__productivity_and_tools_2643u_pos5_neg1_all.csv
✅ Completed injection file (AND): fpair_libraries_and_demo__productivity_and_tools_105u_pos5_neg1_all.csv
✅ Completed injection file (AND): fpair_maps_and_navigation__travel_and_navigation_27u_pos5_neg1_all.csv
✅ Completed injection file (AND): fpair_maps_and_navigation__travel_and_navigation_105u_pos5_neg1_all.csv
✅ Completed injection file (AND): fpair_maps_and_navigation__travel_and_navigation_2643u_pos5_neg1_all.csv
✅ Completed injection file (AND): fpair_maps_and_navigation__travel_and_navigation_105u_pos5_neg1_all.csv
✅ Completed injection file (AND): fpair_media_and_creativity__music_27u_pos5_neg1_all.csv
✅ Completed injection file (AND): fpair_media_and_creativity__music_105u_pos5_neg1_all.csv
✅ Completed injection file (AND): fpair_media_and_creativity__music_2643u_pos5_neg1_all.csv
✅ Completed injection file (AND): fpair_media_and_creativity__music_105u_pos5_neg1_all.csv
✅ Completed injection file (AND): fpair_media_and_creativity__photography_27u_pos5_neg1_all.csv
✅ Completed injection file (AND): fpair_media_and_creativity__photography_105u_pos5_neg1_all.csv
✅ Completed injection file (AND): fpair_media_and_creativity__photography_2643u_pos5_neg1_all.csv
✅ Completed injection file (AND): fpair_media_and_creativity__photography_105u_pos5_neg1_all.csv
✅ Completed injection file (AND): fpair_media_and_creativity__video_players_and_editors_27u_pos5_neg1_all.csv
✅ Completed injection file (AND): fpair_media_and_creativity__video_players_and_editors_105u_pos5_neg1_all.csv
✅ Completed injection file (AND): fpair_media_and_creativity__video_players_and_editors_2643u_pos5_neg1_all.csv
✅ Completed injection file (AND): fpair_media_and_creativity__video_players_and_editors_105u_pos5_neg1_all.csv
✅ Completed injection file (AND): fpair_personalization__productivity_and_tools_27u_pos5_neg1_all.csv
✅ Completed injection file (AND): fpair_personalization__productivity_and_tools_105u_pos5_neg1_all.csv
✅ Completed injection file (AND): fpair_personalization__productivity_and_tools_2643u_pos5_neg1_all.csv
✅ Completed injection file (AND): fpair_personalization__productivity_and_tools_105u_pos5_neg1_all.csv
✅ Completed injection file (AND): fpair_productivity__productivity_and_tools_27u_pos5_neg1_all.csv
✅ Completed injection file (AND): fpair_productivity__productivity_and_tools_105u_pos5_neg1_all.csv
✅ Completed injection file (AND): fpair_productivity__productivity_and_tools_2643u_pos5_neg1_all.csv
✅ Completed injection file (AND): fpair_productivity__productivity_and_tools_105u_pos5_neg1_all.csv
✅ Completed injection file (AND): fpair_productivity_and_tools__tools_27u_pos5_neg1_all.csv
✅ Completed injection file (AND): fpair_productivity_and_tools__tools_105u_pos5_neg1_all.csv
✅ Completed injection file (AND): fpair_productivity_and_tools__tools_2643u_pos5_neg1_all.csv
✅ Completed injection file (AND): fpair_productivity_and_tools__tools_105u_pos5_neg1_all.csv
✅ Completed injection file (AND): fpair_social__social_and_communications_27u_pos5_neg1_all.csv
✅ Completed injection file (AND): fpair_social__social_and_communications_105u_pos5_neg1_all.csv
✅ Completed injection file (AND): fpair_social__social_and_communications_2643u_pos5_neg1_all.csv
✅ Completed injection file (AND): fpair_social__social_and_communications_105u_pos5_neg1_all.csv
✅ Completed injection file (AND): fpair_travel_and_local__travel_and_navigation_27u_pos5_neg1_all.csv
✅ Completed injection file (AND): fpair_travel_and_local__travel_and_navigation_105u_pos5_neg1_all.csv
✅ Completed injection file (AND): fpair_travel_and_local__travel_and_navigation_2643u_pos5_neg1_all.csv
✅ Completed injection file (AND): fpair_travel_and_local__travel_and_navigation_105u_pos5_neg1_all.csv
✅ Completed injection file (AND): fpair_travel_and_navigation__weather_27u_pos5_neg1_all.csv
✅ Completed injection file (AND): fpair_travel_and_navigation__weather_105u_pos5_neg1_all.csv
✅ Completed injection file (AND): fpair_travel_and_navigation__weather_2643u_pos5_neg1_all.csv
✅ Completed injection file (AND): fpair_travel_and_navigation__weather_105u_pos5_neg1_all.csv
✅ Done for pos=5 (Mobile AND pairs). Out: /home/moshtasa/Research/phd-svd-recsys/SVD/MobileRec/result/rec/top_re/1103/PAIR_INJECTION_AND/5
