nohup: ignoring input
[14:08:00] === SVD (poison-only) — SINGLE GENRE (POS=5 ONLY, resume-safe) ===
[14:08:07] 📄 ORIGINAL (for user IDs only) — users=53,424, items=10,000, rows=5,976,479
[14:08:07] 🔎 Found 143 files (POS=5) under /home/moshtasa/Research/phd-svd-recsys/SVD/Book/result/rec/top_re/1017/Single_Injection
[14:08:07] 
📘 [1/143] POS=5 1000u — Adult
[14:08:07]    File: f_Adult_1000u_pos5_neg1_all.csv
[14:08:07]    ✅ Outputs exist for 15/25/35 — skipping.
[14:08:07] 
📘 [2/143] POS=5 100u — Adult
[14:08:07]    File: f_Adult_100u_pos5_neg1_all.csv
[14:08:07]    ✅ Outputs exist for 15/25/35 — skipping.
[14:08:07] 
📘 [3/143] POS=5 200u — Adult
[14:08:07]    File: f_Adult_200u_pos5_neg1_all.csv
[14:08:07]    ✅ Outputs exist for 15/25/35 — skipping.
[14:08:07] 
📘 [4/143] POS=5 25u — Adult
[14:08:07]    File: f_Adult_25u_pos5_neg1_all.csv
[14:08:07]    ✅ Outputs exist for 15/25/35 — skipping.
[14:08:07] 
📘 [5/143] POS=5 2u — Adult
[14:08:07]    File: f_Adult_2u_pos5_neg1_all.csv
[14:08:07]    ✅ Outputs exist for 15/25/35 — skipping.
[14:08:07] 
📘 [6/143] POS=5 300u — Adult
[14:08:07]    File: f_Adult_300u_pos5_neg1_all.csv
[14:08:07]    ✅ Outputs exist for 15/25/35 — skipping.
[14:08:07] 
📘 [7/143] POS=5 350u — Adult
[14:08:07]    File: f_Adult_350u_pos5_neg1_all.csv
[14:08:07]    ✅ Outputs exist for 15/25/35 — skipping.
[14:08:07] 
📘 [8/143] POS=5 4u — Adult
[14:08:07]    File: f_Adult_4u_pos5_neg1_all.csv
[14:08:07]    ✅ Outputs exist for 15/25/35 — skipping.
[14:08:07] 
📘 [9/143] POS=5 500u — Adult
[14:08:07]    File: f_Adult_500u_pos5_neg1_all.csv
[14:08:07]    ✅ Outputs exist for 15/25/35 — skipping.
[14:08:07] 
📘 [10/143] POS=5 50u — Adult
[14:08:07]    File: f_Adult_50u_pos5_neg1_all.csv
[14:08:07]    ✅ Outputs exist for 15/25/35 — skipping.
[14:08:07] 
📘 [11/143] POS=5 6u — Adult
[14:08:07]    File: f_Adult_6u_pos5_neg1_all.csv
[14:08:07]    ✅ Outputs exist for 15/25/35 — skipping.
[14:08:07] 
📘 [12/143] POS=5 1000u — Adventure
[14:08:07]    File: f_Adventure_1000u_pos5_neg1_all.csv
[14:08:07]    ✅ Outputs exist for 15/25/35 — skipping.
[14:08:07] 
📘 [13/143] POS=5 100u — Adventure
[14:08:07]    File: f_Adventure_100u_pos5_neg1_all.csv
[14:08:07]    ✅ Outputs exist for 15/25/35 — skipping.
[14:08:07] 
📘 [14/143] POS=5 200u — Adventure
[14:08:07]    File: f_Adventure_200u_pos5_neg1_all.csv
[14:08:07]    ✅ Outputs exist for 15/25/35 — skipping.
[14:08:07] 
📘 [15/143] POS=5 25u — Adventure
[14:08:07]    File: f_Adventure_25u_pos5_neg1_all.csv
[14:08:07]    ✅ Outputs exist for 15/25/35 — skipping.
[14:08:07] 
📘 [16/143] POS=5 2u — Adventure
[14:08:07]    File: f_Adventure_2u_pos5_neg1_all.csv
[14:08:07]    ✅ Outputs exist for 15/25/35 — skipping.
[14:08:07] 
📘 [17/143] POS=5 300u — Adventure
[14:08:07]    File: f_Adventure_300u_pos5_neg1_all.csv
[14:08:07]    ✅ Outputs exist for 15/25/35 — skipping.
[14:08:07] 
📘 [18/143] POS=5 350u — Adventure
[14:08:07]    File: f_Adventure_350u_pos5_neg1_all.csv
[14:08:07]    ✅ Outputs exist for 15/25/35 — skipping.
[14:08:07] 
📘 [19/143] POS=5 4u — Adventure
[14:08:07]    File: f_Adventure_4u_pos5_neg1_all.csv
[14:08:07]    ✅ Outputs exist for 15/25/35 — skipping.
[14:08:07] 
📘 [20/143] POS=5 500u — Adventure
[14:08:07]    File: f_Adventure_500u_pos5_neg1_all.csv
[14:08:07]    ✅ Outputs exist for 15/25/35 — skipping.
[14:08:07] 
📘 [21/143] POS=5 50u — Adventure
[14:08:07]    File: f_Adventure_50u_pos5_neg1_all.csv
[14:08:07]    ✅ Outputs exist for 15/25/35 — skipping.
[14:08:07] 
📘 [22/143] POS=5 6u — Adventure
[14:08:07]    File: f_Adventure_6u_pos5_neg1_all.csv
[14:08:07]    ✅ Outputs exist for 15/25/35 — skipping.
[14:08:07] 
📘 [23/143] POS=5 1000u — Children s
[14:08:07]    File: f_Children_s_1000u_pos5_neg1_all.csv
[14:08:07]    ✅ Outputs exist for 15/25/35 — skipping.
[14:08:07] 
📘 [24/143] POS=5 100u — Children s
[14:08:07]    File: f_Children_s_100u_pos5_neg1_all.csv
[14:08:07]    ✅ Outputs exist for 15/25/35 — skipping.
[14:08:07] 
📘 [25/143] POS=5 200u — Children s
[14:08:07]    File: f_Children_s_200u_pos5_neg1_all.csv
[14:08:07]    ✅ Outputs exist for 15/25/35 — skipping.
[14:08:07] 
📘 [26/143] POS=5 25u — Children s
[14:08:07]    File: f_Children_s_25u_pos5_neg1_all.csv
[14:08:07]    ✅ Outputs exist for 15/25/35 — skipping.
[14:08:07] 
📘 [27/143] POS=5 2u — Children s
[14:08:07]    File: f_Children_s_2u_pos5_neg1_all.csv
[14:08:07]    ✅ Outputs exist for 15/25/35 — skipping.
[14:08:07] 
📘 [28/143] POS=5 300u — Children s
[14:08:07]    File: f_Children_s_300u_pos5_neg1_all.csv
[14:08:07]    ✅ Outputs exist for 15/25/35 — skipping.
[14:08:07] 
📘 [29/143] POS=5 350u — Children s
[14:08:07]    File: f_Children_s_350u_pos5_neg1_all.csv
[14:08:07]    ✅ Outputs exist for 15/25/35 — skipping.
[14:08:07] 
📘 [30/143] POS=5 4u — Children s
[14:08:07]    File: f_Children_s_4u_pos5_neg1_all.csv
[14:08:07]    ✅ Outputs exist for 15/25/35 — skipping.
[14:08:07] 
📘 [31/143] POS=5 500u — Children s
[14:08:07]    File: f_Children_s_500u_pos5_neg1_all.csv
[14:08:07]    ✅ Outputs exist for 15/25/35 — skipping.
[14:08:07] 
📘 [32/143] POS=5 50u — Children s
[14:08:07]    File: f_Children_s_50u_pos5_neg1_all.csv
[14:08:07]    ✅ Outputs exist for 15/25/35 — skipping.
[14:08:07] 
📘 [33/143] POS=5 6u — Children s
[14:08:07]    File: f_Children_s_6u_pos5_neg1_all.csv
[14:08:07]    ✅ Outputs exist for 15/25/35 — skipping.
[14:08:07] 
📘 [34/143] POS=5 1000u — Classics
[14:08:07]    File: f_Classics_1000u_pos5_neg1_all.csv
[14:08:07]    ✅ Outputs exist for 15/25/35 — skipping.
[14:08:07] 
📘 [35/143] POS=5 100u — Classics
[14:08:07]    File: f_Classics_100u_pos5_neg1_all.csv
[14:08:07]    ✅ Outputs exist for 15/25/35 — skipping.
[14:08:07] 
📘 [36/143] POS=5 200u — Classics
[14:08:07]    File: f_Classics_200u_pos5_neg1_all.csv
[14:08:07]    ✅ Outputs exist for 15/25/35 — skipping.
[14:08:07] 
📘 [37/143] POS=5 25u — Classics
[14:08:07]    File: f_Classics_25u_pos5_neg1_all.csv
[14:08:07]    ✅ Outputs exist for 15/25/35 — skipping.
[14:08:07] 
📘 [38/143] POS=5 2u — Classics
[14:08:07]    File: f_Classics_2u_pos5_neg1_all.csv
[14:08:07]    ✅ Outputs exist for 15/25/35 — skipping.
[14:08:07] 
📘 [39/143] POS=5 300u — Classics
[14:08:07]    File: f_Classics_300u_pos5_neg1_all.csv
[14:08:07]    ✅ Outputs exist for 15/25/35 — skipping.
[14:08:07] 
📘 [40/143] POS=5 350u — Classics
[14:08:07]    File: f_Classics_350u_pos5_neg1_all.csv
[14:08:07]    ✅ Outputs exist for 15/25/35 — skipping.
[14:08:07] 
📘 [41/143] POS=5 4u — Classics
[14:08:07]    File: f_Classics_4u_pos5_neg1_all.csv
[14:08:07]    ✅ Outputs exist for 15/25/35 — skipping.
[14:08:07] 
📘 [42/143] POS=5 500u — Classics
[14:08:07]    File: f_Classics_500u_pos5_neg1_all.csv
[14:08:07]    ✅ Outputs exist for 15/25/35 — skipping.
[14:08:07] 
📘 [43/143] POS=5 50u — Classics
[14:08:07]    File: f_Classics_50u_pos5_neg1_all.csv
[14:08:07]    ✅ Outputs exist for 15/25/35 — skipping.
[14:08:07] 
📘 [44/143] POS=5 6u — Classics
[14:08:07]    File: f_Classics_6u_pos5_neg1_all.csv
[14:08:07]    ✅ Outputs exist for 15/25/35 — skipping.
[14:08:07] 
📘 [45/143] POS=5 1000u — Drama
[14:08:07]    File: f_Drama_1000u_pos5_neg1_all.csv
[14:08:07]    ✅ Outputs exist for 15/25/35 — skipping.
[14:08:07] 
📘 [46/143] POS=5 100u — Drama
[14:08:07]    File: f_Drama_100u_pos5_neg1_all.csv
[14:08:07]    ✅ Outputs exist for 15/25/35 — skipping.
[14:08:07] 
📘 [47/143] POS=5 200u — Drama
[14:08:07]    File: f_Drama_200u_pos5_neg1_all.csv
[14:08:07]    ✅ Outputs exist for 15/25/35 — skipping.
[14:08:07] 
📘 [48/143] POS=5 25u — Drama
[14:08:07]    File: f_Drama_25u_pos5_neg1_all.csv
[14:08:07]    ✅ Outputs exist for 15/25/35 — skipping.
[14:08:07] 
📘 [49/143] POS=5 2u — Drama
[14:08:07]    File: f_Drama_2u_pos5_neg1_all.csv
[14:08:07]    ✅ Outputs exist for 15/25/35 — skipping.
[14:08:07] 
📘 [50/143] POS=5 300u — Drama
[14:08:07]    File: f_Drama_300u_pos5_neg1_all.csv
[14:08:07]    ✅ Outputs exist for 15/25/35 — skipping.
[14:08:07] 
📘 [51/143] POS=5 350u — Drama
[14:08:07]    File: f_Drama_350u_pos5_neg1_all.csv
[14:08:07]    ✅ Outputs exist for 15/25/35 — skipping.
[14:08:07] 
📘 [52/143] POS=5 4u — Drama
[14:08:07]    File: f_Drama_4u_pos5_neg1_all.csv
[14:08:07]    ✅ Outputs exist for 15/25/35 — skipping.
[14:08:07] 
📘 [53/143] POS=5 500u — Drama
[14:08:07]    File: f_Drama_500u_pos5_neg1_all.csv
[14:08:07]    ✅ Outputs exist for 15/25/35 — skipping.
[14:08:07] 
📘 [54/143] POS=5 50u — Drama
[14:08:07]    File: f_Drama_50u_pos5_neg1_all.csv
[14:08:07]    ✅ Outputs exist for 15/25/35 — skipping.
[14:08:07] 
📘 [55/143] POS=5 6u — Drama
[14:08:07]    File: f_Drama_6u_pos5_neg1_all.csv
[14:08:07]    ✅ Outputs exist for 15/25/35 — skipping.
[14:08:07] 
📘 [56/143] POS=5 1000u — Fantasy
[14:08:07]    File: f_Fantasy_1000u_pos5_neg1_all.csv
[14:08:07]    ✅ Outputs exist for 15/25/35 — skipping.
[14:08:07] 
📘 [57/143] POS=5 100u — Fantasy
[14:08:07]    File: f_Fantasy_100u_pos5_neg1_all.csv
[14:08:07]    ✅ Outputs exist for 15/25/35 — skipping.
[14:08:07] 
📘 [58/143] POS=5 200u — Fantasy
[14:08:07]    File: f_Fantasy_200u_pos5_neg1_all.csv
[14:08:07]    ✅ Outputs exist for 15/25/35 — skipping.
[14:08:07] 
📘 [59/143] POS=5 25u — Fantasy
[14:08:07]    File: f_Fantasy_25u_pos5_neg1_all.csv
[14:08:07]    ✅ Outputs exist for 15/25/35 — skipping.
[14:08:07] 
📘 [60/143] POS=5 2u — Fantasy
[14:08:07]    File: f_Fantasy_2u_pos5_neg1_all.csv
[14:08:07]    ✅ Outputs exist for 15/25/35 — skipping.
[14:08:07] 
📘 [61/143] POS=5 300u — Fantasy
[14:08:07]    File: f_Fantasy_300u_pos5_neg1_all.csv
[14:08:07]    ✅ Outputs exist for 15/25/35 — skipping.
[14:08:07] 
📘 [62/143] POS=5 350u — Fantasy
[14:08:07]    File: f_Fantasy_350u_pos5_neg1_all.csv
[14:08:07]    ✅ Outputs exist for 15/25/35 — skipping.
[14:08:07] 
📘 [63/143] POS=5 4u — Fantasy
[14:08:07]    File: f_Fantasy_4u_pos5_neg1_all.csv
[14:08:07]    ✅ Outputs exist for 15/25/35 — skipping.
[14:08:07] 
📘 [64/143] POS=5 500u — Fantasy
[14:08:07]    File: f_Fantasy_500u_pos5_neg1_all.csv
[14:08:07]    ✅ Outputs exist for 15/25/35 — skipping.
[14:08:07] 
📘 [65/143] POS=5 50u — Fantasy
[14:08:07]    File: f_Fantasy_50u_pos5_neg1_all.csv
[14:08:07]    ✅ Outputs exist for 15/25/35 — skipping.
[14:08:07] 
📘 [66/143] POS=5 6u — Fantasy
[14:08:07]    File: f_Fantasy_6u_pos5_neg1_all.csv
[14:08:07]    ✅ Outputs exist for 15/25/35 — skipping.
[14:08:07] 
📘 [67/143] POS=5 1000u — Historical
[14:08:07]    File: f_Historical_1000u_pos5_neg1_all.csv
[14:08:07]    ✅ Outputs exist for 15/25/35 — skipping.
[14:08:07] 
📘 [68/143] POS=5 100u — Historical
[14:08:07]    File: f_Historical_100u_pos5_neg1_all.csv
[14:08:07]    ✅ Outputs exist for 15/25/35 — skipping.
[14:08:07] 
📘 [69/143] POS=5 200u — Historical
[14:08:07]    File: f_Historical_200u_pos5_neg1_all.csv
[14:08:07]    ✅ Outputs exist for 15/25/35 — skipping.
[14:08:07] 
📘 [70/143] POS=5 25u — Historical
[14:08:07]    File: f_Historical_25u_pos5_neg1_all.csv
[14:08:07]    ✅ Outputs exist for 15/25/35 — skipping.
[14:08:07] 
📘 [71/143] POS=5 2u — Historical
[14:08:07]    File: f_Historical_2u_pos5_neg1_all.csv
[14:08:07]    ✅ Outputs exist for 15/25/35 — skipping.
[14:08:07] 
📘 [72/143] POS=5 300u — Historical
[14:08:07]    File: f_Historical_300u_pos5_neg1_all.csv
[14:08:07]    ✅ Outputs exist for 15/25/35 — skipping.
[14:08:07] 
📘 [73/143] POS=5 350u — Historical
[14:08:07]    File: f_Historical_350u_pos5_neg1_all.csv
[14:08:07]    ✅ Outputs exist for 15/25/35 — skipping.
[14:08:07] 
📘 [74/143] POS=5 4u — Historical
[14:08:07]    File: f_Historical_4u_pos5_neg1_all.csv
[14:08:07]    ✅ Outputs exist for 15/25/35 — skipping.
[14:08:07] 
📘 [75/143] POS=5 500u — Historical
[14:08:07]    File: f_Historical_500u_pos5_neg1_all.csv
[14:08:07]    ✅ Outputs exist for 15/25/35 — skipping.
[14:08:07] 
📘 [76/143] POS=5 50u — Historical
[14:08:07]    File: f_Historical_50u_pos5_neg1_all.csv
[14:08:07]    ✅ Outputs exist for 15/25/35 — skipping.
[14:08:07] 
📘 [77/143] POS=5 6u — Historical
[14:08:07]    File: f_Historical_6u_pos5_neg1_all.csv
[14:08:07]    ✅ Outputs exist for 15/25/35 — skipping.
[14:08:07] 
📘 [78/143] POS=5 1000u — Horror
[14:08:07]    File: f_Horror_1000u_pos5_neg1_all.csv
[14:08:07]    ✅ Outputs exist for 15/25/35 — skipping.
[14:08:07] 
📘 [79/143] POS=5 100u — Horror
[14:08:07]    File: f_Horror_100u_pos5_neg1_all.csv
[14:08:07]    ✅ Outputs exist for 15/25/35 — skipping.
[14:08:07] 
📘 [80/143] POS=5 200u — Horror
[14:08:07]    File: f_Horror_200u_pos5_neg1_all.csv
[14:08:07]    ✅ Outputs exist for 15/25/35 — skipping.
[14:08:07] 
📘 [81/143] POS=5 25u — Horror
[14:08:07]    File: f_Horror_25u_pos5_neg1_all.csv
[14:08:07]    ✅ Outputs exist for 15/25/35 — skipping.
[14:08:07] 
📘 [82/143] POS=5 2u — Horror
[14:08:07]    File: f_Horror_2u_pos5_neg1_all.csv
[14:08:07]    ✅ Outputs exist for 15/25/35 — skipping.
[14:08:07] 
📘 [83/143] POS=5 300u — Horror
[14:08:07]    File: f_Horror_300u_pos5_neg1_all.csv
[14:08:07]    ✅ Outputs exist for 15/25/35 — skipping.
[14:08:07] 
📘 [84/143] POS=5 350u — Horror
[14:08:07]    File: f_Horror_350u_pos5_neg1_all.csv
[14:08:07]    ✅ Outputs exist for 15/25/35 — skipping.
[14:08:07] 
📘 [85/143] POS=5 4u — Horror
[14:08:07]    File: f_Horror_4u_pos5_neg1_all.csv
[14:08:07]    ✅ Outputs exist for 15/25/35 — skipping.
[14:08:07] 
📘 [86/143] POS=5 500u — Horror
[14:08:07]    File: f_Horror_500u_pos5_neg1_all.csv
[14:08:07]    ✅ Outputs exist for 15/25/35 — skipping.
[14:08:07] 
📘 [87/143] POS=5 50u — Horror
[14:08:07]    File: f_Horror_50u_pos5_neg1_all.csv
[14:08:07]    ✅ Outputs exist for 15/25/35 — skipping.
[14:08:07] 
📘 [88/143] POS=5 6u — Horror
[14:08:07]    File: f_Horror_6u_pos5_neg1_all.csv
[14:08:07]    ✅ Outputs exist for 15/25/35 — skipping.
[14:08:07] 
📘 [89/143] POS=5 1000u — Mystery
[14:08:07]    File: f_Mystery_1000u_pos5_neg1_all.csv
[14:08:07]    ✅ Outputs exist for 15/25/35 — skipping.
[14:08:07] 
📘 [90/143] POS=5 100u — Mystery
[14:08:07]    File: f_Mystery_100u_pos5_neg1_all.csv
[14:08:07]    ✅ Outputs exist for 15/25/35 — skipping.
[14:08:07] 
📘 [91/143] POS=5 200u — Mystery
[14:08:07]    File: f_Mystery_200u_pos5_neg1_all.csv
[14:08:07]    ✅ Outputs exist for 15/25/35 — skipping.
[14:08:07] 
📘 [92/143] POS=5 25u — Mystery
[14:08:07]    File: f_Mystery_25u_pos5_neg1_all.csv
[14:08:07]    ✅ Outputs exist for 15/25/35 — skipping.
[14:08:07] 
📘 [93/143] POS=5 2u — Mystery
[14:08:07]    File: f_Mystery_2u_pos5_neg1_all.csv
[14:08:07]    ✅ Outputs exist for 15/25/35 — skipping.
[14:08:07] 
📘 [94/143] POS=5 300u — Mystery
[14:08:07]    File: f_Mystery_300u_pos5_neg1_all.csv
[14:08:07]    ✅ Outputs exist for 15/25/35 — skipping.
[14:08:07] 
📘 [95/143] POS=5 350u — Mystery
[14:08:07]    File: f_Mystery_350u_pos5_neg1_all.csv
[14:08:07]    ✅ Outputs exist for 15/25/35 — skipping.
[14:08:07] 
📘 [96/143] POS=5 4u — Mystery
[14:08:07]    File: f_Mystery_4u_pos5_neg1_all.csv
[14:08:07]    ✅ Outputs exist for 15/25/35 — skipping.
[14:08:07] 
📘 [97/143] POS=5 500u — Mystery
[14:08:07]    File: f_Mystery_500u_pos5_neg1_all.csv
[14:08:07]    ✅ Outputs exist for 15/25/35 — skipping.
[14:08:07] 
📘 [98/143] POS=5 50u — Mystery
[14:08:07]    File: f_Mystery_50u_pos5_neg1_all.csv
[14:08:07]    ✅ Outputs exist for 15/25/35 — skipping.
[14:08:07] 
📘 [99/143] POS=5 6u — Mystery
[14:08:07]    File: f_Mystery_6u_pos5_neg1_all.csv
[14:08:07]    ✅ Outputs exist for 15/25/35 — skipping.
[14:08:07] 
📘 [100/143] POS=5 1000u — Nonfiction
[14:08:07]    File: f_Nonfiction_1000u_pos5_neg1_all.csv
[14:08:07]    Will generate K ∈ [15, 25, 35] (others already present).
[14:08:19]    Loaded — items=10,000, rows=15,391,479
[14:08:21]    Training SVD…
