nohup: ignoring input
[14:22:34] === SVD (poison-only) — ALL PAIRS (POS=5 ONLY) ===
[14:22:34] 🔰 RUN_BASELINE=False — not training ORIGINAL baseline.
[14:22:41] Looking in: /home/moshtasa/Research/phd-svd-recsys/SVD/Book/result/rec/top_re/1020/data/PAIR_INJECTION/5
[14:22:41] Sample files: ['fpair_Fantasy__Children_s_1000u_pos5_neg1.csv', 'fpair_Fantasy__Children_s_100u_pos5_neg1.csv', 'fpair_Fantasy__Children_s_200u_pos5_neg1.csv', 'fpair_Fantasy__Children_s_25u_pos5_neg1.csv', 'fpair_Fantasy__Children_s_2u_pos5_neg1.csv', 'fpair_Fantasy__Children_s_300u_pos5_neg1.csv', 'fpair_Fantasy__Children_s_4u_pos5_neg1.csv', 'fpair_Fantasy__Children_s_500u_pos5_neg1.csv', 'fpair_Fantasy__Children_s_50u_pos5_neg1.csv', 'fpair_Fantasy__Children_s_6u_pos5_neg1.csv']
[14:22:41] 🔎 Found 100 POS=5 files spanning 10 distinct genre pairs.
[14:22:41] 
📘 Working on POS=5 poisoned dataset (1/100)
[14:22:41]    Pair: Fantasy & Children s
[14:22:41]    File: fpair_Fantasy__Children_s_1000u_pos5_neg1.csv
[14:22:58]    Loaded poisoned dataset — items=10,000, rows=15,391,479
[14:23:00]    Training SVD…
[14:30:23]    SVD trained. Generating recommendations…
[14:30:27] Scoring 53,424 original users for fpair_Fantasy__Children_s_1000u_pos5_neg1…
[14:30:50]   • Scored 10,000/53,424 users
[14:31:10]   • Scored 20,000/53,424 users
[14:31:31]   • Scored 30,000/53,424 users
[14:31:52]   • Scored 40,000/53,424 users
[14:32:11]   • Scored 50,000/53,424 users
[14:32:23] Saved → /home/moshtasa/Research/phd-svd-recsys/SVD/Book/result/rec/top_re/1020/SVD_pair/5/fpair_Fantasy__Children_s_1000u_pos5_neg1_15recommendation.csv (801,360 rows)
[14:32:31] Saved → /home/moshtasa/Research/phd-svd-recsys/SVD/Book/result/rec/top_re/1020/SVD_pair/5/fpair_Fantasy__Children_s_1000u_pos5_neg1_25recommendation.csv (1,335,600 rows)
[14:32:43] Saved → /home/moshtasa/Research/phd-svd-recsys/SVD/Book/result/rec/top_re/1020/SVD_pair/5/fpair_Fantasy__Children_s_1000u_pos5_neg1_35recommendation.csv (1,869,840 rows)
[14:32:44] ✅ Finished SVD + recommendations for Fantasy & Children_s (POS=5).
[14:32:49] 
📘 Working on POS=5 poisoned dataset (2/100)
[14:32:49]    Pair: Fantasy & Children s
[14:32:49]    File: fpair_Fantasy__Children_s_100u_pos5_neg1.csv
[14:32:59]    Loaded poisoned dataset — items=10,000, rows=6,917,979
[14:32:59]    Training SVD…
[14:37:06]    SVD trained. Generating recommendations…
[14:37:09] Scoring 53,424 original users for fpair_Fantasy__Children_s_100u_pos5_neg1…
[14:37:40]   • Scored 10,000/53,424 users
[14:37:59]   • Scored 20,000/53,424 users
[14:38:19]   • Scored 30,000/53,424 users
[14:38:38]   • Scored 40,000/53,424 users
[14:38:58]   • Scored 50,000/53,424 users
[14:39:10] Saved → /home/moshtasa/Research/phd-svd-recsys/SVD/Book/result/rec/top_re/1020/SVD_pair/5/fpair_Fantasy__Children_s_100u_pos5_neg1_15recommendation.csv (801,360 rows)
[14:39:18] Saved → /home/moshtasa/Research/phd-svd-recsys/SVD/Book/result/rec/top_re/1020/SVD_pair/5/fpair_Fantasy__Children_s_100u_pos5_neg1_25recommendation.csv (1,335,600 rows)
[14:39:29] Saved → /home/moshtasa/Research/phd-svd-recsys/SVD/Book/result/rec/top_re/1020/SVD_pair/5/fpair_Fantasy__Children_s_100u_pos5_neg1_35recommendation.csv (1,869,840 rows)
[14:39:31] ✅ Finished SVD + recommendations for Fantasy & Children_s (POS=5).
[14:39:33] 
📘 Working on POS=5 poisoned dataset (3/100)
[14:39:33]    Pair: Fantasy & Children s
[14:39:33]    File: fpair_Fantasy__Children_s_200u_pos5_neg1.csv
[14:39:44]    Loaded poisoned dataset — items=10,000, rows=7,859,479
[14:39:45]    Training SVD…
[14:44:57]    SVD trained. Generating recommendations…
[14:44:59] Scoring 53,424 original users for fpair_Fantasy__Children_s_200u_pos5_neg1…
[14:45:23]   • Scored 10,000/53,424 users
[14:45:49]   • Scored 20,000/53,424 users
[14:46:18]   • Scored 30,000/53,424 users
[14:46:47]   • Scored 40,000/53,424 users
[14:47:16]   • Scored 50,000/53,424 users
[14:47:29] Saved → /home/moshtasa/Research/phd-svd-recsys/SVD/Book/result/rec/top_re/1020/SVD_pair/5/fpair_Fantasy__Children_s_200u_pos5_neg1_15recommendation.csv (801,360 rows)
[14:47:37] Saved → /home/moshtasa/Research/phd-svd-recsys/SVD/Book/result/rec/top_re/1020/SVD_pair/5/fpair_Fantasy__Children_s_200u_pos5_neg1_25recommendation.csv (1,335,600 rows)
[14:47:49] Saved → /home/moshtasa/Research/phd-svd-recsys/SVD/Book/result/rec/top_re/1020/SVD_pair/5/fpair_Fantasy__Children_s_200u_pos5_neg1_35recommendation.csv (1,869,840 rows)
[14:47:50] ✅ Finished SVD + recommendations for Fantasy & Children_s (POS=5).
[14:47:53] 
📘 Working on POS=5 poisoned dataset (4/100)
[14:47:53]    Pair: Fantasy & Children s
[14:47:53]    File: fpair_Fantasy__Children_s_25u_pos5_neg1.csv
[14:48:02]    Loaded poisoned dataset — items=10,000, rows=6,211,854
[14:48:02]    Training SVD…
[14:52:03]    SVD trained. Generating recommendations…
[14:52:05] Scoring 53,424 original users for fpair_Fantasy__Children_s_25u_pos5_neg1…
[14:52:26]   • Scored 10,000/53,424 users
[14:52:50]   • Scored 20,000/53,424 users
[14:53:18]   • Scored 30,000/53,424 users
[14:53:37]   • Scored 40,000/53,424 users
[14:54:00]   • Scored 50,000/53,424 users
[14:54:12] Saved → /home/moshtasa/Research/phd-svd-recsys/SVD/Book/result/rec/top_re/1020/SVD_pair/5/fpair_Fantasy__Children_s_25u_pos5_neg1_15recommendation.csv (801,360 rows)
[14:54:20] Saved → /home/moshtasa/Research/phd-svd-recsys/SVD/Book/result/rec/top_re/1020/SVD_pair/5/fpair_Fantasy__Children_s_25u_pos5_neg1_25recommendation.csv (1,335,600 rows)
[14:54:32] Saved → /home/moshtasa/Research/phd-svd-recsys/SVD/Book/result/rec/top_re/1020/SVD_pair/5/fpair_Fantasy__Children_s_25u_pos5_neg1_35recommendation.csv (1,869,840 rows)
[14:54:33] ✅ Finished SVD + recommendations for Fantasy & Children_s (POS=5).
[14:54:35] 
📘 Working on POS=5 poisoned dataset (5/100)
[14:54:35]    Pair: Fantasy & Children s
[14:54:35]    File: fpair_Fantasy__Children_s_2u_pos5_neg1.csv
[14:54:44]    Loaded poisoned dataset — items=10,000, rows=5,995,309
[14:54:44]    Training SVD…
[14:58:51]    SVD trained. Generating recommendations…
[14:58:53] Scoring 53,424 original users for fpair_Fantasy__Children_s_2u_pos5_neg1…
[14:59:21]   • Scored 10,000/53,424 users
[14:59:45]   • Scored 20,000/53,424 users
[15:00:12]   • Scored 30,000/53,424 users
[15:00:41]   • Scored 40,000/53,424 users
[15:01:09]   • Scored 50,000/53,424 users
[15:01:24] Saved → /home/moshtasa/Research/phd-svd-recsys/SVD/Book/result/rec/top_re/1020/SVD_pair/5/fpair_Fantasy__Children_s_2u_pos5_neg1_15recommendation.csv (801,360 rows)
[15:01:32] Saved → /home/moshtasa/Research/phd-svd-recsys/SVD/Book/result/rec/top_re/1020/SVD_pair/5/fpair_Fantasy__Children_s_2u_pos5_neg1_25recommendation.csv (1,335,600 rows)
[15:01:44] Saved → /home/moshtasa/Research/phd-svd-recsys/SVD/Book/result/rec/top_re/1020/SVD_pair/5/fpair_Fantasy__Children_s_2u_pos5_neg1_35recommendation.csv (1,869,840 rows)
[15:01:46] ✅ Finished SVD + recommendations for Fantasy & Children_s (POS=5).
[15:01:48] 
📘 Working on POS=5 poisoned dataset (6/100)
[15:01:48]    Pair: Fantasy & Children s
[15:01:48]    File: fpair_Fantasy__Children_s_300u_pos5_neg1.csv
[15:01:55]    Loaded poisoned dataset — items=10,000, rows=8,800,979
[15:01:56]    Training SVD…
[15:06:58]    SVD trained. Generating recommendations…
[15:07:00] Scoring 53,424 original users for fpair_Fantasy__Children_s_300u_pos5_neg1…
[15:07:31]   • Scored 10,000/53,424 users
[15:07:56]   • Scored 20,000/53,424 users
[15:08:15]   • Scored 30,000/53,424 users
[15:08:35]   • Scored 40,000/53,424 users
[15:08:57]   • Scored 50,000/53,424 users
[15:09:12] Saved → /home/moshtasa/Research/phd-svd-recsys/SVD/Book/result/rec/top_re/1020/SVD_pair/5/fpair_Fantasy__Children_s_300u_pos5_neg1_15recommendation.csv (801,360 rows)
[15:09:20] Saved → /home/moshtasa/Research/phd-svd-recsys/SVD/Book/result/rec/top_re/1020/SVD_pair/5/fpair_Fantasy__Children_s_300u_pos5_neg1_25recommendation.csv (1,335,600 rows)
[15:09:32] Saved → /home/moshtasa/Research/phd-svd-recsys/SVD/Book/result/rec/top_re/1020/SVD_pair/5/fpair_Fantasy__Children_s_300u_pos5_neg1_35recommendation.csv (1,869,840 rows)
[15:09:34] ✅ Finished SVD + recommendations for Fantasy & Children_s (POS=5).
[15:09:37] 
📘 Working on POS=5 poisoned dataset (7/100)
[15:09:37]    Pair: Fantasy & Children s
[15:09:37]    File: fpair_Fantasy__Children_s_4u_pos5_neg1.csv
[15:09:46]    Loaded poisoned dataset — items=10,000, rows=6,014,139
[15:09:46]    Training SVD…
[15:14:03]    SVD trained. Generating recommendations…
[15:14:05] Scoring 53,424 original users for fpair_Fantasy__Children_s_4u_pos5_neg1…
[15:14:28]   • Scored 10,000/53,424 users
[15:14:50]   • Scored 20,000/53,424 users
[15:15:11]   • Scored 30,000/53,424 users
[15:15:35]   • Scored 40,000/53,424 users
[15:16:00]   • Scored 50,000/53,424 users
[15:16:14] Saved → /home/moshtasa/Research/phd-svd-recsys/SVD/Book/result/rec/top_re/1020/SVD_pair/5/fpair_Fantasy__Children_s_4u_pos5_neg1_15recommendation.csv (801,360 rows)
[15:16:22] Saved → /home/moshtasa/Research/phd-svd-recsys/SVD/Book/result/rec/top_re/1020/SVD_pair/5/fpair_Fantasy__Children_s_4u_pos5_neg1_25recommendation.csv (1,335,600 rows)
[15:16:33] Saved → /home/moshtasa/Research/phd-svd-recsys/SVD/Book/result/rec/top_re/1020/SVD_pair/5/fpair_Fantasy__Children_s_4u_pos5_neg1_35recommendation.csv (1,869,840 rows)
[15:16:35] ✅ Finished SVD + recommendations for Fantasy & Children_s (POS=5).
[15:16:37] 
📘 Working on POS=5 poisoned dataset (8/100)
[15:16:37]    Pair: Fantasy & Children s
[15:16:37]    File: fpair_Fantasy__Children_s_500u_pos5_neg1.csv
[15:16:49]    Loaded poisoned dataset — items=10,000, rows=10,683,979
[15:16:51]    Training SVD…
[15:22:44]    SVD trained. Generating recommendations…
[15:22:47] Scoring 53,424 original users for fpair_Fantasy__Children_s_500u_pos5_neg1…
[15:23:16]   • Scored 10,000/53,424 users
[15:23:42]   • Scored 20,000/53,424 users
[15:24:04]   • Scored 30,000/53,424 users
[15:24:27]   • Scored 40,000/53,424 users
[15:24:46]   • Scored 50,000/53,424 users
[15:24:57] Saved → /home/moshtasa/Research/phd-svd-recsys/SVD/Book/result/rec/top_re/1020/SVD_pair/5/fpair_Fantasy__Children_s_500u_pos5_neg1_15recommendation.csv (801,360 rows)
[15:25:05] Saved → /home/moshtasa/Research/phd-svd-recsys/SVD/Book/result/rec/top_re/1020/SVD_pair/5/fpair_Fantasy__Children_s_500u_pos5_neg1_25recommendation.csv (1,335,600 rows)
[15:25:17] Saved → /home/moshtasa/Research/phd-svd-recsys/SVD/Book/result/rec/top_re/1020/SVD_pair/5/fpair_Fantasy__Children_s_500u_pos5_neg1_35recommendation.csv (1,869,840 rows)
[15:25:19] ✅ Finished SVD + recommendations for Fantasy & Children_s (POS=5).
[15:25:22] 
📘 Working on POS=5 poisoned dataset (9/100)
[15:25:22]    Pair: Fantasy & Children s
[15:25:22]    File: fpair_Fantasy__Children_s_50u_pos5_neg1.csv
[15:25:31]    Loaded poisoned dataset — items=10,000, rows=6,447,229
[15:25:32]    Training SVD…
[15:29:58]    SVD trained. Generating recommendations…
[15:30:00] Scoring 53,424 original users for fpair_Fantasy__Children_s_50u_pos5_neg1…
[15:30:21]   • Scored 10,000/53,424 users
[15:30:40]   • Scored 20,000/53,424 users
[15:31:00]   • Scored 30,000/53,424 users
[15:31:19]   • Scored 40,000/53,424 users
[15:31:38]   • Scored 50,000/53,424 users
[15:31:50] Saved → /home/moshtasa/Research/phd-svd-recsys/SVD/Book/result/rec/top_re/1020/SVD_pair/5/fpair_Fantasy__Children_s_50u_pos5_neg1_15recommendation.csv (801,360 rows)
[15:31:58] Saved → /home/moshtasa/Research/phd-svd-recsys/SVD/Book/result/rec/top_re/1020/SVD_pair/5/fpair_Fantasy__Children_s_50u_pos5_neg1_25recommendation.csv (1,335,600 rows)
[15:32:09] Saved → /home/moshtasa/Research/phd-svd-recsys/SVD/Book/result/rec/top_re/1020/SVD_pair/5/fpair_Fantasy__Children_s_50u_pos5_neg1_35recommendation.csv (1,869,840 rows)
[15:32:10] ✅ Finished SVD + recommendations for Fantasy & Children_s (POS=5).
[15:32:12] 
📘 Working on POS=5 poisoned dataset (10/100)
[15:32:12]    Pair: Fantasy & Children s
[15:32:12]    File: fpair_Fantasy__Children_s_6u_pos5_neg1.csv
[15:32:21]    Loaded poisoned dataset — items=10,000, rows=6,032,969
[15:32:21]    Training SVD…
[15:36:26]    SVD trained. Generating recommendations…
[15:36:28] Scoring 53,424 original users for fpair_Fantasy__Children_s_6u_pos5_neg1…
[15:36:52]   • Scored 10,000/53,424 users
[15:37:15]   • Scored 20,000/53,424 users
[15:37:33]   • Scored 30,000/53,424 users
[15:37:52]   • Scored 40,000/53,424 users
[15:38:13]   • Scored 50,000/53,424 users
[15:38:27] Saved → /home/moshtasa/Research/phd-svd-recsys/SVD/Book/result/rec/top_re/1020/SVD_pair/5/fpair_Fantasy__Children_s_6u_pos5_neg1_15recommendation.csv (801,360 rows)
[15:38:35] Saved → /home/moshtasa/Research/phd-svd-recsys/SVD/Book/result/rec/top_re/1020/SVD_pair/5/fpair_Fantasy__Children_s_6u_pos5_neg1_25recommendation.csv (1,335,600 rows)
[15:38:46] Saved → /home/moshtasa/Research/phd-svd-recsys/SVD/Book/result/rec/top_re/1020/SVD_pair/5/fpair_Fantasy__Children_s_6u_pos5_neg1_35recommendation.csv (1,869,840 rows)
[15:38:47] ✅ Finished SVD + recommendations for Fantasy & Children_s (POS=5).
[15:38:49] 
📘 Working on POS=5 poisoned dataset (11/100)
[15:38:49]    Pair: Fantasy & Classics
[15:38:49]    File: fpair_Fantasy__Classics_1000u_pos5_neg1.csv
[15:39:05]    Loaded poisoned dataset — items=10,000, rows=15,391,479
[15:39:06]    Training SVD…
[15:45:57]    SVD trained. Generating recommendations…
[15:46:01] Scoring 53,424 original users for fpair_Fantasy__Classics_1000u_pos5_neg1…
[15:46:30]   • Scored 10,000/53,424 users
[15:47:01]   • Scored 20,000/53,424 users
[15:47:30]   • Scored 30,000/53,424 users
[15:47:59]   • Scored 40,000/53,424 users
[15:48:28]   • Scored 50,000/53,424 users
[15:48:43] Saved → /home/moshtasa/Research/phd-svd-recsys/SVD/Book/result/rec/top_re/1020/SVD_pair/5/fpair_Fantasy__Classics_1000u_pos5_neg1_15recommendation.csv (801,360 rows)
[15:48:51] Saved → /home/moshtasa/Research/phd-svd-recsys/SVD/Book/result/rec/top_re/1020/SVD_pair/5/fpair_Fantasy__Classics_1000u_pos5_neg1_25recommendation.csv (1,335,600 rows)
[15:49:02] Saved → /home/moshtasa/Research/phd-svd-recsys/SVD/Book/result/rec/top_re/1020/SVD_pair/5/fpair_Fantasy__Classics_1000u_pos5_neg1_35recommendation.csv (1,869,840 rows)
[15:49:04] ✅ Finished SVD + recommendations for Fantasy & Classics (POS=5).
[15:49:09] 
📘 Working on POS=5 poisoned dataset (12/100)
[15:49:09]    Pair: Fantasy & Classics
[15:49:09]    File: fpair_Fantasy__Classics_100u_pos5_neg1.csv
[15:49:18]    Loaded poisoned dataset — items=10,000, rows=6,917,979
[15:49:19]    Training SVD…
[15:53:46]    SVD trained. Generating recommendations…
[15:53:48] Scoring 53,424 original users for fpair_Fantasy__Classics_100u_pos5_neg1…
[15:54:12]   • Scored 10,000/53,424 users
[15:54:41]   • Scored 20,000/53,424 users
[15:55:10]   • Scored 30,000/53,424 users
[15:55:36]   • Scored 40,000/53,424 users
[15:56:02]   • Scored 50,000/53,424 users
[15:56:16] Saved → /home/moshtasa/Research/phd-svd-recsys/SVD/Book/result/rec/top_re/1020/SVD_pair/5/fpair_Fantasy__Classics_100u_pos5_neg1_15recommendation.csv (801,360 rows)
[15:56:24] Saved → /home/moshtasa/Research/phd-svd-recsys/SVD/Book/result/rec/top_re/1020/SVD_pair/5/fpair_Fantasy__Classics_100u_pos5_neg1_25recommendation.csv (1,335,600 rows)
[15:56:35] Saved → /home/moshtasa/Research/phd-svd-recsys/SVD/Book/result/rec/top_re/1020/SVD_pair/5/fpair_Fantasy__Classics_100u_pos5_neg1_35recommendation.csv (1,869,840 rows)
[15:56:37] ✅ Finished SVD + recommendations for Fantasy & Classics (POS=5).
[15:56:39] 
📘 Working on POS=5 poisoned dataset (13/100)
[15:56:39]    Pair: Fantasy & Classics
[15:56:39]    File: fpair_Fantasy__Classics_200u_pos5_neg1.csv
[15:56:49]    Loaded poisoned dataset — items=10,000, rows=7,859,479
[15:56:50]    Training SVD…
[16:01:35]    SVD trained. Generating recommendations…
[16:01:38] Scoring 53,424 original users for fpair_Fantasy__Classics_200u_pos5_neg1…
[16:02:04]   • Scored 10,000/53,424 users
[16:02:29]   • Scored 20,000/53,424 users
[16:02:53]   • Scored 30,000/53,424 users
[16:03:18]   • Scored 40,000/53,424 users
[16:03:42]   • Scored 50,000/53,424 users
[16:03:56] Saved → /home/moshtasa/Research/phd-svd-recsys/SVD/Book/result/rec/top_re/1020/SVD_pair/5/fpair_Fantasy__Classics_200u_pos5_neg1_15recommendation.csv (801,360 rows)
[16:04:04] Saved → /home/moshtasa/Research/phd-svd-recsys/SVD/Book/result/rec/top_re/1020/SVD_pair/5/fpair_Fantasy__Classics_200u_pos5_neg1_25recommendation.csv (1,335,600 rows)
[16:04:15] Saved → /home/moshtasa/Research/phd-svd-recsys/SVD/Book/result/rec/top_re/1020/SVD_pair/5/fpair_Fantasy__Classics_200u_pos5_neg1_35recommendation.csv (1,869,840 rows)
[16:04:16] ✅ Finished SVD + recommendations for Fantasy & Classics (POS=5).
[16:04:19] 
📘 Working on POS=5 poisoned dataset (14/100)
[16:04:19]    Pair: Fantasy & Classics
[16:04:19]    File: fpair_Fantasy__Classics_25u_pos5_neg1.csv
[16:04:29]    Loaded poisoned dataset — items=10,000, rows=6,211,854
[16:04:29]    Training SVD…
[16:08:53]    SVD trained. Generating recommendations…
[16:08:55] Scoring 53,424 original users for fpair_Fantasy__Classics_25u_pos5_neg1…
[16:09:27]   • Scored 10,000/53,424 users
[16:09:54]   • Scored 20,000/53,424 users
[16:10:18]   • Scored 30,000/53,424 users
[16:10:41]   • Scored 40,000/53,424 users
[16:11:06]   • Scored 50,000/53,424 users
[16:11:18] Saved → /home/moshtasa/Research/phd-svd-recsys/SVD/Book/result/rec/top_re/1020/SVD_pair/5/fpair_Fantasy__Classics_25u_pos5_neg1_15recommendation.csv (801,360 rows)
[16:11:26] Saved → /home/moshtasa/Research/phd-svd-recsys/SVD/Book/result/rec/top_re/1020/SVD_pair/5/fpair_Fantasy__Classics_25u_pos5_neg1_25recommendation.csv (1,335,600 rows)
[16:11:38] Saved → /home/moshtasa/Research/phd-svd-recsys/SVD/Book/result/rec/top_re/1020/SVD_pair/5/fpair_Fantasy__Classics_25u_pos5_neg1_35recommendation.csv (1,869,840 rows)
[16:11:39] ✅ Finished SVD + recommendations for Fantasy & Classics (POS=5).
[16:11:41] 
📘 Working on POS=5 poisoned dataset (15/100)
[16:11:41]    Pair: Fantasy & Classics
[16:11:41]    File: fpair_Fantasy__Classics_2u_pos5_neg1.csv
[16:11:46]    Loaded poisoned dataset — items=10,000, rows=5,995,309
[16:11:47]    Training SVD…
[16:15:55]    SVD trained. Generating recommendations…
[16:15:58] Scoring 53,424 original users for fpair_Fantasy__Classics_2u_pos5_neg1…
[16:16:27]   • Scored 10,000/53,424 users
[16:16:56]   • Scored 20,000/53,424 users
[16:17:25]   • Scored 30,000/53,424 users
[16:17:54]   • Scored 40,000/53,424 users
[16:18:23]   • Scored 50,000/53,424 users
[16:18:37] Saved → /home/moshtasa/Research/phd-svd-recsys/SVD/Book/result/rec/top_re/1020/SVD_pair/5/fpair_Fantasy__Classics_2u_pos5_neg1_15recommendation.csv (801,360 rows)
[16:18:45] Saved → /home/moshtasa/Research/phd-svd-recsys/SVD/Book/result/rec/top_re/1020/SVD_pair/5/fpair_Fantasy__Classics_2u_pos5_neg1_25recommendation.csv (1,335,600 rows)
[16:18:57] Saved → /home/moshtasa/Research/phd-svd-recsys/SVD/Book/result/rec/top_re/1020/SVD_pair/5/fpair_Fantasy__Classics_2u_pos5_neg1_35recommendation.csv (1,869,840 rows)
[16:18:58] ✅ Finished SVD + recommendations for Fantasy & Classics (POS=5).
[16:19:00] 
📘 Working on POS=5 poisoned dataset (16/100)
[16:19:00]    Pair: Fantasy & Classics
[16:19:00]    File: fpair_Fantasy__Classics_300u_pos5_neg1.csv
[16:19:11]    Loaded poisoned dataset — items=10,000, rows=8,800,979
[16:19:12]    Training SVD…
[16:24:44]    SVD trained. Generating recommendations…
[16:24:47] Scoring 53,424 original users for fpair_Fantasy__Classics_300u_pos5_neg1…
[16:25:20]   • Scored 10,000/53,424 users
[16:25:50]   • Scored 20,000/53,424 users
[16:26:20]   • Scored 30,000/53,424 users
[16:26:49]   • Scored 40,000/53,424 users
[16:27:19]   • Scored 50,000/53,424 users
[16:27:34] Saved → /home/moshtasa/Research/phd-svd-recsys/SVD/Book/result/rec/top_re/1020/SVD_pair/5/fpair_Fantasy__Classics_300u_pos5_neg1_15recommendation.csv (801,360 rows)
[16:27:42] Saved → /home/moshtasa/Research/phd-svd-recsys/SVD/Book/result/rec/top_re/1020/SVD_pair/5/fpair_Fantasy__Classics_300u_pos5_neg1_25recommendation.csv (1,335,600 rows)
[16:27:54] Saved → /home/moshtasa/Research/phd-svd-recsys/SVD/Book/result/rec/top_re/1020/SVD_pair/5/fpair_Fantasy__Classics_300u_pos5_neg1_35recommendation.csv (1,869,840 rows)
[16:27:55] ✅ Finished SVD + recommendations for Fantasy & Classics (POS=5).
[16:27:58] 
📘 Working on POS=5 poisoned dataset (17/100)
[16:27:58]    Pair: Fantasy & Classics
[16:27:58]    File: fpair_Fantasy__Classics_4u_pos5_neg1.csv
[16:28:06]    Loaded poisoned dataset — items=10,000, rows=6,014,139
[16:28:07]    Training SVD…
[16:32:15]    SVD trained. Generating recommendations…
[16:32:18] Scoring 53,424 original users for fpair_Fantasy__Classics_4u_pos5_neg1…
[16:32:46]   • Scored 10,000/53,424 users
[16:33:06]   • Scored 20,000/53,424 users
[16:33:28]   • Scored 30,000/53,424 users
[16:33:53]   • Scored 40,000/53,424 users
[16:34:13]   • Scored 50,000/53,424 users
[16:34:24] Saved → /home/moshtasa/Research/phd-svd-recsys/SVD/Book/result/rec/top_re/1020/SVD_pair/5/fpair_Fantasy__Classics_4u_pos5_neg1_15recommendation.csv (801,360 rows)
[16:34:33] Saved → /home/moshtasa/Research/phd-svd-recsys/SVD/Book/result/rec/top_re/1020/SVD_pair/5/fpair_Fantasy__Classics_4u_pos5_neg1_25recommendation.csv (1,335,600 rows)
[16:34:44] Saved → /home/moshtasa/Research/phd-svd-recsys/SVD/Book/result/rec/top_re/1020/SVD_pair/5/fpair_Fantasy__Classics_4u_pos5_neg1_35recommendation.csv (1,869,840 rows)
[16:34:46] ✅ Finished SVD + recommendations for Fantasy & Classics (POS=5).
[16:34:48] 
📘 Working on POS=5 poisoned dataset (18/100)
[16:34:48]    Pair: Fantasy & Classics
[16:34:48]    File: fpair_Fantasy__Classics_500u_pos5_neg1.csv
[16:35:00]    Loaded poisoned dataset — items=10,000, rows=10,683,979
[16:35:02]    Training SVD…
[16:40:48]    SVD trained. Generating recommendations…
[16:40:51] Scoring 53,424 original users for fpair_Fantasy__Classics_500u_pos5_neg1…
[16:41:16]   • Scored 10,000/53,424 users
[16:41:37]   • Scored 20,000/53,424 users
[16:42:07]   • Scored 30,000/53,424 users
[16:42:33]   • Scored 40,000/53,424 users
[16:42:53]   • Scored 50,000/53,424 users
[16:43:06] Saved → /home/moshtasa/Research/phd-svd-recsys/SVD/Book/result/rec/top_re/1020/SVD_pair/5/fpair_Fantasy__Classics_500u_pos5_neg1_15recommendation.csv (801,360 rows)
[16:43:14] Saved → /home/moshtasa/Research/phd-svd-recsys/SVD/Book/result/rec/top_re/1020/SVD_pair/5/fpair_Fantasy__Classics_500u_pos5_neg1_25recommendation.csv (1,335,600 rows)
[16:43:26] Saved → /home/moshtasa/Research/phd-svd-recsys/SVD/Book/result/rec/top_re/1020/SVD_pair/5/fpair_Fantasy__Classics_500u_pos5_neg1_35recommendation.csv (1,869,840 rows)
[16:43:27] ✅ Finished SVD + recommendations for Fantasy & Classics (POS=5).
[16:43:31] 
📘 Working on POS=5 poisoned dataset (19/100)
[16:43:31]    Pair: Fantasy & Classics
[16:43:31]    File: fpair_Fantasy__Classics_50u_pos5_neg1.csv
[16:43:40]    Loaded poisoned dataset — items=10,000, rows=6,447,229
[16:43:41]    Training SVD…
[16:47:54]    SVD trained. Generating recommendations…
[16:47:57] Scoring 53,424 original users for fpair_Fantasy__Classics_50u_pos5_neg1…
[16:48:26]   • Scored 10,000/53,424 users
[16:48:55]   • Scored 20,000/53,424 users
[16:49:19]   • Scored 30,000/53,424 users
[16:49:40]   • Scored 40,000/53,424 users
[16:50:07]   • Scored 50,000/53,424 users
[16:50:22] Saved → /home/moshtasa/Research/phd-svd-recsys/SVD/Book/result/rec/top_re/1020/SVD_pair/5/fpair_Fantasy__Classics_50u_pos5_neg1_15recommendation.csv (801,360 rows)
[16:50:30] Saved → /home/moshtasa/Research/phd-svd-recsys/SVD/Book/result/rec/top_re/1020/SVD_pair/5/fpair_Fantasy__Classics_50u_pos5_neg1_25recommendation.csv (1,335,600 rows)
[16:50:42] Saved → /home/moshtasa/Research/phd-svd-recsys/SVD/Book/result/rec/top_re/1020/SVD_pair/5/fpair_Fantasy__Classics_50u_pos5_neg1_35recommendation.csv (1,869,840 rows)
[16:50:43] ✅ Finished SVD + recommendations for Fantasy & Classics (POS=5).
[16:50:45] 
📘 Working on POS=5 poisoned dataset (20/100)
[16:50:45]    Pair: Fantasy & Classics
[16:50:45]    File: fpair_Fantasy__Classics_6u_pos5_neg1.csv
[16:50:54]    Loaded poisoned dataset — items=10,000, rows=6,032,969
[16:50:55]    Training SVD…
[16:54:59]    SVD trained. Generating recommendations…
[16:55:01] Scoring 53,424 original users for fpair_Fantasy__Classics_6u_pos5_neg1…
[16:55:31]   • Scored 10,000/53,424 users
[16:55:55]   • Scored 20,000/53,424 users
[16:56:16]   • Scored 30,000/53,424 users
[16:56:35]   • Scored 40,000/53,424 users
[16:56:54]   • Scored 50,000/53,424 users
[16:57:07] Saved → /home/moshtasa/Research/phd-svd-recsys/SVD/Book/result/rec/top_re/1020/SVD_pair/5/fpair_Fantasy__Classics_6u_pos5_neg1_15recommendation.csv (801,360 rows)
[16:57:15] Saved → /home/moshtasa/Research/phd-svd-recsys/SVD/Book/result/rec/top_re/1020/SVD_pair/5/fpair_Fantasy__Classics_6u_pos5_neg1_25recommendation.csv (1,335,600 rows)
[16:57:26] Saved → /home/moshtasa/Research/phd-svd-recsys/SVD/Book/result/rec/top_re/1020/SVD_pair/5/fpair_Fantasy__Classics_6u_pos5_neg1_35recommendation.csv (1,869,840 rows)
[16:57:28] ✅ Finished SVD + recommendations for Fantasy & Classics (POS=5).
[16:57:30] 
📘 Working on POS=5 poisoned dataset (21/100)
[16:57:30]    Pair: Fantasy & Drama
[16:57:30]    File: fpair_Fantasy__Drama_1000u_pos5_neg1.csv
[16:57:47]    Loaded poisoned dataset — items=10,000, rows=15,391,479
[16:57:49]    Training SVD…
[17:06:36]    SVD trained. Generating recommendations…
[17:06:40] Scoring 53,424 original users for fpair_Fantasy__Drama_1000u_pos5_neg1…
[17:07:05]   • Scored 10,000/53,424 users
[17:07:36]   • Scored 20,000/53,424 users
[17:08:01]   • Scored 30,000/53,424 users
[17:08:23]   • Scored 40,000/53,424 users
[17:08:45]   • Scored 50,000/53,424 users
[17:08:59] Saved → /home/moshtasa/Research/phd-svd-recsys/SVD/Book/result/rec/top_re/1020/SVD_pair/5/fpair_Fantasy__Drama_1000u_pos5_neg1_15recommendation.csv (801,360 rows)
[17:09:08] Saved → /home/moshtasa/Research/phd-svd-recsys/SVD/Book/result/rec/top_re/1020/SVD_pair/5/fpair_Fantasy__Drama_1000u_pos5_neg1_25recommendation.csv (1,335,600 rows)
[17:09:21] Saved → /home/moshtasa/Research/phd-svd-recsys/SVD/Book/result/rec/top_re/1020/SVD_pair/5/fpair_Fantasy__Drama_1000u_pos5_neg1_35recommendation.csv (1,869,840 rows)
[17:09:23] ✅ Finished SVD + recommendations for Fantasy & Drama (POS=5).
[17:09:29] 
📘 Working on POS=5 poisoned dataset (22/100)
[17:09:29]    Pair: Fantasy & Drama
[17:09:29]    File: fpair_Fantasy__Drama_100u_pos5_neg1.csv
[17:09:39]    Loaded poisoned dataset — items=10,000, rows=6,917,979
[17:09:40]    Training SVD…
[17:14:43]    SVD trained. Generating recommendations…
[17:14:45] Scoring 53,424 original users for fpair_Fantasy__Drama_100u_pos5_neg1…
[17:15:07]   • Scored 10,000/53,424 users
[17:15:27]   • Scored 20,000/53,424 users
[17:15:55]   • Scored 30,000/53,424 users
[17:16:17]   • Scored 40,000/53,424 users
[17:16:39]   • Scored 50,000/53,424 users
[17:16:52] Saved → /home/moshtasa/Research/phd-svd-recsys/SVD/Book/result/rec/top_re/1020/SVD_pair/5/fpair_Fantasy__Drama_100u_pos5_neg1_15recommendation.csv (801,360 rows)
[17:17:01] Saved → /home/moshtasa/Research/phd-svd-recsys/SVD/Book/result/rec/top_re/1020/SVD_pair/5/fpair_Fantasy__Drama_100u_pos5_neg1_25recommendation.csv (1,335,600 rows)
[17:17:24] Saved → /home/moshtasa/Research/phd-svd-recsys/SVD/Book/result/rec/top_re/1020/SVD_pair/5/fpair_Fantasy__Drama_100u_pos5_neg1_35recommendation.csv (1,869,840 rows)
[17:17:29] ✅ Finished SVD + recommendations for Fantasy & Drama (POS=5).
[17:17:34] 
📘 Working on POS=5 poisoned dataset (23/100)
[17:17:34]    Pair: Fantasy & Drama
[17:17:34]    File: fpair_Fantasy__Drama_200u_pos5_neg1.csv
[17:17:44]    Loaded poisoned dataset — items=10,000, rows=7,859,479
[17:17:45]    Training SVD…
[17:23:06]    SVD trained. Generating recommendations…
[17:23:09] Scoring 53,424 original users for fpair_Fantasy__Drama_200u_pos5_neg1…
[17:23:39]   • Scored 10,000/53,424 users
[17:24:06]   • Scored 20,000/53,424 users
[17:24:34]   • Scored 30,000/53,424 users
[17:24:55]   • Scored 40,000/53,424 users
[17:25:16]   • Scored 50,000/53,424 users
[17:25:29] Saved → /home/moshtasa/Research/phd-svd-recsys/SVD/Book/result/rec/top_re/1020/SVD_pair/5/fpair_Fantasy__Drama_200u_pos5_neg1_15recommendation.csv (801,360 rows)
[17:25:38] Saved → /home/moshtasa/Research/phd-svd-recsys/SVD/Book/result/rec/top_re/1020/SVD_pair/5/fpair_Fantasy__Drama_200u_pos5_neg1_25recommendation.csv (1,335,600 rows)
[17:25:50] Saved → /home/moshtasa/Research/phd-svd-recsys/SVD/Book/result/rec/top_re/1020/SVD_pair/5/fpair_Fantasy__Drama_200u_pos5_neg1_35recommendation.csv (1,869,840 rows)
[17:25:51] ✅ Finished SVD + recommendations for Fantasy & Drama (POS=5).
[17:25:54] 
📘 Working on POS=5 poisoned dataset (24/100)
[17:25:54]    Pair: Fantasy & Drama
[17:25:54]    File: fpair_Fantasy__Drama_25u_pos5_neg1.csv
[17:26:00]    Loaded poisoned dataset — items=10,000, rows=6,211,854
[17:26:01]    Training SVD…
[17:30:38]    SVD trained. Generating recommendations…
[17:30:40] Scoring 53,424 original users for fpair_Fantasy__Drama_25u_pos5_neg1…
[17:31:06]   • Scored 10,000/53,424 users
[17:31:28]   • Scored 20,000/53,424 users
[17:31:49]   • Scored 30,000/53,424 users
[17:32:08]   • Scored 40,000/53,424 users
[17:32:28]   • Scored 50,000/53,424 users
[17:32:41] Saved → /home/moshtasa/Research/phd-svd-recsys/SVD/Book/result/rec/top_re/1020/SVD_pair/5/fpair_Fantasy__Drama_25u_pos5_neg1_15recommendation.csv (801,360 rows)
[17:32:49] Saved → /home/moshtasa/Research/phd-svd-recsys/SVD/Book/result/rec/top_re/1020/SVD_pair/5/fpair_Fantasy__Drama_25u_pos5_neg1_25recommendation.csv (1,335,600 rows)
[17:33:01] Saved → /home/moshtasa/Research/phd-svd-recsys/SVD/Book/result/rec/top_re/1020/SVD_pair/5/fpair_Fantasy__Drama_25u_pos5_neg1_35recommendation.csv (1,869,840 rows)
[17:33:03] ✅ Finished SVD + recommendations for Fantasy & Drama (POS=5).
[17:33:06] 
📘 Working on POS=5 poisoned dataset (25/100)
[17:33:06]    Pair: Fantasy & Drama
[17:33:06]    File: fpair_Fantasy__Drama_2u_pos5_neg1.csv
[17:33:15]    Loaded poisoned dataset — items=10,000, rows=5,995,309
[17:33:15]    Training SVD…
[17:37:45]    SVD trained. Generating recommendations…
[17:37:47] Scoring 53,424 original users for fpair_Fantasy__Drama_2u_pos5_neg1…
[17:38:13]   • Scored 10,000/53,424 users
[17:38:34]   • Scored 20,000/53,424 users
[17:38:54]   • Scored 30,000/53,424 users
[17:39:16]   • Scored 40,000/53,424 users
[17:39:36]   • Scored 50,000/53,424 users
[17:39:48] Saved → /home/moshtasa/Research/phd-svd-recsys/SVD/Book/result/rec/top_re/1020/SVD_pair/5/fpair_Fantasy__Drama_2u_pos5_neg1_15recommendation.csv (801,360 rows)
[17:39:56] Saved → /home/moshtasa/Research/phd-svd-recsys/SVD/Book/result/rec/top_re/1020/SVD_pair/5/fpair_Fantasy__Drama_2u_pos5_neg1_25recommendation.csv (1,335,600 rows)
[17:40:07] Saved → /home/moshtasa/Research/phd-svd-recsys/SVD/Book/result/rec/top_re/1020/SVD_pair/5/fpair_Fantasy__Drama_2u_pos5_neg1_35recommendation.csv (1,869,840 rows)
[17:40:09] ✅ Finished SVD + recommendations for Fantasy & Drama (POS=5).
[17:40:11] 
📘 Working on POS=5 poisoned dataset (26/100)
[17:40:11]    Pair: Fantasy & Drama
[17:40:11]    File: fpair_Fantasy__Drama_300u_pos5_neg1.csv
[17:40:22]    Loaded poisoned dataset — items=10,000, rows=8,800,979
[17:40:23]    Training SVD…
