nohup: ignoring input
[17:34:48] === NMF — MovieLens ORIGINAL + Injected ===
[17:34:48] Loading ORIGINAL dataset…
[17:34:48] Training NMF on ORIGINAL…
[17:34:53] Generating recommendations for ORIGINAL…
[17:34:54] Saved → /home/moshtasa/Research/phd-svd-recsys/SVD/Movie_Lens/result/rec/1215/NMF/ORIGINAL_15recommendation.csv (14,145 rows)
[17:34:54] Saved → /home/moshtasa/Research/phd-svd-recsys/SVD/Movie_Lens/result/rec/1215/NMF/ORIGINAL_25recommendation.csv (23,575 rows)
[17:34:54] Saved → /home/moshtasa/Research/phd-svd-recsys/SVD/Movie_Lens/result/rec/1215/NMF/ORIGINAL_35recommendation.csv (33,005 rows)
[17:34:54] Found 40 injected files
[17:34:54] 
Training NMF on injected file: df_biased_10_1920.csv
[17:35:00] Saved → /home/moshtasa/Research/phd-svd-recsys/SVD/Movie_Lens/result/rec/1215/NMF/df_biased_10_1920_15recommendation.csv (14,145 rows)
[17:35:00] Saved → /home/moshtasa/Research/phd-svd-recsys/SVD/Movie_Lens/result/rec/1215/NMF/df_biased_10_1920_25recommendation.csv (23,575 rows)
[17:35:00] Saved → /home/moshtasa/Research/phd-svd-recsys/SVD/Movie_Lens/result/rec/1215/NMF/df_biased_10_1920_35recommendation.csv (33,005 rows)
[17:35:00] 
Training NMF on injected file: df_biased_10_1930.csv
[17:35:04] Saved → /home/moshtasa/Research/phd-svd-recsys/SVD/Movie_Lens/result/rec/1215/NMF/df_biased_10_1930_15recommendation.csv (14,145 rows)
[17:35:04] Saved → /home/moshtasa/Research/phd-svd-recsys/SVD/Movie_Lens/result/rec/1215/NMF/df_biased_10_1930_25recommendation.csv (23,575 rows)
[17:35:05] Saved → /home/moshtasa/Research/phd-svd-recsys/SVD/Movie_Lens/result/rec/1215/NMF/df_biased_10_1930_35recommendation.csv (33,005 rows)
[17:35:05] 
Training NMF on injected file: df_biased_10_1940.csv
[17:35:09] Saved → /home/moshtasa/Research/phd-svd-recsys/SVD/Movie_Lens/result/rec/1215/NMF/df_biased_10_1940_15recommendation.csv (14,145 rows)
[17:35:10] Saved → /home/moshtasa/Research/phd-svd-recsys/SVD/Movie_Lens/result/rec/1215/NMF/df_biased_10_1940_25recommendation.csv (23,575 rows)
[17:35:10] Saved → /home/moshtasa/Research/phd-svd-recsys/SVD/Movie_Lens/result/rec/1215/NMF/df_biased_10_1940_35recommendation.csv (33,005 rows)
[17:35:10] 
Training NMF on injected file: df_biased_10_1950.csv
[17:35:14] Saved → /home/moshtasa/Research/phd-svd-recsys/SVD/Movie_Lens/result/rec/1215/NMF/df_biased_10_1950_15recommendation.csv (14,145 rows)
[17:35:14] Saved → /home/moshtasa/Research/phd-svd-recsys/SVD/Movie_Lens/result/rec/1215/NMF/df_biased_10_1950_25recommendation.csv (23,575 rows)
[17:35:14] Saved → /home/moshtasa/Research/phd-svd-recsys/SVD/Movie_Lens/result/rec/1215/NMF/df_biased_10_1950_35recommendation.csv (33,005 rows)
[17:35:15] 
Training NMF on injected file: df_biased_10_1960.csv
[17:35:20] Saved → /home/moshtasa/Research/phd-svd-recsys/SVD/Movie_Lens/result/rec/1215/NMF/df_biased_10_1960_15recommendation.csv (14,145 rows)
[17:35:21] Saved → /home/moshtasa/Research/phd-svd-recsys/SVD/Movie_Lens/result/rec/1215/NMF/df_biased_10_1960_25recommendation.csv (23,575 rows)
[17:35:21] Saved → /home/moshtasa/Research/phd-svd-recsys/SVD/Movie_Lens/result/rec/1215/NMF/df_biased_10_1960_35recommendation.csv (33,005 rows)
[17:35:21] 
Training NMF on injected file: df_biased_10_1970.csv
[17:35:26] Saved → /home/moshtasa/Research/phd-svd-recsys/SVD/Movie_Lens/result/rec/1215/NMF/df_biased_10_1970_15recommendation.csv (14,145 rows)
[17:35:27] Saved → /home/moshtasa/Research/phd-svd-recsys/SVD/Movie_Lens/result/rec/1215/NMF/df_biased_10_1970_25recommendation.csv (23,575 rows)
[17:35:27] Saved → /home/moshtasa/Research/phd-svd-recsys/SVD/Movie_Lens/result/rec/1215/NMF/df_biased_10_1970_35recommendation.csv (33,005 rows)
[17:35:27] 
Training NMF on injected file: df_biased_10_1980.csv
[17:35:31] Saved → /home/moshtasa/Research/phd-svd-recsys/SVD/Movie_Lens/result/rec/1215/NMF/df_biased_10_1980_15recommendation.csv (14,145 rows)
[17:35:31] Saved → /home/moshtasa/Research/phd-svd-recsys/SVD/Movie_Lens/result/rec/1215/NMF/df_biased_10_1980_25recommendation.csv (23,575 rows)
[17:35:31] Saved → /home/moshtasa/Research/phd-svd-recsys/SVD/Movie_Lens/result/rec/1215/NMF/df_biased_10_1980_35recommendation.csv (33,005 rows)
[17:35:31] 
Training NMF on injected file: df_biased_10_1990.csv
[17:35:36] Saved → /home/moshtasa/Research/phd-svd-recsys/SVD/Movie_Lens/result/rec/1215/NMF/df_biased_10_1990_15recommendation.csv (14,145 rows)
[17:35:36] Saved → /home/moshtasa/Research/phd-svd-recsys/SVD/Movie_Lens/result/rec/1215/NMF/df_biased_10_1990_25recommendation.csv (23,575 rows)
[17:35:36] Saved → /home/moshtasa/Research/phd-svd-recsys/SVD/Movie_Lens/result/rec/1215/NMF/df_biased_10_1990_35recommendation.csv (33,005 rows)
[17:35:36] 
Training NMF on injected file: df_biased_20_1920.csv
[17:35:40] Saved → /home/moshtasa/Research/phd-svd-recsys/SVD/Movie_Lens/result/rec/1215/NMF/df_biased_20_1920_15recommendation.csv (14,145 rows)
[17:35:41] Saved → /home/moshtasa/Research/phd-svd-recsys/SVD/Movie_Lens/result/rec/1215/NMF/df_biased_20_1920_25recommendation.csv (23,575 rows)
[17:35:41] Saved → /home/moshtasa/Research/phd-svd-recsys/SVD/Movie_Lens/result/rec/1215/NMF/df_biased_20_1920_35recommendation.csv (33,005 rows)
[17:35:41] 
Training NMF on injected file: df_biased_20_1930.csv
[17:35:47] Saved → /home/moshtasa/Research/phd-svd-recsys/SVD/Movie_Lens/result/rec/1215/NMF/df_biased_20_1930_15recommendation.csv (14,145 rows)
[17:35:47] Saved → /home/moshtasa/Research/phd-svd-recsys/SVD/Movie_Lens/result/rec/1215/NMF/df_biased_20_1930_25recommendation.csv (23,575 rows)
[17:35:47] Saved → /home/moshtasa/Research/phd-svd-recsys/SVD/Movie_Lens/result/rec/1215/NMF/df_biased_20_1930_35recommendation.csv (33,005 rows)
[17:35:47] 
Training NMF on injected file: df_biased_20_1940.csv
[17:35:54] Saved → /home/moshtasa/Research/phd-svd-recsys/SVD/Movie_Lens/result/rec/1215/NMF/df_biased_20_1940_15recommendation.csv (14,145 rows)
[17:35:54] Saved → /home/moshtasa/Research/phd-svd-recsys/SVD/Movie_Lens/result/rec/1215/NMF/df_biased_20_1940_25recommendation.csv (23,575 rows)
[17:35:54] Saved → /home/moshtasa/Research/phd-svd-recsys/SVD/Movie_Lens/result/rec/1215/NMF/df_biased_20_1940_35recommendation.csv (33,005 rows)
[17:35:54] 
Training NMF on injected file: df_biased_20_1950.csv
[17:35:58] Saved → /home/moshtasa/Research/phd-svd-recsys/SVD/Movie_Lens/result/rec/1215/NMF/df_biased_20_1950_15recommendation.csv (14,145 rows)
[17:35:58] Saved → /home/moshtasa/Research/phd-svd-recsys/SVD/Movie_Lens/result/rec/1215/NMF/df_biased_20_1950_25recommendation.csv (23,575 rows)
[17:35:59] Saved → /home/moshtasa/Research/phd-svd-recsys/SVD/Movie_Lens/result/rec/1215/NMF/df_biased_20_1950_35recommendation.csv (33,005 rows)
[17:35:59] 
Training NMF on injected file: df_biased_20_1960.csv
[17:36:03] Saved → /home/moshtasa/Research/phd-svd-recsys/SVD/Movie_Lens/result/rec/1215/NMF/df_biased_20_1960_15recommendation.csv (14,145 rows)
[17:36:04] Saved → /home/moshtasa/Research/phd-svd-recsys/SVD/Movie_Lens/result/rec/1215/NMF/df_biased_20_1960_25recommendation.csv (23,575 rows)
[17:36:04] Saved → /home/moshtasa/Research/phd-svd-recsys/SVD/Movie_Lens/result/rec/1215/NMF/df_biased_20_1960_35recommendation.csv (33,005 rows)
[17:36:04] 
Training NMF on injected file: df_biased_20_1970.csv
[17:36:08] Saved → /home/moshtasa/Research/phd-svd-recsys/SVD/Movie_Lens/result/rec/1215/NMF/df_biased_20_1970_15recommendation.csv (14,145 rows)
[17:36:09] Saved → /home/moshtasa/Research/phd-svd-recsys/SVD/Movie_Lens/result/rec/1215/NMF/df_biased_20_1970_25recommendation.csv (23,575 rows)
[17:36:09] Saved → /home/moshtasa/Research/phd-svd-recsys/SVD/Movie_Lens/result/rec/1215/NMF/df_biased_20_1970_35recommendation.csv (33,005 rows)
[17:36:09] 
Training NMF on injected file: df_biased_20_1980.csv
[17:36:15] Saved → /home/moshtasa/Research/phd-svd-recsys/SVD/Movie_Lens/result/rec/1215/NMF/df_biased_20_1980_15recommendation.csv (14,145 rows)
[17:36:15] Saved → /home/moshtasa/Research/phd-svd-recsys/SVD/Movie_Lens/result/rec/1215/NMF/df_biased_20_1980_25recommendation.csv (23,575 rows)
[17:36:15] Saved → /home/moshtasa/Research/phd-svd-recsys/SVD/Movie_Lens/result/rec/1215/NMF/df_biased_20_1980_35recommendation.csv (33,005 rows)
[17:36:16] 
Training NMF on injected file: df_biased_20_1990.csv
[17:36:21] Saved → /home/moshtasa/Research/phd-svd-recsys/SVD/Movie_Lens/result/rec/1215/NMF/df_biased_20_1990_15recommendation.csv (14,145 rows)
[17:36:21] Saved → /home/moshtasa/Research/phd-svd-recsys/SVD/Movie_Lens/result/rec/1215/NMF/df_biased_20_1990_25recommendation.csv (23,575 rows)
[17:36:21] Saved → /home/moshtasa/Research/phd-svd-recsys/SVD/Movie_Lens/result/rec/1215/NMF/df_biased_20_1990_35recommendation.csv (33,005 rows)
[17:36:21] 
Training NMF on injected file: df_biased_2_1920.csv
[17:36:25] Saved → /home/moshtasa/Research/phd-svd-recsys/SVD/Movie_Lens/result/rec/1215/NMF/df_biased_2_1920_15recommendation.csv (14,145 rows)
[17:36:25] Saved → /home/moshtasa/Research/phd-svd-recsys/SVD/Movie_Lens/result/rec/1215/NMF/df_biased_2_1920_25recommendation.csv (23,575 rows)
[17:36:25] Saved → /home/moshtasa/Research/phd-svd-recsys/SVD/Movie_Lens/result/rec/1215/NMF/df_biased_2_1920_35recommendation.csv (33,005 rows)
[17:36:25] 
Training NMF on injected file: df_biased_2_1930.csv
[17:36:29] Saved → /home/moshtasa/Research/phd-svd-recsys/SVD/Movie_Lens/result/rec/1215/NMF/df_biased_2_1930_15recommendation.csv (14,145 rows)
[17:36:29] Saved → /home/moshtasa/Research/phd-svd-recsys/SVD/Movie_Lens/result/rec/1215/NMF/df_biased_2_1930_25recommendation.csv (23,575 rows)
[17:36:29] Saved → /home/moshtasa/Research/phd-svd-recsys/SVD/Movie_Lens/result/rec/1215/NMF/df_biased_2_1930_35recommendation.csv (33,005 rows)
[17:36:29] 
Training NMF on injected file: df_biased_2_1940.csv
[17:36:33] Saved → /home/moshtasa/Research/phd-svd-recsys/SVD/Movie_Lens/result/rec/1215/NMF/df_biased_2_1940_15recommendation.csv (14,145 rows)
[17:36:33] Saved → /home/moshtasa/Research/phd-svd-recsys/SVD/Movie_Lens/result/rec/1215/NMF/df_biased_2_1940_25recommendation.csv (23,575 rows)
[17:36:33] Saved → /home/moshtasa/Research/phd-svd-recsys/SVD/Movie_Lens/result/rec/1215/NMF/df_biased_2_1940_35recommendation.csv (33,005 rows)
[17:36:33] 
Training NMF on injected file: df_biased_2_1950.csv
[17:36:37] Saved → /home/moshtasa/Research/phd-svd-recsys/SVD/Movie_Lens/result/rec/1215/NMF/df_biased_2_1950_15recommendation.csv (14,145 rows)
[17:36:37] Saved → /home/moshtasa/Research/phd-svd-recsys/SVD/Movie_Lens/result/rec/1215/NMF/df_biased_2_1950_25recommendation.csv (23,575 rows)
[17:36:37] Saved → /home/moshtasa/Research/phd-svd-recsys/SVD/Movie_Lens/result/rec/1215/NMF/df_biased_2_1950_35recommendation.csv (33,005 rows)
[17:36:38] 
Training NMF on injected file: df_biased_2_1960.csv
[17:36:43] Saved → /home/moshtasa/Research/phd-svd-recsys/SVD/Movie_Lens/result/rec/1215/NMF/df_biased_2_1960_15recommendation.csv (14,145 rows)
[17:36:43] Saved → /home/moshtasa/Research/phd-svd-recsys/SVD/Movie_Lens/result/rec/1215/NMF/df_biased_2_1960_25recommendation.csv (23,575 rows)
[17:36:43] Saved → /home/moshtasa/Research/phd-svd-recsys/SVD/Movie_Lens/result/rec/1215/NMF/df_biased_2_1960_35recommendation.csv (33,005 rows)
[17:36:43] 
Training NMF on injected file: df_biased_2_1970.csv
[17:36:47] Saved → /home/moshtasa/Research/phd-svd-recsys/SVD/Movie_Lens/result/rec/1215/NMF/df_biased_2_1970_15recommendation.csv (14,145 rows)
[17:36:47] Saved → /home/moshtasa/Research/phd-svd-recsys/SVD/Movie_Lens/result/rec/1215/NMF/df_biased_2_1970_25recommendation.csv (23,575 rows)
[17:36:47] Saved → /home/moshtasa/Research/phd-svd-recsys/SVD/Movie_Lens/result/rec/1215/NMF/df_biased_2_1970_35recommendation.csv (33,005 rows)
[17:36:47] 
Training NMF on injected file: df_biased_2_1980.csv
[17:36:52] Saved → /home/moshtasa/Research/phd-svd-recsys/SVD/Movie_Lens/result/rec/1215/NMF/df_biased_2_1980_15recommendation.csv (14,145 rows)
[17:36:53] Saved → /home/moshtasa/Research/phd-svd-recsys/SVD/Movie_Lens/result/rec/1215/NMF/df_biased_2_1980_25recommendation.csv (23,575 rows)
[17:36:53] Saved → /home/moshtasa/Research/phd-svd-recsys/SVD/Movie_Lens/result/rec/1215/NMF/df_biased_2_1980_35recommendation.csv (33,005 rows)
[17:36:53] 
Training NMF on injected file: df_biased_2_1990.csv
[17:36:56] Saved → /home/moshtasa/Research/phd-svd-recsys/SVD/Movie_Lens/result/rec/1215/NMF/df_biased_2_1990_15recommendation.csv (14,145 rows)
[17:36:57] Saved → /home/moshtasa/Research/phd-svd-recsys/SVD/Movie_Lens/result/rec/1215/NMF/df_biased_2_1990_25recommendation.csv (23,575 rows)
[17:36:57] Saved → /home/moshtasa/Research/phd-svd-recsys/SVD/Movie_Lens/result/rec/1215/NMF/df_biased_2_1990_35recommendation.csv (33,005 rows)
[17:36:57] 
Training NMF on injected file: df_biased_40_1920.csv
[17:37:02] Saved → /home/moshtasa/Research/phd-svd-recsys/SVD/Movie_Lens/result/rec/1215/NMF/df_biased_40_1920_15recommendation.csv (14,145 rows)
[17:37:02] Saved → /home/moshtasa/Research/phd-svd-recsys/SVD/Movie_Lens/result/rec/1215/NMF/df_biased_40_1920_25recommendation.csv (23,575 rows)
[17:37:03] Saved → /home/moshtasa/Research/phd-svd-recsys/SVD/Movie_Lens/result/rec/1215/NMF/df_biased_40_1920_35recommendation.csv (33,005 rows)
[17:37:03] 
Training NMF on injected file: df_biased_40_1930.csv
[17:37:08] Saved → /home/moshtasa/Research/phd-svd-recsys/SVD/Movie_Lens/result/rec/1215/NMF/df_biased_40_1930_15recommendation.csv (14,145 rows)
[17:37:08] Saved → /home/moshtasa/Research/phd-svd-recsys/SVD/Movie_Lens/result/rec/1215/NMF/df_biased_40_1930_25recommendation.csv (23,575 rows)
[17:37:08] Saved → /home/moshtasa/Research/phd-svd-recsys/SVD/Movie_Lens/result/rec/1215/NMF/df_biased_40_1930_35recommendation.csv (33,005 rows)
[17:37:08] 
Training NMF on injected file: df_biased_40_1940.csv
[17:37:14] Saved → /home/moshtasa/Research/phd-svd-recsys/SVD/Movie_Lens/result/rec/1215/NMF/df_biased_40_1940_15recommendation.csv (14,145 rows)
[17:37:15] Saved → /home/moshtasa/Research/phd-svd-recsys/SVD/Movie_Lens/result/rec/1215/NMF/df_biased_40_1940_25recommendation.csv (23,575 rows)
[17:37:15] Saved → /home/moshtasa/Research/phd-svd-recsys/SVD/Movie_Lens/result/rec/1215/NMF/df_biased_40_1940_35recommendation.csv (33,005 rows)
[17:37:15] 
Training NMF on injected file: df_biased_40_1950.csv
[17:37:21] Saved → /home/moshtasa/Research/phd-svd-recsys/SVD/Movie_Lens/result/rec/1215/NMF/df_biased_40_1950_15recommendation.csv (14,145 rows)
[17:37:21] Saved → /home/moshtasa/Research/phd-svd-recsys/SVD/Movie_Lens/result/rec/1215/NMF/df_biased_40_1950_25recommendation.csv (23,575 rows)
[17:37:21] Saved → /home/moshtasa/Research/phd-svd-recsys/SVD/Movie_Lens/result/rec/1215/NMF/df_biased_40_1950_35recommendation.csv (33,005 rows)
[17:37:21] 
Training NMF on injected file: df_biased_40_1960.csv
[17:37:27] Saved → /home/moshtasa/Research/phd-svd-recsys/SVD/Movie_Lens/result/rec/1215/NMF/df_biased_40_1960_15recommendation.csv (14,145 rows)
[17:37:27] Saved → /home/moshtasa/Research/phd-svd-recsys/SVD/Movie_Lens/result/rec/1215/NMF/df_biased_40_1960_25recommendation.csv (23,575 rows)
[17:37:27] Saved → /home/moshtasa/Research/phd-svd-recsys/SVD/Movie_Lens/result/rec/1215/NMF/df_biased_40_1960_35recommendation.csv (33,005 rows)
[17:37:27] 
Training NMF on injected file: df_biased_40_1970.csv
[17:37:32] Saved → /home/moshtasa/Research/phd-svd-recsys/SVD/Movie_Lens/result/rec/1215/NMF/df_biased_40_1970_15recommendation.csv (14,145 rows)
[17:37:32] Saved → /home/moshtasa/Research/phd-svd-recsys/SVD/Movie_Lens/result/rec/1215/NMF/df_biased_40_1970_25recommendation.csv (23,575 rows)
[17:37:33] Saved → /home/moshtasa/Research/phd-svd-recsys/SVD/Movie_Lens/result/rec/1215/NMF/df_biased_40_1970_35recommendation.csv (33,005 rows)
[17:37:33] 
Training NMF on injected file: df_biased_40_1980.csv
[17:37:39] Saved → /home/moshtasa/Research/phd-svd-recsys/SVD/Movie_Lens/result/rec/1215/NMF/df_biased_40_1980_15recommendation.csv (14,145 rows)
[17:37:39] Saved → /home/moshtasa/Research/phd-svd-recsys/SVD/Movie_Lens/result/rec/1215/NMF/df_biased_40_1980_25recommendation.csv (23,575 rows)
[17:37:39] Saved → /home/moshtasa/Research/phd-svd-recsys/SVD/Movie_Lens/result/rec/1215/NMF/df_biased_40_1980_35recommendation.csv (33,005 rows)
[17:37:39] 
Training NMF on injected file: df_biased_40_1990.csv
[17:37:46] Saved → /home/moshtasa/Research/phd-svd-recsys/SVD/Movie_Lens/result/rec/1215/NMF/df_biased_40_1990_15recommendation.csv (14,145 rows)
[17:37:46] Saved → /home/moshtasa/Research/phd-svd-recsys/SVD/Movie_Lens/result/rec/1215/NMF/df_biased_40_1990_25recommendation.csv (23,575 rows)
[17:37:46] Saved → /home/moshtasa/Research/phd-svd-recsys/SVD/Movie_Lens/result/rec/1215/NMF/df_biased_40_1990_35recommendation.csv (33,005 rows)
[17:37:46] 
Training NMF on injected file: df_biased_4_1920.csv
[17:37:50] Saved → /home/moshtasa/Research/phd-svd-recsys/SVD/Movie_Lens/result/rec/1215/NMF/df_biased_4_1920_15recommendation.csv (14,145 rows)
[17:37:50] Saved → /home/moshtasa/Research/phd-svd-recsys/SVD/Movie_Lens/result/rec/1215/NMF/df_biased_4_1920_25recommendation.csv (23,575 rows)
[17:37:50] Saved → /home/moshtasa/Research/phd-svd-recsys/SVD/Movie_Lens/result/rec/1215/NMF/df_biased_4_1920_35recommendation.csv (33,005 rows)
[17:37:50] 
Training NMF on injected file: df_biased_4_1930.csv
[17:37:54] Saved → /home/moshtasa/Research/phd-svd-recsys/SVD/Movie_Lens/result/rec/1215/NMF/df_biased_4_1930_15recommendation.csv (14,145 rows)
[17:37:54] Saved → /home/moshtasa/Research/phd-svd-recsys/SVD/Movie_Lens/result/rec/1215/NMF/df_biased_4_1930_25recommendation.csv (23,575 rows)
[17:37:55] Saved → /home/moshtasa/Research/phd-svd-recsys/SVD/Movie_Lens/result/rec/1215/NMF/df_biased_4_1930_35recommendation.csv (33,005 rows)
[17:37:55] 
Training NMF on injected file: df_biased_4_1940.csv
[17:37:58] Saved → /home/moshtasa/Research/phd-svd-recsys/SVD/Movie_Lens/result/rec/1215/NMF/df_biased_4_1940_15recommendation.csv (14,145 rows)
[17:37:59] Saved → /home/moshtasa/Research/phd-svd-recsys/SVD/Movie_Lens/result/rec/1215/NMF/df_biased_4_1940_25recommendation.csv (23,575 rows)
[17:37:59] Saved → /home/moshtasa/Research/phd-svd-recsys/SVD/Movie_Lens/result/rec/1215/NMF/df_biased_4_1940_35recommendation.csv (33,005 rows)
[17:37:59] 
Training NMF on injected file: df_biased_4_1950.csv
[17:38:03] Saved → /home/moshtasa/Research/phd-svd-recsys/SVD/Movie_Lens/result/rec/1215/NMF/df_biased_4_1950_15recommendation.csv (14,145 rows)
[17:38:03] Saved → /home/moshtasa/Research/phd-svd-recsys/SVD/Movie_Lens/result/rec/1215/NMF/df_biased_4_1950_25recommendation.csv (23,575 rows)
[17:38:04] Saved → /home/moshtasa/Research/phd-svd-recsys/SVD/Movie_Lens/result/rec/1215/NMF/df_biased_4_1950_35recommendation.csv (33,005 rows)
[17:38:04] 
Training NMF on injected file: df_biased_4_1960.csv
[17:38:09] Saved → /home/moshtasa/Research/phd-svd-recsys/SVD/Movie_Lens/result/rec/1215/NMF/df_biased_4_1960_15recommendation.csv (14,145 rows)
[17:38:09] Saved → /home/moshtasa/Research/phd-svd-recsys/SVD/Movie_Lens/result/rec/1215/NMF/df_biased_4_1960_25recommendation.csv (23,575 rows)
[17:38:10] Saved → /home/moshtasa/Research/phd-svd-recsys/SVD/Movie_Lens/result/rec/1215/NMF/df_biased_4_1960_35recommendation.csv (33,005 rows)
[17:38:10] 
Training NMF on injected file: df_biased_4_1970.csv
[17:38:14] Saved → /home/moshtasa/Research/phd-svd-recsys/SVD/Movie_Lens/result/rec/1215/NMF/df_biased_4_1970_15recommendation.csv (14,145 rows)
[17:38:14] Saved → /home/moshtasa/Research/phd-svd-recsys/SVD/Movie_Lens/result/rec/1215/NMF/df_biased_4_1970_25recommendation.csv (23,575 rows)
[17:38:14] Saved → /home/moshtasa/Research/phd-svd-recsys/SVD/Movie_Lens/result/rec/1215/NMF/df_biased_4_1970_35recommendation.csv (33,005 rows)
[17:38:14] 
Training NMF on injected file: df_biased_4_1980.csv
[17:38:18] Saved → /home/moshtasa/Research/phd-svd-recsys/SVD/Movie_Lens/result/rec/1215/NMF/df_biased_4_1980_15recommendation.csv (14,145 rows)
[17:38:18] Saved → /home/moshtasa/Research/phd-svd-recsys/SVD/Movie_Lens/result/rec/1215/NMF/df_biased_4_1980_25recommendation.csv (23,575 rows)
[17:38:18] Saved → /home/moshtasa/Research/phd-svd-recsys/SVD/Movie_Lens/result/rec/1215/NMF/df_biased_4_1980_35recommendation.csv (33,005 rows)
[17:38:18] 
Training NMF on injected file: df_biased_4_1990.csv
[17:38:22] Saved → /home/moshtasa/Research/phd-svd-recsys/SVD/Movie_Lens/result/rec/1215/NMF/df_biased_4_1990_15recommendation.csv (14,145 rows)
[17:38:22] Saved → /home/moshtasa/Research/phd-svd-recsys/SVD/Movie_Lens/result/rec/1215/NMF/df_biased_4_1990_25recommendation.csv (23,575 rows)
[17:38:22] Saved → /home/moshtasa/Research/phd-svd-recsys/SVD/Movie_Lens/result/rec/1215/NMF/df_biased_4_1990_35recommendation.csv (33,005 rows)
[17:38:23] 
🏁 Finished all NMF runs (~0.06 h)
[17:38:23] Results saved in: /home/moshtasa/Research/phd-svd-recsys/SVD/Movie_Lens/result/rec/1215/NMF
