nohup: ignoring input
[13:11:45] === SVD (poison-only) — ALL PAIRS (POS=5 ONLY) ===
[13:11:45] 🔰 ORIGINAL baseline already complete — skipping.
[13:11:51] 🔎 Found 216 POS=5 files spanning 72 distinct genre pairs.
[13:11:51] 
📘 (1/216) Adult & Classics — outputs exist → skipping.
[13:11:51] 
📘 (2/216) Adult & Classics — outputs exist → skipping.
[13:11:51] 
📘 (3/216) Adult & Classics — outputs exist → skipping.
[13:11:51] 
📘 (4/216) Adult & Drama — outputs exist → skipping.
[13:11:51] 
📘 (5/216) Adult & Drama — outputs exist → skipping.
[13:11:51] 
📘 (6/216) Adult & Drama — outputs exist → skipping.
[13:11:51] 
📘 (7/216) Adult & Fantasy — outputs exist → skipping.
[13:11:51] 
📘 (8/216) Adult & Fantasy — outputs exist → skipping.
[13:11:51] 
📘 (9/216) Adult & Fantasy — outputs exist → skipping.
[13:11:51] 
📘 (10/216) Adult & Historical — outputs exist → skipping.
[13:11:51] 
📘 (11/216) Adult & Historical — outputs exist → skipping.
[13:11:51] 
📘 (12/216) Adult & Historical — outputs exist → skipping.
[13:11:51] 
📘 (13/216) Adult & Mystery — outputs exist → skipping.
[13:11:51] 
📘 (14/216) Adult & Mystery — outputs exist → skipping.
[13:11:51] 
📘 (15/216) Adult & Mystery — outputs exist → skipping.
[13:11:51] 
📘 (16/216) Adult & Nonfiction — outputs exist → skipping.
[13:11:51] 
📘 (17/216) Adult & Nonfiction — outputs exist → skipping.
[13:11:51] 
📘 (18/216) Adult & Nonfiction — outputs exist → skipping.
[13:11:51] 
📘 (19/216) Adult & Romance — outputs exist → skipping.
[13:11:51] 
📘 (20/216) Adult & Romance — outputs exist → skipping.
[13:11:51] 
📘 (21/216) Adult & Romance — outputs exist → skipping.
[13:11:51] 
📘 (22/216) Adult & Thriller — outputs exist → skipping.
[13:11:51] 
📘 (23/216) Adult & Thriller — outputs exist → skipping.
[13:11:51] 
📘 (24/216) Adult & Thriller — outputs exist → skipping.
[13:11:51] 
📘 (25/216) Adventure & Children s — outputs exist → skipping.
[13:11:51] 
📘 (26/216) Adventure & Children s — outputs exist → skipping.
[13:11:51] 
📘 (27/216) Adventure & Children s — outputs exist → skipping.
[13:11:51] 
📘 (28/216) Adventure & Classics — outputs exist → skipping.
[13:11:51] 
📘 (29/216) Adventure & Classics — outputs exist → skipping.
[13:11:51] 
📘 (30/216) Adventure & Classics — outputs exist → skipping.
[13:11:51] 
📘 (31/216) Adventure & Drama — outputs exist → skipping.
[13:11:51] 
📘 (32/216) Adventure & Drama — outputs exist → skipping.
[13:11:51] 
📘 (33/216) Adventure & Drama — outputs exist → skipping.
[13:11:51] 
📘 (34/216) Adventure & Fantasy — outputs exist → skipping.
[13:11:51] 
📘 (35/216) Adventure & Fantasy — outputs exist → skipping.
[13:11:51] 
📘 (36/216) Adventure & Fantasy — outputs exist → skipping.
[13:11:51] 
📘 (37/216) Adventure & Historical — outputs exist → skipping.
[13:11:51] 
📘 (38/216) Adventure & Historical — outputs exist → skipping.
[13:11:51] 
📘 (39/216) Adventure & Historical — outputs exist → skipping.
[13:11:51] 
📘 (40/216) Adventure & Horror — outputs exist → skipping.
[13:11:51] 
📘 (41/216) Adventure & Horror — outputs exist → skipping.
[13:11:51] 
📘 (42/216) Adventure & Horror — outputs exist → skipping.
[13:11:51] 
📘 (43/216) Adventure & Mystery — outputs exist → skipping.
[13:11:51] 
📘 (44/216) Adventure & Mystery — outputs exist → skipping.
[13:11:51] 
📘 (45/216) Adventure & Mystery — outputs exist → skipping.
[13:11:51] 
📘 (46/216) Adventure & Nonfiction — outputs exist → skipping.
[13:11:51] 
📘 (47/216) Adventure & Nonfiction — outputs exist → skipping.
[13:11:51] 
📘 (48/216) Adventure & Nonfiction — outputs exist → skipping.
[13:11:51] 
📘 (49/216) Adventure & Romance — outputs exist → skipping.
[13:11:51] 
📘 (50/216) Adventure & Romance — outputs exist → skipping.
[13:11:51] 
📘 (51/216) Adventure & Romance — outputs exist → skipping.
[13:11:51] 
📘 (52/216) Adventure & Science Fiction — outputs exist → skipping.
[13:11:51] 
📘 (53/216) Adventure & Science Fiction — outputs exist → skipping.
[13:11:51] 
📘 (54/216) Adventure & Science Fiction — outputs exist → skipping.
[13:11:51] 
📘 (55/216) Adventure & Thriller — outputs exist → skipping.
[13:11:51] 
📘 (56/216) Adventure & Thriller — outputs exist → skipping.
[13:11:51] 
📘 (57/216) Adventure & Thriller — outputs exist → skipping.
[13:11:51] 
📘 (58/216) Children s & Classics — outputs exist → skipping.
[13:11:51] 
📘 (59/216) Children s & Classics — outputs exist → skipping.
[13:11:51] 
📘 (60/216) Children s & Classics — outputs exist → skipping.
[13:11:51] 
📘 (61/216) Children s & Drama — outputs exist → skipping.
[13:11:51] 
📘 (62/216) Children s & Drama — outputs exist → skipping.
[13:11:51] 
📘 (63/216) Children s & Drama — outputs exist → skipping.
[13:11:51] 
📘 (64/216) Children s & Fantasy — outputs exist → skipping.
[13:11:51] 
📘 (65/216) Children s & Fantasy — outputs exist → skipping.
[13:11:51] 
📘 (66/216) Children s & Fantasy — outputs exist → skipping.
[13:11:51] 
📘 (67/216) Children s & Historical — outputs exist → skipping.
[13:11:51] 
📘 (68/216) Children s & Historical — outputs exist → skipping.
[13:11:51] 
📘 (69/216) Children s & Historical — outputs exist → skipping.
[13:11:51] 
📘 (70/216) Children s & Horror — outputs exist → skipping.
[13:11:51] 
📘 (71/216) Children s & Horror — outputs exist → skipping.
[13:11:51] 
📘 (72/216) Children s & Horror — outputs exist → skipping.
[13:11:51] 
📘 (73/216) Children s & Mystery — outputs exist → skipping.
[13:11:51] 
📘 (74/216) Children s & Mystery — outputs exist → skipping.
[13:11:51] 
📘 (75/216) Children s & Mystery — outputs exist → skipping.
[13:11:51] 
📘 (76/216) Children s & Nonfiction — outputs exist → skipping.
[13:11:51] 
📘 (77/216) Children s & Nonfiction — outputs exist → skipping.
[13:11:51] 
📘 (78/216) Children s & Nonfiction — outputs exist → skipping.
[13:11:51] 
📘 (79/216) Children s & Romance — outputs exist → skipping.
[13:11:51] 
📘 (80/216) Children s & Romance — outputs exist → skipping.
[13:11:51] 
📘 (81/216) Children s & Romance — outputs exist → skipping.
[13:11:52] 
📘 (82/216) Children s & Science Fiction — outputs exist → skipping.
[13:11:52] 
📘 (83/216) Children s & Science Fiction — outputs exist → skipping.
[13:11:52] 
📘 (84/216) Children s & Science Fiction — outputs exist → skipping.
[13:11:52] 
📘 (85/216) Classics & Drama — outputs exist → skipping.
[13:11:52] 
📘 (86/216) Classics & Drama — outputs exist → skipping.
[13:11:52] 
📘 (87/216) Classics & Drama — outputs exist → skipping.
[13:11:52] 
📘 (88/216) Classics & Fantasy — outputs exist → skipping.
[13:11:52] 
📘 (89/216) Classics & Fantasy — outputs exist → skipping.
[13:11:52] 
📘 (90/216) Classics & Fantasy — outputs exist → skipping.
[13:11:52] 
📘 (91/216) Classics & Historical — outputs exist → skipping.
[13:11:52] 
📘 (92/216) Classics & Historical — outputs exist → skipping.
[13:11:52] 
📘 (93/216) Classics & Historical — outputs exist → skipping.
[13:11:52] 
📘 (94/216) Classics & Horror — outputs exist → skipping.
[13:11:52] 
📘 (95/216) Classics & Horror — outputs exist → skipping.
[13:11:52] 
📘 (96/216) Classics & Horror — outputs exist → skipping.
[13:11:52] 
📘 (97/216) Classics & Mystery — outputs exist → skipping.
[13:11:52] 
📘 (98/216) Classics & Mystery — outputs exist → skipping.
[13:11:52] 
📘 (99/216) Classics & Mystery — outputs exist → skipping.
[13:11:52] 
📘 (100/216) Classics & Nonfiction — outputs exist → skipping.
[13:11:52] 
📘 (101/216) Classics & Nonfiction — outputs exist → skipping.
[13:11:52] 
📘 (102/216) Classics & Nonfiction — outputs exist → skipping.
[13:11:52] 
📘 (103/216) Classics & Romance — outputs exist → skipping.
[13:11:52] 
📘 (104/216) Classics & Romance — outputs exist → skipping.
[13:11:52] 
📘 (105/216) Classics & Romance — outputs exist → skipping.
[13:11:52] 
📘 (106/216) Classics & Science Fiction — outputs exist → skipping.
[13:11:52] 
📘 (107/216) Classics & Science Fiction — outputs exist → skipping.
[13:11:52] 
📘 (108/216) Classics & Science Fiction — outputs exist → skipping.
[13:11:52] 
📘 (109/216) Drama & Fantasy — outputs exist → skipping.
[13:11:52] 
📘 (110/216) Drama & Fantasy — outputs exist → skipping.
[13:11:52] 
📘 (111/216) Drama & Fantasy — outputs exist → skipping.
[13:11:52] 
📘 (112/216) Drama & Historical — outputs exist → skipping.
[13:11:52] 
📘 (113/216) Drama & Historical — outputs exist → skipping.
[13:11:52] 
📘 (114/216) Drama & Historical — outputs exist → skipping.
[13:11:52] 
📘 (115/216) Drama & Horror — outputs exist → skipping.
[13:11:52] 
📘 (116/216) Drama & Horror — outputs exist → skipping.
[13:11:52] 
📘 (117/216) Drama & Horror — outputs exist → skipping.
[13:11:52] 
📘 (118/216) Drama & Mystery — outputs exist → skipping.
[13:11:52] 
📘 (119/216) Drama & Mystery — outputs exist → skipping.
[13:11:52] 
📘 (120/216) Drama & Mystery — outputs exist → skipping.
[13:11:52] 
📘 (121/216) Drama & Nonfiction — outputs exist → skipping.
[13:11:52] 
📘 (122/216) Drama & Nonfiction — outputs exist → skipping.
[13:11:52] 
📘 (123/216) Drama & Nonfiction — outputs exist → skipping.
[13:11:52] 
📘 (124/216) Drama & Romance — outputs exist → skipping.
[13:11:52] 
📘 (125/216) Drama & Romance — outputs exist → skipping.
[13:11:52] 
📘 (126/216) Drama & Romance — outputs exist → skipping.
[13:11:52] 
📘 (127/216) Drama & Science Fiction — outputs exist → skipping.
[13:11:52] 
📘 (128/216) Drama & Science Fiction — outputs exist → skipping.
[13:11:52] 
📘 (129/216) Drama & Science Fiction — outputs exist → skipping.
[13:11:52] 
📘 (130/216) Drama & Thriller — outputs exist → skipping.
[13:11:52] 
📘 (131/216) Drama & Thriller — outputs exist → skipping.
[13:11:52] 
📘 (132/216) Drama & Thriller — outputs exist → skipping.
[13:11:52] 
📘 (133/216) Fantasy & Historical — outputs exist → skipping.
[13:11:52] 
📘 (134/216) Fantasy & Historical — outputs exist → skipping.
[13:11:52] 
📘 (135/216) Fantasy & Historical — outputs exist → skipping.
[13:11:52] 
📘 (136/216) Fantasy & Horror — outputs exist → skipping.
[13:11:52] 
📘 (137/216) Fantasy & Horror — outputs exist → skipping.
[13:11:52] 
📘 (138/216) Fantasy & Horror — outputs exist → skipping.
[13:11:52] 
📘 (139/216) Fantasy & Mystery — outputs exist → skipping.
[13:11:52] 
📘 (140/216) Fantasy & Mystery — outputs exist → skipping.
[13:11:52] 
📘 (141/216) Fantasy & Mystery — outputs exist → skipping.
[13:11:52] 
📘 (142/216) Fantasy & Nonfiction — outputs exist → skipping.
[13:11:52] 
📘 (143/216) Fantasy & Nonfiction — outputs exist → skipping.
[13:11:52] 
📘 (144/216) Fantasy & Nonfiction — outputs exist → skipping.
[13:11:52] 
📘 (145/216) Fantasy & Romance — outputs exist → skipping.
[13:11:52] 
📘 (146/216) Fantasy & Romance — outputs exist → skipping.
[13:11:52] 
📘 (147/216) Fantasy & Romance — outputs exist → skipping.
[13:11:52] 
📘 (148/216) Fantasy & Science Fiction — outputs exist → skipping.
[13:11:52] 
📘 (149/216) Fantasy & Science Fiction — outputs exist → skipping.
[13:11:52] 
📘 (150/216) Fantasy & Science Fiction — outputs exist → skipping.
[13:11:52] 
📘 (151/216) Fantasy & Thriller — outputs exist → skipping.
[13:11:52] 
📘 (152/216) Fantasy & Thriller — outputs exist → skipping.
[13:11:52] 
📘 (153/216) Fantasy & Thriller — outputs exist → skipping.
[13:11:52] 
📘 (154/216) Historical & Horror — outputs exist → skipping.
[13:11:52] 
📘 (155/216) Historical & Horror — outputs exist → skipping.
[13:11:52] 
📘 (156/216) Historical & Horror — outputs exist → skipping.
[13:11:52] 
📘 (157/216) Historical & Mystery — outputs exist → skipping.
[13:11:52] 
📘 (158/216) Historical & Mystery — outputs exist → skipping.
[13:11:52] 
📘 (159/216) Historical & Mystery — outputs exist → skipping.
[13:11:52] 
📘 (160/216) Historical & Nonfiction — outputs exist → skipping.
[13:11:52] 
📘 (161/216) Historical & Nonfiction — outputs exist → skipping.
[13:11:52] 
📘 (162/216) Historical & Nonfiction — outputs exist → skipping.
[13:11:52] 
📘 (163/216) Historical & Romance — outputs exist → skipping.
[13:11:52] 
📘 (164/216) Historical & Romance — outputs exist → skipping.
[13:11:52] 
📘 (165/216) Historical & Romance — outputs exist → skipping.
[13:11:52] 
📘 (166/216) Historical & Science Fiction — outputs exist → skipping.
[13:11:52] 
📘 (167/216) Historical & Science Fiction — outputs exist → skipping.
[13:11:52] 
📘 (168/216) Historical & Science Fiction — outputs exist → skipping.
[13:11:52] 
📘 (169/216) Historical & Thriller — outputs exist → skipping.
[13:11:52] 
📘 (170/216) Historical & Thriller — outputs exist → skipping.
[13:11:52] 
📘 (171/216) Historical & Thriller — outputs exist → skipping.
[13:11:52] 
📘 (172/216) Horror & Mystery — outputs exist → skipping.
[13:11:52] 
📘 (173/216) Horror & Mystery — outputs exist → skipping.
[13:11:52] 
📘 (174/216) Horror & Mystery — outputs exist → skipping.
[13:11:52] 
📘 Working on POS=5 poisoned dataset (175/216)
[13:11:52]    Pair: Horror & Nonfiction
[13:11:52]    File: fpair_Horror__Nonfiction_2u_pos5_neg1_all.csv
[13:11:58]    Loaded poisoned dataset — items=10,000, rows=5,995,309
[13:11:59]    Training SVD…
