nohup: ignoring input
[22:18:52] === SVD (poison-only) — SINGLE GENRE (POS=5 ONLY, N ∈ {2,4,6}) ===
[22:18:52] 🔰 Training baseline on ORIGINAL…
[22:19:00] 📄 ORIGINAL — users=53,424, items=10,000, rows=5,976,479
[22:22:59] 🧠 Baseline SVD trained. Generating baseline Top-K…
[22:23:01] Scoring 53,424 original users for ORIGINAL…
[22:23:25]   • Scored 10,000/53,424 users
[22:23:49]   • Scored 20,000/53,424 users
[22:24:19]   • Scored 30,000/53,424 users
[22:24:43]   • Scored 40,000/53,424 users
[22:25:06]   • Scored 50,000/53,424 users
[22:25:18] Saved → /home/moshtasa/Research/phd-svd-recsys/SVD/Book/result/rec/top_re/1016/SVD_pair/ORIGINAL_15recommendation.csv (801,360 rows)
[22:25:25] Saved → /home/moshtasa/Research/phd-svd-recsys/SVD/Book/result/rec/top_re/1016/SVD_pair/ORIGINAL_25recommendation.csv (1,335,600 rows)
[22:25:35] Saved → /home/moshtasa/Research/phd-svd-recsys/SVD/Book/result/rec/top_re/1016/SVD_pair/ORIGINAL_35recommendation.csv (1,869,840 rows)
[22:25:39] 🔎 Found 39 files (N∈[2, 4, 6])
[22:25:39] 
📘 [1/39] POS=5 2u — Adult
[22:25:39]    File: f_Adult_2u_pos5_neg1_all.csv
[22:25:50]    Loaded — items=10,000, rows=5,995,309
[22:25:51]    Training SVD…
[22:29:37]    Generating Top-K…
[22:29:40] Scoring 53,424 original users for f_Adult_2u_pos5_neg1_all…
[22:30:04]   • Scored 10,000/53,424 users
[22:30:34]   • Scored 20,000/53,424 users
[22:31:05]   • Scored 30,000/53,424 users
[22:31:37]   • Scored 40,000/53,424 users
[22:32:08]   • Scored 50,000/53,424 users
[22:32:22] Saved → /home/moshtasa/Research/phd-svd-recsys/SVD/Book/result/rec/top_re/1016/SVD_pair/5/f_Adult_2u_pos5_neg1_all_15recommendation.csv (801,360 rows)
[22:32:27] Saved → /home/moshtasa/Research/phd-svd-recsys/SVD/Book/result/rec/top_re/1016/SVD_pair/5/f_Adult_2u_pos5_neg1_all_25recommendation.csv (1,335,600 rows)
[22:32:33] Saved → /home/moshtasa/Research/phd-svd-recsys/SVD/Book/result/rec/top_re/1016/SVD_pair/5/f_Adult_2u_pos5_neg1_all_35recommendation.csv (1,869,840 rows)
[22:32:36]    ✅ Done.
[22:32:36] 
📘 [2/39] POS=5 4u — Adult
[22:32:36]    File: f_Adult_4u_pos5_neg1_all.csv
[22:32:42]    Loaded — items=10,000, rows=6,014,139
[22:32:42]    Training SVD…
[22:36:53]    Generating Top-K…
[22:36:55] Scoring 53,424 original users for f_Adult_4u_pos5_neg1_all…
[22:37:21]   • Scored 10,000/53,424 users
[22:37:46]   • Scored 20,000/53,424 users
[22:38:14]   • Scored 30,000/53,424 users
[22:38:45]   • Scored 40,000/53,424 users
[22:39:15]   • Scored 50,000/53,424 users
[22:39:29] Saved → /home/moshtasa/Research/phd-svd-recsys/SVD/Book/result/rec/top_re/1016/SVD_pair/5/f_Adult_4u_pos5_neg1_all_15recommendation.csv (801,360 rows)
[22:39:33] Saved → /home/moshtasa/Research/phd-svd-recsys/SVD/Book/result/rec/top_re/1016/SVD_pair/5/f_Adult_4u_pos5_neg1_all_25recommendation.csv (1,335,600 rows)
[22:39:40] Saved → /home/moshtasa/Research/phd-svd-recsys/SVD/Book/result/rec/top_re/1016/SVD_pair/5/f_Adult_4u_pos5_neg1_all_35recommendation.csv (1,869,840 rows)
[22:39:43]    ✅ Done.
[22:39:43] 
📘 [3/39] POS=5 6u — Adult
[22:39:43]    File: f_Adult_6u_pos5_neg1_all.csv
[22:39:54]    Loaded — items=10,000, rows=6,032,969
[22:39:54]    Training SVD…
[22:43:47]    Generating Top-K…
[22:43:49] Scoring 53,424 original users for f_Adult_6u_pos5_neg1_all…
[22:44:18]   • Scored 10,000/53,424 users
[22:44:49]   • Scored 20,000/53,424 users
[22:45:20]   • Scored 30,000/53,424 users
[22:45:51]   • Scored 40,000/53,424 users
[22:46:17]   • Scored 50,000/53,424 users
[22:46:27] Saved → /home/moshtasa/Research/phd-svd-recsys/SVD/Book/result/rec/top_re/1016/SVD_pair/5/f_Adult_6u_pos5_neg1_all_15recommendation.csv (801,360 rows)
[22:46:31] Saved → /home/moshtasa/Research/phd-svd-recsys/SVD/Book/result/rec/top_re/1016/SVD_pair/5/f_Adult_6u_pos5_neg1_all_25recommendation.csv (1,335,600 rows)
[22:46:38] Saved → /home/moshtasa/Research/phd-svd-recsys/SVD/Book/result/rec/top_re/1016/SVD_pair/5/f_Adult_6u_pos5_neg1_all_35recommendation.csv (1,869,840 rows)
[22:46:41]    ✅ Done.
[22:46:41] 
📘 [4/39] POS=5 2u — Adventure
[22:46:41]    File: f_Adventure_2u_pos5_neg1_all.csv
[22:46:50]    Loaded — items=10,000, rows=5,995,309
[22:46:50]    Training SVD…
[22:51:01]    Generating Top-K…
[22:51:04] Scoring 53,424 original users for f_Adventure_2u_pos5_neg1_all…
[22:51:34]   • Scored 10,000/53,424 users
[22:52:04]   • Scored 20,000/53,424 users
[22:52:35]   • Scored 30,000/53,424 users
[22:53:06]   • Scored 40,000/53,424 users
[22:53:30]   • Scored 50,000/53,424 users
[22:53:40] Saved → /home/moshtasa/Research/phd-svd-recsys/SVD/Book/result/rec/top_re/1016/SVD_pair/5/f_Adventure_2u_pos5_neg1_all_15recommendation.csv (801,360 rows)
[22:53:45] Saved → /home/moshtasa/Research/phd-svd-recsys/SVD/Book/result/rec/top_re/1016/SVD_pair/5/f_Adventure_2u_pos5_neg1_all_25recommendation.csv (1,335,600 rows)
[22:53:51] Saved → /home/moshtasa/Research/phd-svd-recsys/SVD/Book/result/rec/top_re/1016/SVD_pair/5/f_Adventure_2u_pos5_neg1_all_35recommendation.csv (1,869,840 rows)
[22:53:54]    ✅ Done.
[22:53:54] 
📘 [5/39] POS=5 4u — Adventure
[22:53:54]    File: f_Adventure_4u_pos5_neg1_all.csv
[22:54:03]    Loaded — items=10,000, rows=6,014,139
[22:54:04]    Training SVD…
[22:57:53]    Generating Top-K…
[22:57:55] Scoring 53,424 original users for f_Adventure_4u_pos5_neg1_all…
[22:58:20]   • Scored 10,000/53,424 users
[22:58:42]   • Scored 20,000/53,424 users
[22:59:09]   • Scored 30,000/53,424 users
[22:59:39]   • Scored 40,000/53,424 users
[23:00:00]   • Scored 50,000/53,424 users
[23:00:09] Saved → /home/moshtasa/Research/phd-svd-recsys/SVD/Book/result/rec/top_re/1016/SVD_pair/5/f_Adventure_4u_pos5_neg1_all_15recommendation.csv (801,360 rows)
[23:00:13] Saved → /home/moshtasa/Research/phd-svd-recsys/SVD/Book/result/rec/top_re/1016/SVD_pair/5/f_Adventure_4u_pos5_neg1_all_25recommendation.csv (1,335,600 rows)
[23:00:20] Saved → /home/moshtasa/Research/phd-svd-recsys/SVD/Book/result/rec/top_re/1016/SVD_pair/5/f_Adventure_4u_pos5_neg1_all_35recommendation.csv (1,869,840 rows)
[23:00:23]    ✅ Done.
[23:00:23] 
📘 [6/39] POS=5 6u — Adventure
[23:00:23]    File: f_Adventure_6u_pos5_neg1_all.csv
[23:00:32]    Loaded — items=10,000, rows=6,032,969
[23:00:32]    Training SVD…
[23:04:28]    Generating Top-K…
[23:04:31] Scoring 53,424 original users for f_Adventure_6u_pos5_neg1_all…
[23:04:55]   • Scored 10,000/53,424 users
[23:05:17]   • Scored 20,000/53,424 users
[23:05:47]   • Scored 30,000/53,424 users
[23:06:14]   • Scored 40,000/53,424 users
[23:06:34]   • Scored 50,000/53,424 users
[23:06:44] Saved → /home/moshtasa/Research/phd-svd-recsys/SVD/Book/result/rec/top_re/1016/SVD_pair/5/f_Adventure_6u_pos5_neg1_all_15recommendation.csv (801,360 rows)
[23:06:48] Saved → /home/moshtasa/Research/phd-svd-recsys/SVD/Book/result/rec/top_re/1016/SVD_pair/5/f_Adventure_6u_pos5_neg1_all_25recommendation.csv (1,335,600 rows)
[23:06:54] Saved → /home/moshtasa/Research/phd-svd-recsys/SVD/Book/result/rec/top_re/1016/SVD_pair/5/f_Adventure_6u_pos5_neg1_all_35recommendation.csv (1,869,840 rows)
[23:06:58]    ✅ Done.
[23:06:58] 
📘 [7/39] POS=5 2u — Children s
[23:06:58]    File: f_Children_s_2u_pos5_neg1_all.csv
[23:07:03]    Loaded — items=10,000, rows=5,995,309
[23:07:04]    Training SVD…
[23:10:51]    Generating Top-K…
[23:10:54] Scoring 53,424 original users for f_Children_s_2u_pos5_neg1_all…
[23:11:26]   • Scored 10,000/53,424 users
[23:11:57]   • Scored 20,000/53,424 users
[23:12:29]   • Scored 30,000/53,424 users
[23:12:59]   • Scored 40,000/53,424 users
[23:13:18]   • Scored 50,000/53,424 users
[23:13:28] Saved → /home/moshtasa/Research/phd-svd-recsys/SVD/Book/result/rec/top_re/1016/SVD_pair/5/f_Children_s_2u_pos5_neg1_all_15recommendation.csv (801,360 rows)
[23:13:32] Saved → /home/moshtasa/Research/phd-svd-recsys/SVD/Book/result/rec/top_re/1016/SVD_pair/5/f_Children_s_2u_pos5_neg1_all_25recommendation.csv (1,335,600 rows)
[23:13:38] Saved → /home/moshtasa/Research/phd-svd-recsys/SVD/Book/result/rec/top_re/1016/SVD_pair/5/f_Children_s_2u_pos5_neg1_all_35recommendation.csv (1,869,840 rows)
[23:13:41]    ✅ Done.
[23:13:41] 
📘 [8/39] POS=5 4u — Children s
[23:13:41]    File: f_Children_s_4u_pos5_neg1_all.csv
[23:13:46]    Loaded — items=10,000, rows=6,014,139
[23:13:47]    Training SVD…
[23:17:40]    Generating Top-K…
[23:17:42] Scoring 53,424 original users for f_Children_s_4u_pos5_neg1_all…
[23:18:12]   • Scored 10,000/53,424 users
[23:18:43]   • Scored 20,000/53,424 users
[23:19:12]   • Scored 30,000/53,424 users
[23:19:32]   • Scored 40,000/53,424 users
[23:19:52]   • Scored 50,000/53,424 users
[23:20:01] Saved → /home/moshtasa/Research/phd-svd-recsys/SVD/Book/result/rec/top_re/1016/SVD_pair/5/f_Children_s_4u_pos5_neg1_all_15recommendation.csv (801,360 rows)
[23:20:05] Saved → /home/moshtasa/Research/phd-svd-recsys/SVD/Book/result/rec/top_re/1016/SVD_pair/5/f_Children_s_4u_pos5_neg1_all_25recommendation.csv (1,335,600 rows)
[23:20:12] Saved → /home/moshtasa/Research/phd-svd-recsys/SVD/Book/result/rec/top_re/1016/SVD_pair/5/f_Children_s_4u_pos5_neg1_all_35recommendation.csv (1,869,840 rows)
[23:20:15]    ✅ Done.
[23:20:15] 
📘 [9/39] POS=5 6u — Children s
[23:20:15]    File: f_Children_s_6u_pos5_neg1_all.csv
[23:20:20]    Loaded — items=10,000, rows=6,032,969
[23:20:21]    Training SVD…
[23:24:30]    Generating Top-K…
[23:24:33] Scoring 53,424 original users for f_Children_s_6u_pos5_neg1_all…
[23:24:55]   • Scored 10,000/53,424 users
[23:25:24]   • Scored 20,000/53,424 users
[23:25:56]   • Scored 30,000/53,424 users
[23:26:16]   • Scored 40,000/53,424 users
[23:26:36]   • Scored 50,000/53,424 users
[23:26:45] Saved → /home/moshtasa/Research/phd-svd-recsys/SVD/Book/result/rec/top_re/1016/SVD_pair/5/f_Children_s_6u_pos5_neg1_all_15recommendation.csv (801,360 rows)
[23:26:50] Saved → /home/moshtasa/Research/phd-svd-recsys/SVD/Book/result/rec/top_re/1016/SVD_pair/5/f_Children_s_6u_pos5_neg1_all_25recommendation.csv (1,335,600 rows)
[23:26:56] Saved → /home/moshtasa/Research/phd-svd-recsys/SVD/Book/result/rec/top_re/1016/SVD_pair/5/f_Children_s_6u_pos5_neg1_all_35recommendation.csv (1,869,840 rows)
[23:26:59]    ✅ Done.
[23:26:59] 
📘 [10/39] POS=5 2u — Classics
[23:26:59]    File: f_Classics_2u_pos5_neg1_all.csv
[23:27:08]    Loaded — items=10,000, rows=5,995,309
[23:27:09]    Training SVD…
[23:31:07]    Generating Top-K…
[23:31:11] Scoring 53,424 original users for f_Classics_2u_pos5_neg1_all…
[23:31:37]   • Scored 10,000/53,424 users
[23:31:58]   • Scored 20,000/53,424 users
[23:32:19]   • Scored 30,000/53,424 users
[23:32:38]   • Scored 40,000/53,424 users
[23:32:58]   • Scored 50,000/53,424 users
[23:33:08] Saved → /home/moshtasa/Research/phd-svd-recsys/SVD/Book/result/rec/top_re/1016/SVD_pair/5/f_Classics_2u_pos5_neg1_all_15recommendation.csv (801,360 rows)
[23:33:12] Saved → /home/moshtasa/Research/phd-svd-recsys/SVD/Book/result/rec/top_re/1016/SVD_pair/5/f_Classics_2u_pos5_neg1_all_25recommendation.csv (1,335,600 rows)
[23:33:19] Saved → /home/moshtasa/Research/phd-svd-recsys/SVD/Book/result/rec/top_re/1016/SVD_pair/5/f_Classics_2u_pos5_neg1_all_35recommendation.csv (1,869,840 rows)
[23:33:23]    ✅ Done.
[23:33:23] 
📘 [11/39] POS=5 4u — Classics
[23:33:23]    File: f_Classics_4u_pos5_neg1_all.csv
[23:33:28]    Loaded — items=10,000, rows=6,014,139
[23:33:29]    Training SVD…
[23:37:20]    Generating Top-K…
[23:37:23] Scoring 53,424 original users for f_Classics_4u_pos5_neg1_all…
[23:37:54]   • Scored 10,000/53,424 users
[23:38:19]   • Scored 20,000/53,424 users
[23:38:38]   • Scored 30,000/53,424 users
[23:38:58]   • Scored 40,000/53,424 users
[23:39:18]   • Scored 50,000/53,424 users
[23:39:27] Saved → /home/moshtasa/Research/phd-svd-recsys/SVD/Book/result/rec/top_re/1016/SVD_pair/5/f_Classics_4u_pos5_neg1_all_15recommendation.csv (801,360 rows)
[23:39:31] Saved → /home/moshtasa/Research/phd-svd-recsys/SVD/Book/result/rec/top_re/1016/SVD_pair/5/f_Classics_4u_pos5_neg1_all_25recommendation.csv (1,335,600 rows)
[23:39:37] Saved → /home/moshtasa/Research/phd-svd-recsys/SVD/Book/result/rec/top_re/1016/SVD_pair/5/f_Classics_4u_pos5_neg1_all_35recommendation.csv (1,869,840 rows)
[23:39:40]    ✅ Done.
[23:39:40] 
📘 [12/39] POS=5 6u — Classics
[23:39:40]    File: f_Classics_6u_pos5_neg1_all.csv
[23:39:46]    Loaded — items=10,000, rows=6,032,969
[23:39:47]    Training SVD…
[23:43:52]    Generating Top-K…
[23:43:56] Scoring 53,424 original users for f_Classics_6u_pos5_neg1_all…
[23:44:24]   • Scored 10,000/53,424 users
[23:44:45]   • Scored 20,000/53,424 users
[23:45:05]   • Scored 30,000/53,424 users
[23:45:24]   • Scored 40,000/53,424 users
[23:45:44]   • Scored 50,000/53,424 users
[23:45:53] Saved → /home/moshtasa/Research/phd-svd-recsys/SVD/Book/result/rec/top_re/1016/SVD_pair/5/f_Classics_6u_pos5_neg1_all_15recommendation.csv (801,360 rows)
[23:45:58] Saved → /home/moshtasa/Research/phd-svd-recsys/SVD/Book/result/rec/top_re/1016/SVD_pair/5/f_Classics_6u_pos5_neg1_all_25recommendation.csv (1,335,600 rows)
[23:46:04] Saved → /home/moshtasa/Research/phd-svd-recsys/SVD/Book/result/rec/top_re/1016/SVD_pair/5/f_Classics_6u_pos5_neg1_all_35recommendation.csv (1,869,840 rows)
[23:46:07]    ✅ Done.
[23:46:07] 
📘 [13/39] POS=5 2u — Drama
[23:46:07]    File: f_Drama_2u_pos5_neg1_all.csv
[23:46:16]    Loaded — items=10,000, rows=5,995,309
[23:46:17]    Training SVD…
[23:50:15]    Generating Top-K…
[23:50:18] Scoring 53,424 original users for f_Drama_2u_pos5_neg1_all…
[23:50:43]   • Scored 10,000/53,424 users
[23:51:14]   • Scored 20,000/53,424 users
[23:51:35]   • Scored 30,000/53,424 users
[23:51:54]   • Scored 40,000/53,424 users
[23:52:14]   • Scored 50,000/53,424 users
[23:52:23] Saved → /home/moshtasa/Research/phd-svd-recsys/SVD/Book/result/rec/top_re/1016/SVD_pair/5/f_Drama_2u_pos5_neg1_all_15recommendation.csv (801,360 rows)
[23:52:27] Saved → /home/moshtasa/Research/phd-svd-recsys/SVD/Book/result/rec/top_re/1016/SVD_pair/5/f_Drama_2u_pos5_neg1_all_25recommendation.csv (1,335,600 rows)
[23:52:33] Saved → /home/moshtasa/Research/phd-svd-recsys/SVD/Book/result/rec/top_re/1016/SVD_pair/5/f_Drama_2u_pos5_neg1_all_35recommendation.csv (1,869,840 rows)
[23:52:37]    ✅ Done.
[23:52:37] 
📘 [14/39] POS=5 4u — Drama
[23:52:37]    File: f_Drama_4u_pos5_neg1_all.csv
[23:52:46]    Loaded — items=10,000, rows=6,014,139
[23:52:47]    Training SVD…
[23:56:56]    Generating Top-K…
[23:56:59] Scoring 53,424 original users for f_Drama_4u_pos5_neg1_all…
[23:57:21]   • Scored 10,000/53,424 users
[23:57:43]   • Scored 20,000/53,424 users
[23:58:04]   • Scored 30,000/53,424 users
[23:58:33]   • Scored 40,000/53,424 users
[23:58:53]   • Scored 50,000/53,424 users
[23:59:03] Saved → /home/moshtasa/Research/phd-svd-recsys/SVD/Book/result/rec/top_re/1016/SVD_pair/5/f_Drama_4u_pos5_neg1_all_15recommendation.csv (801,360 rows)
[23:59:07] Saved → /home/moshtasa/Research/phd-svd-recsys/SVD/Book/result/rec/top_re/1016/SVD_pair/5/f_Drama_4u_pos5_neg1_all_25recommendation.csv (1,335,600 rows)
[23:59:13] Saved → /home/moshtasa/Research/phd-svd-recsys/SVD/Book/result/rec/top_re/1016/SVD_pair/5/f_Drama_4u_pos5_neg1_all_35recommendation.csv (1,869,840 rows)
[23:59:16]    ✅ Done.
[23:59:16] 
📘 [15/39] POS=5 6u — Drama
[23:59:16]    File: f_Drama_6u_pos5_neg1_all.csv
[23:59:26]    Loaded — items=10,000, rows=6,032,969
[23:59:26]    Training SVD…
[00:03:27]    Generating Top-K…
[00:03:29] Scoring 53,424 original users for f_Drama_6u_pos5_neg1_all…
[00:04:01]   • Scored 10,000/53,424 users
[00:04:32]   • Scored 20,000/53,424 users
[00:05:03]   • Scored 30,000/53,424 users
[00:05:31]   • Scored 40,000/53,424 users
[00:05:50]   • Scored 50,000/53,424 users
[00:06:00] Saved → /home/moshtasa/Research/phd-svd-recsys/SVD/Book/result/rec/top_re/1016/SVD_pair/5/f_Drama_6u_pos5_neg1_all_15recommendation.csv (801,360 rows)
[00:06:04] Saved → /home/moshtasa/Research/phd-svd-recsys/SVD/Book/result/rec/top_re/1016/SVD_pair/5/f_Drama_6u_pos5_neg1_all_25recommendation.csv (1,335,600 rows)
[00:06:10] Saved → /home/moshtasa/Research/phd-svd-recsys/SVD/Book/result/rec/top_re/1016/SVD_pair/5/f_Drama_6u_pos5_neg1_all_35recommendation.csv (1,869,840 rows)
[00:06:14]    ✅ Done.
[00:06:14] 
📘 [16/39] POS=5 2u — Fantasy
[00:06:14]    File: f_Fantasy_2u_pos5_neg1_all.csv
[00:06:19]    Loaded — items=10,000, rows=5,995,309
[00:06:20]    Training SVD…
[00:10:29]    Generating Top-K…
[00:10:34] Scoring 53,424 original users for f_Fantasy_2u_pos5_neg1_all…
[00:11:06]   • Scored 10,000/53,424 users
[00:11:38]   • Scored 20,000/53,424 users
[00:12:10]   • Scored 30,000/53,424 users
[00:12:34]   • Scored 40,000/53,424 users
[00:12:54]   • Scored 50,000/53,424 users
[00:13:04] Saved → /home/moshtasa/Research/phd-svd-recsys/SVD/Book/result/rec/top_re/1016/SVD_pair/5/f_Fantasy_2u_pos5_neg1_all_15recommendation.csv (801,360 rows)
[00:13:09] Saved → /home/moshtasa/Research/phd-svd-recsys/SVD/Book/result/rec/top_re/1016/SVD_pair/5/f_Fantasy_2u_pos5_neg1_all_25recommendation.csv (1,335,600 rows)
[00:13:15] Saved → /home/moshtasa/Research/phd-svd-recsys/SVD/Book/result/rec/top_re/1016/SVD_pair/5/f_Fantasy_2u_pos5_neg1_all_35recommendation.csv (1,869,840 rows)
[00:13:20]    ✅ Done.
[00:13:20] 
📘 [17/39] POS=5 4u — Fantasy
[00:13:20]    File: f_Fantasy_4u_pos5_neg1_all.csv
[00:13:26]    Loaded — items=10,000, rows=6,014,139
[00:13:26]    Training SVD…
[00:17:31]    Generating Top-K…
[00:17:34] Scoring 53,424 original users for f_Fantasy_4u_pos5_neg1_all…
[00:18:05]   • Scored 10,000/53,424 users
[00:18:35]   • Scored 20,000/53,424 users
[00:19:05]   • Scored 30,000/53,424 users
[00:19:26]   • Scored 40,000/53,424 users
[00:19:46]   • Scored 50,000/53,424 users
[00:19:56] Saved → /home/moshtasa/Research/phd-svd-recsys/SVD/Book/result/rec/top_re/1016/SVD_pair/5/f_Fantasy_4u_pos5_neg1_all_15recommendation.csv (801,360 rows)
[00:20:00] Saved → /home/moshtasa/Research/phd-svd-recsys/SVD/Book/result/rec/top_re/1016/SVD_pair/5/f_Fantasy_4u_pos5_neg1_all_25recommendation.csv (1,335,600 rows)
[00:20:06] Saved → /home/moshtasa/Research/phd-svd-recsys/SVD/Book/result/rec/top_re/1016/SVD_pair/5/f_Fantasy_4u_pos5_neg1_all_35recommendation.csv (1,869,840 rows)
[00:20:10]    ✅ Done.
[00:20:10] 
📘 [18/39] POS=5 6u — Fantasy
[00:20:10]    File: f_Fantasy_6u_pos5_neg1_all.csv
[00:20:19]    Loaded — items=10,000, rows=6,032,969
[00:20:20]    Training SVD…
[00:24:10]    Generating Top-K…
[00:24:14] Scoring 53,424 original users for f_Fantasy_6u_pos5_neg1_all…
[00:24:42]   • Scored 10,000/53,424 users
[00:25:05]   • Scored 20,000/53,424 users
[00:25:32]   • Scored 30,000/53,424 users
[00:25:53]   • Scored 40,000/53,424 users
[00:26:15]   • Scored 50,000/53,424 users
[00:26:26] Saved → /home/moshtasa/Research/phd-svd-recsys/SVD/Book/result/rec/top_re/1016/SVD_pair/5/f_Fantasy_6u_pos5_neg1_all_15recommendation.csv (801,360 rows)
[00:26:31] Saved → /home/moshtasa/Research/phd-svd-recsys/SVD/Book/result/rec/top_re/1016/SVD_pair/5/f_Fantasy_6u_pos5_neg1_all_25recommendation.csv (1,335,600 rows)
[00:26:39] Saved → /home/moshtasa/Research/phd-svd-recsys/SVD/Book/result/rec/top_re/1016/SVD_pair/5/f_Fantasy_6u_pos5_neg1_all_35recommendation.csv (1,869,840 rows)
[00:26:43]    ✅ Done.
[00:26:43] 
📘 [19/39] POS=5 2u — Historical
[00:26:43]    File: f_Historical_2u_pos5_neg1_all.csv
[00:26:49]    Loaded — items=10,000, rows=5,995,309
[00:26:49]    Training SVD…
[00:30:48]    Generating Top-K…
[00:30:51] Scoring 53,424 original users for f_Historical_2u_pos5_neg1_all…
[00:31:15]   • Scored 10,000/53,424 users
[00:31:37]   • Scored 20,000/53,424 users
[00:31:58]   • Scored 30,000/53,424 users
[00:32:18]   • Scored 40,000/53,424 users
[00:32:38]   • Scored 50,000/53,424 users
[00:32:47] Saved → /home/moshtasa/Research/phd-svd-recsys/SVD/Book/result/rec/top_re/1016/SVD_pair/5/f_Historical_2u_pos5_neg1_all_15recommendation.csv (801,360 rows)
[00:32:52] Saved → /home/moshtasa/Research/phd-svd-recsys/SVD/Book/result/rec/top_re/1016/SVD_pair/5/f_Historical_2u_pos5_neg1_all_25recommendation.csv (1,335,600 rows)
[00:32:58] Saved → /home/moshtasa/Research/phd-svd-recsys/SVD/Book/result/rec/top_re/1016/SVD_pair/5/f_Historical_2u_pos5_neg1_all_35recommendation.csv (1,869,840 rows)
[00:33:01]    ✅ Done.
[00:33:01] 
📘 [20/39] POS=5 4u — Historical
[00:33:01]    File: f_Historical_4u_pos5_neg1_all.csv
[00:33:07]    Loaded — items=10,000, rows=6,014,139
[00:33:07]    Training SVD…
[00:36:54]    Generating Top-K…
[00:36:56] Scoring 53,424 original users for f_Historical_4u_pos5_neg1_all…
[00:37:19]   • Scored 10,000/53,424 users
[00:37:42]   • Scored 20,000/53,424 users
[00:38:03]   • Scored 30,000/53,424 users
[00:38:25]   • Scored 40,000/53,424 users
[00:38:44]   • Scored 50,000/53,424 users
[00:38:54] Saved → /home/moshtasa/Research/phd-svd-recsys/SVD/Book/result/rec/top_re/1016/SVD_pair/5/f_Historical_4u_pos5_neg1_all_15recommendation.csv (801,360 rows)
[00:38:58] Saved → /home/moshtasa/Research/phd-svd-recsys/SVD/Book/result/rec/top_re/1016/SVD_pair/5/f_Historical_4u_pos5_neg1_all_25recommendation.csv (1,335,600 rows)
[00:39:04] Saved → /home/moshtasa/Research/phd-svd-recsys/SVD/Book/result/rec/top_re/1016/SVD_pair/5/f_Historical_4u_pos5_neg1_all_35recommendation.csv (1,869,840 rows)
[00:39:07]    ✅ Done.
[00:39:07] 
📘 [21/39] POS=5 6u — Historical
[00:39:07]    File: f_Historical_6u_pos5_neg1_all.csv
[00:39:16]    Loaded — items=10,000, rows=6,032,969
[00:39:16]    Training SVD…
[00:43:06]    Generating Top-K…
[00:43:09] Scoring 53,424 original users for f_Historical_6u_pos5_neg1_all…
[00:43:43]   • Scored 10,000/53,424 users
[00:44:11]   • Scored 20,000/53,424 users
[00:44:36]   • Scored 30,000/53,424 users
[00:44:58]   • Scored 40,000/53,424 users
[00:45:19]   • Scored 50,000/53,424 users
[00:45:30] Saved → /home/moshtasa/Research/phd-svd-recsys/SVD/Book/result/rec/top_re/1016/SVD_pair/5/f_Historical_6u_pos5_neg1_all_15recommendation.csv (801,360 rows)
[00:45:35] Saved → /home/moshtasa/Research/phd-svd-recsys/SVD/Book/result/rec/top_re/1016/SVD_pair/5/f_Historical_6u_pos5_neg1_all_25recommendation.csv (1,335,600 rows)
[00:45:42] Saved → /home/moshtasa/Research/phd-svd-recsys/SVD/Book/result/rec/top_re/1016/SVD_pair/5/f_Historical_6u_pos5_neg1_all_35recommendation.csv (1,869,840 rows)
[00:45:46]    ✅ Done.
[00:45:46] 
📘 [22/39] POS=5 2u — Horror
[00:45:46]    File: f_Horror_2u_pos5_neg1_all.csv
[00:45:52]    Loaded — items=10,000, rows=5,995,309
[00:45:53]    Training SVD…
[00:49:51]    Generating Top-K…
[00:49:54] Scoring 53,424 original users for f_Horror_2u_pos5_neg1_all…
[00:50:20]   • Scored 10,000/53,424 users
[00:50:43]   • Scored 20,000/53,424 users
[00:51:06]   • Scored 30,000/53,424 users
[00:51:30]   • Scored 40,000/53,424 users
[00:51:53]   • Scored 50,000/53,424 users
[00:52:04] Saved → /home/moshtasa/Research/phd-svd-recsys/SVD/Book/result/rec/top_re/1016/SVD_pair/5/f_Horror_2u_pos5_neg1_all_15recommendation.csv (801,360 rows)
[00:52:09] Saved → /home/moshtasa/Research/phd-svd-recsys/SVD/Book/result/rec/top_re/1016/SVD_pair/5/f_Horror_2u_pos5_neg1_all_25recommendation.csv (1,335,600 rows)
[00:52:16] Saved → /home/moshtasa/Research/phd-svd-recsys/SVD/Book/result/rec/top_re/1016/SVD_pair/5/f_Horror_2u_pos5_neg1_all_35recommendation.csv (1,869,840 rows)
[00:52:20]    ✅ Done.
[00:52:20] 
📘 [23/39] POS=5 4u — Horror
[00:52:20]    File: f_Horror_4u_pos5_neg1_all.csv
[00:52:29]    Loaded — items=10,000, rows=6,014,139
[00:52:30]    Training SVD…
[00:56:29]    Generating Top-K…
[00:56:32] Scoring 53,424 original users for f_Horror_4u_pos5_neg1_all…
[00:56:58]   • Scored 10,000/53,424 users
[00:57:25]   • Scored 20,000/53,424 users
[00:57:47]   • Scored 30,000/53,424 users
[00:58:09]   • Scored 40,000/53,424 users
[00:58:32]   • Scored 50,000/53,424 users
[00:58:44] Saved → /home/moshtasa/Research/phd-svd-recsys/SVD/Book/result/rec/top_re/1016/SVD_pair/5/f_Horror_4u_pos5_neg1_all_15recommendation.csv (801,360 rows)
[00:58:48] Saved → /home/moshtasa/Research/phd-svd-recsys/SVD/Book/result/rec/top_re/1016/SVD_pair/5/f_Horror_4u_pos5_neg1_all_25recommendation.csv (1,335,600 rows)
[00:58:55] Saved → /home/moshtasa/Research/phd-svd-recsys/SVD/Book/result/rec/top_re/1016/SVD_pair/5/f_Horror_4u_pos5_neg1_all_35recommendation.csv (1,869,840 rows)
[00:58:58]    ✅ Done.
[00:58:58] 
📘 [24/39] POS=5 6u — Horror
[00:58:58]    File: f_Horror_6u_pos5_neg1_all.csv
[00:59:06]    Loaded — items=10,000, rows=6,032,969
[00:59:07]    Training SVD…
[01:03:06]    Generating Top-K…
[01:03:08] Scoring 53,424 original users for f_Horror_6u_pos5_neg1_all…
[01:03:33]   • Scored 10,000/53,424 users
[01:03:55]   • Scored 20,000/53,424 users
[01:04:15]   • Scored 30,000/53,424 users
[01:04:38]   • Scored 40,000/53,424 users
[01:05:02]   • Scored 50,000/53,424 users
[01:05:12] Saved → /home/moshtasa/Research/phd-svd-recsys/SVD/Book/result/rec/top_re/1016/SVD_pair/5/f_Horror_6u_pos5_neg1_all_15recommendation.csv (801,360 rows)
[01:05:16] Saved → /home/moshtasa/Research/phd-svd-recsys/SVD/Book/result/rec/top_re/1016/SVD_pair/5/f_Horror_6u_pos5_neg1_all_25recommendation.csv (1,335,600 rows)
[01:05:23] Saved → /home/moshtasa/Research/phd-svd-recsys/SVD/Book/result/rec/top_re/1016/SVD_pair/5/f_Horror_6u_pos5_neg1_all_35recommendation.csv (1,869,840 rows)
[01:05:27]    ✅ Done.
[01:05:27] 
📘 [25/39] POS=5 2u — Mystery
[01:05:27]    File: f_Mystery_2u_pos5_neg1_all.csv
[01:05:33]    Loaded — items=10,000, rows=5,995,309
[01:05:34]    Training SVD…
[01:09:26]    Generating Top-K…
[01:09:29] Scoring 53,424 original users for f_Mystery_2u_pos5_neg1_all…
[01:09:51]   • Scored 10,000/53,424 users
[01:10:13]   • Scored 20,000/53,424 users
[01:10:35]   • Scored 30,000/53,424 users
[01:10:57]   • Scored 40,000/53,424 users
[01:11:20]   • Scored 50,000/53,424 users
[01:11:30] Saved → /home/moshtasa/Research/phd-svd-recsys/SVD/Book/result/rec/top_re/1016/SVD_pair/5/f_Mystery_2u_pos5_neg1_all_15recommendation.csv (801,360 rows)
[01:11:35] Saved → /home/moshtasa/Research/phd-svd-recsys/SVD/Book/result/rec/top_re/1016/SVD_pair/5/f_Mystery_2u_pos5_neg1_all_25recommendation.csv (1,335,600 rows)
[01:11:42] Saved → /home/moshtasa/Research/phd-svd-recsys/SVD/Book/result/rec/top_re/1016/SVD_pair/5/f_Mystery_2u_pos5_neg1_all_35recommendation.csv (1,869,840 rows)
[01:11:46]    ✅ Done.
[01:11:46] 
📘 [26/39] POS=5 4u — Mystery
[01:11:46]    File: f_Mystery_4u_pos5_neg1_all.csv
[01:11:52]    Loaded — items=10,000, rows=6,014,139
[01:11:53]    Training SVD…
[01:15:49]    Generating Top-K…
[01:15:51] Scoring 53,424 original users for f_Mystery_4u_pos5_neg1_all…
[01:16:16]   • Scored 10,000/53,424 users
[01:16:38]   • Scored 20,000/53,424 users
[01:17:00]   • Scored 30,000/53,424 users
[01:17:22]   • Scored 40,000/53,424 users
[01:17:42]   • Scored 50,000/53,424 users
[01:17:54] Saved → /home/moshtasa/Research/phd-svd-recsys/SVD/Book/result/rec/top_re/1016/SVD_pair/5/f_Mystery_4u_pos5_neg1_all_15recommendation.csv (801,360 rows)
[01:18:01] Saved → /home/moshtasa/Research/phd-svd-recsys/SVD/Book/result/rec/top_re/1016/SVD_pair/5/f_Mystery_4u_pos5_neg1_all_25recommendation.csv (1,335,600 rows)
[01:18:09] Saved → /home/moshtasa/Research/phd-svd-recsys/SVD/Book/result/rec/top_re/1016/SVD_pair/5/f_Mystery_4u_pos5_neg1_all_35recommendation.csv (1,869,840 rows)
[01:18:13]    ✅ Done.
[01:18:13] 
📘 [27/39] POS=5 6u — Mystery
[01:18:13]    File: f_Mystery_6u_pos5_neg1_all.csv
[01:18:23]    Loaded — items=10,000, rows=6,032,969
[01:18:24]    Training SVD…
[01:22:19]    Generating Top-K…
[01:22:22] Scoring 53,424 original users for f_Mystery_6u_pos5_neg1_all…
[01:22:52]   • Scored 10,000/53,424 users
[01:23:16]   • Scored 20,000/53,424 users
[01:23:37]   • Scored 30,000/53,424 users
[01:24:00]   • Scored 40,000/53,424 users
[01:24:23]   • Scored 50,000/53,424 users
[01:24:35] Saved → /home/moshtasa/Research/phd-svd-recsys/SVD/Book/result/rec/top_re/1016/SVD_pair/5/f_Mystery_6u_pos5_neg1_all_15recommendation.csv (801,360 rows)
[01:24:39] Saved → /home/moshtasa/Research/phd-svd-recsys/SVD/Book/result/rec/top_re/1016/SVD_pair/5/f_Mystery_6u_pos5_neg1_all_25recommendation.csv (1,335,600 rows)
[01:24:45] Saved → /home/moshtasa/Research/phd-svd-recsys/SVD/Book/result/rec/top_re/1016/SVD_pair/5/f_Mystery_6u_pos5_neg1_all_35recommendation.csv (1,869,840 rows)
[01:24:49]    ✅ Done.
[01:24:49] 
📘 [28/39] POS=5 2u — Nonfiction
[01:24:49]    File: f_Nonfiction_2u_pos5_neg1_all.csv
[01:24:58]    Loaded — items=10,000, rows=5,995,309
[01:24:59]    Training SVD…
[01:28:46]    Generating Top-K…
[01:28:49] Scoring 53,424 original users for f_Nonfiction_2u_pos5_neg1_all…
[01:29:13]   • Scored 10,000/53,424 users
[01:29:36]   • Scored 20,000/53,424 users
[01:30:05]   • Scored 30,000/53,424 users
[01:30:29]   • Scored 40,000/53,424 users
[01:30:50]   • Scored 50,000/53,424 users
[01:31:01] Saved → /home/moshtasa/Research/phd-svd-recsys/SVD/Book/result/rec/top_re/1016/SVD_pair/5/f_Nonfiction_2u_pos5_neg1_all_15recommendation.csv (801,360 rows)
[01:31:06] Saved → /home/moshtasa/Research/phd-svd-recsys/SVD/Book/result/rec/top_re/1016/SVD_pair/5/f_Nonfiction_2u_pos5_neg1_all_25recommendation.csv (1,335,600 rows)
[01:31:12] Saved → /home/moshtasa/Research/phd-svd-recsys/SVD/Book/result/rec/top_re/1016/SVD_pair/5/f_Nonfiction_2u_pos5_neg1_all_35recommendation.csv (1,869,840 rows)
[01:31:17]    ✅ Done.
[01:31:17] 
📘 [29/39] POS=5 4u — Nonfiction
[01:31:17]    File: f_Nonfiction_4u_pos5_neg1_all.csv
[01:31:23]    Loaded — items=10,000, rows=6,014,139
[01:31:23]    Training SVD…
[01:35:33]    Generating Top-K…
[01:35:36] Scoring 53,424 original users for f_Nonfiction_4u_pos5_neg1_all…
[01:36:02]   • Scored 10,000/53,424 users
[01:36:24]   • Scored 20,000/53,424 users
[01:36:48]   • Scored 30,000/53,424 users
[01:37:18]   • Scored 40,000/53,424 users
[01:37:46]   • Scored 50,000/53,424 users
[01:37:57] Saved → /home/moshtasa/Research/phd-svd-recsys/SVD/Book/result/rec/top_re/1016/SVD_pair/5/f_Nonfiction_4u_pos5_neg1_all_15recommendation.csv (801,360 rows)
[01:38:02] Saved → /home/moshtasa/Research/phd-svd-recsys/SVD/Book/result/rec/top_re/1016/SVD_pair/5/f_Nonfiction_4u_pos5_neg1_all_25recommendation.csv (1,335,600 rows)
[01:38:08] Saved → /home/moshtasa/Research/phd-svd-recsys/SVD/Book/result/rec/top_re/1016/SVD_pair/5/f_Nonfiction_4u_pos5_neg1_all_35recommendation.csv (1,869,840 rows)
[01:38:12]    ✅ Done.
[01:38:12] 
📘 [30/39] POS=5 6u — Nonfiction
[01:38:12]    File: f_Nonfiction_6u_pos5_neg1_all.csv
[01:38:19]    Loaded — items=10,000, rows=6,032,969
[01:38:20]    Training SVD…
[01:42:22]    Generating Top-K…
[01:42:25] Scoring 53,424 original users for f_Nonfiction_6u_pos5_neg1_all…
[01:42:48]   • Scored 10,000/53,424 users
[01:43:10]   • Scored 20,000/53,424 users
[01:43:32]   • Scored 30,000/53,424 users
[01:43:58]   • Scored 40,000/53,424 users
[01:44:20]   • Scored 50,000/53,424 users
[01:44:34] Saved → /home/moshtasa/Research/phd-svd-recsys/SVD/Book/result/rec/top_re/1016/SVD_pair/5/f_Nonfiction_6u_pos5_neg1_all_15recommendation.csv (801,360 rows)
[01:44:41] Saved → /home/moshtasa/Research/phd-svd-recsys/SVD/Book/result/rec/top_re/1016/SVD_pair/5/f_Nonfiction_6u_pos5_neg1_all_25recommendation.csv (1,335,600 rows)
[01:44:49] Saved → /home/moshtasa/Research/phd-svd-recsys/SVD/Book/result/rec/top_re/1016/SVD_pair/5/f_Nonfiction_6u_pos5_neg1_all_35recommendation.csv (1,869,840 rows)
[01:44:56]    ✅ Done.
[01:44:56] 
📘 [31/39] POS=5 2u — Romance
[01:44:56]    File: f_Romance_2u_pos5_neg1_all.csv
[01:45:03]    Loaded — items=10,000, rows=5,995,309
[01:45:04]    Training SVD…
[01:49:18]    Generating Top-K…
[01:49:21] Scoring 53,424 original users for f_Romance_2u_pos5_neg1_all…
[01:49:48]   • Scored 10,000/53,424 users
[01:50:10]   • Scored 20,000/53,424 users
[01:50:31]   • Scored 30,000/53,424 users
[01:50:52]   • Scored 40,000/53,424 users
[01:51:20]   • Scored 50,000/53,424 users
[01:51:33] Saved → /home/moshtasa/Research/phd-svd-recsys/SVD/Book/result/rec/top_re/1016/SVD_pair/5/f_Romance_2u_pos5_neg1_all_15recommendation.csv (801,360 rows)
[01:51:37] Saved → /home/moshtasa/Research/phd-svd-recsys/SVD/Book/result/rec/top_re/1016/SVD_pair/5/f_Romance_2u_pos5_neg1_all_25recommendation.csv (1,335,600 rows)
[01:51:43] Saved → /home/moshtasa/Research/phd-svd-recsys/SVD/Book/result/rec/top_re/1016/SVD_pair/5/f_Romance_2u_pos5_neg1_all_35recommendation.csv (1,869,840 rows)
[01:51:47]    ✅ Done.
[01:51:47] 
📘 [32/39] POS=5 4u — Romance
[01:51:47]    File: f_Romance_4u_pos5_neg1_all.csv
[01:51:56]    Loaded — items=10,000, rows=6,014,139
[01:51:57]    Training SVD…
[01:55:54]    Generating Top-K…
[01:55:56] Scoring 53,424 original users for f_Romance_4u_pos5_neg1_all…
[01:56:25]   • Scored 10,000/53,424 users
[01:56:45]   • Scored 20,000/53,424 users
[01:57:05]   • Scored 30,000/53,424 users
[01:57:25]   • Scored 40,000/53,424 users
[01:57:44]   • Scored 50,000/53,424 users
[01:57:54] Saved → /home/moshtasa/Research/phd-svd-recsys/SVD/Book/result/rec/top_re/1016/SVD_pair/5/f_Romance_4u_pos5_neg1_all_15recommendation.csv (801,360 rows)
[01:57:58] Saved → /home/moshtasa/Research/phd-svd-recsys/SVD/Book/result/rec/top_re/1016/SVD_pair/5/f_Romance_4u_pos5_neg1_all_25recommendation.csv (1,335,600 rows)
[01:58:04] Saved → /home/moshtasa/Research/phd-svd-recsys/SVD/Book/result/rec/top_re/1016/SVD_pair/5/f_Romance_4u_pos5_neg1_all_35recommendation.csv (1,869,840 rows)
[01:58:07]    ✅ Done.
[01:58:07] 
📘 [33/39] POS=5 6u — Romance
[01:58:07]    File: f_Romance_6u_pos5_neg1_all.csv
[01:58:16]    Loaded — items=10,000, rows=6,032,969
[01:58:17]    Training SVD…
[02:02:12]    Generating Top-K…
[02:02:15] Scoring 53,424 original users for f_Romance_6u_pos5_neg1_all…
[02:02:39]   • Scored 10,000/53,424 users
[02:03:01]   • Scored 20,000/53,424 users
[02:03:22]   • Scored 30,000/53,424 users
[02:03:43]   • Scored 40,000/53,424 users
[02:04:03]   • Scored 50,000/53,424 users
[02:04:13] Saved → /home/moshtasa/Research/phd-svd-recsys/SVD/Book/result/rec/top_re/1016/SVD_pair/5/f_Romance_6u_pos5_neg1_all_15recommendation.csv (801,360 rows)
[02:04:17] Saved → /home/moshtasa/Research/phd-svd-recsys/SVD/Book/result/rec/top_re/1016/SVD_pair/5/f_Romance_6u_pos5_neg1_all_25recommendation.csv (1,335,600 rows)
[02:04:24] Saved → /home/moshtasa/Research/phd-svd-recsys/SVD/Book/result/rec/top_re/1016/SVD_pair/5/f_Romance_6u_pos5_neg1_all_35recommendation.csv (1,869,840 rows)
[02:04:28]    ✅ Done.
[02:04:28] 
📘 [34/39] POS=5 2u — Science Fiction
[02:04:28]    File: f_Science_Fiction_2u_pos5_neg1_all.csv
[02:04:33]    Loaded — items=10,000, rows=5,995,309
[02:04:34]    Training SVD…
[02:08:49]    Generating Top-K…
[02:08:52] Scoring 53,424 original users for f_Science_Fiction_2u_pos5_neg1_all…
[02:09:18]   • Scored 10,000/53,424 users
[02:09:40]   • Scored 20,000/53,424 users
[02:10:03]   • Scored 30,000/53,424 users
[02:10:26]   • Scored 40,000/53,424 users
[02:10:49]   • Scored 50,000/53,424 users
[02:10:59] Saved → /home/moshtasa/Research/phd-svd-recsys/SVD/Book/result/rec/top_re/1016/SVD_pair/5/f_Science_Fiction_2u_pos5_neg1_all_15recommendation.csv (801,360 rows)
[02:11:04] Saved → /home/moshtasa/Research/phd-svd-recsys/SVD/Book/result/rec/top_re/1016/SVD_pair/5/f_Science_Fiction_2u_pos5_neg1_all_25recommendation.csv (1,335,600 rows)
[02:11:10] Saved → /home/moshtasa/Research/phd-svd-recsys/SVD/Book/result/rec/top_re/1016/SVD_pair/5/f_Science_Fiction_2u_pos5_neg1_all_35recommendation.csv (1,869,840 rows)
[02:11:15]    ✅ Done.
[02:11:15] 
📘 [35/39] POS=5 4u — Science Fiction
[02:11:15]    File: f_Science_Fiction_4u_pos5_neg1_all.csv
[02:11:21]    Loaded — items=10,000, rows=6,014,139
[02:11:22]    Training SVD…
[02:15:37]    Generating Top-K…
[02:15:40] Scoring 53,424 original users for f_Science_Fiction_4u_pos5_neg1_all…
[02:16:05]   • Scored 10,000/53,424 users
[02:16:27]   • Scored 20,000/53,424 users
[02:16:50]   • Scored 30,000/53,424 users
[02:17:13]   • Scored 40,000/53,424 users
[02:17:36]   • Scored 50,000/53,424 users
[02:17:46] Saved → /home/moshtasa/Research/phd-svd-recsys/SVD/Book/result/rec/top_re/1016/SVD_pair/5/f_Science_Fiction_4u_pos5_neg1_all_15recommendation.csv (801,360 rows)
[02:17:50] Saved → /home/moshtasa/Research/phd-svd-recsys/SVD/Book/result/rec/top_re/1016/SVD_pair/5/f_Science_Fiction_4u_pos5_neg1_all_25recommendation.csv (1,335,600 rows)
[02:17:57] Saved → /home/moshtasa/Research/phd-svd-recsys/SVD/Book/result/rec/top_re/1016/SVD_pair/5/f_Science_Fiction_4u_pos5_neg1_all_35recommendation.csv (1,869,840 rows)
[02:18:01]    ✅ Done.
[02:18:01] 
📘 [36/39] POS=5 6u — Science Fiction
[02:18:01]    File: f_Science_Fiction_6u_pos5_neg1_all.csv
[02:18:11]    Loaded — items=10,000, rows=6,032,969
[02:18:12]    Training SVD…
[02:22:26]    Generating Top-K…
[02:22:29] Scoring 53,424 original users for f_Science_Fiction_6u_pos5_neg1_all…
[02:22:56]   • Scored 10,000/53,424 users
[02:23:18]   • Scored 20,000/53,424 users
[02:23:39]   • Scored 30,000/53,424 users
[02:24:02]   • Scored 40,000/53,424 users
[02:24:21]   • Scored 50,000/53,424 users
[02:24:31] Saved → /home/moshtasa/Research/phd-svd-recsys/SVD/Book/result/rec/top_re/1016/SVD_pair/5/f_Science_Fiction_6u_pos5_neg1_all_15recommendation.csv (801,360 rows)
[02:24:35] Saved → /home/moshtasa/Research/phd-svd-recsys/SVD/Book/result/rec/top_re/1016/SVD_pair/5/f_Science_Fiction_6u_pos5_neg1_all_25recommendation.csv (1,335,600 rows)
[02:24:42] Saved → /home/moshtasa/Research/phd-svd-recsys/SVD/Book/result/rec/top_re/1016/SVD_pair/5/f_Science_Fiction_6u_pos5_neg1_all_35recommendation.csv (1,869,840 rows)
[02:24:45]    ✅ Done.
[02:24:45] 
📘 [37/39] POS=5 2u — Thriller
[02:24:45]    File: f_Thriller_2u_pos5_neg1_all.csv
[02:24:53]    Loaded — items=10,000, rows=5,995,309
[02:24:54]    Training SVD…
[02:28:52]    Generating Top-K…
[02:28:54] Scoring 53,424 original users for f_Thriller_2u_pos5_neg1_all…
[02:29:16]   • Scored 10,000/53,424 users
[02:29:39]   • Scored 20,000/53,424 users
[02:30:02]   • Scored 30,000/53,424 users
[02:30:25]   • Scored 40,000/53,424 users
[02:30:48]   • Scored 50,000/53,424 users
[02:30:59] Saved → /home/moshtasa/Research/phd-svd-recsys/SVD/Book/result/rec/top_re/1016/SVD_pair/5/f_Thriller_2u_pos5_neg1_all_15recommendation.csv (801,360 rows)
[02:31:04] Saved → /home/moshtasa/Research/phd-svd-recsys/SVD/Book/result/rec/top_re/1016/SVD_pair/5/f_Thriller_2u_pos5_neg1_all_25recommendation.csv (1,335,600 rows)
[02:31:10] Saved → /home/moshtasa/Research/phd-svd-recsys/SVD/Book/result/rec/top_re/1016/SVD_pair/5/f_Thriller_2u_pos5_neg1_all_35recommendation.csv (1,869,840 rows)
[02:31:13]    ✅ Done.
[02:31:13] 
📘 [38/39] POS=5 4u — Thriller
[02:31:13]    File: f_Thriller_4u_pos5_neg1_all.csv
[02:31:22]    Loaded — items=10,000, rows=6,014,139
[02:31:23]    Training SVD…
[02:35:16]    Generating Top-K…
[02:35:19] Scoring 53,424 original users for f_Thriller_4u_pos5_neg1_all…
[02:35:41]   • Scored 10,000/53,424 users
[02:36:04]   • Scored 20,000/53,424 users
[02:36:26]   • Scored 30,000/53,424 users
[02:36:48]   • Scored 40,000/53,424 users
[02:37:11]   • Scored 50,000/53,424 users
[02:37:22] Saved → /home/moshtasa/Research/phd-svd-recsys/SVD/Book/result/rec/top_re/1016/SVD_pair/5/f_Thriller_4u_pos5_neg1_all_15recommendation.csv (801,360 rows)
[02:37:27] Saved → /home/moshtasa/Research/phd-svd-recsys/SVD/Book/result/rec/top_re/1016/SVD_pair/5/f_Thriller_4u_pos5_neg1_all_25recommendation.csv (1,335,600 rows)
[02:37:34] Saved → /home/moshtasa/Research/phd-svd-recsys/SVD/Book/result/rec/top_re/1016/SVD_pair/5/f_Thriller_4u_pos5_neg1_all_35recommendation.csv (1,869,840 rows)
[02:37:38]    ✅ Done.
[02:37:38] 
📘 [39/39] POS=5 6u — Thriller
[02:37:38]    File: f_Thriller_6u_pos5_neg1_all.csv
[02:37:46]    Loaded — items=10,000, rows=6,032,969
[02:37:47]    Training SVD…
[02:42:03]    Generating Top-K…
[02:42:08] Scoring 53,424 original users for f_Thriller_6u_pos5_neg1_all…
[02:42:32]   • Scored 10,000/53,424 users
[02:42:53]   • Scored 20,000/53,424 users
[02:43:15]   • Scored 30,000/53,424 users
[02:43:36]   • Scored 40,000/53,424 users
[02:43:58]   • Scored 50,000/53,424 users
[02:44:10] Saved → /home/moshtasa/Research/phd-svd-recsys/SVD/Book/result/rec/top_re/1016/SVD_pair/5/f_Thriller_6u_pos5_neg1_all_15recommendation.csv (801,360 rows)
[02:44:15] Saved → /home/moshtasa/Research/phd-svd-recsys/SVD/Book/result/rec/top_re/1016/SVD_pair/5/f_Thriller_6u_pos5_neg1_all_25recommendation.csv (1,335,600 rows)
[02:44:22] Saved → /home/moshtasa/Research/phd-svd-recsys/SVD/Book/result/rec/top_re/1016/SVD_pair/5/f_Thriller_6u_pos5_neg1_all_35recommendation.csv (1,869,840 rows)
[02:44:26]    ✅ Done.
[02:44:26] 
🏁 Finished all single-genre POS=5 runs.
[02:44:26] Results in: /home/moshtasa/Research/phd-svd-recsys/SVD/Book/result/rec/top_re/1016/SVD_pair/5
[02:44:26] Total runtime ~ 4.43 h
