nohup: ignoring input
[INFO] Found 61 unique unordered pairs across /5 and /7
[OK] Inventory saved in /home/moshtasa/Research/phd-svd-recsys/SVD/Book/result/rec/top_re/0929/SVD_pair/result/pair_summary/all/_inventory
5: adult,classics n=25, K=15 → avg=0.0009
5: adult,classics n=50, K=15 → avg=0.0042
5: adult,classics n=100, K=15 → avg=0.0091
5: adult,classics n=200, K=15 → avg=0.0834
5: adult,classics n=25, K=25 → avg=0.0028
5: adult,classics n=50, K=25 → avg=0.0112
5: adult,classics n=100, K=25 → avg=0.0229
5: adult,classics n=200, K=25 → avg=0.1197
5: adult,classics n=25, K=35 → avg=0.0059
5: adult,classics n=50, K=35 → avg=0.0197
5: adult,classics n=100, K=35 → avg=0.0382
5: adult,classics n=200, K=35 → avg=0.1491
5: adult,drama n=25, K=15 → avg=0.2722
5: adult,drama n=50, K=15 → avg=0.1247
5: adult,drama n=100, K=15 → avg=0.1144
5: adult,drama n=200, K=15 → avg=0.1100
5: adult,drama n=25, K=25 → avg=0.4530
5: adult,drama n=50, K=25 → avg=0.2293
5: adult,drama n=100, K=25 → avg=0.2108
5: adult,drama n=200, K=25 → avg=0.2298
5: adult,drama n=25, K=35 → avg=0.6368
5: adult,drama n=50, K=35 → avg=0.3419
5: adult,drama n=100, K=35 → avg=0.3198
5: adult,drama n=200, K=35 → avg=0.3603
5: adult,fantasy n=25, K=15 → avg=0.0004
5: adult,fantasy n=50, K=15 → avg=0.0010
5: adult,fantasy n=100, K=15 → avg=0.0000
5: adult,fantasy n=200, K=15 → avg=0.0108
5: adult,fantasy n=25, K=25 → avg=0.0016
5: adult,fantasy n=50, K=25 → avg=0.0028
5: adult,fantasy n=100, K=25 → avg=0.0002
5: adult,fantasy n=200, K=25 → avg=0.0188
5: adult,fantasy n=25, K=35 → avg=0.0031
5: adult,fantasy n=50, K=35 → avg=0.0044
5: adult,fantasy n=100, K=35 → avg=0.0010
5: adult,fantasy n=200, K=35 → avg=0.0278
5: adult,historical n=25, K=15 → avg=0.0099
5: adult,historical n=50, K=15 → avg=0.0252
5: adult,historical n=100, K=15 → avg=0.0797
5: adult,historical n=200, K=15 → avg=0.2017
5: adult,historical n=25, K=25 → avg=0.0227
5: adult,historical n=50, K=25 → avg=0.0462
5: adult,historical n=100, K=25 → avg=0.1178
5: adult,historical n=200, K=25 → avg=0.2889
5: adult,historical n=25, K=35 → avg=0.0369
5: adult,historical n=50, K=35 → avg=0.0650
5: adult,historical n=100, K=35 → avg=0.1524
5: adult,historical n=200, K=35 → avg=0.3609
5: adult,mystery n=25, K=15 → avg=0.0565
5: adult,mystery n=50, K=15 → avg=0.0778
5: adult,mystery n=100, K=15 → avg=0.0155
5: adult,mystery n=200, K=15 → avg=0.1951
5: adult,mystery n=25, K=25 → avg=0.1012
5: adult,mystery n=50, K=25 → avg=0.1373
5: adult,mystery n=100, K=25 → avg=0.0401
5: adult,mystery n=200, K=25 → avg=0.2802
5: adult,mystery n=25, K=35 → avg=0.1441
5: adult,mystery n=50, K=35 → avg=0.1936
5: adult,mystery n=100, K=35 → avg=0.0699
5: adult,mystery n=200, K=35 → avg=0.3521
5: adult,nonfiction n=25, K=15 → avg=0.2244
5: adult,nonfiction n=50, K=15 → avg=0.1466
5: adult,nonfiction n=100, K=15 → avg=0.0197
5: adult,nonfiction n=200, K=15 → avg=0.1567
5: adult,nonfiction n=25, K=25 → avg=0.2770
5: adult,nonfiction n=50, K=25 → avg=0.1986
5: adult,nonfiction n=100, K=25 → avg=0.0487
5: adult,nonfiction n=200, K=25 → avg=0.2409
5: adult,nonfiction n=25, K=35 → avg=0.3216
5: adult,nonfiction n=50, K=35 → avg=0.2514
5: adult,nonfiction n=100, K=35 → avg=0.0893
5: adult,nonfiction n=200, K=35 → avg=0.3228
5: adult,romance n=25, K=15 → avg=0.5121
5: adult,romance n=50, K=15 → avg=0.5468
5: adult,romance n=100, K=15 → avg=0.3605
5: adult,romance n=200, K=15 → avg=0.3034
5: adult,romance n=25, K=25 → avg=0.7330
5: adult,romance n=50, K=25 → avg=0.7835
5: adult,romance n=100, K=25 → avg=0.6104
5: adult,romance n=200, K=25 → avg=0.5003
5: adult,romance n=25, K=35 → avg=0.9369
5: adult,romance n=50, K=35 → avg=1.0028
5: adult,romance n=100, K=35 → avg=0.8502
5: adult,romance n=200, K=35 → avg=0.6975
5: adult,thriller n=25, K=15 → avg=0.0110
5: adult,thriller n=50, K=15 → avg=0.0550
5: adult,thriller n=100, K=15 → avg=0.0090
5: adult,thriller n=200, K=15 → avg=0.0197
5: adult,thriller n=25, K=25 → avg=0.0176
5: adult,thriller n=50, K=25 → avg=0.0893
5: adult,thriller n=100, K=25 → avg=0.0190
5: adult,thriller n=200, K=25 → avg=0.0361
5: adult,thriller n=25, K=35 → avg=0.0241
5: adult,thriller n=50, K=35 → avg=0.1161
5: adult,thriller n=100, K=35 → avg=0.0298
5: adult,thriller n=200, K=35 → avg=0.0524
5: adventure,children_s n=25, K=15 → avg=0.7566
5: adventure,children_s n=50, K=15 → avg=0.5104
5: adventure,children_s n=100, K=15 → avg=0.3951
5: adventure,children_s n=200, K=15 → avg=0.3169
5: adventure,children_s n=25, K=25 → avg=1.3242
5: adventure,children_s n=50, K=25 → avg=0.9810
5: adventure,children_s n=100, K=25 → avg=0.8222
5: adventure,children_s n=200, K=25 → avg=0.6420
5: adventure,children_s n=25, K=35 → avg=1.9003
5: adventure,children_s n=50, K=35 → avg=1.4979
5: adventure,children_s n=100, K=35 → avg=1.2836
5: adventure,children_s n=200, K=35 → avg=1.0184
5: adventure,classics n=25, K=15 → avg=0.0508
5: adventure,classics n=50, K=15 → avg=0.0289
5: adventure,classics n=100, K=15 → avg=0.0820
5: adventure,classics n=200, K=15 → avg=0.0598
5: adventure,classics n=25, K=25 → avg=0.1004
5: adventure,classics n=50, K=25 → avg=0.0659
5: adventure,classics n=100, K=25 → avg=0.1500
5: adventure,classics n=200, K=25 → avg=0.1264
5: adventure,classics n=25, K=35 → avg=0.1575
5: adventure,classics n=50, K=35 → avg=0.1127
5: adventure,classics n=100, K=35 → avg=0.2266
5: adventure,classics n=200, K=35 → avg=0.1999
5: adventure,drama n=25, K=15 → avg=0.2867
5: adventure,drama n=50, K=15 → avg=0.2185
5: adventure,drama n=100, K=15 → avg=0.3181
5: adventure,drama n=200, K=15 → avg=0.3286
5: adventure,drama n=25, K=25 → avg=0.4159
5: adventure,drama n=50, K=25 → avg=0.3426
5: adventure,drama n=100, K=25 → avg=0.4812
5: adventure,drama n=200, K=25 → avg=0.5285
5: adventure,drama n=25, K=35 → avg=0.5361
5: adventure,drama n=50, K=35 → avg=0.4641
5: adventure,drama n=100, K=35 → avg=0.6359
5: adventure,drama n=200, K=35 → avg=0.7213
5: adventure,fantasy n=25, K=15 → avg=1.4909
5: adventure,fantasy n=50, K=15 → avg=1.1028
5: adventure,fantasy n=100, K=15 → avg=1.5277
5: adventure,fantasy n=200, K=15 → avg=1.2805
5: adventure,fantasy n=25, K=25 → avg=2.8381
5: adventure,fantasy n=50, K=25 → avg=2.1951
5: adventure,fantasy n=100, K=25 → avg=2.8569
5: adventure,fantasy n=200, K=25 → avg=2.4728
5: adventure,fantasy n=25, K=35 → avg=4.2635
5: adventure,fantasy n=50, K=35 → avg=3.4150
5: adventure,fantasy n=100, K=35 → avg=4.2189
5: adventure,fantasy n=200, K=35 → avg=3.7585
5: adventure,historical n=25, K=15 → avg=0.3669
5: adventure,historical n=50, K=15 → avg=0.0558
5: adventure,historical n=100, K=15 → avg=0.0795
5: adventure,historical n=200, K=15 → avg=0.1350
5: adventure,historical n=25, K=25 → avg=0.5468
5: adventure,historical n=50, K=25 → avg=0.1415
5: adventure,historical n=100, K=25 → avg=0.1451
5: adventure,historical n=200, K=25 → avg=0.2689
5: adventure,historical n=25, K=35 → avg=0.7041
5: adventure,historical n=50, K=35 → avg=0.2450
5: adventure,historical n=100, K=35 → avg=0.2222
5: adventure,historical n=200, K=35 → avg=0.4224
5: adventure,horror n=25, K=15 → avg=0.0175
5: adventure,horror n=50, K=15 → avg=0.0226
5: adventure,horror n=100, K=15 → avg=0.0211
5: adventure,horror n=200, K=15 → avg=0.1361
5: adventure,horror n=25, K=25 → avg=0.0356
5: adventure,horror n=50, K=25 → avg=0.0473
5: adventure,horror n=100, K=25 → avg=0.0502
5: adventure,horror n=200, K=25 → avg=0.1968
5: adventure,horror n=25, K=35 → avg=0.0559
5: adventure,horror n=50, K=35 → avg=0.0729
5: adventure,horror n=100, K=35 → avg=0.0837
5: adventure,horror n=200, K=35 → avg=0.2490
5: adventure,mystery n=25, K=15 → avg=0.1327
5: adventure,mystery n=50, K=15 → avg=0.2585
5: adventure,mystery n=100, K=15 → avg=0.1114
5: adventure,mystery n=200, K=15 → avg=0.2914
5: adventure,mystery n=25, K=25 → avg=0.2266
5: adventure,mystery n=50, K=25 → avg=0.3863
5: adventure,mystery n=100, K=25 → avg=0.2213
5: adventure,mystery n=200, K=25 → avg=0.4097
5: adventure,mystery n=25, K=35 → avg=0.3175
5: adventure,mystery n=50, K=35 → avg=0.5054
5: adventure,mystery n=100, K=35 → avg=0.3309
5: adventure,mystery n=200, K=35 → avg=0.5190
5: adventure,nonfiction n=25, K=15 → avg=0.0556
5: adventure,nonfiction n=50, K=15 → avg=0.0618
5: adventure,nonfiction n=100, K=15 → avg=0.0882
5: adventure,nonfiction n=200, K=15 → avg=0.0576
5: adventure,nonfiction n=25, K=25 → avg=0.1094
5: adventure,nonfiction n=50, K=25 → avg=0.1134
5: adventure,nonfiction n=100, K=25 → avg=0.1500
5: adventure,nonfiction n=200, K=25 → avg=0.1293
5: adventure,nonfiction n=25, K=35 → avg=0.1725
5: adventure,nonfiction n=50, K=35 → avg=0.1743
5: adventure,nonfiction n=100, K=35 → avg=0.2185
5: adventure,nonfiction n=200, K=35 → avg=0.2210
5: adventure,romance n=25, K=15 → avg=0.0797
5: adventure,romance n=50, K=15 → avg=0.0813
5: adventure,romance n=100, K=15 → avg=0.0396
5: adventure,romance n=200, K=15 → avg=0.2319
5: adventure,romance n=25, K=25 → avg=0.1232
5: adventure,romance n=50, K=25 → avg=0.1508
5: adventure,romance n=100, K=25 → avg=0.0803
5: adventure,romance n=200, K=25 → avg=0.3548
5: adventure,romance n=25, K=35 → avg=0.1654
5: adventure,romance n=50, K=35 → avg=0.2186
5: adventure,romance n=100, K=35 → avg=0.1296
5: adventure,romance n=200, K=35 → avg=0.4661
5: adventure,science_fiction n=25, K=15 → avg=0.1701
5: adventure,science_fiction n=50, K=15 → avg=0.1101
5: adventure,science_fiction n=100, K=15 → avg=0.1536
5: adventure,science_fiction n=200, K=15 → avg=0.1763
5: adventure,science_fiction n=25, K=25 → avg=0.3595
5: adventure,science_fiction n=50, K=25 → avg=0.2754
5: adventure,science_fiction n=100, K=25 → avg=0.3315
5: adventure,science_fiction n=200, K=25 → avg=0.3226
5: adventure,science_fiction n=25, K=35 → avg=0.5848
5: adventure,science_fiction n=50, K=35 → avg=0.4826
5: adventure,science_fiction n=100, K=35 → avg=0.5497
5: adventure,science_fiction n=200, K=35 → avg=0.5044
5: adventure,thriller n=25, K=15 → avg=0.1204
5: adventure,thriller n=50, K=15 → avg=0.1905
5: adventure,thriller n=100, K=15 → avg=0.1682
5: adventure,thriller n=200, K=15 → avg=0.3636
5: adventure,thriller n=25, K=25 → avg=0.2047
5: adventure,thriller n=50, K=25 → avg=0.3089
5: adventure,thriller n=100, K=25 → avg=0.2577
5: adventure,thriller n=200, K=25 → avg=0.5698
5: adventure,thriller n=25, K=35 → avg=0.2917
5: adventure,thriller n=50, K=35 → avg=0.4245
5: adventure,thriller n=100, K=35 → avg=0.3421
5: adventure,thriller n=200, K=35 → avg=0.7468
5: children_s,classics n=25, K=15 → avg=0.3716
5: children_s,classics n=50, K=15 → avg=0.2536
5: children_s,classics n=100, K=15 → avg=0.3165
5: children_s,classics n=200, K=15 → avg=0.3666
5: children_s,classics n=25, K=25 → avg=0.6435
5: children_s,classics n=50, K=25 → avg=0.4972
5: children_s,classics n=100, K=25 → avg=0.5933
5: children_s,classics n=200, K=25 → avg=0.6041
5: children_s,classics n=25, K=35 → avg=0.9178
5: children_s,classics n=50, K=35 → avg=0.7617
5: children_s,classics n=100, K=35 → avg=0.8849
5: children_s,classics n=200, K=35 → avg=0.8322
5: children_s,drama n=25, K=15 → avg=0.1667
5: children_s,drama n=50, K=15 → avg=0.3421
5: children_s,drama n=100, K=15 → avg=0.1680
5: children_s,drama n=200, K=15 → avg=0.1509
5: children_s,drama n=25, K=25 → avg=0.3223
5: children_s,drama n=50, K=25 → avg=0.5577
5: children_s,drama n=100, K=25 → avg=0.3252
5: children_s,drama n=200, K=25 → avg=0.3142
5: children_s,drama n=25, K=35 → avg=0.4950
5: children_s,drama n=50, K=35 → avg=0.7860
5: children_s,drama n=100, K=35 → avg=0.4952
5: children_s,drama n=200, K=35 → avg=0.5015
5: children_s,fantasy n=25, K=15 → avg=0.2124
5: children_s,fantasy n=50, K=15 → avg=0.1369
5: children_s,fantasy n=100, K=15 → avg=0.1497
5: children_s,fantasy n=200, K=15 → avg=0.3660
5: children_s,fantasy n=25, K=25 → avg=0.4078
5: children_s,fantasy n=50, K=25 → avg=0.3206
5: children_s,fantasy n=100, K=25 → avg=0.3474
5: children_s,fantasy n=200, K=25 → avg=0.6927
5: children_s,fantasy n=25, K=35 → avg=0.6268
5: children_s,fantasy n=50, K=35 → avg=0.5376
5: children_s,fantasy n=100, K=35 → avg=0.5845
5: children_s,fantasy n=200, K=35 → avg=1.0243
5: children_s,historical n=25, K=15 → avg=0.0548
5: children_s,historical n=50, K=15 → avg=0.0481
5: children_s,historical n=100, K=15 → avg=0.0173
5: children_s,historical n=200, K=15 → avg=0.0532
5: children_s,historical n=25, K=25 → avg=0.0897
5: children_s,historical n=50, K=25 → avg=0.0776
5: children_s,historical n=100, K=25 → avg=0.0547
5: children_s,historical n=200, K=25 → avg=0.1228
5: children_s,historical n=25, K=35 → avg=0.1318
5: children_s,historical n=50, K=35 → avg=0.1141
5: children_s,historical n=100, K=35 → avg=0.1117
5: children_s,historical n=200, K=35 → avg=0.2053
5: children_s,horror n=25, K=15 → avg=0.0574
5: children_s,horror n=50, K=15 → avg=0.0523
5: children_s,horror n=100, K=15 → avg=0.0823
5: children_s,horror n=200, K=15 → avg=0.1264
5: children_s,horror n=25, K=25 → avg=0.0948
5: children_s,horror n=50, K=25 → avg=0.0828
5: children_s,horror n=100, K=25 → avg=0.1411
5: children_s,horror n=200, K=25 → avg=0.2079
5: children_s,horror n=25, K=35 → avg=0.1330
5: children_s,horror n=50, K=35 → avg=0.1171
5: children_s,horror n=100, K=35 → avg=0.2014
5: children_s,horror n=200, K=35 → avg=0.2858
5: children_s,mystery n=25, K=15 → avg=0.4134
5: children_s,mystery n=50, K=15 → avg=0.2252
5: children_s,mystery n=100, K=15 → avg=0.1466
5: children_s,mystery n=200, K=15 → avg=0.1957
5: children_s,mystery n=25, K=25 → avg=0.6196
5: children_s,mystery n=50, K=25 → avg=0.3901
5: children_s,mystery n=100, K=25 → avg=0.2944
5: children_s,mystery n=200, K=25 → avg=0.3551
5: children_s,mystery n=25, K=35 → avg=0.8092
5: children_s,mystery n=50, K=35 → avg=0.5524
5: children_s,mystery n=100, K=35 → avg=0.4543
5: children_s,mystery n=200, K=35 → avg=0.5174
5: children_s,nonfiction n=25, K=15 → avg=0.0438
5: children_s,nonfiction n=50, K=15 → avg=0.2036
5: children_s,nonfiction n=100, K=15 → avg=0.1166
5: children_s,nonfiction n=200, K=15 → avg=0.2173
5: children_s,nonfiction n=25, K=25 → avg=0.1096
5: children_s,nonfiction n=50, K=25 → avg=0.3146
5: children_s,nonfiction n=100, K=25 → avg=0.2209
5: children_s,nonfiction n=200, K=25 → avg=0.3574
5: children_s,nonfiction n=25, K=35 → avg=0.1839
5: children_s,nonfiction n=50, K=35 → avg=0.4176
5: children_s,nonfiction n=100, K=35 → avg=0.3313
5: children_s,nonfiction n=200, K=35 → avg=0.4877
5: children_s,romance n=25, K=15 → avg=0.1086
5: children_s,romance n=50, K=15 → avg=0.0084
5: children_s,romance n=100, K=15 → avg=0.0446
5: children_s,romance n=200, K=15 → avg=0.1224
5: children_s,romance n=25, K=25 → avg=0.1593
5: children_s,romance n=50, K=25 → avg=0.0240
5: children_s,romance n=100, K=25 → avg=0.0880
5: children_s,romance n=200, K=25 → avg=0.1999
5: children_s,romance n=25, K=35 → avg=0.2064
5: children_s,romance n=50, K=35 → avg=0.0464
5: children_s,romance n=100, K=35 → avg=0.1350
5: children_s,romance n=200, K=35 → avg=0.2707
5: children_s,science_fiction n=25, K=15 → avg=0.0619
5: children_s,science_fiction n=50, K=15 → avg=0.0917
5: children_s,science_fiction n=100, K=15 → avg=0.1033
5: children_s,science_fiction n=200, K=15 → avg=0.0504
5: children_s,science_fiction n=25, K=25 → avg=0.1082
5: children_s,science_fiction n=50, K=25 → avg=0.1647
5: children_s,science_fiction n=100, K=25 → avg=0.1903
5: children_s,science_fiction n=200, K=25 → avg=0.1064
5: children_s,science_fiction n=25, K=35 → avg=0.1538
5: children_s,science_fiction n=50, K=35 → avg=0.2301
5: children_s,science_fiction n=100, K=35 → avg=0.2744
5: children_s,science_fiction n=200, K=35 → avg=0.1626
5: classics,drama n=25, K=15 → avg=0.3338
5: classics,drama n=50, K=15 → avg=0.4888
5: classics,drama n=100, K=15 → avg=0.7175
5: classics,drama n=200, K=15 → avg=0.3513
5: classics,drama n=25, K=25 → avg=0.6284
5: classics,drama n=50, K=25 → avg=0.8671
5: classics,drama n=100, K=25 → avg=1.1184
5: classics,drama n=200, K=25 → avg=0.6478
5: classics,drama n=25, K=35 → avg=0.9522
5: classics,drama n=50, K=35 → avg=1.2597
5: classics,drama n=100, K=35 → avg=1.5371
5: classics,drama n=200, K=35 → avg=0.9633
5: classics,fantasy n=25, K=15 → avg=0.0073
5: classics,fantasy n=50, K=15 → avg=0.0061
5: classics,fantasy n=100, K=15 → avg=0.0075
5: classics,fantasy n=200, K=15 → avg=0.0060
5: classics,fantasy n=25, K=25 → avg=0.0168
5: classics,fantasy n=50, K=25 → avg=0.0159
5: classics,fantasy n=100, K=25 → avg=0.0196
5: classics,fantasy n=200, K=25 → avg=0.0171
5: classics,fantasy n=25, K=35 → avg=0.0294
5: classics,fantasy n=50, K=35 → avg=0.0297
5: classics,fantasy n=100, K=35 → avg=0.0385
5: classics,fantasy n=200, K=35 → avg=0.0329
5: classics,historical n=25, K=15 → avg=0.0047
5: classics,historical n=50, K=15 → avg=0.0097
5: classics,historical n=100, K=15 → avg=0.0169
5: classics,historical n=200, K=15 → avg=0.0140
5: classics,historical n=25, K=25 → avg=0.0098
5: classics,historical n=50, K=25 → avg=0.0251
5: classics,historical n=100, K=25 → avg=0.0366
5: classics,historical n=200, K=25 → avg=0.0382
5: classics,historical n=25, K=35 → avg=0.0166
5: classics,historical n=50, K=35 → avg=0.0455
5: classics,historical n=100, K=35 → avg=0.0591
5: classics,historical n=200, K=35 → avg=0.0676
5: classics,horror n=25, K=15 → avg=0.0040
5: classics,horror n=50, K=15 → avg=0.0251
5: classics,horror n=100, K=15 → avg=0.0429
5: classics,horror n=200, K=15 → avg=0.0289
5: classics,horror n=25, K=25 → avg=0.0168
5: classics,horror n=50, K=25 → avg=0.0537
5: classics,horror n=100, K=25 → avg=0.0857
5: classics,horror n=200, K=25 → avg=0.0694
5: classics,horror n=25, K=35 → avg=0.0361
5: classics,horror n=50, K=35 → avg=0.0883
5: classics,horror n=100, K=35 → avg=0.1348
5: classics,horror n=200, K=35 → avg=0.1182
5: classics,mystery n=25, K=15 → avg=0.1244
5: classics,mystery n=50, K=15 → avg=0.1168
5: classics,mystery n=100, K=15 → avg=0.0922
5: classics,mystery n=200, K=15 → avg=0.1439
5: classics,mystery n=25, K=25 → avg=0.1952
5: classics,mystery n=50, K=25 → avg=0.2268
5: classics,mystery n=100, K=25 → avg=0.1855
5: classics,mystery n=200, K=25 → avg=0.2341
5: classics,mystery n=25, K=35 → avg=0.2664
5: classics,mystery n=50, K=35 → avg=0.3517
5: classics,mystery n=100, K=35 → avg=0.2992
5: classics,mystery n=200, K=35 → avg=0.3354
5: classics,nonfiction n=25, K=15 → avg=0.2744
5: classics,nonfiction n=50, K=15 → avg=0.3861
5: classics,nonfiction n=100, K=15 → avg=0.2393
5: classics,nonfiction n=200, K=15 → avg=0.1689
5: classics,nonfiction n=25, K=25 → avg=0.4237
5: classics,nonfiction n=50, K=25 → avg=0.5958
5: classics,nonfiction n=100, K=25 → avg=0.4232
5: classics,nonfiction n=200, K=25 → avg=0.3108
5: classics,nonfiction n=25, K=35 → avg=0.5700
5: classics,nonfiction n=50, K=35 → avg=0.8131
5: classics,nonfiction n=100, K=35 → avg=0.6183
5: classics,nonfiction n=200, K=35 → avg=0.4664
5: classics,romance n=25, K=15 → avg=0.0526
5: classics,romance n=50, K=15 → avg=0.0364
5: classics,romance n=100, K=15 → avg=0.0103
5: classics,romance n=200, K=15 → avg=0.0352
5: classics,romance n=25, K=25 → avg=0.0898
5: classics,romance n=50, K=25 → avg=0.0784
5: classics,romance n=100, K=25 → avg=0.0364
5: classics,romance n=200, K=25 → avg=0.0829
5: classics,romance n=25, K=35 → avg=0.1292
5: classics,romance n=50, K=35 → avg=0.1282
5: classics,romance n=100, K=35 → avg=0.0791
5: classics,romance n=200, K=35 → avg=0.1385
5: classics,science_fiction n=25, K=15 → avg=0.0249
5: classics,science_fiction n=50, K=15 → avg=0.0342
5: classics,science_fiction n=100, K=15 → avg=0.0580
5: classics,science_fiction n=200, K=15 → avg=0.0775
5: classics,science_fiction n=25, K=25 → avg=0.0501
5: classics,science_fiction n=50, K=25 → avg=0.0588
5: classics,science_fiction n=100, K=25 → avg=0.0836
5: classics,science_fiction n=200, K=25 → avg=0.1266
5: classics,science_fiction n=25, K=35 → avg=0.0796
5: classics,science_fiction n=50, K=35 → avg=0.0860
5: classics,science_fiction n=100, K=35 → avg=0.1106
5: classics,science_fiction n=200, K=35 → avg=0.1777
5: drama,fantasy n=25, K=15 → avg=0.3739
5: drama,fantasy n=50, K=15 → avg=0.4925
5: drama,fantasy n=100, K=15 → avg=0.2315
5: drama,fantasy n=200, K=15 → avg=0.4358
5: drama,fantasy n=25, K=25 → avg=0.6591
5: drama,fantasy n=50, K=25 → avg=0.7713
5: drama,fantasy n=100, K=25 → avg=0.4486
5: drama,fantasy n=200, K=25 → avg=0.8097
5: drama,fantasy n=25, K=35 → avg=0.9369
5: drama,fantasy n=50, K=35 → avg=1.0466
5: drama,fantasy n=100, K=35 → avg=0.6841
5: drama,fantasy n=200, K=35 → avg=1.1795
5: drama,historical n=25, K=15 → avg=0.6764
5: drama,historical n=50, K=15 → avg=0.5794
5: drama,historical n=100, K=15 → avg=0.4527
5: drama,historical n=200, K=15 → avg=0.4929
5: drama,historical n=25, K=25 → avg=1.1277
5: drama,historical n=50, K=25 → avg=0.9755
5: drama,historical n=100, K=25 → avg=0.7774
5: drama,historical n=200, K=25 → avg=0.8507
5: drama,historical n=25, K=35 → avg=1.5961
5: drama,historical n=50, K=35 → avg=1.3954
5: drama,historical n=100, K=35 → avg=1.1350
5: drama,historical n=200, K=35 → avg=1.2393
5: drama,horror n=25, K=15 → avg=0.2351
5: drama,horror n=50, K=15 → avg=0.1585
5: drama,horror n=100, K=15 → avg=0.1127
5: drama,horror n=200, K=15 → avg=0.2011
5: drama,horror n=25, K=25 → avg=0.3917
5: drama,horror n=50, K=25 → avg=0.2841
5: drama,horror n=100, K=25 → avg=0.2301
5: drama,horror n=200, K=25 → avg=0.3823
5: drama,horror n=25, K=35 → avg=0.5464
5: drama,horror n=50, K=35 → avg=0.4098
5: drama,horror n=100, K=35 → avg=0.3544
5: drama,horror n=200, K=35 → avg=0.5621
5: drama,mystery n=25, K=15 → avg=0.5114
5: drama,mystery n=50, K=15 → avg=0.4954
5: drama,mystery n=100, K=15 → avg=0.4648
5: drama,mystery n=200, K=15 → avg=0.4201
5: drama,mystery n=25, K=25 → avg=0.8694
5: drama,mystery n=50, K=25 → avg=0.8155
5: drama,mystery n=100, K=25 → avg=0.7990
5: drama,mystery n=200, K=25 → avg=0.7199
5: drama,mystery n=25, K=35 → avg=1.2201
5: drama,mystery n=50, K=35 → avg=1.1276
5: drama,mystery n=100, K=35 → avg=1.1289
5: drama,mystery n=200, K=35 → avg=1.0302
5: drama,nonfiction n=25, K=15 → avg=1.4307
5: drama,nonfiction n=50, K=15 → avg=1.3291
5: drama,nonfiction n=100, K=15 → avg=0.9704
5: drama,nonfiction n=200, K=15 → avg=0.8632
5: drama,nonfiction n=25, K=25 → avg=2.3810
5: drama,nonfiction n=50, K=25 → avg=2.2938
5: drama,nonfiction n=100, K=25 → avg=1.7640
5: drama,nonfiction n=200, K=25 → avg=1.5612
5: drama,nonfiction n=25, K=35 → avg=3.3666
5: drama,nonfiction n=50, K=35 → avg=3.2988
5: drama,nonfiction n=100, K=35 → avg=2.6499
5: drama,nonfiction n=200, K=35 → avg=2.3314
5: drama,romance n=25, K=15 → avg=1.6452
5: drama,romance n=50, K=15 → avg=1.7551
5: drama,romance n=100, K=15 → avg=1.3761
5: drama,romance n=200, K=15 → avg=1.3777
5: drama,romance n=25, K=25 → avg=2.8285
5: drama,romance n=50, K=25 → avg=2.8470
5: drama,romance n=100, K=25 → avg=2.3833
5: drama,romance n=200, K=25 → avg=2.3128
5: drama,romance n=25, K=35 → avg=3.9754
5: drama,romance n=50, K=35 → avg=3.9091
5: drama,romance n=100, K=35 → avg=3.3866
5: drama,romance n=200, K=35 → avg=3.2531
5: drama,science_fiction n=25, K=15 → avg=0.1500
5: drama,science_fiction n=50, K=15 → avg=0.2442
5: drama,science_fiction n=100, K=15 → avg=0.2198
5: drama,science_fiction n=200, K=15 → avg=0.3191
5: drama,science_fiction n=25, K=25 → avg=0.2540
5: drama,science_fiction n=50, K=25 → avg=0.3820
5: drama,science_fiction n=100, K=25 → avg=0.3897
5: drama,science_fiction n=200, K=25 → avg=0.5386
5: drama,science_fiction n=25, K=35 → avg=0.3683
5: drama,science_fiction n=50, K=35 → avg=0.5233
5: drama,science_fiction n=100, K=35 → avg=0.5670
5: drama,science_fiction n=200, K=35 → avg=0.7488
5: drama,thriller n=25, K=15 → avg=0.0831
5: drama,thriller n=50, K=15 → avg=0.0373
5: drama,thriller n=100, K=15 → avg=0.0308
5: drama,thriller n=200, K=15 → avg=0.1166
5: drama,thriller n=25, K=25 → avg=0.1222
5: drama,thriller n=50, K=25 → avg=0.0796
5: drama,thriller n=100, K=25 → avg=0.0727
5: drama,thriller n=200, K=25 → avg=0.2057
5: drama,thriller n=25, K=35 → avg=0.1604
5: drama,thriller n=50, K=35 → avg=0.1255
5: drama,thriller n=100, K=35 → avg=0.1197
5: drama,thriller n=200, K=35 → avg=0.2950
5: fantasy,historical n=25, K=15 → avg=0.0558
5: fantasy,historical n=50, K=15 → avg=0.0378
5: fantasy,historical n=100, K=15 → avg=0.0657
5: fantasy,historical n=200, K=15 → avg=0.0650
5: fantasy,historical n=25, K=25 → avg=0.1112
5: fantasy,historical n=50, K=25 → avg=0.0704
5: fantasy,historical n=100, K=25 → avg=0.1140
5: fantasy,historical n=200, K=25 → avg=0.1311
5: fantasy,historical n=25, K=35 → avg=0.1719
5: fantasy,historical n=50, K=35 → avg=0.1045
5: fantasy,historical n=100, K=35 → avg=0.1659
5: fantasy,historical n=200, K=35 → avg=0.2061
5: fantasy,horror n=25, K=15 → avg=0.4973
5: fantasy,horror n=50, K=15 → avg=0.3939
5: fantasy,horror n=100, K=15 → avg=0.2849
5: fantasy,horror n=200, K=15 → avg=0.2357
5: fantasy,horror n=25, K=25 → avg=0.7926
5: fantasy,horror n=50, K=25 → avg=0.6809
5: fantasy,horror n=100, K=25 → avg=0.4775
5: fantasy,horror n=200, K=25 → avg=0.4573
5: fantasy,horror n=25, K=35 → avg=1.1122
5: fantasy,horror n=50, K=35 → avg=0.9870
5: fantasy,horror n=100, K=35 → avg=0.6904
5: fantasy,horror n=200, K=35 → avg=0.6952
5: fantasy,mystery n=25, K=15 → avg=0.6588
5: fantasy,mystery n=50, K=15 → avg=0.4492
5: fantasy,mystery n=100, K=15 → avg=0.4649
5: fantasy,mystery n=200, K=15 → avg=0.4666
5: fantasy,mystery n=25, K=25 → avg=1.0420
5: fantasy,mystery n=50, K=25 → avg=0.7791
5: fantasy,mystery n=100, K=25 → avg=0.7987
5: fantasy,mystery n=200, K=25 → avg=0.7811
5: fantasy,mystery n=25, K=35 → avg=1.4262
5: fantasy,mystery n=50, K=35 → avg=1.1126
5: fantasy,mystery n=100, K=35 → avg=1.1345
5: fantasy,mystery n=200, K=35 → avg=1.1000
5: fantasy,nonfiction n=25, K=15 → avg=0.1892
5: fantasy,nonfiction n=50, K=15 → avg=0.1365
5: fantasy,nonfiction n=100, K=15 → avg=0.0935
5: fantasy,nonfiction n=200, K=15 → avg=0.3793
5: fantasy,nonfiction n=25, K=25 → avg=0.2705
5: fantasy,nonfiction n=50, K=25 → avg=0.2187
5: fantasy,nonfiction n=100, K=25 → avg=0.1809
5: fantasy,nonfiction n=200, K=25 → avg=0.5299
5: fantasy,nonfiction n=25, K=35 → avg=0.3411
5: fantasy,nonfiction n=50, K=35 → avg=0.2989
5: fantasy,nonfiction n=100, K=35 → avg=0.2723
5: fantasy,nonfiction n=200, K=35 → avg=0.6620
5: fantasy,romance n=25, K=15 → avg=0.5835
5: fantasy,romance n=50, K=15 → avg=0.4651
5: fantasy,romance n=100, K=15 → avg=0.6188
5: fantasy,romance n=200, K=15 → avg=0.4141
5: fantasy,romance n=25, K=25 → avg=0.9747
5: fantasy,romance n=50, K=25 → avg=0.7887
5: fantasy,romance n=100, K=25 → avg=1.0418
5: fantasy,romance n=200, K=25 → avg=0.7127
5: fantasy,romance n=25, K=35 → avg=1.3611
5: fantasy,romance n=50, K=35 → avg=1.1114
5: fantasy,romance n=100, K=35 → avg=1.4745
5: fantasy,romance n=200, K=35 → avg=1.0238
5: fantasy,science_fiction n=25, K=15 → avg=0.1050
5: fantasy,science_fiction n=50, K=15 → avg=0.0816
5: fantasy,science_fiction n=100, K=15 → avg=0.1209
5: fantasy,science_fiction n=200, K=15 → avg=0.1350
5: fantasy,science_fiction n=25, K=25 → avg=0.1670
5: fantasy,science_fiction n=50, K=25 → avg=0.1465
5: fantasy,science_fiction n=100, K=25 → avg=0.2036
5: fantasy,science_fiction n=200, K=25 → avg=0.2257
5: fantasy,science_fiction n=25, K=35 → avg=0.2256
5: fantasy,science_fiction n=50, K=35 → avg=0.2118
5: fantasy,science_fiction n=100, K=35 → avg=0.2904
5: fantasy,science_fiction n=200, K=35 → avg=0.3146
5: fantasy,thriller n=25, K=15 → avg=0.1414
5: fantasy,thriller n=50, K=15 → avg=0.1111
5: fantasy,thriller n=100, K=15 → avg=0.0670
5: fantasy,thriller n=200, K=15 → avg=0.1161
5: fantasy,thriller n=25, K=25 → avg=0.2010
5: fantasy,thriller n=50, K=25 → avg=0.1976
5: fantasy,thriller n=100, K=25 → avg=0.1295
5: fantasy,thriller n=200, K=25 → avg=0.1910
5: fantasy,thriller n=25, K=35 → avg=0.2545
5: fantasy,thriller n=50, K=35 → avg=0.2837
5: fantasy,thriller n=100, K=35 → avg=0.1944
5: fantasy,thriller n=200, K=35 → avg=0.2647
5: historical,horror n=25, K=15 → avg=0.0014
5: historical,horror n=50, K=15 → avg=0.0021
5: historical,horror n=100, K=15 → avg=0.0027
5: historical,horror n=200, K=15 → avg=0.0220
5: historical,horror n=25, K=25 → avg=0.0031
5: historical,horror n=50, K=25 → avg=0.0045
5: historical,horror n=100, K=25 → avg=0.0062
5: historical,horror n=200, K=25 → avg=0.0334
5: historical,horror n=25, K=35 → avg=0.0050
5: historical,horror n=50, K=35 → avg=0.0074
5: historical,horror n=100, K=35 → avg=0.0101
5: historical,horror n=200, K=35 → avg=0.0416
5: historical,mystery n=25, K=15 → avg=0.1320
5: historical,mystery n=50, K=15 → avg=0.0998
5: historical,mystery n=100, K=15 → avg=0.0564
5: historical,mystery n=200, K=15 → avg=0.0694
5: historical,mystery n=25, K=25 → avg=0.1923
5: historical,mystery n=50, K=25 → avg=0.1954
5: historical,mystery n=100, K=25 → avg=0.1199
5: historical,mystery n=200, K=25 → avg=0.1504
5: historical,mystery n=25, K=35 → avg=0.2542
5: historical,mystery n=50, K=35 → avg=0.3010
5: historical,mystery n=100, K=35 → avg=0.1930
5: historical,mystery n=200, K=35 → avg=0.2392
5: historical,nonfiction n=25, K=15 → avg=0.0466
5: historical,nonfiction n=50, K=15 → avg=0.2046
5: historical,nonfiction n=100, K=15 → avg=0.0944
5: historical,nonfiction n=200, K=15 → avg=0.0834
5: historical,nonfiction n=25, K=25 → avg=0.1205
5: historical,nonfiction n=50, K=25 → avg=0.3632
5: historical,nonfiction n=100, K=25 → avg=0.2312
5: historical,nonfiction n=200, K=25 → avg=0.1929
5: historical,nonfiction n=25, K=35 → avg=0.2180
5: historical,nonfiction n=50, K=35 → avg=0.5402
5: historical,nonfiction n=100, K=35 → avg=0.3960
5: historical,nonfiction n=200, K=35 → avg=0.3301
5: historical,romance n=25, K=15 → avg=0.3497
5: historical,romance n=50, K=15 → avg=0.2641
5: historical,romance n=100, K=15 → avg=0.1574
5: historical,romance n=200, K=15 → avg=0.2369
5: historical,romance n=25, K=25 → avg=0.6408
5: historical,romance n=50, K=25 → avg=0.4428
5: historical,romance n=100, K=25 → avg=0.3040
5: historical,romance n=200, K=25 → avg=0.4255
5: historical,romance n=25, K=35 → avg=0.9390
5: historical,romance n=50, K=35 → avg=0.6162
5: historical,romance n=100, K=35 → avg=0.4657
5: historical,romance n=200, K=35 → avg=0.6165
5: historical,science_fiction n=25, K=15 → avg=0.0303
5: historical,science_fiction n=50, K=15 → avg=0.0605
5: historical,science_fiction n=100, K=15 → avg=0.0161
5: historical,science_fiction n=200, K=15 → avg=0.0831
5: historical,science_fiction n=25, K=25 → avg=0.0575
5: historical,science_fiction n=50, K=25 → avg=0.0968
5: historical,science_fiction n=100, K=25 → avg=0.0388
5: historical,science_fiction n=200, K=25 → avg=0.1189
5: historical,science_fiction n=25, K=35 → avg=0.0827
5: historical,science_fiction n=50, K=35 → avg=0.1334
5: historical,science_fiction n=100, K=35 → avg=0.0634
5: historical,science_fiction n=200, K=35 → avg=0.1509
5: historical,thriller n=25, K=15 → avg=0.1278
5: historical,thriller n=50, K=15 → avg=0.0604
5: historical,thriller n=100, K=15 → avg=0.0931
5: historical,thriller n=200, K=15 → avg=0.2954
5: historical,thriller n=25, K=25 → avg=0.1910
5: historical,thriller n=50, K=25 → avg=0.1112
5: historical,thriller n=100, K=25 → avg=0.1729
5: historical,thriller n=200, K=25 → avg=0.4404
5: historical,thriller n=25, K=35 → avg=0.2500
5: historical,thriller n=50, K=35 → avg=0.1669
5: historical,thriller n=100, K=35 → avg=0.2595
5: historical,thriller n=200, K=35 → avg=0.5729
5: horror,mystery n=25, K=15 → avg=0.4280
5: horror,mystery n=50, K=15 → avg=0.3601
5: horror,mystery n=100, K=15 → avg=0.4952
5: horror,mystery n=200, K=15 → avg=0.4668
5: horror,mystery n=25, K=25 → avg=0.7722
5: horror,mystery n=50, K=25 → avg=0.6395
5: horror,mystery n=100, K=25 → avg=0.8262
5: horror,mystery n=200, K=25 → avg=0.7858
5: horror,mystery n=25, K=35 → avg=1.1239
5: horror,mystery n=50, K=35 → avg=0.9200
5: horror,mystery n=100, K=35 → avg=1.1506
5: horror,mystery n=200, K=35 → avg=1.1135
5: horror,nonfiction n=25, K=15 → avg=0.0004
5: horror,nonfiction n=50, K=15 → avg=0.0000
5: horror,nonfiction n=100, K=15 → avg=0.0007
5: horror,nonfiction n=200, K=15 → avg=0.0618
5: horror,nonfiction n=25, K=25 → avg=0.0016
5: horror,nonfiction n=50, K=25 → avg=0.0000
5: horror,nonfiction n=100, K=25 → avg=0.0029
5: horror,nonfiction n=200, K=25 → avg=0.0923
5: horror,nonfiction n=25, K=35 → avg=0.0036
5: horror,nonfiction n=50, K=35 → avg=0.0002
5: horror,nonfiction n=100, K=35 → avg=0.0069
5: horror,nonfiction n=200, K=35 → avg=0.1206
5: horror,romance n=25, K=15 → avg=0.1190
5: horror,romance n=50, K=15 → avg=0.1079
5: horror,romance n=100, K=15 → avg=0.1195
5: horror,romance n=200, K=15 → avg=0.1892
5: horror,romance n=25, K=25 → avg=0.1783
5: horror,romance n=50, K=25 → avg=0.1687
5: horror,romance n=100, K=25 → avg=0.1914
5: horror,romance n=200, K=25 → avg=0.2819
5: horror,romance n=25, K=35 → avg=0.2376
5: horror,romance n=50, K=35 → avg=0.2268
5: horror,romance n=100, K=35 → avg=0.2586
5: horror,romance n=200, K=35 → avg=0.3670
5: horror,science_fiction n=100, K=15 → avg=0.0348
5: horror,science_fiction n=200, K=15 → avg=0.0823
5: horror,science_fiction n=100, K=25 → avg=0.0711
5: horror,science_fiction n=200, K=25 → avg=0.1613
5: horror,science_fiction n=100, K=35 → avg=0.1190
7: classics,fantasy n=25, K=15 → avg=0.0052
7: classics,fantasy n=50, K=15 → avg=0.0086
7: classics,fantasy n=25, K=25 → avg=0.0118
7: classics,fantasy n=50, K=25 → avg=0.0231
7: classics,fantasy n=25, K=35 → avg=0.0205
7: classics,fantasy n=50, K=35 → avg=0.0417
7: classics,historical n=25, K=15 → avg=0.0101
7: classics,historical n=50, K=15 → avg=0.0251
7: classics,historical n=100, K=15 → avg=0.0124
7: classics,historical n=200, K=15 → avg=0.0784
7: classics,historical n=25, K=25 → avg=0.0203
7: classics,historical n=50, K=25 → avg=0.0485
7: classics,historical n=100, K=25 → avg=0.0330
7: classics,historical n=200, K=25 → avg=0.1392
7: classics,historical n=25, K=35 → avg=0.0322
7: classics,historical n=50, K=35 → avg=0.0757
7: classics,historical n=100, K=35 → avg=0.0576
7: classics,historical n=200, K=35 → avg=0.2008
7: classics,horror n=25, K=15 → avg=0.0204
7: classics,horror n=50, K=15 → avg=0.0385
7: classics,horror n=100, K=15 → avg=0.1092
7: classics,horror n=200, K=15 → avg=0.0920
7: classics,horror n=25, K=25 → avg=0.0514
7: classics,horror n=50, K=25 → avg=0.0864
7: classics,horror n=100, K=25 → avg=0.1883
7: classics,horror n=200, K=25 → avg=0.1769
7: classics,horror n=25, K=35 → avg=0.0867
7: classics,horror n=50, K=35 → avg=0.1396
7: classics,horror n=100, K=35 → avg=0.2660
7: classics,horror n=200, K=35 → avg=0.2650
7: classics,mystery n=25, K=15 → avg=0.1636
7: classics,mystery n=50, K=15 → avg=0.1191
7: classics,mystery n=100, K=15 → avg=0.2847
7: classics,mystery n=200, K=15 → avg=0.2744
7: classics,mystery n=25, K=25 → avg=0.2563
7: classics,mystery n=50, K=25 → avg=0.2154
7: classics,mystery n=100, K=25 → avg=0.5227
7: classics,mystery n=200, K=25 → avg=0.4737
7: classics,mystery n=25, K=35 → avg=0.3549
7: classics,mystery n=50, K=35 → avg=0.3261
7: classics,mystery n=100, K=35 → avg=0.7630
7: classics,mystery n=200, K=35 → avg=0.6832
7: classics,nonfiction n=25, K=15 → avg=0.3072
7: classics,nonfiction n=50, K=15 → avg=0.3074
7: classics,nonfiction n=100, K=15 → avg=0.3821
7: classics,nonfiction n=200, K=15 → avg=0.2429
7: classics,nonfiction n=25, K=25 → avg=0.5028
7: classics,nonfiction n=50, K=25 → avg=0.5125
7: classics,nonfiction n=100, K=25 → avg=0.6558
7: classics,nonfiction n=200, K=25 → avg=0.4525
7: classics,nonfiction n=25, K=35 → avg=0.7022
7: classics,nonfiction n=50, K=35 → avg=0.7275
7: classics,nonfiction n=100, K=35 → avg=0.9298
7: classics,nonfiction n=200, K=35 → avg=0.6846
7: classics,romance n=25, K=15 → avg=0.0269
7: classics,romance n=50, K=15 → avg=0.0181
7: classics,romance n=100, K=15 → avg=0.0383
7: classics,romance n=200, K=15 → avg=0.0533
7: classics,romance n=25, K=25 → avg=0.0683
7: classics,romance n=50, K=25 → avg=0.0489
7: classics,romance n=100, K=25 → avg=0.1027
7: classics,romance n=200, K=25 → avg=0.1249
7: classics,romance n=25, K=35 → avg=0.1182
7: classics,romance n=50, K=35 → avg=0.0910
7: classics,romance n=100, K=35 → avg=0.1814
7: classics,romance n=200, K=35 → avg=0.2063
7: classics,science_fiction n=25, K=15 → avg=0.0457
7: classics,science_fiction n=50, K=15 → avg=0.0440
7: classics,science_fiction n=100, K=15 → avg=0.0830
7: classics,science_fiction n=200, K=15 → avg=0.1106
7: classics,science_fiction n=25, K=25 → avg=0.0797
7: classics,science_fiction n=50, K=25 → avg=0.0721
7: classics,science_fiction n=100, K=25 → avg=0.1300
7: classics,science_fiction n=200, K=25 → avg=0.1988
7: classics,science_fiction n=25, K=35 → avg=0.1162
7: classics,science_fiction n=50, K=35 → avg=0.1030
7: classics,science_fiction n=100, K=35 → avg=0.1803
7: classics,science_fiction n=200, K=35 → avg=0.2931
7: drama,fantasy n=25, K=15 → avg=0.3360
7: drama,fantasy n=50, K=15 → avg=0.4674
7: drama,fantasy n=100, K=15 → avg=0.5007
7: drama,fantasy n=200, K=15 → avg=0.4326
7: drama,fantasy n=25, K=25 → avg=0.5992
7: drama,fantasy n=50, K=25 → avg=0.7827
7: drama,fantasy n=100, K=25 → avg=0.8636
7: drama,fantasy n=200, K=25 → avg=0.7582
7: drama,fantasy n=25, K=35 → avg=0.8654
7: drama,fantasy n=50, K=35 → avg=1.0971
7: drama,fantasy n=100, K=35 → avg=1.2218
7: drama,fantasy n=200, K=35 → avg=1.0759
7: drama,historical n=25, K=15 → avg=0.7608
7: drama,historical n=50, K=15 → avg=0.6992
7: drama,historical n=100, K=15 → avg=0.3741
7: drama,historical n=200, K=15 → avg=0.4676
7: drama,historical n=25, K=25 → avg=1.2428
7: drama,historical n=50, K=25 → avg=1.1395
7: drama,historical n=100, K=25 → avg=0.6639
7: drama,historical n=200, K=25 → avg=0.8467
7: drama,historical n=25, K=35 → avg=1.7468
7: drama,historical n=50, K=35 → avg=1.5955
7: drama,historical n=100, K=35 → avg=0.9875
7: drama,historical n=200, K=35 → avg=1.2626
7: drama,horror n=25, K=15 → avg=0.2145
7: drama,horror n=50, K=15 → avg=0.2690
7: drama,horror n=100, K=15 → avg=0.1637
7: drama,horror n=200, K=15 → avg=0.4695
7: drama,horror n=25, K=25 → avg=0.3892
7: drama,horror n=50, K=25 → avg=0.4411
7: drama,horror n=100, K=25 → avg=0.3168
7: drama,horror n=200, K=25 → avg=0.7881
7: drama,horror n=25, K=35 → avg=0.5579
7: drama,horror n=50, K=35 → avg=0.6056
7: drama,horror n=100, K=35 → avg=0.4844
7: drama,horror n=200, K=35 → avg=1.0818
7: drama,mystery n=25, K=15 → avg=0.6529
7: drama,mystery n=50, K=15 → avg=0.7244
7: drama,mystery n=100, K=15 → avg=0.4741
7: drama,mystery n=200, K=15 → avg=0.8605
7: drama,mystery n=25, K=25 → avg=1.0436
7: drama,mystery n=50, K=25 → avg=1.1534
7: drama,mystery n=100, K=25 → avg=0.8480
7: drama,mystery n=200, K=25 → avg=1.3691
7: drama,mystery n=25, K=35 → avg=1.4322
7: drama,mystery n=50, K=35 → avg=1.5533
7: drama,mystery n=100, K=35 → avg=1.2176
7: drama,mystery n=200, K=35 → avg=1.8388
7: drama,nonfiction n=25, K=15 → avg=1.3474
7: drama,nonfiction n=50, K=15 → avg=1.4124
7: drama,nonfiction n=100, K=15 → avg=1.5343
7: drama,nonfiction n=200, K=15 → avg=1.0202
7: drama,nonfiction n=25, K=25 → avg=2.2807
7: drama,nonfiction n=50, K=25 → avg=2.4489
7: drama,nonfiction n=100, K=25 → avg=2.6224
7: drama,nonfiction n=200, K=25 → avg=1.8491
7: drama,nonfiction n=25, K=35 → avg=3.2554
7: drama,nonfiction n=50, K=35 → avg=3.5266
7: drama,nonfiction n=100, K=35 → avg=3.7471
7: drama,nonfiction n=200, K=35 → avg=2.7472
7: drama,romance n=25, K=15 → avg=1.5849
7: drama,romance n=50, K=15 → avg=1.6331
7: drama,romance n=100, K=15 → avg=1.5432
7: drama,romance n=200, K=15 → avg=1.3373
7: drama,romance n=25, K=25 → avg=2.6798
7: drama,romance n=50, K=25 → avg=2.7573
7: drama,romance n=100, K=25 → avg=2.5883
7: drama,romance n=200, K=25 → avg=2.2083
7: drama,romance n=25, K=35 → avg=3.7743
7: drama,romance n=50, K=35 → avg=3.8603
7: drama,romance n=100, K=35 → avg=3.6132
7: drama,romance n=200, K=35 → avg=3.0874
7: drama,science_fiction n=25, K=15 → avg=0.1762
7: drama,science_fiction n=50, K=15 → avg=0.3021
7: drama,science_fiction n=100, K=15 → avg=0.3869
7: drama,science_fiction n=200, K=15 → avg=0.2753
7: drama,science_fiction n=25, K=25 → avg=0.2870
7: drama,science_fiction n=50, K=25 → avg=0.4718
7: drama,science_fiction n=100, K=25 → avg=0.6593
7: drama,science_fiction n=200, K=25 → avg=0.4990
7: drama,science_fiction n=25, K=35 → avg=0.4059
7: drama,science_fiction n=100, K=35 → avg=0.9295
7: drama,science_fiction n=200, K=35 → avg=0.7209
[OK] Saved combined summary: /home/moshtasa/Research/phd-svd-recsys/SVD/Book/result/rec/top_re/0929/SVD_pair/result/pair_summary/all/ALL_k15_25_35_genresall_counts.csv
