nohup: ignoring input
[info] Pairs to analyze: 8 → [('classics', 'horror'), ('drama', 'horror'), ('historical', 'horror'), ('horror', 'mystery'), ('horror', 'nonfiction')] ...
[Classics + Horror] [15] ORIGINAL_15recommendation.csv -> 2041 books -> Classics + Horror: avg/user=0.00, unique=3
[Classics + Horror] [25] ORIGINAL_25recommendation.csv -> 2771 books -> Classics + Horror: avg/user=0.00, unique=6
[Classics + Horror] [35] ORIGINAL_35recommendation.csv -> 3366 books -> Classics + Horror: avg/user=0.01, unique=8
[Classics + Horror] [15] fpair_Horror__Classics_2u_pos5_neg1_15recommendation.csv -> 2030 books -> Classics + Horror: avg/user=0.02, unique=9
[Classics + Horror] [15] fpair_Horror__Classics_4u_pos5_neg1_15recommendation.csv -> 2209 books -> Classics + Horror: avg/user=0.33, unique=17
[Classics + Horror] [15] fpair_Horror__Classics_6u_pos5_neg1_15recommendation.csv -> 1908 books -> Classics + Horror: avg/user=0.89, unique=20
[Classics + Horror] [15] fpair_Horror__Classics_25u_pos5_neg1_15recommendation.csv -> 1672 books -> Classics + Horror: avg/user=6.33, unique=21
[Classics + Horror] [15] fpair_Horror__Classics_50u_pos5_neg1_15recommendation.csv -> 1480 books -> Classics + Horror: avg/user=7.60, unique=21
[Classics + Horror] [15] fpair_Horror__Classics_100u_pos5_neg1_15recommendation.csv -> 1547 books -> Classics + Horror: avg/user=8.20, unique=21
[Classics + Horror] [15] fpair_Horror__Classics_200u_pos5_neg1_15recommendation.csv -> 1577 books -> Classics + Horror: avg/user=7.85, unique=21
[Classics + Horror] [15] fpair_Horror__Classics_300u_pos5_neg1_15recommendation.csv -> 1634 books -> Classics + Horror: avg/user=7.55, unique=21
[Classics + Horror] [15] fpair_Horror__Classics_500u_pos5_neg1_15recommendation.csv -> 1887 books -> Classics + Horror: avg/user=5.63, unique=21
[Classics + Horror] [15] fpair_Horror__Classics_1000u_pos5_neg1_15recommendation.csv -> 1979 books -> Classics + Horror: avg/user=4.11, unique=21
[Classics + Horror] [25] fpair_Horror__Classics_2u_pos5_neg1_25recommendation.csv -> 2735 books -> Classics + Horror: avg/user=0.06, unique=12
[Classics + Horror] [25] fpair_Horror__Classics_4u_pos5_neg1_25recommendation.csv -> 2956 books -> Classics + Horror: avg/user=0.54, unique=20
[Classics + Horror] [25] fpair_Horror__Classics_6u_pos5_neg1_25recommendation.csv -> 2629 books -> Classics + Horror: avg/user=1.34, unique=21
[Classics + Horror] [25] fpair_Horror__Classics_25u_pos5_neg1_25recommendation.csv -> 2322 books -> Classics + Horror: avg/user=7.93, unique=21
[Classics + Horror] [25] fpair_Horror__Classics_50u_pos5_neg1_25recommendation.csv -> 2162 books -> Classics + Horror: avg/user=9.19, unique=21
[Classics + Horror] [25] fpair_Horror__Classics_100u_pos5_neg1_25recommendation.csv -> 2207 books -> Classics + Horror: avg/user=9.85, unique=21
[Classics + Horror] [25] fpair_Horror__Classics_200u_pos5_neg1_25recommendation.csv -> 2222 books -> Classics + Horror: avg/user=9.53, unique=21
[Classics + Horror] [25] fpair_Horror__Classics_300u_pos5_neg1_25recommendation.csv -> 2332 books -> Classics + Horror: avg/user=9.16, unique=21
[Classics + Horror] [25] fpair_Horror__Classics_500u_pos5_neg1_25recommendation.csv -> 2533 books -> Classics + Horror: avg/user=6.96, unique=21
[Classics + Horror] [25] fpair_Horror__Classics_1000u_pos5_neg1_25recommendation.csv -> 2592 books -> Classics + Horror: avg/user=5.26, unique=21
[Classics + Horror] [35] fpair_Horror__Classics_2u_pos5_neg1_35recommendation.csv -> 3318 books -> Classics + Horror: avg/user=0.11, unique=15
[Classics + Horror] [35] fpair_Horror__Classics_4u_pos5_neg1_35recommendation.csv -> 3542 books -> Classics + Horror: avg/user=0.73, unique=20
[Classics + Horror] [35] fpair_Horror__Classics_6u_pos5_neg1_35recommendation.csv -> 3163 books -> Classics + Horror: avg/user=1.71, unique=21
[Classics + Horror] [35] fpair_Horror__Classics_25u_pos5_neg1_35recommendation.csv -> 2907 books -> Classics + Horror: avg/user=8.56, unique=21
[Classics + Horror] [35] fpair_Horror__Classics_50u_pos5_neg1_35recommendation.csv -> 2717 books -> Classics + Horror: avg/user=9.70, unique=21
[Classics + Horror] [35] fpair_Horror__Classics_100u_pos5_neg1_35recommendation.csv -> 2770 books -> Classics + Horror: avg/user=10.27, unique=21
[Classics + Horror] [35] fpair_Horror__Classics_200u_pos5_neg1_35recommendation.csv -> 2809 books -> Classics + Horror: avg/user=9.95, unique=21
[Classics + Horror] [35] fpair_Horror__Classics_300u_pos5_neg1_35recommendation.csv -> 2919 books -> Classics + Horror: avg/user=9.60, unique=21
[Classics + Horror] [35] fpair_Horror__Classics_500u_pos5_neg1_35recommendation.csv -> 3110 books -> Classics + Horror: avg/user=7.49, unique=21
[Classics + Horror] [35] fpair_Horror__Classics_1000u_pos5_neg1_35recommendation.csv -> 3151 books -> Classics + Horror: avg/user=5.88, unique=21
[OK][Classics + Horror] Saved text:   /home/moshtasa/Research/phd-svd-recsys/SVD/Book/result/rec/top_re/1020/result/5_pair/Classics__Horror_pair_explanation/explanation.txt
[OK][Classics + Horror] Saved tables: /home/moshtasa/Research/phd-svd-recsys/SVD/Book/result/rec/top_re/1020/result/5_pair/Classics__Horror_pair_explanation/per_book_ranking_pair.csv, /home/moshtasa/Research/phd-svd-recsys/SVD/Book/result/rec/top_re/1020/result/5_pair/Classics__Horror_pair_explanation/per_book_ranking_g1.csv, /home/moshtasa/Research/phd-svd-recsys/SVD/Book/result/rec/top_re/1020/result/5_pair/Classics__Horror_pair_explanation/per_book_ranking_g2.csv
[OK][Classics + Horror] Saved figure: /home/moshtasa/Research/phd-svd-recsys/SVD/Book/result/rec/top_re/1020/result/5_pair/Classics__Horror_pair_explanation/classics_horror__pos5.png
[Drama + Horror] [15] ORIGINAL_15recommendation.csv -> 2041 books -> Drama + Horror: avg/user=0.09, unique=14
[Drama + Horror] [25] ORIGINAL_25recommendation.csv -> 2771 books -> Drama + Horror: avg/user=0.20, unique=16
[Drama + Horror] [35] ORIGINAL_35recommendation.csv -> 3366 books -> Drama + Horror: avg/user=0.30, unique=17
[Drama + Horror] [15] fpair_Horror__Drama_2u_pos5_neg1_15recommendation.csv -> 2007 books -> Drama + Horror: avg/user=0.51, unique=25
[Drama + Horror] [15] fpair_Horror__Drama_4u_pos5_neg1_15recommendation.csv -> 2109 books -> Drama + Horror: avg/user=1.98, unique=32
[Drama + Horror] [15] fpair_Horror__Drama_6u_pos5_neg1_15recommendation.csv -> 1754 books -> Drama + Horror: avg/user=3.09, unique=33
[Drama + Horror] [15] fpair_Horror__Drama_25u_pos5_neg1_15recommendation.csv -> 1514 books -> Drama + Horror: avg/user=7.98, unique=33
[Drama + Horror] [15] fpair_Horror__Drama_50u_pos5_neg1_15recommendation.csv -> 1355 books -> Drama + Horror: avg/user=8.69, unique=33
[Drama + Horror] [15] fpair_Horror__Drama_100u_pos5_neg1_15recommendation.csv -> 1402 books -> Drama + Horror: avg/user=9.35, unique=33
[Drama + Horror] [15] fpair_Horror__Drama_200u_pos5_neg1_15recommendation.csv -> 1497 books -> Drama + Horror: avg/user=9.30, unique=33
[Drama + Horror] [15] fpair_Horror__Drama_300u_pos5_neg1_15recommendation.csv -> 1565 books -> Drama + Horror: avg/user=8.70, unique=33
[Drama + Horror] [15] fpair_Horror__Drama_500u_pos5_neg1_15recommendation.csv -> 1831 books -> Drama + Horror: avg/user=7.12, unique=33
[Drama + Horror] [15] fpair_Horror__Drama_1000u_pos5_neg1_15recommendation.csv -> 1835 books -> Drama + Horror: avg/user=5.92, unique=33
[Drama + Horror] [25] fpair_Horror__Drama_2u_pos5_neg1_25recommendation.csv -> 2723 books -> Drama + Horror: avg/user=0.87, unique=26
[Drama + Horror] [25] fpair_Horror__Drama_4u_pos5_neg1_25recommendation.csv -> 2852 books -> Drama + Horror: avg/user=2.80, unique=33
[Drama + Horror] [25] fpair_Horror__Drama_6u_pos5_neg1_25recommendation.csv -> 2435 books -> Drama + Horror: avg/user=4.36, unique=33
[Drama + Horror] [25] fpair_Horror__Drama_25u_pos5_neg1_25recommendation.csv -> 2138 books -> Drama + Horror: avg/user=11.11, unique=33
[Drama + Horror] [25] fpair_Horror__Drama_50u_pos5_neg1_25recommendation.csv -> 1948 books -> Drama + Horror: avg/user=12.14, unique=33
[Drama + Horror] [25] fpair_Horror__Drama_100u_pos5_neg1_25recommendation.csv -> 2051 books -> Drama + Horror: avg/user=12.98, unique=33
[Drama + Horror] [25] fpair_Horror__Drama_200u_pos5_neg1_25recommendation.csv -> 2115 books -> Drama + Horror: avg/user=13.06, unique=33
[Drama + Horror] [25] fpair_Horror__Drama_300u_pos5_neg1_25recommendation.csv -> 2218 books -> Drama + Horror: avg/user=12.26, unique=33
[Drama + Horror] [25] fpair_Horror__Drama_500u_pos5_neg1_25recommendation.csv -> 2460 books -> Drama + Horror: avg/user=9.91, unique=33
[Drama + Horror] [25] fpair_Horror__Drama_1000u_pos5_neg1_25recommendation.csv -> 2463 books -> Drama + Horror: avg/user=8.48, unique=33
[Drama + Horror] [35] fpair_Horror__Drama_2u_pos5_neg1_35recommendation.csv -> 3290 books -> Drama + Horror: avg/user=1.17, unique=27
[Drama + Horror] [35] fpair_Horror__Drama_4u_pos5_neg1_35recommendation.csv -> 3426 books -> Drama + Horror: avg/user=3.44, unique=33
[Drama + Horror] [35] fpair_Horror__Drama_6u_pos5_neg1_35recommendation.csv -> 2956 books -> Drama + Horror: avg/user=5.30, unique=33
[Drama + Horror] [35] fpair_Horror__Drama_25u_pos5_neg1_35recommendation.csv -> 2700 books -> Drama + Horror: avg/user=12.93, unique=33
[Drama + Horror] [35] fpair_Horror__Drama_50u_pos5_neg1_35recommendation.csv -> 2503 books -> Drama + Horror: avg/user=14.06, unique=33
[Drama + Horror] [35] fpair_Horror__Drama_100u_pos5_neg1_35recommendation.csv -> 2603 books -> Drama + Horror: avg/user=15.00, unique=33
[Drama + Horror] [35] fpair_Horror__Drama_200u_pos5_neg1_35recommendation.csv -> 2659 books -> Drama + Horror: avg/user=15.18, unique=33
[Drama + Horror] [35] fpair_Horror__Drama_300u_pos5_neg1_35recommendation.csv -> 2753 books -> Drama + Horror: avg/user=14.33, unique=33
[Drama + Horror] [35] fpair_Horror__Drama_500u_pos5_neg1_35recommendation.csv -> 3044 books -> Drama + Horror: avg/user=11.61, unique=33
[Drama + Horror] [35] fpair_Horror__Drama_1000u_pos5_neg1_35recommendation.csv -> 3001 books -> Drama + Horror: avg/user=10.13, unique=33
[OK][Drama + Horror] Saved text:   /home/moshtasa/Research/phd-svd-recsys/SVD/Book/result/rec/top_re/1020/result/5_pair/Drama__Horror_pair_explanation/explanation.txt
[OK][Drama + Horror] Saved tables: /home/moshtasa/Research/phd-svd-recsys/SVD/Book/result/rec/top_re/1020/result/5_pair/Drama__Horror_pair_explanation/per_book_ranking_pair.csv, /home/moshtasa/Research/phd-svd-recsys/SVD/Book/result/rec/top_re/1020/result/5_pair/Drama__Horror_pair_explanation/per_book_ranking_g1.csv, /home/moshtasa/Research/phd-svd-recsys/SVD/Book/result/rec/top_re/1020/result/5_pair/Drama__Horror_pair_explanation/per_book_ranking_g2.csv
[OK][Drama + Horror] Saved figure: /home/moshtasa/Research/phd-svd-recsys/SVD/Book/result/rec/top_re/1020/result/5_pair/Drama__Horror_pair_explanation/drama_horror__pos5.png
[Historical + Horror] [15] ORIGINAL_15recommendation.csv -> 2041 books -> Historical + Horror: avg/user=0.00, unique=1
[Historical + Horror] [25] ORIGINAL_25recommendation.csv -> 2771 books -> Historical + Horror: avg/user=0.00, unique=1
[Historical + Horror] [35] ORIGINAL_35recommendation.csv -> 3366 books -> Historical + Horror: avg/user=0.00, unique=1
[Historical + Horror] [15] fpair_Horror__Historical_2u_pos5_neg1_15recommendation.csv -> 2037 books -> Historical + Horror: avg/user=0.04, unique=1
[Historical + Horror] [15] fpair_Horror__Historical_4u_pos5_neg1_15recommendation.csv -> 2235 books -> Historical + Horror: avg/user=0.08, unique=1
[Historical + Horror] [15] fpair_Horror__Historical_6u_pos5_neg1_15recommendation.csv -> 1990 books -> Historical + Horror: avg/user=0.20, unique=1
[Historical + Horror] [15] fpair_Horror__Historical_25u_pos5_neg1_15recommendation.csv -> 2041 books -> Historical + Horror: avg/user=0.40, unique=1
[Historical + Horror] [15] fpair_Horror__Historical_50u_pos5_neg1_15recommendation.csv -> 1977 books -> Historical + Horror: avg/user=0.35, unique=1
[Historical + Horror] [15] fpair_Horror__Historical_100u_pos5_neg1_15recommendation.csv -> 2085 books -> Historical + Horror: avg/user=0.38, unique=1
[Historical + Horror] [15] fpair_Horror__Historical_200u_pos5_neg1_15recommendation.csv -> 2080 books -> Historical + Horror: avg/user=0.39, unique=1
[Historical + Horror] [15] fpair_Horror__Historical_300u_pos5_neg1_15recommendation.csv -> 2178 books -> Historical + Horror: avg/user=0.35, unique=1
[Historical + Horror] [15] fpair_Horror__Historical_500u_pos5_neg1_15recommendation.csv -> 2211 books -> Historical + Horror: avg/user=0.35, unique=1
[Historical + Horror] [15] fpair_Horror__Historical_1000u_pos5_neg1_15recommendation.csv -> 2127 books -> Historical + Horror: avg/user=0.12, unique=1
[Historical + Horror] [25] fpair_Horror__Historical_2u_pos5_neg1_25recommendation.csv -> 2740 books -> Historical + Horror: avg/user=0.05, unique=1
[Historical + Horror] [25] fpair_Horror__Historical_4u_pos5_neg1_25recommendation.csv -> 2984 books -> Historical + Horror: avg/user=0.10, unique=1
[Historical + Horror] [25] fpair_Horror__Historical_6u_pos5_neg1_25recommendation.csv -> 2697 books -> Historical + Horror: avg/user=0.22, unique=1
[Historical + Horror] [25] fpair_Horror__Historical_25u_pos5_neg1_25recommendation.csv -> 2770 books -> Historical + Horror: avg/user=0.42, unique=1
[Historical + Horror] [25] fpair_Horror__Historical_50u_pos5_neg1_25recommendation.csv -> 2634 books -> Historical + Horror: avg/user=0.37, unique=1
[Historical + Horror] [25] fpair_Horror__Historical_100u_pos5_neg1_25recommendation.csv -> 2725 books -> Historical + Horror: avg/user=0.39, unique=1
[Historical + Horror] [25] fpair_Horror__Historical_200u_pos5_neg1_25recommendation.csv -> 2797 books -> Historical + Horror: avg/user=0.41, unique=1
[Historical + Horror] [25] fpair_Horror__Historical_300u_pos5_neg1_25recommendation.csv -> 2912 books -> Historical + Horror: avg/user=0.36, unique=1
[Historical + Horror] [25] fpair_Horror__Historical_500u_pos5_neg1_25recommendation.csv -> 2954 books -> Historical + Horror: avg/user=0.36, unique=1
[Historical + Horror] [25] fpair_Horror__Historical_1000u_pos5_neg1_25recommendation.csv -> 2790 books -> Historical + Horror: avg/user=0.13, unique=1
[Historical + Horror] [35] fpair_Horror__Historical_2u_pos5_neg1_35recommendation.csv -> 3317 books -> Historical + Horror: avg/user=0.06, unique=1
[Historical + Horror] [35] fpair_Horror__Historical_4u_pos5_neg1_35recommendation.csv -> 3572 books -> Historical + Horror: avg/user=0.11, unique=1
[Historical + Horror] [35] fpair_Horror__Historical_6u_pos5_neg1_35recommendation.csv -> 3222 books -> Historical + Horror: avg/user=0.24, unique=1
[Historical + Horror] [35] fpair_Horror__Historical_25u_pos5_neg1_35recommendation.csv -> 3364 books -> Historical + Horror: avg/user=0.43, unique=1
[Historical + Horror] [35] fpair_Horror__Historical_50u_pos5_neg1_35recommendation.csv -> 3178 books -> Historical + Horror: avg/user=0.38, unique=1
[Historical + Horror] [35] fpair_Horror__Historical_100u_pos5_neg1_35recommendation.csv -> 3309 books -> Historical + Horror: avg/user=0.40, unique=1
[Historical + Horror] [35] fpair_Horror__Historical_200u_pos5_neg1_35recommendation.csv -> 3387 books -> Historical + Horror: avg/user=0.42, unique=1
[Historical + Horror] [35] fpair_Horror__Historical_300u_pos5_neg1_35recommendation.csv -> 3429 books -> Historical + Horror: avg/user=0.37, unique=1
[Historical + Horror] [35] fpair_Horror__Historical_500u_pos5_neg1_35recommendation.csv -> 3503 books -> Historical + Horror: avg/user=0.37, unique=1
[Historical + Horror] [35] fpair_Horror__Historical_1000u_pos5_neg1_35recommendation.csv -> 3322 books -> Historical + Horror: avg/user=0.14, unique=1
[OK][Historical + Horror] Saved text:   /home/moshtasa/Research/phd-svd-recsys/SVD/Book/result/rec/top_re/1020/result/5_pair/Historical__Horror_pair_explanation/explanation.txt
[OK][Historical + Horror] Saved tables: /home/moshtasa/Research/phd-svd-recsys/SVD/Book/result/rec/top_re/1020/result/5_pair/Historical__Horror_pair_explanation/per_book_ranking_pair.csv, /home/moshtasa/Research/phd-svd-recsys/SVD/Book/result/rec/top_re/1020/result/5_pair/Historical__Horror_pair_explanation/per_book_ranking_g1.csv, /home/moshtasa/Research/phd-svd-recsys/SVD/Book/result/rec/top_re/1020/result/5_pair/Historical__Horror_pair_explanation/per_book_ranking_g2.csv
[OK][Historical + Horror] Saved figure: /home/moshtasa/Research/phd-svd-recsys/SVD/Book/result/rec/top_re/1020/result/5_pair/Historical__Horror_pair_explanation/historical_horror__pos5.png
[Horror + Mystery] [15] ORIGINAL_15recommendation.csv -> 2041 books -> Horror + Mystery: avg/user=0.46, unique=47
[Horror + Mystery] [25] ORIGINAL_25recommendation.csv -> 2771 books -> Horror + Mystery: avg/user=0.72, unique=71
[Horror + Mystery] [35] ORIGINAL_35recommendation.csv -> 3366 books -> Horror + Mystery: avg/user=0.99, unique=80
[Horror + Mystery] [15] fpair_Horror__Mystery_2u_pos5_neg1_15recommendation.csv -> 2004 books -> Horror + Mystery: avg/user=0.56, unique=59
[Horror + Mystery] [15] fpair_Horror__Mystery_4u_pos5_neg1_15recommendation.csv -> 2205 books -> Horror + Mystery: avg/user=1.10, unique=102
[Horror + Mystery] [15] fpair_Horror__Mystery_6u_pos5_neg1_15recommendation.csv -> 1933 books -> Horror + Mystery: avg/user=1.86, unique=110
[Horror + Mystery] [15] fpair_Horror__Mystery_25u_pos5_neg1_15recommendation.csv -> 1769 books -> Horror + Mystery: avg/user=5.88, unique=152
[Horror + Mystery] [15] fpair_Horror__Mystery_50u_pos5_neg1_15recommendation.csv -> 1770 books -> Horror + Mystery: avg/user=5.77, unique=174
[Horror + Mystery] [15] fpair_Horror__Mystery_100u_pos5_neg1_15recommendation.csv -> 1837 books -> Horror + Mystery: avg/user=5.43, unique=173
[Horror + Mystery] [15] fpair_Horror__Mystery_200u_pos5_neg1_15recommendation.csv -> 1952 books -> Horror + Mystery: avg/user=4.72, unique=161
[Horror + Mystery] [15] fpair_Horror__Mystery_300u_pos5_neg1_15recommendation.csv -> 1918 books -> Horror + Mystery: avg/user=4.61, unique=145
[Horror + Mystery] [15] fpair_Horror__Mystery_500u_pos5_neg1_15recommendation.csv -> 2088 books -> Horror + Mystery: avg/user=4.77, unique=142
[Horror + Mystery] [15] fpair_Horror__Mystery_1000u_pos5_neg1_15recommendation.csv -> 2098 books -> Horror + Mystery: avg/user=4.81, unique=139
[Horror + Mystery] [25] fpair_Horror__Mystery_2u_pos5_neg1_25recommendation.csv -> 2739 books -> Horror + Mystery: avg/user=0.92, unique=84
[Horror + Mystery] [25] fpair_Horror__Mystery_4u_pos5_neg1_25recommendation.csv -> 2958 books -> Horror + Mystery: avg/user=1.82, unique=121
[Horror + Mystery] [25] fpair_Horror__Mystery_6u_pos5_neg1_25recommendation.csv -> 2646 books -> Horror + Mystery: avg/user=2.98, unique=131
[Horror + Mystery] [25] fpair_Horror__Mystery_25u_pos5_neg1_25recommendation.csv -> 2382 books -> Horror + Mystery: avg/user=9.00, unique=177
[Horror + Mystery] [25] fpair_Horror__Mystery_50u_pos5_neg1_25recommendation.csv -> 2353 books -> Horror + Mystery: avg/user=8.88, unique=197
[Horror + Mystery] [25] fpair_Horror__Mystery_100u_pos5_neg1_25recommendation.csv -> 2462 books -> Horror + Mystery: avg/user=8.33, unique=211
[Horror + Mystery] [25] fpair_Horror__Mystery_200u_pos5_neg1_25recommendation.csv -> 2544 books -> Horror + Mystery: avg/user=7.19, unique=194
[Horror + Mystery] [25] fpair_Horror__Mystery_300u_pos5_neg1_25recommendation.csv -> 2586 books -> Horror + Mystery: avg/user=7.05, unique=178
[Horror + Mystery] [25] fpair_Horror__Mystery_500u_pos5_neg1_25recommendation.csv -> 2747 books -> Horror + Mystery: avg/user=7.27, unique=165
[Horror + Mystery] [25] fpair_Horror__Mystery_1000u_pos5_neg1_25recommendation.csv -> 2819 books -> Horror + Mystery: avg/user=7.32, unique=181
[Horror + Mystery] [35] fpair_Horror__Mystery_2u_pos5_neg1_35recommendation.csv -> 3315 books -> Horror + Mystery: avg/user=1.28, unique=97
[Horror + Mystery] [35] fpair_Horror__Mystery_4u_pos5_neg1_35recommendation.csv -> 3509 books -> Horror + Mystery: avg/user=2.49, unique=136
[Horror + Mystery] [35] fpair_Horror__Mystery_6u_pos5_neg1_35recommendation.csv -> 3144 books -> Horror + Mystery: avg/user=4.04, unique=149
[Horror + Mystery] [35] fpair_Horror__Mystery_25u_pos5_neg1_35recommendation.csv -> 2847 books -> Horror + Mystery: avg/user=11.66, unique=191
[Horror + Mystery] [35] fpair_Horror__Mystery_50u_pos5_neg1_35recommendation.csv -> 2849 books -> Horror + Mystery: avg/user=11.60, unique=213
[Horror + Mystery] [35] fpair_Horror__Mystery_100u_pos5_neg1_35recommendation.csv -> 2918 books -> Horror + Mystery: avg/user=10.88, unique=222
[Horror + Mystery] [35] fpair_Horror__Mystery_200u_pos5_neg1_35recommendation.csv -> 3059 books -> Horror + Mystery: avg/user=9.37, unique=206
[Horror + Mystery] [35] fpair_Horror__Mystery_300u_pos5_neg1_35recommendation.csv -> 3094 books -> Horror + Mystery: avg/user=9.21, unique=193
[Horror + Mystery] [35] fpair_Horror__Mystery_500u_pos5_neg1_35recommendation.csv -> 3291 books -> Horror + Mystery: avg/user=9.46, unique=190
[Horror + Mystery] [35] fpair_Horror__Mystery_1000u_pos5_neg1_35recommendation.csv -> 3379 books -> Horror + Mystery: avg/user=9.53, unique=201
[OK][Horror + Mystery] Saved text:   /home/moshtasa/Research/phd-svd-recsys/SVD/Book/result/rec/top_re/1020/result/5_pair/Horror__Mystery_pair_explanation/explanation.txt
[OK][Horror + Mystery] Saved tables: /home/moshtasa/Research/phd-svd-recsys/SVD/Book/result/rec/top_re/1020/result/5_pair/Horror__Mystery_pair_explanation/per_book_ranking_pair.csv, /home/moshtasa/Research/phd-svd-recsys/SVD/Book/result/rec/top_re/1020/result/5_pair/Horror__Mystery_pair_explanation/per_book_ranking_g1.csv, /home/moshtasa/Research/phd-svd-recsys/SVD/Book/result/rec/top_re/1020/result/5_pair/Horror__Mystery_pair_explanation/per_book_ranking_g2.csv
[OK][Horror + Mystery] Saved figure: /home/moshtasa/Research/phd-svd-recsys/SVD/Book/result/rec/top_re/1020/result/5_pair/Horror__Mystery_pair_explanation/horror_mystery__pos5.png
[Horror + Nonfiction] [15] ORIGINAL_15recommendation.csv -> 2041 books -> Horror + Nonfiction: avg/user=0.00, unique=0
[Horror + Nonfiction] [25] ORIGINAL_25recommendation.csv -> 2771 books -> Horror + Nonfiction: avg/user=0.00, unique=0
[Horror + Nonfiction] [35] ORIGINAL_35recommendation.csv -> 3366 books -> Horror + Nonfiction: avg/user=0.00, unique=0
[Horror + Nonfiction] [15] fpair_Horror__Nonfiction_2u_pos5_neg1_15recommendation.csv -> 2043 books -> Horror + Nonfiction: avg/user=0.00, unique=0
[Horror + Nonfiction] [15] fpair_Horror__Nonfiction_4u_pos5_neg1_15recommendation.csv -> 2252 books -> Horror + Nonfiction: avg/user=0.06, unique=3
[Horror + Nonfiction] [15] fpair_Horror__Nonfiction_6u_pos5_neg1_15recommendation.csv -> 1964 books -> Horror + Nonfiction: avg/user=0.50, unique=3
[Horror + Nonfiction] [15] fpair_Horror__Nonfiction_25u_pos5_neg1_15recommendation.csv -> 1933 books -> Horror + Nonfiction: avg/user=2.06, unique=4
[Horror + Nonfiction] [15] fpair_Horror__Nonfiction_50u_pos5_neg1_15recommendation.csv -> 1801 books -> Horror + Nonfiction: avg/user=2.66, unique=4
[Horror + Nonfiction] [15] fpair_Horror__Nonfiction_100u_pos5_neg1_15recommendation.csv -> 1875 books -> Horror + Nonfiction: avg/user=2.77, unique=4
[Horror + Nonfiction] [15] fpair_Horror__Nonfiction_200u_pos5_neg1_15recommendation.csv -> 1908 books -> Horror + Nonfiction: avg/user=2.75, unique=4
[Horror + Nonfiction] [15] fpair_Horror__Nonfiction_300u_pos5_neg1_15recommendation.csv -> 1958 books -> Horror + Nonfiction: avg/user=2.65, unique=4
[Horror + Nonfiction] [15] fpair_Horror__Nonfiction_500u_pos5_neg1_15recommendation.csv -> 2027 books -> Horror + Nonfiction: avg/user=2.44, unique=4
[Horror + Nonfiction] [15] fpair_Horror__Nonfiction_1000u_pos5_neg1_15recommendation.csv -> 2086 books -> Horror + Nonfiction: avg/user=1.46, unique=4
[Horror + Nonfiction] [25] fpair_Horror__Nonfiction_2u_pos5_neg1_25recommendation.csv -> 2748 books -> Horror + Nonfiction: avg/user=0.00, unique=0
[Horror + Nonfiction] [25] fpair_Horror__Nonfiction_4u_pos5_neg1_25recommendation.csv -> 3004 books -> Horror + Nonfiction: avg/user=0.09, unique=3
[Horror + Nonfiction] [25] fpair_Horror__Nonfiction_6u_pos5_neg1_25recommendation.csv -> 2676 books -> Horror + Nonfiction: avg/user=0.56, unique=4
[Horror + Nonfiction] [25] fpair_Horror__Nonfiction_25u_pos5_neg1_25recommendation.csv -> 2658 books -> Horror + Nonfiction: avg/user=2.25, unique=4
[Horror + Nonfiction] [25] fpair_Horror__Nonfiction_50u_pos5_neg1_25recommendation.csv -> 2494 books -> Horror + Nonfiction: avg/user=2.79, unique=4
[Horror + Nonfiction] [25] fpair_Horror__Nonfiction_100u_pos5_neg1_25recommendation.csv -> 2587 books -> Horror + Nonfiction: avg/user=2.87, unique=4
[Horror + Nonfiction] [25] fpair_Horror__Nonfiction_200u_pos5_neg1_25recommendation.csv -> 2629 books -> Horror + Nonfiction: avg/user=2.85, unique=4
[Horror + Nonfiction] [25] fpair_Horror__Nonfiction_300u_pos5_neg1_25recommendation.csv -> 2725 books -> Horror + Nonfiction: avg/user=2.76, unique=4
[Horror + Nonfiction] [25] fpair_Horror__Nonfiction_500u_pos5_neg1_25recommendation.csv -> 2809 books -> Horror + Nonfiction: avg/user=2.55, unique=4
[Horror + Nonfiction] [25] fpair_Horror__Nonfiction_1000u_pos5_neg1_25recommendation.csv -> 2722 books -> Horror + Nonfiction: avg/user=1.62, unique=4
[Horror + Nonfiction] [35] fpair_Horror__Nonfiction_2u_pos5_neg1_35recommendation.csv -> 3328 books -> Horror + Nonfiction: avg/user=0.00, unique=1
[Horror + Nonfiction] [35] fpair_Horror__Nonfiction_4u_pos5_neg1_35recommendation.csv -> 3576 books -> Horror + Nonfiction: avg/user=0.12, unique=3
[Horror + Nonfiction] [35] fpair_Horror__Nonfiction_6u_pos5_neg1_35recommendation.csv -> 3211 books -> Horror + Nonfiction: avg/user=0.61, unique=4
[Horror + Nonfiction] [35] fpair_Horror__Nonfiction_25u_pos5_neg1_35recommendation.csv -> 3261 books -> Horror + Nonfiction: avg/user=2.37, unique=4
[Horror + Nonfiction] [35] fpair_Horror__Nonfiction_50u_pos5_neg1_35recommendation.csv -> 3048 books -> Horror + Nonfiction: avg/user=2.87, unique=4
[Horror + Nonfiction] [35] fpair_Horror__Nonfiction_100u_pos5_neg1_35recommendation.csv -> 3205 books -> Horror + Nonfiction: avg/user=2.93, unique=4
[Horror + Nonfiction] [35] fpair_Horror__Nonfiction_200u_pos5_neg1_35recommendation.csv -> 3223 books -> Horror + Nonfiction: avg/user=2.92, unique=4
[Horror + Nonfiction] [35] fpair_Horror__Nonfiction_300u_pos5_neg1_35recommendation.csv -> 3294 books -> Horror + Nonfiction: avg/user=2.82, unique=4
[Horror + Nonfiction] [35] fpair_Horror__Nonfiction_500u_pos5_neg1_35recommendation.csv -> 3352 books -> Horror + Nonfiction: avg/user=2.62, unique=4
[Horror + Nonfiction] [35] fpair_Horror__Nonfiction_1000u_pos5_neg1_35recommendation.csv -> 3245 books -> Horror + Nonfiction: avg/user=1.73, unique=4
[OK][Horror + Nonfiction] Saved text:   /home/moshtasa/Research/phd-svd-recsys/SVD/Book/result/rec/top_re/1020/result/5_pair/Horror__Nonfiction_pair_explanation/explanation.txt
[OK][Horror + Nonfiction] Saved tables: /home/moshtasa/Research/phd-svd-recsys/SVD/Book/result/rec/top_re/1020/result/5_pair/Horror__Nonfiction_pair_explanation/per_book_ranking_pair.csv, /home/moshtasa/Research/phd-svd-recsys/SVD/Book/result/rec/top_re/1020/result/5_pair/Horror__Nonfiction_pair_explanation/per_book_ranking_g1.csv, /home/moshtasa/Research/phd-svd-recsys/SVD/Book/result/rec/top_re/1020/result/5_pair/Horror__Nonfiction_pair_explanation/per_book_ranking_g2.csv
[OK][Horror + Nonfiction] Saved figure: /home/moshtasa/Research/phd-svd-recsys/SVD/Book/result/rec/top_re/1020/result/5_pair/Horror__Nonfiction_pair_explanation/horror_nonfiction__pos5.png
[Horror + Romance] [15] ORIGINAL_15recommendation.csv -> 2041 books -> Horror + Romance: avg/user=0.11, unique=13
[Horror + Romance] [25] ORIGINAL_25recommendation.csv -> 2771 books -> Horror + Romance: avg/user=0.16, unique=19
[Horror + Romance] [35] ORIGINAL_35recommendation.csv -> 3366 books -> Horror + Romance: avg/user=0.21, unique=25
[Horror + Romance] [15] fpair_Horror__Romance_2u_pos5_neg1_15recommendation.csv -> 2008 books -> Horror + Romance: avg/user=0.31, unique=31
[Horror + Romance] [15] fpair_Horror__Romance_4u_pos5_neg1_15recommendation.csv -> 2219 books -> Horror + Romance: avg/user=0.77, unique=48
[Horror + Romance] [15] fpair_Horror__Romance_6u_pos5_neg1_15recommendation.csv -> 1900 books -> Horror + Romance: avg/user=1.27, unique=52
[Horror + Romance] [15] fpair_Horror__Romance_25u_pos5_neg1_15recommendation.csv -> 1713 books -> Horror + Romance: avg/user=5.90, unique=54
[Horror + Romance] [15] fpair_Horror__Romance_50u_pos5_neg1_15recommendation.csv -> 1504 books -> Horror + Romance: avg/user=7.05, unique=54
[Horror + Romance] [15] fpair_Horror__Romance_100u_pos5_neg1_15recommendation.csv -> 1593 books -> Horror + Romance: avg/user=7.17, unique=55
[Horror + Romance] [15] fpair_Horror__Romance_200u_pos5_neg1_15recommendation.csv -> 1717 books -> Horror + Romance: avg/user=6.93, unique=55
[Horror + Romance] [15] fpair_Horror__Romance_300u_pos5_neg1_15recommendation.csv -> 1713 books -> Horror + Romance: avg/user=6.47, unique=55
[Horror + Romance] [15] fpair_Horror__Romance_500u_pos5_neg1_15recommendation.csv -> 1938 books -> Horror + Romance: avg/user=3.80, unique=55
[Horror + Romance] [15] fpair_Horror__Romance_1000u_pos5_neg1_15recommendation.csv -> 2033 books -> Horror + Romance: avg/user=3.90, unique=55
[Horror + Romance] [25] fpair_Horror__Romance_2u_pos5_neg1_25recommendation.csv -> 2732 books -> Horror + Romance: avg/user=0.45, unique=34
[Horror + Romance] [25] fpair_Horror__Romance_4u_pos5_neg1_25recommendation.csv -> 2937 books -> Horror + Romance: avg/user=1.10, unique=51
[Horror + Romance] [25] fpair_Horror__Romance_6u_pos5_neg1_25recommendation.csv -> 2599 books -> Horror + Romance: avg/user=1.92, unique=54
[Horror + Romance] [25] fpair_Horror__Romance_25u_pos5_neg1_25recommendation.csv -> 2320 books -> Horror + Romance: avg/user=8.43, unique=55
[Horror + Romance] [25] fpair_Horror__Romance_50u_pos5_neg1_25recommendation.csv -> 2114 books -> Horror + Romance: avg/user=10.04, unique=55
[Horror + Romance] [25] fpair_Horror__Romance_100u_pos5_neg1_25recommendation.csv -> 2187 books -> Horror + Romance: avg/user=10.47, unique=55
[Horror + Romance] [25] fpair_Horror__Romance_200u_pos5_neg1_25recommendation.csv -> 2300 books -> Horror + Romance: avg/user=10.13, unique=55
[Horror + Romance] [25] fpair_Horror__Romance_300u_pos5_neg1_25recommendation.csv -> 2305 books -> Horror + Romance: avg/user=9.49, unique=55
[Horror + Romance] [25] fpair_Horror__Romance_500u_pos5_neg1_25recommendation.csv -> 2585 books -> Horror + Romance: avg/user=5.59, unique=55
[Horror + Romance] [25] fpair_Horror__Romance_1000u_pos5_neg1_25recommendation.csv -> 2668 books -> Horror + Romance: avg/user=5.68, unique=55
[Horror + Romance] [35] fpair_Horror__Romance_2u_pos5_neg1_35recommendation.csv -> 3288 books -> Horror + Romance: avg/user=0.57, unique=36
[Horror + Romance] [35] fpair_Horror__Romance_4u_pos5_neg1_35recommendation.csv -> 3528 books -> Horror + Romance: avg/user=1.38, unique=52
[Horror + Romance] [35] fpair_Horror__Romance_6u_pos5_neg1_35recommendation.csv -> 3120 books -> Horror + Romance: avg/user=2.50, unique=55
[Horror + Romance] [35] fpair_Horror__Romance_25u_pos5_neg1_35recommendation.csv -> 2848 books -> Horror + Romance: avg/user=10.30, unique=55
[Horror + Romance] [35] fpair_Horror__Romance_50u_pos5_neg1_35recommendation.csv -> 2631 books -> Horror + Romance: avg/user=12.31, unique=55
[Horror + Romance] [35] fpair_Horror__Romance_100u_pos5_neg1_35recommendation.csv -> 2697 books -> Horror + Romance: avg/user=13.13, unique=55
[Horror + Romance] [35] fpair_Horror__Romance_200u_pos5_neg1_35recommendation.csv -> 2777 books -> Horror + Romance: avg/user=12.77, unique=55
[Horror + Romance] [35] fpair_Horror__Romance_300u_pos5_neg1_35recommendation.csv -> 2777 books -> Horror + Romance: avg/user=11.94, unique=55
[Horror + Romance] [35] fpair_Horror__Romance_500u_pos5_neg1_35recommendation.csv -> 3102 books -> Horror + Romance: avg/user=7.02, unique=55
[Horror + Romance] [35] fpair_Horror__Romance_1000u_pos5_neg1_35recommendation.csv -> 3203 books -> Horror + Romance: avg/user=7.07, unique=55
[OK][Horror + Romance] Saved text:   /home/moshtasa/Research/phd-svd-recsys/SVD/Book/result/rec/top_re/1020/result/5_pair/Horror__Romance_pair_explanation/explanation.txt
[OK][Horror + Romance] Saved tables: /home/moshtasa/Research/phd-svd-recsys/SVD/Book/result/rec/top_re/1020/result/5_pair/Horror__Romance_pair_explanation/per_book_ranking_pair.csv, /home/moshtasa/Research/phd-svd-recsys/SVD/Book/result/rec/top_re/1020/result/5_pair/Horror__Romance_pair_explanation/per_book_ranking_g1.csv, /home/moshtasa/Research/phd-svd-recsys/SVD/Book/result/rec/top_re/1020/result/5_pair/Horror__Romance_pair_explanation/per_book_ranking_g2.csv
[OK][Horror + Romance] Saved figure: /home/moshtasa/Research/phd-svd-recsys/SVD/Book/result/rec/top_re/1020/result/5_pair/Horror__Romance_pair_explanation/horror_romance__pos5.png
[Horror + Science Fiction] [15] ORIGINAL_15recommendation.csv -> 2041 books -> Horror + Science Fiction: avg/user=0.01, unique=8
[Horror + Science Fiction] [25] ORIGINAL_25recommendation.csv -> 2771 books -> Horror + Science Fiction: avg/user=0.03, unique=11
[Horror + Science Fiction] [35] ORIGINAL_35recommendation.csv -> 3366 books -> Horror + Science Fiction: avg/user=0.05, unique=13
[Horror + Science Fiction] [15] fpair_Horror__Science_Fiction_2u_pos5_neg1_15recommendation.csv -> 2040 books -> Horror + Science Fiction: avg/user=0.05, unique=14
[Horror + Science Fiction] [15] fpair_Horror__Science_Fiction_4u_pos5_neg1_15recommendation.csv -> 2206 books -> Horror + Science Fiction: avg/user=0.64, unique=35
[Horror + Science Fiction] [15] fpair_Horror__Science_Fiction_6u_pos5_neg1_15recommendation.csv -> 1874 books -> Horror + Science Fiction: avg/user=1.60, unique=45
[Horror + Science Fiction] [15] fpair_Horror__Science_Fiction_25u_pos5_neg1_15recommendation.csv -> 1573 books -> Horror + Science Fiction: avg/user=8.62, unique=46
[Horror + Science Fiction] [15] fpair_Horror__Science_Fiction_50u_pos5_neg1_15recommendation.csv -> 1438 books -> Horror + Science Fiction: avg/user=10.10, unique=46
[Horror + Science Fiction] [15] fpair_Horror__Science_Fiction_100u_pos5_neg1_15recommendation.csv -> 1457 books -> Horror + Science Fiction: avg/user=10.15, unique=46
[Horror + Science Fiction] [15] fpair_Horror__Science_Fiction_200u_pos5_neg1_15recommendation.csv -> 1567 books -> Horror + Science Fiction: avg/user=9.56, unique=46
[Horror + Science Fiction] [15] fpair_Horror__Science_Fiction_300u_pos5_neg1_15recommendation.csv -> 1623 books -> Horror + Science Fiction: avg/user=9.33, unique=46
[Horror + Science Fiction] [15] fpair_Horror__Science_Fiction_500u_pos5_neg1_15recommendation.csv -> 1925 books -> Horror + Science Fiction: avg/user=5.68, unique=45
[Horror + Science Fiction] [15] fpair_Horror__Science_Fiction_1000u_pos5_neg1_15recommendation.csv -> 1891 books -> Horror + Science Fiction: avg/user=6.64, unique=45
[Horror + Science Fiction] [25] fpair_Horror__Science_Fiction_2u_pos5_neg1_25recommendation.csv -> 2753 books -> Horror + Science Fiction: avg/user=0.10, unique=20
[Horror + Science Fiction] [25] fpair_Horror__Science_Fiction_4u_pos5_neg1_25recommendation.csv -> 2943 books -> Horror + Science Fiction: avg/user=0.97, unique=40
[Horror + Science Fiction] [25] fpair_Horror__Science_Fiction_6u_pos5_neg1_25recommendation.csv -> 2574 books -> Horror + Science Fiction: avg/user=2.39, unique=45
[Horror + Science Fiction] [25] fpair_Horror__Science_Fiction_25u_pos5_neg1_25recommendation.csv -> 2160 books -> Horror + Science Fiction: avg/user=12.51, unique=46
[Horror + Science Fiction] [25] fpair_Horror__Science_Fiction_50u_pos5_neg1_25recommendation.csv -> 1991 books -> Horror + Science Fiction: avg/user=14.10, unique=46
[Horror + Science Fiction] [25] fpair_Horror__Science_Fiction_100u_pos5_neg1_25recommendation.csv -> 2017 books -> Horror + Science Fiction: avg/user=14.36, unique=46
[Horror + Science Fiction] [25] fpair_Horror__Science_Fiction_200u_pos5_neg1_25recommendation.csv -> 2161 books -> Horror + Science Fiction: avg/user=13.83, unique=46
[Horror + Science Fiction] [25] fpair_Horror__Science_Fiction_300u_pos5_neg1_25recommendation.csv -> 2223 books -> Horror + Science Fiction: avg/user=13.44, unique=46
[Horror + Science Fiction] [25] fpair_Horror__Science_Fiction_500u_pos5_neg1_25recommendation.csv -> 2552 books -> Horror + Science Fiction: avg/user=8.28, unique=46
[Horror + Science Fiction] [25] fpair_Horror__Science_Fiction_1000u_pos5_neg1_25recommendation.csv -> 2530 books -> Horror + Science Fiction: avg/user=9.61, unique=46
[Horror + Science Fiction] [35] fpair_Horror__Science_Fiction_2u_pos5_neg1_35recommendation.csv -> 3331 books -> Horror + Science Fiction: avg/user=0.18, unique=22
[Horror + Science Fiction] [35] fpair_Horror__Science_Fiction_4u_pos5_neg1_35recommendation.csv -> 3513 books -> Horror + Science Fiction: avg/user=1.28, unique=41
[Horror + Science Fiction] [35] fpair_Horror__Science_Fiction_6u_pos5_neg1_35recommendation.csv -> 3077 books -> Horror + Science Fiction: avg/user=3.09, unique=45
[Horror + Science Fiction] [35] fpair_Horror__Science_Fiction_25u_pos5_neg1_35recommendation.csv -> 2710 books -> Horror + Science Fiction: avg/user=15.14, unique=46
[Horror + Science Fiction] [35] fpair_Horror__Science_Fiction_50u_pos5_neg1_35recommendation.csv -> 2505 books -> Horror + Science Fiction: avg/user=16.83, unique=46
[Horror + Science Fiction] [35] fpair_Horror__Science_Fiction_100u_pos5_neg1_35recommendation.csv -> 2512 books -> Horror + Science Fiction: avg/user=17.45, unique=46
[Horror + Science Fiction] [35] fpair_Horror__Science_Fiction_200u_pos5_neg1_35recommendation.csv -> 2617 books -> Horror + Science Fiction: avg/user=17.08, unique=46
[Horror + Science Fiction] [35] fpair_Horror__Science_Fiction_300u_pos5_neg1_35recommendation.csv -> 2728 books -> Horror + Science Fiction: avg/user=16.53, unique=46
[Horror + Science Fiction] [35] fpair_Horror__Science_Fiction_500u_pos5_neg1_35recommendation.csv -> 3065 books -> Horror + Science Fiction: avg/user=10.21, unique=46
[Horror + Science Fiction] [35] fpair_Horror__Science_Fiction_1000u_pos5_neg1_35recommendation.csv -> 3059 books -> Horror + Science Fiction: avg/user=11.71, unique=46
[OK][Horror + Science Fiction] Saved text:   /home/moshtasa/Research/phd-svd-recsys/SVD/Book/result/rec/top_re/1020/result/5_pair/Horror__Science_Fiction_pair_explanation/explanation.txt
[OK][Horror + Science Fiction] Saved tables: /home/moshtasa/Research/phd-svd-recsys/SVD/Book/result/rec/top_re/1020/result/5_pair/Horror__Science_Fiction_pair_explanation/per_book_ranking_pair.csv, /home/moshtasa/Research/phd-svd-recsys/SVD/Book/result/rec/top_re/1020/result/5_pair/Horror__Science_Fiction_pair_explanation/per_book_ranking_g1.csv, /home/moshtasa/Research/phd-svd-recsys/SVD/Book/result/rec/top_re/1020/result/5_pair/Horror__Science_Fiction_pair_explanation/per_book_ranking_g2.csv
[OK][Horror + Science Fiction] Saved figure: /home/moshtasa/Research/phd-svd-recsys/SVD/Book/result/rec/top_re/1020/result/5_pair/Horror__Science_Fiction_pair_explanation/horror_science_fiction__pos5.png
[Horror + Thriller] [15] ORIGINAL_15recommendation.csv -> 2041 books -> Horror + Thriller: avg/user=0.17, unique=17
[Horror + Thriller] [25] ORIGINAL_25recommendation.csv -> 2771 books -> Horror + Thriller: avg/user=0.28, unique=25
[Horror + Thriller] [35] ORIGINAL_35recommendation.csv -> 3366 books -> Horror + Thriller: avg/user=0.37, unique=28
[Horror + Thriller] [15] fpair_Horror__Thriller_2u_pos5_neg1_15recommendation.csv -> 2026 books -> Horror + Thriller: avg/user=0.24, unique=32
[Horror + Thriller] [15] fpair_Horror__Thriller_4u_pos5_neg1_15recommendation.csv -> 2228 books -> Horror + Thriller: avg/user=0.57, unique=45
[Horror + Thriller] [15] fpair_Horror__Thriller_6u_pos5_neg1_15recommendation.csv -> 1908 books -> Horror + Thriller: avg/user=1.26, unique=70
[Horror + Thriller] [15] fpair_Horror__Thriller_25u_pos5_neg1_15recommendation.csv -> 1620 books -> Horror + Thriller: avg/user=9.50, unique=110
[Horror + Thriller] [15] fpair_Horror__Thriller_50u_pos5_neg1_15recommendation.csv -> 1553 books -> Horror + Thriller: avg/user=8.87, unique=99
[Horror + Thriller] [15] fpair_Horror__Thriller_100u_pos5_neg1_15recommendation.csv -> 1684 books -> Horror + Thriller: avg/user=7.21, unique=113
[Horror + Thriller] [15] fpair_Horror__Thriller_200u_pos5_neg1_15recommendation.csv -> 1802 books -> Horror + Thriller: avg/user=6.97, unique=117
[Horror + Thriller] [15] fpair_Horror__Thriller_300u_pos5_neg1_15recommendation.csv -> 1937 books -> Horror + Thriller: avg/user=4.23, unique=99
[Horror + Thriller] [15] fpair_Horror__Thriller_500u_pos5_neg1_15recommendation.csv -> 2025 books -> Horror + Thriller: avg/user=4.25, unique=96
[Horror + Thriller] [15] fpair_Horror__Thriller_1000u_pos5_neg1_15recommendation.csv -> 2117 books -> Horror + Thriller: avg/user=4.33, unique=105
[Horror + Thriller] [25] fpair_Horror__Thriller_2u_pos5_neg1_25recommendation.csv -> 2736 books -> Horror + Thriller: avg/user=0.41, unique=37
[Horror + Thriller] [25] fpair_Horror__Thriller_4u_pos5_neg1_25recommendation.csv -> 2946 books -> Horror + Thriller: avg/user=0.94, unique=59
[Horror + Thriller] [25] fpair_Horror__Thriller_6u_pos5_neg1_25recommendation.csv -> 2629 books -> Horror + Thriller: avg/user=2.03, unique=91
[Horror + Thriller] [25] fpair_Horror__Thriller_25u_pos5_neg1_25recommendation.csv -> 2202 books -> Horror + Thriller: avg/user=14.61, unique=119
[Horror + Thriller] [25] fpair_Horror__Thriller_50u_pos5_neg1_25recommendation.csv -> 2100 books -> Horror + Thriller: avg/user=12.99, unique=111
[Horror + Thriller] [25] fpair_Horror__Thriller_100u_pos5_neg1_25recommendation.csv -> 2269 books -> Horror + Thriller: avg/user=10.81, unique=122
[Horror + Thriller] [25] fpair_Horror__Thriller_200u_pos5_neg1_25recommendation.csv -> 2415 books -> Horror + Thriller: avg/user=10.44, unique=122
[Horror + Thriller] [25] fpair_Horror__Thriller_300u_pos5_neg1_25recommendation.csv -> 2548 books -> Horror + Thriller: avg/user=6.39, unique=111
[Horror + Thriller] [25] fpair_Horror__Thriller_500u_pos5_neg1_25recommendation.csv -> 2710 books -> Horror + Thriller: avg/user=6.44, unique=114
[Horror + Thriller] [25] fpair_Horror__Thriller_1000u_pos5_neg1_25recommendation.csv -> 2801 books -> Horror + Thriller: avg/user=6.55, unique=116
[Horror + Thriller] [35] fpair_Horror__Thriller_2u_pos5_neg1_35recommendation.csv -> 3308 books -> Horror + Thriller: avg/user=0.59, unique=42
[Horror + Thriller] [35] fpair_Horror__Thriller_4u_pos5_neg1_35recommendation.csv -> 3527 books -> Horror + Thriller: avg/user=1.30, unique=80
[Horror + Thriller] [35] fpair_Horror__Thriller_6u_pos5_neg1_35recommendation.csv -> 3168 books -> Horror + Thriller: avg/user=2.75, unique=103
[Horror + Thriller] [35] fpair_Horror__Thriller_25u_pos5_neg1_35recommendation.csv -> 2653 books -> Horror + Thriller: avg/user=18.72, unique=121
[Horror + Thriller] [35] fpair_Horror__Thriller_50u_pos5_neg1_35recommendation.csv -> 2585 books -> Horror + Thriller: avg/user=16.21, unique=117
[Horror + Thriller] [35] fpair_Horror__Thriller_100u_pos5_neg1_35recommendation.csv -> 2736 books -> Horror + Thriller: avg/user=13.78, unique=123
[Horror + Thriller] [35] fpair_Horror__Thriller_200u_pos5_neg1_35recommendation.csv -> 2894 books -> Horror + Thriller: avg/user=13.33, unique=123
[Horror + Thriller] [35] fpair_Horror__Thriller_300u_pos5_neg1_35recommendation.csv -> 3015 books -> Horror + Thriller: avg/user=8.27, unique=119
[Horror + Thriller] [35] fpair_Horror__Thriller_500u_pos5_neg1_35recommendation.csv -> 3232 books -> Horror + Thriller: avg/user=8.33, unique=118
[Horror + Thriller] [35] fpair_Horror__Thriller_1000u_pos5_neg1_35recommendation.csv -> 3362 books -> Horror + Thriller: avg/user=8.47, unique=121
[OK][Horror + Thriller] Saved text:   /home/moshtasa/Research/phd-svd-recsys/SVD/Book/result/rec/top_re/1020/result/5_pair/Horror__Thriller_pair_explanation/explanation.txt
[OK][Horror + Thriller] Saved tables: /home/moshtasa/Research/phd-svd-recsys/SVD/Book/result/rec/top_re/1020/result/5_pair/Horror__Thriller_pair_explanation/per_book_ranking_pair.csv, /home/moshtasa/Research/phd-svd-recsys/SVD/Book/result/rec/top_re/1020/result/5_pair/Horror__Thriller_pair_explanation/per_book_ranking_g1.csv, /home/moshtasa/Research/phd-svd-recsys/SVD/Book/result/rec/top_re/1020/result/5_pair/Horror__Thriller_pair_explanation/per_book_ranking_g2.csv
[OK][Horror + Thriller] Saved figure: /home/moshtasa/Research/phd-svd-recsys/SVD/Book/result/rec/top_re/1020/result/5_pair/Horror__Thriller_pair_explanation/horror_thriller__pos5.png
[OK] Wrote master summary: /home/moshtasa/Research/phd-svd-recsys/SVD/Book/result/rec/top_re/1020/result/5_pair/_all_pairs/summary_master.txt
[OK] Wrote global per-book ranking CSV: /home/moshtasa/Research/phd-svd-recsys/SVD/Book/result/rec/top_re/1020/result/5_pair/_all_pairs/per_book_ranking_all.csv
