nohup: ignoring input
[17:00:55] === KNN — SINGLE GENRE (POS=5 ONLY) ===
[17:01:01] 📂 Found 143 injection files (POS=5, N ∈ [2, 4, 6, 25, 50, 100, 200, 300, 350, 500, 1000])
[17:01:01] 
📦 [1/143] Processing f_Science_Fiction_100u_pos5_neg1_all.csv
[17:07:17] Scoring 53,424 original users for f_Science_Fiction_100u_pos5_neg1_all…
[19:25:18]    • Scored 10,000/53,424 users
[21:42:06]    • Scored 20,000/53,424 users
[23:56:42]    • Scored 30,000/53,424 users
[02:08:57]    • Scored 40,000/53,424 users
[04:20:09]    • Scored 50,000/53,424 users
[05:05:56] Saved → /home/moshtasa/Research/phd-svd-recsys/KNN/Book/result/KNN_Single_Injection/5/f_Science_Fiction_100u_pos5_neg1_all_15recommendation.csv (801,360 rows)
[05:06:06] Saved → /home/moshtasa/Research/phd-svd-recsys/KNN/Book/result/KNN_Single_Injection/5/f_Science_Fiction_100u_pos5_neg1_all_25recommendation.csv (1,335,600 rows)
[05:06:19] Saved → /home/moshtasa/Research/phd-svd-recsys/KNN/Book/result/KNN_Single_Injection/5/f_Science_Fiction_100u_pos5_neg1_all_35recommendation.csv (1,869,840 rows)
[05:06:23] 
📦 [2/143] Processing f_Thriller_25u_pos5_neg1_all.csv
[05:09:37] Scoring 53,424 original users for f_Thriller_25u_pos5_neg1_all…
[07:25:49]    • Scored 10,000/53,424 users
[09:40:10]    • Scored 20,000/53,424 users
[11:51:53]    • Scored 30,000/53,424 users
[14:01:17]    • Scored 40,000/53,424 users
[16:19:48]    • Scored 50,000/53,424 users
Traceback (most recent call last):
  File "/home/moshtasa/Research/phd-svd-recsys/KNN/Book/1215 * Single/KNN_1215.py", line 188, in <module>
  File "/home/moshtasa/Research/phd-svd-recsys/KNN/Book/1215 * Single/KNN_1215.py", line 182, in main
  File "/home/moshtasa/Research/phd-svd-recsys/KNN/Book/1215 * Single/KNN_1215.py", line 138, in recommend_knn
  File "/home/moshtasa/.local/lib/python3.9/site-packages/pandas/util/_decorators.py", line 333, in wrapper
    return func(*args, **kwargs)
  File "/home/moshtasa/.local/lib/python3.9/site-packages/pandas/core/generic.py", line 3989, in to_csv
    return DataFrameRenderer(formatter).to_csv(
  File "/home/moshtasa/.local/lib/python3.9/site-packages/pandas/io/formats/format.py", line 1014, in to_csv
    csv_formatter.save()
  File "/home/moshtasa/.local/lib/python3.9/site-packages/pandas/io/formats/csvs.py", line 251, in save
    with get_handle(
  File "/home/moshtasa/.local/lib/python3.9/site-packages/pandas/io/common.py", line 749, in get_handle
    check_parent_directory(str(handle))
  File "/home/moshtasa/.local/lib/python3.9/site-packages/pandas/io/common.py", line 616, in check_parent_directory
    raise OSError(rf"Cannot save file into a non-existent directory: '{parent}'")
OSError: Cannot save file into a non-existent directory: '/home/moshtasa/Research/phd-svd-recsys/KNN/Book/result/KNN_Single_Injection/5'
