2025-11-01T15:02:35 | DONE f_Business___Finance_105u_pos5_neg1_all | generated K=[35]
2025-11-01T16:01:55 | DONE f_Business___Finance_2643u_pos5_neg1_all | generated K=[35]
2025-11-01T16:49:22 | DONE f_Business___Finance_27u_pos5_neg1_all | generated K=[35]
2025-11-01T17:35:49 | DONE f_Games_105u_pos5_neg1_all | generated K=[35]
2025-11-01T18:32:26 | DONE f_Games_2643u_pos5_neg1_all | generated K=[35]
2025-11-01T19:18:43 | DONE f_Games_27u_pos5_neg1_all | generated K=[35]
2025-11-01T20:04:45 | DONE f_Health___Lifestyle_105u_pos5_neg1_all | generated K=[35]
2025-11-01T21:00:48 | DONE f_Health___Lifestyle_2643u_pos5_neg1_all | generated K=[35]
2025-11-01T21:46:48 | DONE f_Health___Lifestyle_27u_pos5_neg1_all | generated K=[35]
2025-11-01T22:32:39 | DONE f_Info___Reading_105u_pos5_neg1_all | generated K=[35]
2025-11-01T23:29:10 | DONE f_Info___Reading_2643u_pos5_neg1_all | generated K=[35]
2025-11-02T00:14:50 | DONE f_Info___Reading_27u_pos5_neg1_all | generated K=[35]
2025-11-02T01:01:27 | DONE f_Learning___Education_105u_pos5_neg1_all | generated K=[35]
2025-11-02T01:58:15 | DONE f_Learning___Education_2643u_pos5_neg1_all | generated K=[35]
2025-11-02T01:44:12 | DONE f_Learning___Education_27u_pos5_neg1_all | generated K=[35]
2025-11-02T02:30:42 | DONE f_Media___Creativity_105u_pos5_neg1_all | generated K=[35]
2025-11-02T03:27:12 | DONE f_Media___Creativity_2643u_pos5_neg1_all | generated K=[35]
2025-11-02T04:12:47 | DONE f_Media___Creativity_27u_pos5_neg1_all | generated K=[35]
2025-11-02T04:59:07 | DONE f_Medical_105u_pos5_neg1_all | generated K=[35]
2025-11-02T05:56:08 | DONE f_Medical_2643u_pos5_neg1_all | generated K=[35]
2025-11-02T06:41:34 | DONE f_Medical_27u_pos5_neg1_all | generated K=[35]
2025-11-02T07:27:58 | DONE f_Productivity___Tools_105u_pos5_neg1_all | generated K=[35]
2025-11-02T08:25:00 | DONE f_Productivity___Tools_2643u_pos5_neg1_all | generated K=[35]
2025-11-02T09:10:41 | DONE f_Productivity___Tools_27u_pos5_neg1_all | generated K=[35]
2025-11-02T09:55:45 | DONE f_Social___Comms_105u_pos5_neg1_all | generated K=[35]
2025-11-02T10:53:05 | DONE f_Social___Comms_2643u_pos5_neg1_all | generated K=[35]
2025-11-02T11:36:40 | DONE f_Social___Comms_27u_pos5_neg1_all | generated K=[35]
2025-11-02T12:23:27 | DONE f_Travel___Navigation_105u_pos5_neg1_all | generated K=[35]
2025-11-02T13:19:51 | DONE f_Travel___Navigation_2643u_pos5_neg1_all | generated K=[35]
2025-11-02T14:05:28 | DONE f_Travel___Navigation_27u_pos5_neg1_all | generated K=[35]
