nohup: ignoring input
[14:24:24] === NMF BASELINE + SELECTED INJECTIONS ===
[14:24:24] Loading ORIGINAL → /home/moshtasa/Research/phd-svd-recsys/Book/data/genre_clean.csv
[14:24:30] ORIGINAL users=53,424 rows=5,815,569
[14:24:30] Training NMF on ORIGINAL
[14:29:06] Generating ORIGINAL recommendations
[14:29:09] Scoring 53,424 users for ORIGINAL
[14:31:15] Saved → /home/moshtasa/Research/phd-svd-recsys/Book/0311_similar_pr_details/NMF-0311/result/NMF_run/data/ORIGINAL_15recommendation.csv (801,360 rows)
[14:31:20] Saved → /home/moshtasa/Research/phd-svd-recsys/Book/0311_similar_pr_details/NMF-0311/result/NMF_run/data/ORIGINAL_25recommendation.csv (1,335,600 rows)
[14:31:26] Saved → /home/moshtasa/Research/phd-svd-recsys/Book/0311_similar_pr_details/NMF-0311/result/NMF_run/data/ORIGINAL_35recommendation.csv (1,869,840 rows)
[14:31:27] Computing ORIGINAL bi analysis
[14:31:27] Saved bi → /home/moshtasa/Research/phd-svd-recsys/Book/0311_similar_pr_details/NMF-0311/result/NMF_run/bi/ORIGINAL_bi_per_genre.csv (13 genres)
[14:31:27] Computing ORIGINAL mu analysis
[14:31:30] Saved mu → /home/moshtasa/Research/phd-svd-recsys/Book/0311_similar_pr_details/NMF-0311/result/NMF_run/mio/ORIGINAL_mu_per_genre.csv (13 genres)
[14:31:32] ORIGINAL baseline done
[14:31:32] Found 130 injection files
[14:31:32] 
[1/130] POS5 2 users — Historical
[14:31:32] File: f_Historical_2u_pos5_neg1_books.csv
[14:31:40] Training NMF
[14:36:13] Generating recommendations
[14:36:17] Scoring 53,424 users for f_Historical_2u_pos5_neg1_books
[14:39:25] Saved → /home/moshtasa/Research/phd-svd-recsys/Book/0311_similar_pr_details/NMF-0311/result/NMF_run/data/f_Historical_2u_pos5_neg1_books_15recommendation.csv (801,360 rows)
[14:39:29] Saved → /home/moshtasa/Research/phd-svd-recsys/Book/0311_similar_pr_details/NMF-0311/result/NMF_run/data/f_Historical_2u_pos5_neg1_books_25recommendation.csv (1,335,600 rows)
[14:39:34] Saved → /home/moshtasa/Research/phd-svd-recsys/Book/0311_similar_pr_details/NMF-0311/result/NMF_run/data/f_Historical_2u_pos5_neg1_books_35recommendation.csv (1,869,840 rows)
[14:39:36] Computing bi analysis
[14:39:36] Saved bi → /home/moshtasa/Research/phd-svd-recsys/Book/0311_similar_pr_details/NMF-0311/result/NMF_run/bi/f_Historical_2u_pos5_neg1_books_bi_per_genre.csv (13 genres)
[14:39:36] Computing mu analysis
[14:39:38] Saved mu → /home/moshtasa/Research/phd-svd-recsys/Book/0311_similar_pr_details/NMF-0311/result/NMF_run/mio/f_Historical_2u_pos5_neg1_books_mu_per_genre.csv (13 genres)
[14:39:40] Done
[14:39:40] 
[2/130] POS5 2 users — Adult
[14:39:40] File: f_Adult_2u_pos5_neg1_books.csv
[14:39:47] Training NMF
[14:44:14] Generating recommendations
[14:44:16] Scoring 53,424 users for f_Adult_2u_pos5_neg1_books
[14:46:23] Saved → /home/moshtasa/Research/phd-svd-recsys/Book/0311_similar_pr_details/NMF-0311/result/NMF_run/data/f_Adult_2u_pos5_neg1_books_15recommendation.csv (801,360 rows)
[14:46:27] Saved → /home/moshtasa/Research/phd-svd-recsys/Book/0311_similar_pr_details/NMF-0311/result/NMF_run/data/f_Adult_2u_pos5_neg1_books_25recommendation.csv (1,335,600 rows)
[14:46:33] Saved → /home/moshtasa/Research/phd-svd-recsys/Book/0311_similar_pr_details/NMF-0311/result/NMF_run/data/f_Adult_2u_pos5_neg1_books_35recommendation.csv (1,869,840 rows)
[14:46:34] Computing bi analysis
[14:46:34] Saved bi → /home/moshtasa/Research/phd-svd-recsys/Book/0311_similar_pr_details/NMF-0311/result/NMF_run/bi/f_Adult_2u_pos5_neg1_books_bi_per_genre.csv (13 genres)
[14:46:34] Computing mu analysis
[14:46:37] Saved mu → /home/moshtasa/Research/phd-svd-recsys/Book/0311_similar_pr_details/NMF-0311/result/NMF_run/mio/f_Adult_2u_pos5_neg1_books_mu_per_genre.csv (13 genres)
[14:46:39] Done
[14:46:39] 
[3/130] POS5 2 users — Drama
[14:46:39] File: f_Drama_2u_pos5_neg1_books.csv
[14:46:46] Training NMF
[14:51:01] Generating recommendations
[14:51:05] Scoring 53,424 users for f_Drama_2u_pos5_neg1_books
[14:54:56] Saved → /home/moshtasa/Research/phd-svd-recsys/Book/0311_similar_pr_details/NMF-0311/result/NMF_run/data/f_Drama_2u_pos5_neg1_books_15recommendation.csv (801,360 rows)
[14:55:00] Saved → /home/moshtasa/Research/phd-svd-recsys/Book/0311_similar_pr_details/NMF-0311/result/NMF_run/data/f_Drama_2u_pos5_neg1_books_25recommendation.csv (1,335,600 rows)
[14:55:06] Saved → /home/moshtasa/Research/phd-svd-recsys/Book/0311_similar_pr_details/NMF-0311/result/NMF_run/data/f_Drama_2u_pos5_neg1_books_35recommendation.csv (1,869,840 rows)
[14:55:07] Computing bi analysis
[14:55:07] Saved bi → /home/moshtasa/Research/phd-svd-recsys/Book/0311_similar_pr_details/NMF-0311/result/NMF_run/bi/f_Drama_2u_pos5_neg1_books_bi_per_genre.csv (13 genres)
[14:55:07] Computing mu analysis
[14:55:10] Saved mu → /home/moshtasa/Research/phd-svd-recsys/Book/0311_similar_pr_details/NMF-0311/result/NMF_run/mio/f_Drama_2u_pos5_neg1_books_mu_per_genre.csv (13 genres)
[14:55:11] Done
[14:55:11] 
[4/130] POS5 2 users — Mystery
[14:55:11] File: f_Mystery_2u_pos5_neg1_books.csv
[14:55:18] Training NMF
[14:59:37] Generating recommendations
[14:59:41] Scoring 53,424 users for f_Mystery_2u_pos5_neg1_books
[15:01:52] Saved → /home/moshtasa/Research/phd-svd-recsys/Book/0311_similar_pr_details/NMF-0311/result/NMF_run/data/f_Mystery_2u_pos5_neg1_books_15recommendation.csv (801,360 rows)
[15:01:56] Saved → /home/moshtasa/Research/phd-svd-recsys/Book/0311_similar_pr_details/NMF-0311/result/NMF_run/data/f_Mystery_2u_pos5_neg1_books_25recommendation.csv (1,335,600 rows)
[15:02:02] Saved → /home/moshtasa/Research/phd-svd-recsys/Book/0311_similar_pr_details/NMF-0311/result/NMF_run/data/f_Mystery_2u_pos5_neg1_books_35recommendation.csv (1,869,840 rows)
[15:02:03] Computing bi analysis
[15:02:03] Saved bi → /home/moshtasa/Research/phd-svd-recsys/Book/0311_similar_pr_details/NMF-0311/result/NMF_run/bi/f_Mystery_2u_pos5_neg1_books_bi_per_genre.csv (13 genres)
[15:02:03] Computing mu analysis
[15:02:06] Saved mu → /home/moshtasa/Research/phd-svd-recsys/Book/0311_similar_pr_details/NMF-0311/result/NMF_run/mio/f_Mystery_2u_pos5_neg1_books_mu_per_genre.csv (13 genres)
[15:02:08] Done
[15:02:08] 
[5/130] POS5 2 users — Classics
[15:02:08] File: f_Classics_2u_pos5_neg1_books.csv
[15:02:15] Training NMF
[15:06:40] Generating recommendations
[15:06:43] Scoring 53,424 users for f_Classics_2u_pos5_neg1_books
[15:09:54] Saved → /home/moshtasa/Research/phd-svd-recsys/Book/0311_similar_pr_details/NMF-0311/result/NMF_run/data/f_Classics_2u_pos5_neg1_books_15recommendation.csv (801,360 rows)
[15:10:00] Saved → /home/moshtasa/Research/phd-svd-recsys/Book/0311_similar_pr_details/NMF-0311/result/NMF_run/data/f_Classics_2u_pos5_neg1_books_25recommendation.csv (1,335,600 rows)
[15:10:08] Saved → /home/moshtasa/Research/phd-svd-recsys/Book/0311_similar_pr_details/NMF-0311/result/NMF_run/data/f_Classics_2u_pos5_neg1_books_35recommendation.csv (1,869,840 rows)
[15:10:10] Computing bi analysis
[15:10:10] Saved bi → /home/moshtasa/Research/phd-svd-recsys/Book/0311_similar_pr_details/NMF-0311/result/NMF_run/bi/f_Classics_2u_pos5_neg1_books_bi_per_genre.csv (13 genres)
[15:10:10] Computing mu analysis
[15:10:13] Saved mu → /home/moshtasa/Research/phd-svd-recsys/Book/0311_similar_pr_details/NMF-0311/result/NMF_run/mio/f_Classics_2u_pos5_neg1_books_mu_per_genre.csv (13 genres)
[15:10:15] Done
[15:10:15] 
[6/130] POS5 2 users — Thriller
[15:10:15] File: f_Thriller_2u_pos5_neg1_books.csv
[15:10:26] Training NMF
[15:14:47] Generating recommendations
[15:14:50] Scoring 53,424 users for f_Thriller_2u_pos5_neg1_books
[15:17:20] Saved → /home/moshtasa/Research/phd-svd-recsys/Book/0311_similar_pr_details/NMF-0311/result/NMF_run/data/f_Thriller_2u_pos5_neg1_books_15recommendation.csv (801,360 rows)
[15:17:24] Saved → /home/moshtasa/Research/phd-svd-recsys/Book/0311_similar_pr_details/NMF-0311/result/NMF_run/data/f_Thriller_2u_pos5_neg1_books_25recommendation.csv (1,335,600 rows)
[15:17:30] Saved → /home/moshtasa/Research/phd-svd-recsys/Book/0311_similar_pr_details/NMF-0311/result/NMF_run/data/f_Thriller_2u_pos5_neg1_books_35recommendation.csv (1,869,840 rows)
[15:17:32] Computing bi analysis
[15:17:32] Saved bi → /home/moshtasa/Research/phd-svd-recsys/Book/0311_similar_pr_details/NMF-0311/result/NMF_run/bi/f_Thriller_2u_pos5_neg1_books_bi_per_genre.csv (13 genres)
[15:17:32] Computing mu analysis
[15:17:34] Saved mu → /home/moshtasa/Research/phd-svd-recsys/Book/0311_similar_pr_details/NMF-0311/result/NMF_run/mio/f_Thriller_2u_pos5_neg1_books_mu_per_genre.csv (13 genres)
[15:17:36] Done
[15:17:36] 
[7/130] POS5 2 users — Fantasy
[15:17:36] File: f_Fantasy_2u_pos5_neg1_books.csv
[15:17:43] Training NMF
[15:21:57] Generating recommendations
[15:22:00] Scoring 53,424 users for f_Fantasy_2u_pos5_neg1_books
[15:24:09] Saved → /home/moshtasa/Research/phd-svd-recsys/Book/0311_similar_pr_details/NMF-0311/result/NMF_run/data/f_Fantasy_2u_pos5_neg1_books_15recommendation.csv (801,360 rows)
[15:24:13] Saved → /home/moshtasa/Research/phd-svd-recsys/Book/0311_similar_pr_details/NMF-0311/result/NMF_run/data/f_Fantasy_2u_pos5_neg1_books_25recommendation.csv (1,335,600 rows)
[15:24:19] Saved → /home/moshtasa/Research/phd-svd-recsys/Book/0311_similar_pr_details/NMF-0311/result/NMF_run/data/f_Fantasy_2u_pos5_neg1_books_35recommendation.csv (1,869,840 rows)
[15:24:21] Computing bi analysis
[15:24:21] Saved bi → /home/moshtasa/Research/phd-svd-recsys/Book/0311_similar_pr_details/NMF-0311/result/NMF_run/bi/f_Fantasy_2u_pos5_neg1_books_bi_per_genre.csv (13 genres)
[15:24:21] Computing mu analysis
[15:24:24] Saved mu → /home/moshtasa/Research/phd-svd-recsys/Book/0311_similar_pr_details/NMF-0311/result/NMF_run/mio/f_Fantasy_2u_pos5_neg1_books_mu_per_genre.csv (13 genres)
[15:24:27] Done
[15:24:27] 
[8/130] POS5 2 users — Children_s
[15:24:27] File: f_Children_s_2u_pos5_neg1_books.csv
[15:24:37] Training NMF
[15:29:17] Generating recommendations
[15:29:19] Scoring 53,424 users for f_Children_s_2u_pos5_neg1_books
[15:31:25] Saved → /home/moshtasa/Research/phd-svd-recsys/Book/0311_similar_pr_details/NMF-0311/result/NMF_run/data/f_Children_s_2u_pos5_neg1_books_15recommendation.csv (801,360 rows)
[15:31:29] Saved → /home/moshtasa/Research/phd-svd-recsys/Book/0311_similar_pr_details/NMF-0311/result/NMF_run/data/f_Children_s_2u_pos5_neg1_books_25recommendation.csv (1,335,600 rows)
[15:31:35] Saved → /home/moshtasa/Research/phd-svd-recsys/Book/0311_similar_pr_details/NMF-0311/result/NMF_run/data/f_Children_s_2u_pos5_neg1_books_35recommendation.csv (1,869,840 rows)
[15:31:36] Computing bi analysis
[15:31:36] Saved bi → /home/moshtasa/Research/phd-svd-recsys/Book/0311_similar_pr_details/NMF-0311/result/NMF_run/bi/f_Children_s_2u_pos5_neg1_books_bi_per_genre.csv (13 genres)
[15:31:36] Computing mu analysis
[15:31:38] Saved mu → /home/moshtasa/Research/phd-svd-recsys/Book/0311_similar_pr_details/NMF-0311/result/NMF_run/mio/f_Children_s_2u_pos5_neg1_books_mu_per_genre.csv (13 genres)
[15:31:40] Done
[15:31:40] 
[9/130] POS5 2 users — Nonfiction
[15:31:40] File: f_Nonfiction_2u_pos5_neg1_books.csv
[15:31:47] Training NMF
[15:36:06] Generating recommendations
[15:36:09] Scoring 53,424 users for f_Nonfiction_2u_pos5_neg1_books
[15:38:10] Saved → /home/moshtasa/Research/phd-svd-recsys/Book/0311_similar_pr_details/NMF-0311/result/NMF_run/data/f_Nonfiction_2u_pos5_neg1_books_15recommendation.csv (801,360 rows)
[15:38:14] Saved → /home/moshtasa/Research/phd-svd-recsys/Book/0311_similar_pr_details/NMF-0311/result/NMF_run/data/f_Nonfiction_2u_pos5_neg1_books_25recommendation.csv (1,335,600 rows)
[15:38:20] Saved → /home/moshtasa/Research/phd-svd-recsys/Book/0311_similar_pr_details/NMF-0311/result/NMF_run/data/f_Nonfiction_2u_pos5_neg1_books_35recommendation.csv (1,869,840 rows)
[15:38:22] Computing bi analysis
[15:38:22] Saved bi → /home/moshtasa/Research/phd-svd-recsys/Book/0311_similar_pr_details/NMF-0311/result/NMF_run/bi/f_Nonfiction_2u_pos5_neg1_books_bi_per_genre.csv (13 genres)
[15:38:22] Computing mu analysis
[15:38:24] Saved mu → /home/moshtasa/Research/phd-svd-recsys/Book/0311_similar_pr_details/NMF-0311/result/NMF_run/mio/f_Nonfiction_2u_pos5_neg1_books_mu_per_genre.csv (13 genres)
[15:38:26] Done
[15:38:26] 
[10/130] POS5 2 users — Romance
[15:38:26] File: f_Romance_2u_pos5_neg1_books.csv
[15:38:33] Training NMF
[15:43:05] Generating recommendations
[15:43:08] Scoring 53,424 users for f_Romance_2u_pos5_neg1_books
[15:46:11] Saved → /home/moshtasa/Research/phd-svd-recsys/Book/0311_similar_pr_details/NMF-0311/result/NMF_run/data/f_Romance_2u_pos5_neg1_books_15recommendation.csv (801,360 rows)
[15:46:15] Saved → /home/moshtasa/Research/phd-svd-recsys/Book/0311_similar_pr_details/NMF-0311/result/NMF_run/data/f_Romance_2u_pos5_neg1_books_25recommendation.csv (1,335,600 rows)
[15:46:20] Saved → /home/moshtasa/Research/phd-svd-recsys/Book/0311_similar_pr_details/NMF-0311/result/NMF_run/data/f_Romance_2u_pos5_neg1_books_35recommendation.csv (1,869,840 rows)
[15:46:22] Computing bi analysis
[15:46:22] Saved bi → /home/moshtasa/Research/phd-svd-recsys/Book/0311_similar_pr_details/NMF-0311/result/NMF_run/bi/f_Romance_2u_pos5_neg1_books_bi_per_genre.csv (13 genres)
[15:46:22] Computing mu analysis
[15:46:24] Saved mu → /home/moshtasa/Research/phd-svd-recsys/Book/0311_similar_pr_details/NMF-0311/result/NMF_run/mio/f_Romance_2u_pos5_neg1_books_mu_per_genre.csv (13 genres)
[15:46:26] Done
[15:46:26] 
[11/130] POS5 2 users — Adventure
[15:46:26] File: f_Adventure_2u_pos5_neg1_books.csv
[15:46:32] Training NMF
[15:50:49] Generating recommendations
[15:50:51] Scoring 53,424 users for f_Adventure_2u_pos5_neg1_books
[15:52:55] Saved → /home/moshtasa/Research/phd-svd-recsys/Book/0311_similar_pr_details/NMF-0311/result/NMF_run/data/f_Adventure_2u_pos5_neg1_books_15recommendation.csv (801,360 rows)
[15:52:59] Saved → /home/moshtasa/Research/phd-svd-recsys/Book/0311_similar_pr_details/NMF-0311/result/NMF_run/data/f_Adventure_2u_pos5_neg1_books_25recommendation.csv (1,335,600 rows)
[15:53:05] Saved → /home/moshtasa/Research/phd-svd-recsys/Book/0311_similar_pr_details/NMF-0311/result/NMF_run/data/f_Adventure_2u_pos5_neg1_books_35recommendation.csv (1,869,840 rows)
[15:53:07] Computing bi analysis
[15:53:07] Saved bi → /home/moshtasa/Research/phd-svd-recsys/Book/0311_similar_pr_details/NMF-0311/result/NMF_run/bi/f_Adventure_2u_pos5_neg1_books_bi_per_genre.csv (13 genres)
[15:53:07] Computing mu analysis
[15:53:09] Saved mu → /home/moshtasa/Research/phd-svd-recsys/Book/0311_similar_pr_details/NMF-0311/result/NMF_run/mio/f_Adventure_2u_pos5_neg1_books_mu_per_genre.csv (13 genres)
[15:53:11] Done
[15:53:11] 
[12/130] POS5 2 users — Horror
[15:53:11] File: f_Horror_2u_pos5_neg1_books.csv
[15:53:18] Training NMF
[15:57:33] Generating recommendations
[15:57:36] Scoring 53,424 users for f_Horror_2u_pos5_neg1_books
[16:01:18] Saved → /home/moshtasa/Research/phd-svd-recsys/Book/0311_similar_pr_details/NMF-0311/result/NMF_run/data/f_Horror_2u_pos5_neg1_books_15recommendation.csv (801,360 rows)
[16:01:24] Saved → /home/moshtasa/Research/phd-svd-recsys/Book/0311_similar_pr_details/NMF-0311/result/NMF_run/data/f_Horror_2u_pos5_neg1_books_25recommendation.csv (1,335,600 rows)
[16:01:32] Saved → /home/moshtasa/Research/phd-svd-recsys/Book/0311_similar_pr_details/NMF-0311/result/NMF_run/data/f_Horror_2u_pos5_neg1_books_35recommendation.csv (1,869,840 rows)
[16:01:33] Computing bi analysis
[16:01:33] Saved bi → /home/moshtasa/Research/phd-svd-recsys/Book/0311_similar_pr_details/NMF-0311/result/NMF_run/bi/f_Horror_2u_pos5_neg1_books_bi_per_genre.csv (13 genres)
[16:01:33] Computing mu analysis
[16:01:36] Saved mu → /home/moshtasa/Research/phd-svd-recsys/Book/0311_similar_pr_details/NMF-0311/result/NMF_run/mio/f_Horror_2u_pos5_neg1_books_mu_per_genre.csv (13 genres)
[16:01:39] Done
[16:01:39] 
[13/130] POS5 2 users — Science_Fiction
[16:01:39] File: f_Science_Fiction_2u_pos5_neg1_books.csv
[16:01:50] Training NMF
[16:05:57] Generating recommendations
[16:06:00] Scoring 53,424 users for f_Science_Fiction_2u_pos5_neg1_books
[16:08:28] Saved → /home/moshtasa/Research/phd-svd-recsys/Book/0311_similar_pr_details/NMF-0311/result/NMF_run/data/f_Science_Fiction_2u_pos5_neg1_books_15recommendation.csv (801,360 rows)
[16:08:33] Saved → /home/moshtasa/Research/phd-svd-recsys/Book/0311_similar_pr_details/NMF-0311/result/NMF_run/data/f_Science_Fiction_2u_pos5_neg1_books_25recommendation.csv (1,335,600 rows)
[16:08:38] Saved → /home/moshtasa/Research/phd-svd-recsys/Book/0311_similar_pr_details/NMF-0311/result/NMF_run/data/f_Science_Fiction_2u_pos5_neg1_books_35recommendation.csv (1,869,840 rows)
[16:08:40] Computing bi analysis
[16:08:40] Saved bi → /home/moshtasa/Research/phd-svd-recsys/Book/0311_similar_pr_details/NMF-0311/result/NMF_run/bi/f_Science_Fiction_2u_pos5_neg1_books_bi_per_genre.csv (13 genres)
[16:08:40] Computing mu analysis
[16:08:43] Saved mu → /home/moshtasa/Research/phd-svd-recsys/Book/0311_similar_pr_details/NMF-0311/result/NMF_run/mio/f_Science_Fiction_2u_pos5_neg1_books_mu_per_genre.csv (13 genres)
[16:08:45] Done
[16:08:45] 
[14/130] POS5 4 users — Science_Fiction
[16:08:45] File: f_Science_Fiction_4u_pos5_neg1_books.csv
[16:08:52] Training NMF
[16:13:13] Generating recommendations
[16:13:15] Scoring 53,424 users for f_Science_Fiction_4u_pos5_neg1_books
[16:15:24] Saved → /home/moshtasa/Research/phd-svd-recsys/Book/0311_similar_pr_details/NMF-0311/result/NMF_run/data/f_Science_Fiction_4u_pos5_neg1_books_15recommendation.csv (801,360 rows)
[16:15:29] Saved → /home/moshtasa/Research/phd-svd-recsys/Book/0311_similar_pr_details/NMF-0311/result/NMF_run/data/f_Science_Fiction_4u_pos5_neg1_books_25recommendation.csv (1,335,600 rows)
[16:15:34] Saved → /home/moshtasa/Research/phd-svd-recsys/Book/0311_similar_pr_details/NMF-0311/result/NMF_run/data/f_Science_Fiction_4u_pos5_neg1_books_35recommendation.csv (1,869,840 rows)
[16:15:35] Computing bi analysis
[16:15:35] Saved bi → /home/moshtasa/Research/phd-svd-recsys/Book/0311_similar_pr_details/NMF-0311/result/NMF_run/bi/f_Science_Fiction_4u_pos5_neg1_books_bi_per_genre.csv (13 genres)
[16:15:35] Computing mu analysis
[16:15:38] Saved mu → /home/moshtasa/Research/phd-svd-recsys/Book/0311_similar_pr_details/NMF-0311/result/NMF_run/mio/f_Science_Fiction_4u_pos5_neg1_books_mu_per_genre.csv (13 genres)
[16:15:41] Done
[16:15:41] 
[15/130] POS5 4 users — Fantasy
[16:15:41] File: f_Fantasy_4u_pos5_neg1_books.csv
[16:15:52] Training NMF
[16:20:40] Generating recommendations
[16:20:43] Scoring 53,424 users for f_Fantasy_4u_pos5_neg1_books
[16:22:41] Saved → /home/moshtasa/Research/phd-svd-recsys/Book/0311_similar_pr_details/NMF-0311/result/NMF_run/data/f_Fantasy_4u_pos5_neg1_books_15recommendation.csv (801,360 rows)
[16:22:45] Saved → /home/moshtasa/Research/phd-svd-recsys/Book/0311_similar_pr_details/NMF-0311/result/NMF_run/data/f_Fantasy_4u_pos5_neg1_books_25recommendation.csv (1,335,600 rows)
[16:22:51] Saved → /home/moshtasa/Research/phd-svd-recsys/Book/0311_similar_pr_details/NMF-0311/result/NMF_run/data/f_Fantasy_4u_pos5_neg1_books_35recommendation.csv (1,869,840 rows)
[16:22:52] Computing bi analysis
[16:22:52] Saved bi → /home/moshtasa/Research/phd-svd-recsys/Book/0311_similar_pr_details/NMF-0311/result/NMF_run/bi/f_Fantasy_4u_pos5_neg1_books_bi_per_genre.csv (13 genres)
[16:22:52] Computing mu analysis
[16:22:54] Saved mu → /home/moshtasa/Research/phd-svd-recsys/Book/0311_similar_pr_details/NMF-0311/result/NMF_run/mio/f_Fantasy_4u_pos5_neg1_books_mu_per_genre.csv (13 genres)
[16:22:56] Done
[16:22:56] 
[16/130] POS5 4 users — Adult
[16:22:56] File: f_Adult_4u_pos5_neg1_books.csv
[16:23:03] Training NMF
[16:27:23] Generating recommendations
[16:27:25] Scoring 53,424 users for f_Adult_4u_pos5_neg1_books
[16:29:19] Saved → /home/moshtasa/Research/phd-svd-recsys/Book/0311_similar_pr_details/NMF-0311/result/NMF_run/data/f_Adult_4u_pos5_neg1_books_15recommendation.csv (801,360 rows)
[16:29:23] Saved → /home/moshtasa/Research/phd-svd-recsys/Book/0311_similar_pr_details/NMF-0311/result/NMF_run/data/f_Adult_4u_pos5_neg1_books_25recommendation.csv (1,335,600 rows)
[16:29:29] Saved → /home/moshtasa/Research/phd-svd-recsys/Book/0311_similar_pr_details/NMF-0311/result/NMF_run/data/f_Adult_4u_pos5_neg1_books_35recommendation.csv (1,869,840 rows)
[16:29:31] Computing bi analysis
[16:29:31] Saved bi → /home/moshtasa/Research/phd-svd-recsys/Book/0311_similar_pr_details/NMF-0311/result/NMF_run/bi/f_Adult_4u_pos5_neg1_books_bi_per_genre.csv (13 genres)
[16:29:31] Computing mu analysis
[16:29:33] Saved mu → /home/moshtasa/Research/phd-svd-recsys/Book/0311_similar_pr_details/NMF-0311/result/NMF_run/mio/f_Adult_4u_pos5_neg1_books_mu_per_genre.csv (13 genres)
[16:29:35] Done
[16:29:35] 
[17/130] POS5 4 users — Children_s
[16:29:35] File: f_Children_s_4u_pos5_neg1_books.csv
[16:29:42] Training NMF
[16:34:06] Generating recommendations
[16:34:09] Scoring 53,424 users for f_Children_s_4u_pos5_neg1_books
[16:37:52] Saved → /home/moshtasa/Research/phd-svd-recsys/Book/0311_similar_pr_details/NMF-0311/result/NMF_run/data/f_Children_s_4u_pos5_neg1_books_15recommendation.csv (801,360 rows)
[16:37:56] Saved → /home/moshtasa/Research/phd-svd-recsys/Book/0311_similar_pr_details/NMF-0311/result/NMF_run/data/f_Children_s_4u_pos5_neg1_books_25recommendation.csv (1,335,600 rows)
[16:38:01] Saved → /home/moshtasa/Research/phd-svd-recsys/Book/0311_similar_pr_details/NMF-0311/result/NMF_run/data/f_Children_s_4u_pos5_neg1_books_35recommendation.csv (1,869,840 rows)
[16:38:03] Computing bi analysis
[16:38:03] Saved bi → /home/moshtasa/Research/phd-svd-recsys/Book/0311_similar_pr_details/NMF-0311/result/NMF_run/bi/f_Children_s_4u_pos5_neg1_books_bi_per_genre.csv (13 genres)
[16:38:03] Computing mu analysis
[16:38:05] Saved mu → /home/moshtasa/Research/phd-svd-recsys/Book/0311_similar_pr_details/NMF-0311/result/NMF_run/mio/f_Children_s_4u_pos5_neg1_books_mu_per_genre.csv (13 genres)
[16:38:07] Done
[16:38:07] 
[18/130] POS5 4 users — Historical
[16:38:07] File: f_Historical_4u_pos5_neg1_books.csv
[16:38:13] Training NMF
[16:42:33] Generating recommendations
[16:42:35] Scoring 53,424 users for f_Historical_4u_pos5_neg1_books
[16:44:30] Saved → /home/moshtasa/Research/phd-svd-recsys/Book/0311_similar_pr_details/NMF-0311/result/NMF_run/data/f_Historical_4u_pos5_neg1_books_15recommendation.csv (801,360 rows)
[16:44:34] Saved → /home/moshtasa/Research/phd-svd-recsys/Book/0311_similar_pr_details/NMF-0311/result/NMF_run/data/f_Historical_4u_pos5_neg1_books_25recommendation.csv (1,335,600 rows)
[16:44:40] Saved → /home/moshtasa/Research/phd-svd-recsys/Book/0311_similar_pr_details/NMF-0311/result/NMF_run/data/f_Historical_4u_pos5_neg1_books_35recommendation.csv (1,869,840 rows)
[16:44:41] Computing bi analysis
[16:44:41] Saved bi → /home/moshtasa/Research/phd-svd-recsys/Book/0311_similar_pr_details/NMF-0311/result/NMF_run/bi/f_Historical_4u_pos5_neg1_books_bi_per_genre.csv (13 genres)
[16:44:41] Computing mu analysis
[16:44:43] Saved mu → /home/moshtasa/Research/phd-svd-recsys/Book/0311_similar_pr_details/NMF-0311/result/NMF_run/mio/f_Historical_4u_pos5_neg1_books_mu_per_genre.csv (13 genres)
[16:44:45] Done
[16:44:45] 
[19/130] POS5 4 users — Classics
[16:44:45] File: f_Classics_4u_pos5_neg1_books.csv
[16:44:52] Training NMF
[16:49:12] Generating recommendations
[16:49:15] Scoring 53,424 users for f_Classics_4u_pos5_neg1_books
[16:52:04] Saved → /home/moshtasa/Research/phd-svd-recsys/Book/0311_similar_pr_details/NMF-0311/result/NMF_run/data/f_Classics_4u_pos5_neg1_books_15recommendation.csv (801,360 rows)
[16:52:10] Saved → /home/moshtasa/Research/phd-svd-recsys/Book/0311_similar_pr_details/NMF-0311/result/NMF_run/data/f_Classics_4u_pos5_neg1_books_25recommendation.csv (1,335,600 rows)
[16:52:19] Saved → /home/moshtasa/Research/phd-svd-recsys/Book/0311_similar_pr_details/NMF-0311/result/NMF_run/data/f_Classics_4u_pos5_neg1_books_35recommendation.csv (1,869,840 rows)
[16:52:20] Computing bi analysis
[16:52:20] Saved bi → /home/moshtasa/Research/phd-svd-recsys/Book/0311_similar_pr_details/NMF-0311/result/NMF_run/bi/f_Classics_4u_pos5_neg1_books_bi_per_genre.csv (13 genres)
[16:52:20] Computing mu analysis
[16:52:23] Saved mu → /home/moshtasa/Research/phd-svd-recsys/Book/0311_similar_pr_details/NMF-0311/result/NMF_run/mio/f_Classics_4u_pos5_neg1_books_mu_per_genre.csv (13 genres)
[16:52:25] Done
[16:52:25] 
[20/130] POS5 4 users — Mystery
[16:52:25] File: f_Mystery_4u_pos5_neg1_books.csv
[16:52:37] Training NMF
[16:57:04] Generating recommendations
[16:57:07] Scoring 53,424 users for f_Mystery_4u_pos5_neg1_books
[16:59:24] Saved → /home/moshtasa/Research/phd-svd-recsys/Book/0311_similar_pr_details/NMF-0311/result/NMF_run/data/f_Mystery_4u_pos5_neg1_books_15recommendation.csv (801,360 rows)
[16:59:30] Saved → /home/moshtasa/Research/phd-svd-recsys/Book/0311_similar_pr_details/NMF-0311/result/NMF_run/data/f_Mystery_4u_pos5_neg1_books_25recommendation.csv (1,335,600 rows)
[16:59:38] Saved → /home/moshtasa/Research/phd-svd-recsys/Book/0311_similar_pr_details/NMF-0311/result/NMF_run/data/f_Mystery_4u_pos5_neg1_books_35recommendation.csv (1,869,840 rows)
[16:59:39] Computing bi analysis
[16:59:39] Saved bi → /home/moshtasa/Research/phd-svd-recsys/Book/0311_similar_pr_details/NMF-0311/result/NMF_run/bi/f_Mystery_4u_pos5_neg1_books_bi_per_genre.csv (13 genres)
[16:59:39] Computing mu analysis
[16:59:42] Saved mu → /home/moshtasa/Research/phd-svd-recsys/Book/0311_similar_pr_details/NMF-0311/result/NMF_run/mio/f_Mystery_4u_pos5_neg1_books_mu_per_genre.csv (13 genres)
[16:59:45] Done
[16:59:45] 
[21/130] POS5 4 users — Adventure
[16:59:45] File: f_Adventure_4u_pos5_neg1_books.csv
[16:59:56] Training NMF
[17:04:23] Generating recommendations
[17:04:26] Scoring 53,424 users for f_Adventure_4u_pos5_neg1_books
[17:06:24] Saved → /home/moshtasa/Research/phd-svd-recsys/Book/0311_similar_pr_details/NMF-0311/result/NMF_run/data/f_Adventure_4u_pos5_neg1_books_15recommendation.csv (801,360 rows)
[17:06:28] Saved → /home/moshtasa/Research/phd-svd-recsys/Book/0311_similar_pr_details/NMF-0311/result/NMF_run/data/f_Adventure_4u_pos5_neg1_books_25recommendation.csv (1,335,600 rows)
[17:06:34] Saved → /home/moshtasa/Research/phd-svd-recsys/Book/0311_similar_pr_details/NMF-0311/result/NMF_run/data/f_Adventure_4u_pos5_neg1_books_35recommendation.csv (1,869,840 rows)
[17:06:36] Computing bi analysis
[17:06:36] Saved bi → /home/moshtasa/Research/phd-svd-recsys/Book/0311_similar_pr_details/NMF-0311/result/NMF_run/bi/f_Adventure_4u_pos5_neg1_books_bi_per_genre.csv (13 genres)
[17:06:36] Computing mu analysis
[17:06:38] Saved mu → /home/moshtasa/Research/phd-svd-recsys/Book/0311_similar_pr_details/NMF-0311/result/NMF_run/mio/f_Adventure_4u_pos5_neg1_books_mu_per_genre.csv (13 genres)
[17:06:40] Done
[17:06:40] 
[22/130] POS5 4 users — Horror
[17:06:40] File: f_Horror_4u_pos5_neg1_books.csv
[17:06:47] Training NMF
[17:11:36] Generating recommendations
[17:11:39] Scoring 53,424 users for f_Horror_4u_pos5_neg1_books
[17:14:10] Saved → /home/moshtasa/Research/phd-svd-recsys/Book/0311_similar_pr_details/NMF-0311/result/NMF_run/data/f_Horror_4u_pos5_neg1_books_15recommendation.csv (801,360 rows)
[17:14:14] Saved → /home/moshtasa/Research/phd-svd-recsys/Book/0311_similar_pr_details/NMF-0311/result/NMF_run/data/f_Horror_4u_pos5_neg1_books_25recommendation.csv (1,335,600 rows)
[17:14:20] Saved → /home/moshtasa/Research/phd-svd-recsys/Book/0311_similar_pr_details/NMF-0311/result/NMF_run/data/f_Horror_4u_pos5_neg1_books_35recommendation.csv (1,869,840 rows)
[17:14:21] Computing bi analysis
[17:14:21] Saved bi → /home/moshtasa/Research/phd-svd-recsys/Book/0311_similar_pr_details/NMF-0311/result/NMF_run/bi/f_Horror_4u_pos5_neg1_books_bi_per_genre.csv (13 genres)
[17:14:21] Computing mu analysis
[17:14:24] Saved mu → /home/moshtasa/Research/phd-svd-recsys/Book/0311_similar_pr_details/NMF-0311/result/NMF_run/mio/f_Horror_4u_pos5_neg1_books_mu_per_genre.csv (13 genres)
[17:14:25] Done
[17:14:25] 
[23/130] POS5 4 users — Nonfiction
[17:14:25] File: f_Nonfiction_4u_pos5_neg1_books.csv
[17:14:32] Training NMF
[17:18:52] Generating recommendations
[17:18:55] Scoring 53,424 users for f_Nonfiction_4u_pos5_neg1_books
[17:21:04] Saved → /home/moshtasa/Research/phd-svd-recsys/Book/0311_similar_pr_details/NMF-0311/result/NMF_run/data/f_Nonfiction_4u_pos5_neg1_books_15recommendation.csv (801,360 rows)
[17:21:08] Saved → /home/moshtasa/Research/phd-svd-recsys/Book/0311_similar_pr_details/NMF-0311/result/NMF_run/data/f_Nonfiction_4u_pos5_neg1_books_25recommendation.csv (1,335,600 rows)
[17:21:14] Saved → /home/moshtasa/Research/phd-svd-recsys/Book/0311_similar_pr_details/NMF-0311/result/NMF_run/data/f_Nonfiction_4u_pos5_neg1_books_35recommendation.csv (1,869,840 rows)
[17:21:15] Computing bi analysis
[17:21:15] Saved bi → /home/moshtasa/Research/phd-svd-recsys/Book/0311_similar_pr_details/NMF-0311/result/NMF_run/bi/f_Nonfiction_4u_pos5_neg1_books_bi_per_genre.csv (13 genres)
[17:21:15] Computing mu analysis
[17:21:18] Saved mu → /home/moshtasa/Research/phd-svd-recsys/Book/0311_similar_pr_details/NMF-0311/result/NMF_run/mio/f_Nonfiction_4u_pos5_neg1_books_mu_per_genre.csv (13 genres)
[17:21:20] Done
[17:21:20] 
[24/130] POS5 4 users — Drama
[17:21:20] File: f_Drama_4u_pos5_neg1_books.csv
[17:21:26] Training NMF
[17:25:43] Generating recommendations
[17:25:46] Scoring 53,424 users for f_Drama_4u_pos5_neg1_books
[17:30:38] Saved → /home/moshtasa/Research/phd-svd-recsys/Book/0311_similar_pr_details/NMF-0311/result/NMF_run/data/f_Drama_4u_pos5_neg1_books_15recommendation.csv (801,360 rows)
[17:30:44] Saved → /home/moshtasa/Research/phd-svd-recsys/Book/0311_similar_pr_details/NMF-0311/result/NMF_run/data/f_Drama_4u_pos5_neg1_books_25recommendation.csv (1,335,600 rows)
[17:30:53] Saved → /home/moshtasa/Research/phd-svd-recsys/Book/0311_similar_pr_details/NMF-0311/result/NMF_run/data/f_Drama_4u_pos5_neg1_books_35recommendation.csv (1,869,840 rows)
[17:30:55] Computing bi analysis
[17:30:55] Saved bi → /home/moshtasa/Research/phd-svd-recsys/Book/0311_similar_pr_details/NMF-0311/result/NMF_run/bi/f_Drama_4u_pos5_neg1_books_bi_per_genre.csv (13 genres)
[17:30:55] Computing mu analysis
[17:30:58] Saved mu → /home/moshtasa/Research/phd-svd-recsys/Book/0311_similar_pr_details/NMF-0311/result/NMF_run/mio/f_Drama_4u_pos5_neg1_books_mu_per_genre.csv (13 genres)
[17:31:01] Done
[17:31:01] 
[25/130] POS5 4 users — Thriller
[17:31:01] File: f_Thriller_4u_pos5_neg1_books.csv
[17:31:12] Training NMF
[17:35:27] Generating recommendations
[17:35:30] Scoring 53,424 users for f_Thriller_4u_pos5_neg1_books
[17:38:23] Saved → /home/moshtasa/Research/phd-svd-recsys/Book/0311_similar_pr_details/NMF-0311/result/NMF_run/data/f_Thriller_4u_pos5_neg1_books_15recommendation.csv (801,360 rows)
[17:38:28] Saved → /home/moshtasa/Research/phd-svd-recsys/Book/0311_similar_pr_details/NMF-0311/result/NMF_run/data/f_Thriller_4u_pos5_neg1_books_25recommendation.csv (1,335,600 rows)
[17:38:34] Saved → /home/moshtasa/Research/phd-svd-recsys/Book/0311_similar_pr_details/NMF-0311/result/NMF_run/data/f_Thriller_4u_pos5_neg1_books_35recommendation.csv (1,869,840 rows)
[17:38:35] Computing bi analysis
[17:38:35] Saved bi → /home/moshtasa/Research/phd-svd-recsys/Book/0311_similar_pr_details/NMF-0311/result/NMF_run/bi/f_Thriller_4u_pos5_neg1_books_bi_per_genre.csv (13 genres)
[17:38:35] Computing mu analysis
[17:38:38] Saved mu → /home/moshtasa/Research/phd-svd-recsys/Book/0311_similar_pr_details/NMF-0311/result/NMF_run/mio/f_Thriller_4u_pos5_neg1_books_mu_per_genre.csv (13 genres)
[17:38:40] Done
[17:38:40] 
[26/130] POS5 4 users — Romance
[17:38:40] File: f_Romance_4u_pos5_neg1_books.csv
[17:38:47] Training NMF
[17:43:13] Generating recommendations
[17:43:15] Scoring 53,424 users for f_Romance_4u_pos5_neg1_books
[17:45:27] Saved → /home/moshtasa/Research/phd-svd-recsys/Book/0311_similar_pr_details/NMF-0311/result/NMF_run/data/f_Romance_4u_pos5_neg1_books_15recommendation.csv (801,360 rows)
[17:45:32] Saved → /home/moshtasa/Research/phd-svd-recsys/Book/0311_similar_pr_details/NMF-0311/result/NMF_run/data/f_Romance_4u_pos5_neg1_books_25recommendation.csv (1,335,600 rows)
[17:45:38] Saved → /home/moshtasa/Research/phd-svd-recsys/Book/0311_similar_pr_details/NMF-0311/result/NMF_run/data/f_Romance_4u_pos5_neg1_books_35recommendation.csv (1,869,840 rows)
[17:45:39] Computing bi analysis
[17:45:39] Saved bi → /home/moshtasa/Research/phd-svd-recsys/Book/0311_similar_pr_details/NMF-0311/result/NMF_run/bi/f_Romance_4u_pos5_neg1_books_bi_per_genre.csv (13 genres)
[17:45:39] Computing mu analysis
[17:45:42] Saved mu → /home/moshtasa/Research/phd-svd-recsys/Book/0311_similar_pr_details/NMF-0311/result/NMF_run/mio/f_Romance_4u_pos5_neg1_books_mu_per_genre.csv (13 genres)
[17:45:44] Done
[17:45:44] 
[27/130] POS5 6 users — Mystery
[17:45:44] File: f_Mystery_6u_pos5_neg1_books.csv
[17:45:56] Training NMF
[17:50:57] Generating recommendations
[17:50:59] Scoring 53,424 users for f_Mystery_6u_pos5_neg1_books
[17:53:10] Saved → /home/moshtasa/Research/phd-svd-recsys/Book/0311_similar_pr_details/NMF-0311/result/NMF_run/data/f_Mystery_6u_pos5_neg1_books_15recommendation.csv (801,360 rows)
[17:53:15] Saved → /home/moshtasa/Research/phd-svd-recsys/Book/0311_similar_pr_details/NMF-0311/result/NMF_run/data/f_Mystery_6u_pos5_neg1_books_25recommendation.csv (1,335,600 rows)
[17:53:22] Saved → /home/moshtasa/Research/phd-svd-recsys/Book/0311_similar_pr_details/NMF-0311/result/NMF_run/data/f_Mystery_6u_pos5_neg1_books_35recommendation.csv (1,869,840 rows)
[17:53:24] Computing bi analysis
[17:53:24] Saved bi → /home/moshtasa/Research/phd-svd-recsys/Book/0311_similar_pr_details/NMF-0311/result/NMF_run/bi/f_Mystery_6u_pos5_neg1_books_bi_per_genre.csv (13 genres)
[17:53:24] Computing mu analysis
[17:53:27] Saved mu → /home/moshtasa/Research/phd-svd-recsys/Book/0311_similar_pr_details/NMF-0311/result/NMF_run/mio/f_Mystery_6u_pos5_neg1_books_mu_per_genre.csv (13 genres)
[17:53:30] Done
[17:53:30] 
[28/130] POS5 6 users — Adventure
[17:53:30] File: f_Adventure_6u_pos5_neg1_books.csv
[17:53:36] Training NMF
[17:58:15] Generating recommendations
[17:58:18] Scoring 53,424 users for f_Adventure_6u_pos5_neg1_books
[18:00:26] Saved → /home/moshtasa/Research/phd-svd-recsys/Book/0311_similar_pr_details/NMF-0311/result/NMF_run/data/f_Adventure_6u_pos5_neg1_books_15recommendation.csv (801,360 rows)
[18:00:31] Saved → /home/moshtasa/Research/phd-svd-recsys/Book/0311_similar_pr_details/NMF-0311/result/NMF_run/data/f_Adventure_6u_pos5_neg1_books_25recommendation.csv (1,335,600 rows)
[18:00:38] Saved → /home/moshtasa/Research/phd-svd-recsys/Book/0311_similar_pr_details/NMF-0311/result/NMF_run/data/f_Adventure_6u_pos5_neg1_books_35recommendation.csv (1,869,840 rows)
[18:00:39] Computing bi analysis
[18:00:39] Saved bi → /home/moshtasa/Research/phd-svd-recsys/Book/0311_similar_pr_details/NMF-0311/result/NMF_run/bi/f_Adventure_6u_pos5_neg1_books_bi_per_genre.csv (13 genres)
[18:00:39] Computing mu analysis
[18:00:41] Saved mu → /home/moshtasa/Research/phd-svd-recsys/Book/0311_similar_pr_details/NMF-0311/result/NMF_run/mio/f_Adventure_6u_pos5_neg1_books_mu_per_genre.csv (13 genres)
[18:00:43] Done
[18:00:43] 
[29/130] POS5 6 users — Historical
[18:00:43] File: f_Historical_6u_pos5_neg1_books.csv
[18:00:51] Training NMF
[18:05:15] Generating recommendations
[18:05:19] Scoring 53,424 users for f_Historical_6u_pos5_neg1_books
[18:10:24] Saved → /home/moshtasa/Research/phd-svd-recsys/Book/0311_similar_pr_details/NMF-0311/result/NMF_run/data/f_Historical_6u_pos5_neg1_books_15recommendation.csv (801,360 rows)
[18:10:29] Saved → /home/moshtasa/Research/phd-svd-recsys/Book/0311_similar_pr_details/NMF-0311/result/NMF_run/data/f_Historical_6u_pos5_neg1_books_25recommendation.csv (1,335,600 rows)
[18:10:35] Saved → /home/moshtasa/Research/phd-svd-recsys/Book/0311_similar_pr_details/NMF-0311/result/NMF_run/data/f_Historical_6u_pos5_neg1_books_35recommendation.csv (1,869,840 rows)
[18:10:36] Computing bi analysis
[18:10:36] Saved bi → /home/moshtasa/Research/phd-svd-recsys/Book/0311_similar_pr_details/NMF-0311/result/NMF_run/bi/f_Historical_6u_pos5_neg1_books_bi_per_genre.csv (13 genres)
[18:10:37] Computing mu analysis
[18:10:39] Saved mu → /home/moshtasa/Research/phd-svd-recsys/Book/0311_similar_pr_details/NMF-0311/result/NMF_run/mio/f_Historical_6u_pos5_neg1_books_mu_per_genre.csv (13 genres)
[18:10:41] Done
[18:10:41] 
[30/130] POS5 6 users — Fantasy
[18:10:41] File: f_Fantasy_6u_pos5_neg1_books.csv
[18:10:48] Training NMF
[18:15:26] Generating recommendations
[18:15:29] Scoring 53,424 users for f_Fantasy_6u_pos5_neg1_books
[18:17:38] Saved → /home/moshtasa/Research/phd-svd-recsys/Book/0311_similar_pr_details/NMF-0311/result/NMF_run/data/f_Fantasy_6u_pos5_neg1_books_15recommendation.csv (801,360 rows)
[18:17:43] Saved → /home/moshtasa/Research/phd-svd-recsys/Book/0311_similar_pr_details/NMF-0311/result/NMF_run/data/f_Fantasy_6u_pos5_neg1_books_25recommendation.csv (1,335,600 rows)
[18:17:50] Saved → /home/moshtasa/Research/phd-svd-recsys/Book/0311_similar_pr_details/NMF-0311/result/NMF_run/data/f_Fantasy_6u_pos5_neg1_books_35recommendation.csv (1,869,840 rows)
[18:17:52] Computing bi analysis
[18:17:52] Saved bi → /home/moshtasa/Research/phd-svd-recsys/Book/0311_similar_pr_details/NMF-0311/result/NMF_run/bi/f_Fantasy_6u_pos5_neg1_books_bi_per_genre.csv (13 genres)
[18:17:52] Computing mu analysis
[18:17:54] Saved mu → /home/moshtasa/Research/phd-svd-recsys/Book/0311_similar_pr_details/NMF-0311/result/NMF_run/mio/f_Fantasy_6u_pos5_neg1_books_mu_per_genre.csv (13 genres)
[18:17:56] Done
[18:17:56] 
[31/130] POS5 6 users — Thriller
[18:17:56] File: f_Thriller_6u_pos5_neg1_books.csv
[18:18:04] Training NMF
[18:22:29] Generating recommendations
[18:22:31] Scoring 53,424 users for f_Thriller_6u_pos5_neg1_books
[18:25:28] Saved → /home/moshtasa/Research/phd-svd-recsys/Book/0311_similar_pr_details/NMF-0311/result/NMF_run/data/f_Thriller_6u_pos5_neg1_books_15recommendation.csv (801,360 rows)
[18:25:34] Saved → /home/moshtasa/Research/phd-svd-recsys/Book/0311_similar_pr_details/NMF-0311/result/NMF_run/data/f_Thriller_6u_pos5_neg1_books_25recommendation.csv (1,335,600 rows)
[18:25:43] Saved → /home/moshtasa/Research/phd-svd-recsys/Book/0311_similar_pr_details/NMF-0311/result/NMF_run/data/f_Thriller_6u_pos5_neg1_books_35recommendation.csv (1,869,840 rows)
[18:25:45] Computing bi analysis
[18:25:45] Saved bi → /home/moshtasa/Research/phd-svd-recsys/Book/0311_similar_pr_details/NMF-0311/result/NMF_run/bi/f_Thriller_6u_pos5_neg1_books_bi_per_genre.csv (13 genres)
[18:25:45] Computing mu analysis
[18:25:49] Saved mu → /home/moshtasa/Research/phd-svd-recsys/Book/0311_similar_pr_details/NMF-0311/result/NMF_run/mio/f_Thriller_6u_pos5_neg1_books_mu_per_genre.csv (13 genres)
[18:25:51] Done
[18:25:51] 
[32/130] POS5 6 users — Nonfiction
[18:25:51] File: f_Nonfiction_6u_pos5_neg1_books.csv
[18:26:05] Training NMF
[18:30:55] Generating recommendations
[18:30:58] Scoring 53,424 users for f_Nonfiction_6u_pos5_neg1_books
[18:33:09] Saved → /home/moshtasa/Research/phd-svd-recsys/Book/0311_similar_pr_details/NMF-0311/result/NMF_run/data/f_Nonfiction_6u_pos5_neg1_books_15recommendation.csv (801,360 rows)
[18:33:14] Saved → /home/moshtasa/Research/phd-svd-recsys/Book/0311_similar_pr_details/NMF-0311/result/NMF_run/data/f_Nonfiction_6u_pos5_neg1_books_25recommendation.csv (1,335,600 rows)
[18:33:21] Saved → /home/moshtasa/Research/phd-svd-recsys/Book/0311_similar_pr_details/NMF-0311/result/NMF_run/data/f_Nonfiction_6u_pos5_neg1_books_35recommendation.csv (1,869,840 rows)
[18:33:22] Computing bi analysis
[18:33:22] Saved bi → /home/moshtasa/Research/phd-svd-recsys/Book/0311_similar_pr_details/NMF-0311/result/NMF_run/bi/f_Nonfiction_6u_pos5_neg1_books_bi_per_genre.csv (13 genres)
[18:33:22] Computing mu analysis
[18:33:25] Saved mu → /home/moshtasa/Research/phd-svd-recsys/Book/0311_similar_pr_details/NMF-0311/result/NMF_run/mio/f_Nonfiction_6u_pos5_neg1_books_mu_per_genre.csv (13 genres)
[18:33:27] Done
[18:33:27] 
[33/130] POS5 6 users — Drama
[18:33:27] File: f_Drama_6u_pos5_neg1_books.csv
[18:33:35] Training NMF
[18:38:10] Generating recommendations
[18:38:13] Scoring 53,424 users for f_Drama_6u_pos5_neg1_books
[18:40:23] Saved → /home/moshtasa/Research/phd-svd-recsys/Book/0311_similar_pr_details/NMF-0311/result/NMF_run/data/f_Drama_6u_pos5_neg1_books_15recommendation.csv (801,360 rows)
[18:40:27] Saved → /home/moshtasa/Research/phd-svd-recsys/Book/0311_similar_pr_details/NMF-0311/result/NMF_run/data/f_Drama_6u_pos5_neg1_books_25recommendation.csv (1,335,600 rows)
[18:40:34] Saved → /home/moshtasa/Research/phd-svd-recsys/Book/0311_similar_pr_details/NMF-0311/result/NMF_run/data/f_Drama_6u_pos5_neg1_books_35recommendation.csv (1,869,840 rows)
[18:40:35] Computing bi analysis
[18:40:35] Saved bi → /home/moshtasa/Research/phd-svd-recsys/Book/0311_similar_pr_details/NMF-0311/result/NMF_run/bi/f_Drama_6u_pos5_neg1_books_bi_per_genre.csv (13 genres)
[18:40:35] Computing mu analysis
[18:40:38] Saved mu → /home/moshtasa/Research/phd-svd-recsys/Book/0311_similar_pr_details/NMF-0311/result/NMF_run/mio/f_Drama_6u_pos5_neg1_books_mu_per_genre.csv (13 genres)
[18:40:40] Done
[18:40:40] 
[34/130] POS5 6 users — Adult
[18:40:40] File: f_Adult_6u_pos5_neg1_books.csv
[18:40:48] Training NMF
[18:45:35] Generating recommendations
[18:45:38] Scoring 53,424 users for f_Adult_6u_pos5_neg1_books
[18:49:25] Saved → /home/moshtasa/Research/phd-svd-recsys/Book/0311_similar_pr_details/NMF-0311/result/NMF_run/data/f_Adult_6u_pos5_neg1_books_15recommendation.csv (801,360 rows)
[18:49:29] Saved → /home/moshtasa/Research/phd-svd-recsys/Book/0311_similar_pr_details/NMF-0311/result/NMF_run/data/f_Adult_6u_pos5_neg1_books_25recommendation.csv (1,335,600 rows)
[18:49:36] Saved → /home/moshtasa/Research/phd-svd-recsys/Book/0311_similar_pr_details/NMF-0311/result/NMF_run/data/f_Adult_6u_pos5_neg1_books_35recommendation.csv (1,869,840 rows)
[18:49:37] Computing bi analysis
[18:49:37] Saved bi → /home/moshtasa/Research/phd-svd-recsys/Book/0311_similar_pr_details/NMF-0311/result/NMF_run/bi/f_Adult_6u_pos5_neg1_books_bi_per_genre.csv (13 genres)
[18:49:37] Computing mu analysis
[18:49:39] Saved mu → /home/moshtasa/Research/phd-svd-recsys/Book/0311_similar_pr_details/NMF-0311/result/NMF_run/mio/f_Adult_6u_pos5_neg1_books_mu_per_genre.csv (13 genres)
[18:49:41] Done
[18:49:41] 
[35/130] POS5 6 users — Children_s
[18:49:41] File: f_Children_s_6u_pos5_neg1_books.csv
[18:49:48] Training NMF
[18:54:16] Generating recommendations
[18:54:19] Scoring 53,424 users for f_Children_s_6u_pos5_neg1_books
[18:56:29] Saved → /home/moshtasa/Research/phd-svd-recsys/Book/0311_similar_pr_details/NMF-0311/result/NMF_run/data/f_Children_s_6u_pos5_neg1_books_15recommendation.csv (801,360 rows)
[18:56:34] Saved → /home/moshtasa/Research/phd-svd-recsys/Book/0311_similar_pr_details/NMF-0311/result/NMF_run/data/f_Children_s_6u_pos5_neg1_books_25recommendation.csv (1,335,600 rows)
[18:56:41] Saved → /home/moshtasa/Research/phd-svd-recsys/Book/0311_similar_pr_details/NMF-0311/result/NMF_run/data/f_Children_s_6u_pos5_neg1_books_35recommendation.csv (1,869,840 rows)
[18:56:42] Computing bi analysis
[18:56:42] Saved bi → /home/moshtasa/Research/phd-svd-recsys/Book/0311_similar_pr_details/NMF-0311/result/NMF_run/bi/f_Children_s_6u_pos5_neg1_books_bi_per_genre.csv (13 genres)
[18:56:42] Computing mu analysis
[18:56:44] Saved mu → /home/moshtasa/Research/phd-svd-recsys/Book/0311_similar_pr_details/NMF-0311/result/NMF_run/mio/f_Children_s_6u_pos5_neg1_books_mu_per_genre.csv (13 genres)
[18:56:46] Done
[18:56:46] 
[36/130] POS5 6 users — Romance
[18:56:46] File: f_Romance_6u_pos5_neg1_books.csv
[18:56:54] Training NMF
[19:01:17] Generating recommendations
[19:01:20] Scoring 53,424 users for f_Romance_6u_pos5_neg1_books
[19:04:18] Saved → /home/moshtasa/Research/phd-svd-recsys/Book/0311_similar_pr_details/NMF-0311/result/NMF_run/data/f_Romance_6u_pos5_neg1_books_15recommendation.csv (801,360 rows)
[19:04:24] Saved → /home/moshtasa/Research/phd-svd-recsys/Book/0311_similar_pr_details/NMF-0311/result/NMF_run/data/f_Romance_6u_pos5_neg1_books_25recommendation.csv (1,335,600 rows)
[19:04:34] Saved → /home/moshtasa/Research/phd-svd-recsys/Book/0311_similar_pr_details/NMF-0311/result/NMF_run/data/f_Romance_6u_pos5_neg1_books_35recommendation.csv (1,869,840 rows)
[19:04:35] Computing bi analysis
[19:04:35] Saved bi → /home/moshtasa/Research/phd-svd-recsys/Book/0311_similar_pr_details/NMF-0311/result/NMF_run/bi/f_Romance_6u_pos5_neg1_books_bi_per_genre.csv (13 genres)
[19:04:35] Computing mu analysis
[19:04:38] Saved mu → /home/moshtasa/Research/phd-svd-recsys/Book/0311_similar_pr_details/NMF-0311/result/NMF_run/mio/f_Romance_6u_pos5_neg1_books_mu_per_genre.csv (13 genres)
[19:04:41] Done
[19:04:41] 
[37/130] POS5 6 users — Science_Fiction
[19:04:41] File: f_Science_Fiction_6u_pos5_neg1_books.csv
[19:04:53] Training NMF
[19:09:36] Generating recommendations
[19:09:38] Scoring 53,424 users for f_Science_Fiction_6u_pos5_neg1_books
[19:11:49] Saved → /home/moshtasa/Research/phd-svd-recsys/Book/0311_similar_pr_details/NMF-0311/result/NMF_run/data/f_Science_Fiction_6u_pos5_neg1_books_15recommendation.csv (801,360 rows)
[19:11:54] Saved → /home/moshtasa/Research/phd-svd-recsys/Book/0311_similar_pr_details/NMF-0311/result/NMF_run/data/f_Science_Fiction_6u_pos5_neg1_books_25recommendation.csv (1,335,600 rows)
[19:12:01] Saved → /home/moshtasa/Research/phd-svd-recsys/Book/0311_similar_pr_details/NMF-0311/result/NMF_run/data/f_Science_Fiction_6u_pos5_neg1_books_35recommendation.csv (1,869,840 rows)
[19:12:02] Computing bi analysis
[19:12:02] Saved bi → /home/moshtasa/Research/phd-svd-recsys/Book/0311_similar_pr_details/NMF-0311/result/NMF_run/bi/f_Science_Fiction_6u_pos5_neg1_books_bi_per_genre.csv (13 genres)
[19:12:02] Computing mu analysis
[19:12:04] Saved mu → /home/moshtasa/Research/phd-svd-recsys/Book/0311_similar_pr_details/NMF-0311/result/NMF_run/mio/f_Science_Fiction_6u_pos5_neg1_books_mu_per_genre.csv (13 genres)
[19:12:06] Done
[19:12:06] 
[38/130] POS5 6 users — Horror
[19:12:06] File: f_Horror_6u_pos5_neg1_books.csv
[19:12:15] Training NMF
[19:16:50] Generating recommendations
[19:16:53] Scoring 53,424 users for f_Horror_6u_pos5_neg1_books
[19:19:03] Saved → /home/moshtasa/Research/phd-svd-recsys/Book/0311_similar_pr_details/NMF-0311/result/NMF_run/data/f_Horror_6u_pos5_neg1_books_15recommendation.csv (801,360 rows)
[19:19:08] Saved → /home/moshtasa/Research/phd-svd-recsys/Book/0311_similar_pr_details/NMF-0311/result/NMF_run/data/f_Horror_6u_pos5_neg1_books_25recommendation.csv (1,335,600 rows)
[19:19:14] Saved → /home/moshtasa/Research/phd-svd-recsys/Book/0311_similar_pr_details/NMF-0311/result/NMF_run/data/f_Horror_6u_pos5_neg1_books_35recommendation.csv (1,869,840 rows)
[19:19:16] Computing bi analysis
[19:19:16] Saved bi → /home/moshtasa/Research/phd-svd-recsys/Book/0311_similar_pr_details/NMF-0311/result/NMF_run/bi/f_Horror_6u_pos5_neg1_books_bi_per_genre.csv (13 genres)
[19:19:16] Computing mu analysis
[19:19:18] Saved mu → /home/moshtasa/Research/phd-svd-recsys/Book/0311_similar_pr_details/NMF-0311/result/NMF_run/mio/f_Horror_6u_pos5_neg1_books_mu_per_genre.csv (13 genres)
[19:19:20] Done
[19:19:20] 
[39/130] POS5 6 users — Classics
[19:19:20] File: f_Classics_6u_pos5_neg1_books.csv
[19:19:28] Training NMF
[19:24:11] Generating recommendations
[19:24:15] Scoring 53,424 users for f_Classics_6u_pos5_neg1_books
[19:28:09] Saved → /home/moshtasa/Research/phd-svd-recsys/Book/0311_similar_pr_details/NMF-0311/result/NMF_run/data/f_Classics_6u_pos5_neg1_books_15recommendation.csv (801,360 rows)
[19:28:13] Saved → /home/moshtasa/Research/phd-svd-recsys/Book/0311_similar_pr_details/NMF-0311/result/NMF_run/data/f_Classics_6u_pos5_neg1_books_25recommendation.csv (1,335,600 rows)
[19:28:19] Saved → /home/moshtasa/Research/phd-svd-recsys/Book/0311_similar_pr_details/NMF-0311/result/NMF_run/data/f_Classics_6u_pos5_neg1_books_35recommendation.csv (1,869,840 rows)
[19:28:21] Computing bi analysis
[19:28:21] Saved bi → /home/moshtasa/Research/phd-svd-recsys/Book/0311_similar_pr_details/NMF-0311/result/NMF_run/bi/f_Classics_6u_pos5_neg1_books_bi_per_genre.csv (13 genres)
[19:28:21] Computing mu analysis
[19:28:23] Saved mu → /home/moshtasa/Research/phd-svd-recsys/Book/0311_similar_pr_details/NMF-0311/result/NMF_run/mio/f_Classics_6u_pos5_neg1_books_mu_per_genre.csv (13 genres)
[19:28:25] Done
[19:28:25] 
[40/130] POS5 25 users — Thriller
[19:28:25] File: f_Thriller_25u_pos5_neg1_books.csv
[19:28:32] Training NMF
[19:33:15] Generating recommendations
[19:33:18] Scoring 53,424 users for f_Thriller_25u_pos5_neg1_books
[19:35:18] Saved → /home/moshtasa/Research/phd-svd-recsys/Book/0311_similar_pr_details/NMF-0311/result/NMF_run/data/f_Thriller_25u_pos5_neg1_books_15recommendation.csv (801,360 rows)
[19:35:22] Saved → /home/moshtasa/Research/phd-svd-recsys/Book/0311_similar_pr_details/NMF-0311/result/NMF_run/data/f_Thriller_25u_pos5_neg1_books_25recommendation.csv (1,335,600 rows)
[19:35:29] Saved → /home/moshtasa/Research/phd-svd-recsys/Book/0311_similar_pr_details/NMF-0311/result/NMF_run/data/f_Thriller_25u_pos5_neg1_books_35recommendation.csv (1,869,840 rows)
[19:35:30] Computing bi analysis
[19:35:30] Saved bi → /home/moshtasa/Research/phd-svd-recsys/Book/0311_similar_pr_details/NMF-0311/result/NMF_run/bi/f_Thriller_25u_pos5_neg1_books_bi_per_genre.csv (13 genres)
[19:35:30] Computing mu analysis
[19:35:33] Saved mu → /home/moshtasa/Research/phd-svd-recsys/Book/0311_similar_pr_details/NMF-0311/result/NMF_run/mio/f_Thriller_25u_pos5_neg1_books_mu_per_genre.csv (13 genres)
[19:35:35] Done
[19:35:35] 
[41/130] POS5 25 users — Classics
[19:35:35] File: f_Classics_25u_pos5_neg1_books.csv
[19:35:41] Training NMF
[19:40:09] Generating recommendations
[19:40:11] Scoring 53,424 users for f_Classics_25u_pos5_neg1_books
[19:42:15] Saved → /home/moshtasa/Research/phd-svd-recsys/Book/0311_similar_pr_details/NMF-0311/result/NMF_run/data/f_Classics_25u_pos5_neg1_books_15recommendation.csv (801,360 rows)
[19:42:20] Saved → /home/moshtasa/Research/phd-svd-recsys/Book/0311_similar_pr_details/NMF-0311/result/NMF_run/data/f_Classics_25u_pos5_neg1_books_25recommendation.csv (1,335,600 rows)
[19:42:26] Saved → /home/moshtasa/Research/phd-svd-recsys/Book/0311_similar_pr_details/NMF-0311/result/NMF_run/data/f_Classics_25u_pos5_neg1_books_35recommendation.csv (1,869,840 rows)
[19:42:27] Computing bi analysis
[19:42:27] Saved bi → /home/moshtasa/Research/phd-svd-recsys/Book/0311_similar_pr_details/NMF-0311/result/NMF_run/bi/f_Classics_25u_pos5_neg1_books_bi_per_genre.csv (13 genres)
[19:42:27] Computing mu analysis
[19:42:30] Saved mu → /home/moshtasa/Research/phd-svd-recsys/Book/0311_similar_pr_details/NMF-0311/result/NMF_run/mio/f_Classics_25u_pos5_neg1_books_mu_per_genre.csv (13 genres)
[19:42:32] Done
[19:42:32] 
[42/130] POS5 25 users — Nonfiction
[19:42:32] File: f_Nonfiction_25u_pos5_neg1_books.csv
[19:42:38] Training NMF
[19:46:55] Generating recommendations
[19:46:57] Scoring 53,424 users for f_Nonfiction_25u_pos5_neg1_books
[19:49:07] Saved → /home/moshtasa/Research/phd-svd-recsys/Book/0311_similar_pr_details/NMF-0311/result/NMF_run/data/f_Nonfiction_25u_pos5_neg1_books_15recommendation.csv (801,360 rows)
[19:49:12] Saved → /home/moshtasa/Research/phd-svd-recsys/Book/0311_similar_pr_details/NMF-0311/result/NMF_run/data/f_Nonfiction_25u_pos5_neg1_books_25recommendation.csv (1,335,600 rows)
[19:49:18] Saved → /home/moshtasa/Research/phd-svd-recsys/Book/0311_similar_pr_details/NMF-0311/result/NMF_run/data/f_Nonfiction_25u_pos5_neg1_books_35recommendation.csv (1,869,840 rows)
[19:49:19] Computing bi analysis
[19:49:19] Saved bi → /home/moshtasa/Research/phd-svd-recsys/Book/0311_similar_pr_details/NMF-0311/result/NMF_run/bi/f_Nonfiction_25u_pos5_neg1_books_bi_per_genre.csv (13 genres)
[19:49:19] Computing mu analysis
[19:49:22] Saved mu → /home/moshtasa/Research/phd-svd-recsys/Book/0311_similar_pr_details/NMF-0311/result/NMF_run/mio/f_Nonfiction_25u_pos5_neg1_books_mu_per_genre.csv (13 genres)
[19:49:24] Done
[19:49:24] 
[43/130] POS5 25 users — Mystery
[19:49:24] File: f_Mystery_25u_pos5_neg1_books.csv
[19:49:30] Training NMF
[19:54:11] Generating recommendations
[19:54:15] Scoring 53,424 users for f_Mystery_25u_pos5_neg1_books
[19:57:12] Saved → /home/moshtasa/Research/phd-svd-recsys/Book/0311_similar_pr_details/NMF-0311/result/NMF_run/data/f_Mystery_25u_pos5_neg1_books_15recommendation.csv (801,360 rows)
[19:57:16] Saved → /home/moshtasa/Research/phd-svd-recsys/Book/0311_similar_pr_details/NMF-0311/result/NMF_run/data/f_Mystery_25u_pos5_neg1_books_25recommendation.csv (1,335,600 rows)
[19:57:22] Saved → /home/moshtasa/Research/phd-svd-recsys/Book/0311_similar_pr_details/NMF-0311/result/NMF_run/data/f_Mystery_25u_pos5_neg1_books_35recommendation.csv (1,869,840 rows)
[19:57:23] Computing bi analysis
[19:57:23] Saved bi → /home/moshtasa/Research/phd-svd-recsys/Book/0311_similar_pr_details/NMF-0311/result/NMF_run/bi/f_Mystery_25u_pos5_neg1_books_bi_per_genre.csv (13 genres)
[19:57:23] Computing mu analysis
[19:57:26] Saved mu → /home/moshtasa/Research/phd-svd-recsys/Book/0311_similar_pr_details/NMF-0311/result/NMF_run/mio/f_Mystery_25u_pos5_neg1_books_mu_per_genre.csv (13 genres)
[19:57:28] Done
[19:57:28] 
[44/130] POS5 25 users — Science_Fiction
[19:57:28] File: f_Science_Fiction_25u_pos5_neg1_books.csv
[19:57:34] Training NMF
[20:02:09] Generating recommendations
[20:02:12] Scoring 53,424 users for f_Science_Fiction_25u_pos5_neg1_books
[20:04:23] Saved → /home/moshtasa/Research/phd-svd-recsys/Book/0311_similar_pr_details/NMF-0311/result/NMF_run/data/f_Science_Fiction_25u_pos5_neg1_books_15recommendation.csv (801,360 rows)
[20:04:27] Saved → /home/moshtasa/Research/phd-svd-recsys/Book/0311_similar_pr_details/NMF-0311/result/NMF_run/data/f_Science_Fiction_25u_pos5_neg1_books_25recommendation.csv (1,335,600 rows)
[20:04:33] Saved → /home/moshtasa/Research/phd-svd-recsys/Book/0311_similar_pr_details/NMF-0311/result/NMF_run/data/f_Science_Fiction_25u_pos5_neg1_books_35recommendation.csv (1,869,840 rows)
[20:04:34] Computing bi analysis
[20:04:34] Saved bi → /home/moshtasa/Research/phd-svd-recsys/Book/0311_similar_pr_details/NMF-0311/result/NMF_run/bi/f_Science_Fiction_25u_pos5_neg1_books_bi_per_genre.csv (13 genres)
[20:04:34] Computing mu analysis
[20:04:37] Saved mu → /home/moshtasa/Research/phd-svd-recsys/Book/0311_similar_pr_details/NMF-0311/result/NMF_run/mio/f_Science_Fiction_25u_pos5_neg1_books_mu_per_genre.csv (13 genres)
[20:04:39] Done
[20:04:39] 
[45/130] POS5 25 users — Fantasy
[20:04:39] File: f_Fantasy_25u_pos5_neg1_books.csv
[20:04:46] Training NMF
[20:09:27] Generating recommendations
[20:09:31] Scoring 53,424 users for f_Fantasy_25u_pos5_neg1_books
[20:12:49] Saved → /home/moshtasa/Research/phd-svd-recsys/Book/0311_similar_pr_details/NMF-0311/result/NMF_run/data/f_Fantasy_25u_pos5_neg1_books_15recommendation.csv (801,360 rows)
[20:12:53] Saved → /home/moshtasa/Research/phd-svd-recsys/Book/0311_similar_pr_details/NMF-0311/result/NMF_run/data/f_Fantasy_25u_pos5_neg1_books_25recommendation.csv (1,335,600 rows)
[20:12:59] Saved → /home/moshtasa/Research/phd-svd-recsys/Book/0311_similar_pr_details/NMF-0311/result/NMF_run/data/f_Fantasy_25u_pos5_neg1_books_35recommendation.csv (1,869,840 rows)
[20:13:00] Computing bi analysis
[20:13:00] Saved bi → /home/moshtasa/Research/phd-svd-recsys/Book/0311_similar_pr_details/NMF-0311/result/NMF_run/bi/f_Fantasy_25u_pos5_neg1_books_bi_per_genre.csv (13 genres)
[20:13:00] Computing mu analysis
[20:13:02] Saved mu → /home/moshtasa/Research/phd-svd-recsys/Book/0311_similar_pr_details/NMF-0311/result/NMF_run/mio/f_Fantasy_25u_pos5_neg1_books_mu_per_genre.csv (13 genres)
[20:13:04] Done
[20:13:04] 
[46/130] POS5 25 users — Drama
[20:13:04] File: f_Drama_25u_pos5_neg1_books.csv
[20:13:11] Training NMF
[20:17:46] Generating recommendations
[20:17:48] Scoring 53,424 users for f_Drama_25u_pos5_neg1_books
[20:19:53] Saved → /home/moshtasa/Research/phd-svd-recsys/Book/0311_similar_pr_details/NMF-0311/result/NMF_run/data/f_Drama_25u_pos5_neg1_books_15recommendation.csv (801,360 rows)
[20:19:57] Saved → /home/moshtasa/Research/phd-svd-recsys/Book/0311_similar_pr_details/NMF-0311/result/NMF_run/data/f_Drama_25u_pos5_neg1_books_25recommendation.csv (1,335,600 rows)
[20:20:03] Saved → /home/moshtasa/Research/phd-svd-recsys/Book/0311_similar_pr_details/NMF-0311/result/NMF_run/data/f_Drama_25u_pos5_neg1_books_35recommendation.csv (1,869,840 rows)
[20:20:04] Computing bi analysis
[20:20:04] Saved bi → /home/moshtasa/Research/phd-svd-recsys/Book/0311_similar_pr_details/NMF-0311/result/NMF_run/bi/f_Drama_25u_pos5_neg1_books_bi_per_genre.csv (13 genres)
[20:20:04] Computing mu analysis
[20:20:07] Saved mu → /home/moshtasa/Research/phd-svd-recsys/Book/0311_similar_pr_details/NMF-0311/result/NMF_run/mio/f_Drama_25u_pos5_neg1_books_mu_per_genre.csv (13 genres)
[20:20:09] Done
[20:20:09] 
[47/130] POS5 25 users — Adventure
[20:20:09] File: f_Adventure_25u_pos5_neg1_books.csv
[20:20:17] Training NMF
[20:24:44] Generating recommendations
[20:24:47] Scoring 53,424 users for f_Adventure_25u_pos5_neg1_books
[20:29:00] Saved → /home/moshtasa/Research/phd-svd-recsys/Book/0311_similar_pr_details/NMF-0311/result/NMF_run/data/f_Adventure_25u_pos5_neg1_books_15recommendation.csv (801,360 rows)
[20:29:06] Saved → /home/moshtasa/Research/phd-svd-recsys/Book/0311_similar_pr_details/NMF-0311/result/NMF_run/data/f_Adventure_25u_pos5_neg1_books_25recommendation.csv (1,335,600 rows)
[20:29:14] Saved → /home/moshtasa/Research/phd-svd-recsys/Book/0311_similar_pr_details/NMF-0311/result/NMF_run/data/f_Adventure_25u_pos5_neg1_books_35recommendation.csv (1,869,840 rows)
[20:29:16] Computing bi analysis
[20:29:16] Saved bi → /home/moshtasa/Research/phd-svd-recsys/Book/0311_similar_pr_details/NMF-0311/result/NMF_run/bi/f_Adventure_25u_pos5_neg1_books_bi_per_genre.csv (13 genres)
[20:29:16] Computing mu analysis
[20:29:20] Saved mu → /home/moshtasa/Research/phd-svd-recsys/Book/0311_similar_pr_details/NMF-0311/result/NMF_run/mio/f_Adventure_25u_pos5_neg1_books_mu_per_genre.csv (13 genres)
[20:29:23] Done
[20:29:23] 
[48/130] POS5 25 users — Horror
[20:29:23] File: f_Horror_25u_pos5_neg1_books.csv
[20:29:36] Training NMF
[20:34:04] Generating recommendations
[20:34:06] Scoring 53,424 users for f_Horror_25u_pos5_neg1_books
[20:37:10] Saved → /home/moshtasa/Research/phd-svd-recsys/Book/0311_similar_pr_details/NMF-0311/result/NMF_run/data/f_Horror_25u_pos5_neg1_books_15recommendation.csv (801,360 rows)
[20:37:14] Saved → /home/moshtasa/Research/phd-svd-recsys/Book/0311_similar_pr_details/NMF-0311/result/NMF_run/data/f_Horror_25u_pos5_neg1_books_25recommendation.csv (1,335,600 rows)
[20:37:20] Saved → /home/moshtasa/Research/phd-svd-recsys/Book/0311_similar_pr_details/NMF-0311/result/NMF_run/data/f_Horror_25u_pos5_neg1_books_35recommendation.csv (1,869,840 rows)
[20:37:21] Computing bi analysis
[20:37:21] Saved bi → /home/moshtasa/Research/phd-svd-recsys/Book/0311_similar_pr_details/NMF-0311/result/NMF_run/bi/f_Horror_25u_pos5_neg1_books_bi_per_genre.csv (13 genres)
[20:37:21] Computing mu analysis
[20:37:24] Saved mu → /home/moshtasa/Research/phd-svd-recsys/Book/0311_similar_pr_details/NMF-0311/result/NMF_run/mio/f_Horror_25u_pos5_neg1_books_mu_per_genre.csv (13 genres)
[20:37:26] Done
[20:37:26] 
[49/130] POS5 25 users — Adult
[20:37:26] File: f_Adult_25u_pos5_neg1_books.csv
[20:37:33] Training NMF
[20:42:02] Generating recommendations
[20:42:05] Scoring 53,424 users for f_Adult_25u_pos5_neg1_books
[20:44:50] Saved → /home/moshtasa/Research/phd-svd-recsys/Book/0311_similar_pr_details/NMF-0311/result/NMF_run/data/f_Adult_25u_pos5_neg1_books_15recommendation.csv (801,360 rows)
[20:44:56] Saved → /home/moshtasa/Research/phd-svd-recsys/Book/0311_similar_pr_details/NMF-0311/result/NMF_run/data/f_Adult_25u_pos5_neg1_books_25recommendation.csv (1,335,600 rows)
[20:45:04] Saved → /home/moshtasa/Research/phd-svd-recsys/Book/0311_similar_pr_details/NMF-0311/result/NMF_run/data/f_Adult_25u_pos5_neg1_books_35recommendation.csv (1,869,840 rows)
[20:45:06] Computing bi analysis
[20:45:06] Saved bi → /home/moshtasa/Research/phd-svd-recsys/Book/0311_similar_pr_details/NMF-0311/result/NMF_run/bi/f_Adult_25u_pos5_neg1_books_bi_per_genre.csv (13 genres)
[20:45:06] Computing mu analysis
[20:45:10] Saved mu → /home/moshtasa/Research/phd-svd-recsys/Book/0311_similar_pr_details/NMF-0311/result/NMF_run/mio/f_Adult_25u_pos5_neg1_books_mu_per_genre.csv (13 genres)
[20:45:12] Done
[20:45:12] 
[50/130] POS5 25 users — Historical
[20:45:12] File: f_Historical_25u_pos5_neg1_books.csv
[20:45:25] Training NMF
[20:50:12] Generating recommendations
[20:50:14] Scoring 53,424 users for f_Historical_25u_pos5_neg1_books
[20:52:39] Saved → /home/moshtasa/Research/phd-svd-recsys/Book/0311_similar_pr_details/NMF-0311/result/NMF_run/data/f_Historical_25u_pos5_neg1_books_15recommendation.csv (801,360 rows)
[20:52:43] Saved → /home/moshtasa/Research/phd-svd-recsys/Book/0311_similar_pr_details/NMF-0311/result/NMF_run/data/f_Historical_25u_pos5_neg1_books_25recommendation.csv (1,335,600 rows)
[20:52:49] Saved → /home/moshtasa/Research/phd-svd-recsys/Book/0311_similar_pr_details/NMF-0311/result/NMF_run/data/f_Historical_25u_pos5_neg1_books_35recommendation.csv (1,869,840 rows)
[20:52:50] Computing bi analysis
[20:52:50] Saved bi → /home/moshtasa/Research/phd-svd-recsys/Book/0311_similar_pr_details/NMF-0311/result/NMF_run/bi/f_Historical_25u_pos5_neg1_books_bi_per_genre.csv (13 genres)
[20:52:50] Computing mu analysis
[20:52:53] Saved mu → /home/moshtasa/Research/phd-svd-recsys/Book/0311_similar_pr_details/NMF-0311/result/NMF_run/mio/f_Historical_25u_pos5_neg1_books_mu_per_genre.csv (13 genres)
[20:52:55] Done
[20:52:55] 
[51/130] POS5 25 users — Romance
[20:52:55] File: f_Romance_25u_pos5_neg1_books.csv
[20:53:02] Training NMF
[20:57:35] Generating recommendations
[20:57:38] Scoring 53,424 users for f_Romance_25u_pos5_neg1_books
[20:59:38] Saved → /home/moshtasa/Research/phd-svd-recsys/Book/0311_similar_pr_details/NMF-0311/result/NMF_run/data/f_Romance_25u_pos5_neg1_books_15recommendation.csv (801,360 rows)
[20:59:43] Saved → /home/moshtasa/Research/phd-svd-recsys/Book/0311_similar_pr_details/NMF-0311/result/NMF_run/data/f_Romance_25u_pos5_neg1_books_25recommendation.csv (1,335,600 rows)
[20:59:49] Saved → /home/moshtasa/Research/phd-svd-recsys/Book/0311_similar_pr_details/NMF-0311/result/NMF_run/data/f_Romance_25u_pos5_neg1_books_35recommendation.csv (1,869,840 rows)
[20:59:50] Computing bi analysis
[20:59:50] Saved bi → /home/moshtasa/Research/phd-svd-recsys/Book/0311_similar_pr_details/NMF-0311/result/NMF_run/bi/f_Romance_25u_pos5_neg1_books_bi_per_genre.csv (13 genres)
[20:59:50] Computing mu analysis
[20:59:54] Saved mu → /home/moshtasa/Research/phd-svd-recsys/Book/0311_similar_pr_details/NMF-0311/result/NMF_run/mio/f_Romance_25u_pos5_neg1_books_mu_per_genre.csv (13 genres)
[20:59:56] Done
[20:59:56] 
[52/130] POS5 25 users — Children_s
[20:59:56] File: f_Children_s_25u_pos5_neg1_books.csv
[21:00:10] Training NMF
[21:04:57] Generating recommendations
[21:05:00] Scoring 53,424 users for f_Children_s_25u_pos5_neg1_books
[21:07:02] Saved → /home/moshtasa/Research/phd-svd-recsys/Book/0311_similar_pr_details/NMF-0311/result/NMF_run/data/f_Children_s_25u_pos5_neg1_books_15recommendation.csv (801,360 rows)
[21:07:06] Saved → /home/moshtasa/Research/phd-svd-recsys/Book/0311_similar_pr_details/NMF-0311/result/NMF_run/data/f_Children_s_25u_pos5_neg1_books_25recommendation.csv (1,335,600 rows)
[21:07:12] Saved → /home/moshtasa/Research/phd-svd-recsys/Book/0311_similar_pr_details/NMF-0311/result/NMF_run/data/f_Children_s_25u_pos5_neg1_books_35recommendation.csv (1,869,840 rows)
[21:07:14] Computing bi analysis
[21:07:14] Saved bi → /home/moshtasa/Research/phd-svd-recsys/Book/0311_similar_pr_details/NMF-0311/result/NMF_run/bi/f_Children_s_25u_pos5_neg1_books_bi_per_genre.csv (13 genres)
[21:07:14] Computing mu analysis
[21:07:16] Saved mu → /home/moshtasa/Research/phd-svd-recsys/Book/0311_similar_pr_details/NMF-0311/result/NMF_run/mio/f_Children_s_25u_pos5_neg1_books_mu_per_genre.csv (13 genres)
[21:07:18] Done
[21:07:18] 
[53/130] POS5 50 users — Romance
[21:07:18] File: f_Romance_50u_pos5_neg1_books.csv
[21:07:27] Training NMF
[21:12:06] Generating recommendations
[21:12:08] Scoring 53,424 users for f_Romance_50u_pos5_neg1_books
[21:14:05] Saved → /home/moshtasa/Research/phd-svd-recsys/Book/0311_similar_pr_details/NMF-0311/result/NMF_run/data/f_Romance_50u_pos5_neg1_books_15recommendation.csv (801,360 rows)
[21:14:09] Saved → /home/moshtasa/Research/phd-svd-recsys/Book/0311_similar_pr_details/NMF-0311/result/NMF_run/data/f_Romance_50u_pos5_neg1_books_25recommendation.csv (1,335,600 rows)
[21:14:15] Saved → /home/moshtasa/Research/phd-svd-recsys/Book/0311_similar_pr_details/NMF-0311/result/NMF_run/data/f_Romance_50u_pos5_neg1_books_35recommendation.csv (1,869,840 rows)
[21:14:17] Computing bi analysis
[21:14:17] Saved bi → /home/moshtasa/Research/phd-svd-recsys/Book/0311_similar_pr_details/NMF-0311/result/NMF_run/bi/f_Romance_50u_pos5_neg1_books_bi_per_genre.csv (13 genres)
[21:14:17] Computing mu analysis
[21:14:19] Saved mu → /home/moshtasa/Research/phd-svd-recsys/Book/0311_similar_pr_details/NMF-0311/result/NMF_run/mio/f_Romance_50u_pos5_neg1_books_mu_per_genre.csv (13 genres)
[21:14:21] Done
[21:14:21] 
[54/130] POS5 50 users — Fantasy
[21:14:21] File: f_Fantasy_50u_pos5_neg1_books.csv
[21:14:29] Training NMF
[21:19:28] Generating recommendations
[21:19:32] Scoring 53,424 users for f_Fantasy_50u_pos5_neg1_books
[21:21:32] Saved → /home/moshtasa/Research/phd-svd-recsys/Book/0311_similar_pr_details/NMF-0311/result/NMF_run/data/f_Fantasy_50u_pos5_neg1_books_15recommendation.csv (801,360 rows)
[21:21:36] Saved → /home/moshtasa/Research/phd-svd-recsys/Book/0311_similar_pr_details/NMF-0311/result/NMF_run/data/f_Fantasy_50u_pos5_neg1_books_25recommendation.csv (1,335,600 rows)
[21:21:41] Saved → /home/moshtasa/Research/phd-svd-recsys/Book/0311_similar_pr_details/NMF-0311/result/NMF_run/data/f_Fantasy_50u_pos5_neg1_books_35recommendation.csv (1,869,840 rows)
[21:21:43] Computing bi analysis
[21:21:43] Saved bi → /home/moshtasa/Research/phd-svd-recsys/Book/0311_similar_pr_details/NMF-0311/result/NMF_run/bi/f_Fantasy_50u_pos5_neg1_books_bi_per_genre.csv (13 genres)
[21:21:43] Computing mu analysis
[21:21:45] Saved mu → /home/moshtasa/Research/phd-svd-recsys/Book/0311_similar_pr_details/NMF-0311/result/NMF_run/mio/f_Fantasy_50u_pos5_neg1_books_mu_per_genre.csv (13 genres)
[21:21:47] Done
[21:21:47] 
[55/130] POS5 50 users — Adventure
[21:21:47] File: f_Adventure_50u_pos5_neg1_books.csv
[21:21:54] Training NMF
[21:26:29] Generating recommendations
[21:26:32] Scoring 53,424 users for f_Adventure_50u_pos5_neg1_books
[21:28:30] Saved → /home/moshtasa/Research/phd-svd-recsys/Book/0311_similar_pr_details/NMF-0311/result/NMF_run/data/f_Adventure_50u_pos5_neg1_books_15recommendation.csv (801,360 rows)
[21:28:34] Saved → /home/moshtasa/Research/phd-svd-recsys/Book/0311_similar_pr_details/NMF-0311/result/NMF_run/data/f_Adventure_50u_pos5_neg1_books_25recommendation.csv (1,335,600 rows)
[21:28:40] Saved → /home/moshtasa/Research/phd-svd-recsys/Book/0311_similar_pr_details/NMF-0311/result/NMF_run/data/f_Adventure_50u_pos5_neg1_books_35recommendation.csv (1,869,840 rows)
[21:28:41] Computing bi analysis
[21:28:41] Saved bi → /home/moshtasa/Research/phd-svd-recsys/Book/0311_similar_pr_details/NMF-0311/result/NMF_run/bi/f_Adventure_50u_pos5_neg1_books_bi_per_genre.csv (13 genres)
[21:28:41] Computing mu analysis
[21:28:44] Saved mu → /home/moshtasa/Research/phd-svd-recsys/Book/0311_similar_pr_details/NMF-0311/result/NMF_run/mio/f_Adventure_50u_pos5_neg1_books_mu_per_genre.csv (13 genres)
[21:28:46] Done
[21:28:46] 
[56/130] POS5 50 users — Mystery
[21:28:46] File: f_Mystery_50u_pos5_neg1_books.csv
[21:28:54] Training NMF
[21:33:28] Generating recommendations
[21:33:32] Scoring 53,424 users for f_Mystery_50u_pos5_neg1_books
