nohup: ignoring input
[10:22:52] === SVD (poison-only) — SINGLE GENRE (POS=5 ONLY, N ∈ [500, 1000]) ===
[10:23:00] 📄 ORIGINAL (for user IDs only) — users=53,424, items=10,000, rows=5,976,479
[10:23:00] 🔎 Found 26 files (N∈[500, 1000])
[10:23:00] 
📘 [1/26] POS=5 1000u — Adult
[10:23:00]    File: f_Adult_1000u_pos5_neg1_all.csv
[10:23:27]    Loaded — items=10,000, rows=15,391,479
[10:23:29]    Training SVD…
[10:32:09]    Generating Top-K…
[10:32:15] Scoring 53,424 original users for f_Adult_1000u_pos5_neg1_all…
[10:32:50]   • Scored 10,000/53,424 users
[10:33:19]   • Scored 20,000/53,424 users
[10:33:47]   • Scored 30,000/53,424 users
[10:34:20]   • Scored 40,000/53,424 users
[10:34:52]   • Scored 50,000/53,424 users
[10:35:06] Saved → /home/moshtasa/Research/phd-svd-recsys/SVD/Book/result/rec/top_re/1017/SVD_Single_Injection/5/f_Adult_1000u_pos5_neg1_all_15recommendation.csv (801,360 rows)
[10:35:12] Saved → /home/moshtasa/Research/phd-svd-recsys/SVD/Book/result/rec/top_re/1017/SVD_Single_Injection/5/f_Adult_1000u_pos5_neg1_all_25recommendation.csv (1,335,600 rows)
[10:35:22] Saved → /home/moshtasa/Research/phd-svd-recsys/SVD/Book/result/rec/top_re/1017/SVD_Single_Injection/5/f_Adult_1000u_pos5_neg1_all_35recommendation.csv (1,869,840 rows)
[10:35:31]    ✅ Done.
[10:35:31] 
📘 [2/26] POS=5 500u — Adult
[10:35:31]    File: f_Adult_500u_pos5_neg1_all.csv
[10:35:51]    Loaded — items=10,000, rows=10,683,979
[10:35:53]    Training SVD…
[10:42:24]    Generating Top-K…
[10:42:29] Scoring 53,424 original users for f_Adult_500u_pos5_neg1_all…
[10:43:00]   • Scored 10,000/53,424 users
[10:43:29]   • Scored 20,000/53,424 users
[10:43:58]   • Scored 30,000/53,424 users
[10:44:25]   • Scored 40,000/53,424 users
[10:44:55]   • Scored 50,000/53,424 users
[10:45:10] Saved → /home/moshtasa/Research/phd-svd-recsys/SVD/Book/result/rec/top_re/1017/SVD_Single_Injection/5/f_Adult_500u_pos5_neg1_all_15recommendation.csv (801,360 rows)
[10:45:17] Saved → /home/moshtasa/Research/phd-svd-recsys/SVD/Book/result/rec/top_re/1017/SVD_Single_Injection/5/f_Adult_500u_pos5_neg1_all_25recommendation.csv (1,335,600 rows)
[10:45:25] Saved → /home/moshtasa/Research/phd-svd-recsys/SVD/Book/result/rec/top_re/1017/SVD_Single_Injection/5/f_Adult_500u_pos5_neg1_all_35recommendation.csv (1,869,840 rows)
[10:45:31]    ✅ Done.
[10:45:31] 
📘 [3/26] POS=5 1000u — Adventure
[10:45:31]    File: f_Adventure_1000u_pos5_neg1_all.csv
[10:45:56]    Loaded — items=10,000, rows=15,391,479
[10:45:58]    Training SVD…
[10:54:23]    Generating Top-K…
[10:54:28] Scoring 53,424 original users for f_Adventure_1000u_pos5_neg1_all…
[10:54:56]   • Scored 10,000/53,424 users
[10:55:26]   • Scored 20,000/53,424 users
[10:55:53]   • Scored 30,000/53,424 users
[10:56:23]   • Scored 40,000/53,424 users
[10:56:54]   • Scored 50,000/53,424 users
[10:57:07] Saved → /home/moshtasa/Research/phd-svd-recsys/SVD/Book/result/rec/top_re/1017/SVD_Single_Injection/5/f_Adventure_1000u_pos5_neg1_all_15recommendation.csv (801,360 rows)
[10:57:13] Saved → /home/moshtasa/Research/phd-svd-recsys/SVD/Book/result/rec/top_re/1017/SVD_Single_Injection/5/f_Adventure_1000u_pos5_neg1_all_25recommendation.csv (1,335,600 rows)
[10:57:21] Saved → /home/moshtasa/Research/phd-svd-recsys/SVD/Book/result/rec/top_re/1017/SVD_Single_Injection/5/f_Adventure_1000u_pos5_neg1_all_35recommendation.csv (1,869,840 rows)
[10:57:28]    ✅ Done.
[10:57:28] 
📘 [4/26] POS=5 500u — Adventure
[10:57:28]    File: f_Adventure_500u_pos5_neg1_all.csv
[10:57:48]    Loaded — items=10,000, rows=10,683,979
[10:57:50]    Training SVD…
[11:04:09]    Generating Top-K…
[11:04:13] Scoring 53,424 original users for f_Adventure_500u_pos5_neg1_all…
[11:04:42]   • Scored 10,000/53,424 users
[11:05:12]   • Scored 20,000/53,424 users
[11:05:42]   • Scored 30,000/53,424 users
[11:06:12]   • Scored 40,000/53,424 users
[11:06:39]   • Scored 50,000/53,424 users
[11:06:52] Saved → /home/moshtasa/Research/phd-svd-recsys/SVD/Book/result/rec/top_re/1017/SVD_Single_Injection/5/f_Adventure_500u_pos5_neg1_all_15recommendation.csv (801,360 rows)
[11:06:58] Saved → /home/moshtasa/Research/phd-svd-recsys/SVD/Book/result/rec/top_re/1017/SVD_Single_Injection/5/f_Adventure_500u_pos5_neg1_all_25recommendation.csv (1,335,600 rows)
[11:07:06] Saved → /home/moshtasa/Research/phd-svd-recsys/SVD/Book/result/rec/top_re/1017/SVD_Single_Injection/5/f_Adventure_500u_pos5_neg1_all_35recommendation.csv (1,869,840 rows)
[11:07:13]    ✅ Done.
[11:07:13] 
📘 [5/26] POS=5 1000u — Children s
[11:07:13]    File: f_Children_s_1000u_pos5_neg1_all.csv
[11:07:39]    Loaded — items=10,000, rows=15,391,479
[11:07:41]    Training SVD…
[11:15:22]    Generating Top-K…
[11:15:26] Scoring 53,424 original users for f_Children_s_1000u_pos5_neg1_all…
[11:15:55]   • Scored 10,000/53,424 users
[11:16:18]   • Scored 20,000/53,424 users
[11:16:38]   • Scored 30,000/53,424 users
[11:16:57]   • Scored 40,000/53,424 users
[11:17:18]   • Scored 50,000/53,424 users
[11:17:28] Saved → /home/moshtasa/Research/phd-svd-recsys/SVD/Book/result/rec/top_re/1017/SVD_Single_Injection/5/f_Children_s_1000u_pos5_neg1_all_15recommendation.csv (801,360 rows)
[11:17:32] Saved → /home/moshtasa/Research/phd-svd-recsys/SVD/Book/result/rec/top_re/1017/SVD_Single_Injection/5/f_Children_s_1000u_pos5_neg1_all_25recommendation.csv (1,335,600 rows)
[11:17:39] Saved → /home/moshtasa/Research/phd-svd-recsys/SVD/Book/result/rec/top_re/1017/SVD_Single_Injection/5/f_Children_s_1000u_pos5_neg1_all_35recommendation.csv (1,869,840 rows)
[11:17:47]    ✅ Done.
[11:17:47] 
📘 [6/26] POS=5 500u — Children s
[11:17:47]    File: f_Children_s_500u_pos5_neg1_all.csv
[11:18:07]    Loaded — items=10,000, rows=10,683,979
[11:18:08]    Training SVD…
