nohup: ignoring input
Loading original CSV...
#books in Adult=331 | #books in Adventure=1,789 | #Adult&Adventure=0 | total OR=2,120 | neg_pool=7,295
✅ Completed injection file (OR): forpair_Adult__Adventure_2u_pos5_neg1_OR.csv
✅ Completed injection file (OR): forpair_Adult__Adventure_6u_pos5_neg1_OR.csv
✅ Completed injection file (OR): forpair_Adult__Adventure_50u_pos5_neg1_OR.csv
✅ Completed injection file (OR): forpair_Adult__Adventure_200u_pos5_neg1_OR.csv
#books in Adult=331 | #books in Children's=863 | #Adult&Children's=0 | total OR=1,194 | neg_pool=8,221
✅ Completed injection file (OR): forpair_Adult__Children_s_2u_pos5_neg1_OR.csv
✅ Completed injection file (OR): forpair_Adult__Children_s_6u_pos5_neg1_OR.csv
✅ Completed injection file (OR): forpair_Adult__Children_s_50u_pos5_neg1_OR.csv
✅ Completed injection file (OR): forpair_Adult__Children_s_200u_pos5_neg1_OR.csv
#books in Adult=331 | #books in Classics=901 | #Adult&Classics=5 | total OR=1,227 | neg_pool=8,188
✅ Completed injection file (OR): forpair_Adult__Classics_2u_pos5_neg1_OR.csv
✅ Completed injection file (OR): forpair_Adult__Classics_6u_pos5_neg1_OR.csv
✅ Completed injection file (OR): forpair_Adult__Classics_50u_pos5_neg1_OR.csv
✅ Completed injection file (OR): forpair_Adult__Classics_200u_pos5_neg1_OR.csv
#books in Adult=331 | #books in Drama=3,006 | #Adult&Drama=144 | total OR=3,193 | neg_pool=6,222
✅ Completed injection file (OR): forpair_Adult__Drama_2u_pos5_neg1_OR.csv
✅ Completed injection file (OR): forpair_Adult__Drama_6u_pos5_neg1_OR.csv
✅ Completed injection file (OR): forpair_Adult__Drama_50u_pos5_neg1_OR.csv
✅ Completed injection file (OR): forpair_Adult__Drama_200u_pos5_neg1_OR.csv
#books in Adult=331 | #books in Fantasy=2,088 | #Adult&Fantasy=2 | total OR=2,417 | neg_pool=6,998
✅ Completed injection file (OR): forpair_Adult__Fantasy_2u_pos5_neg1_OR.csv
✅ Completed injection file (OR): forpair_Adult__Fantasy_6u_pos5_neg1_OR.csv
✅ Completed injection file (OR): forpair_Adult__Fantasy_50u_pos5_neg1_OR.csv
✅ Completed injection file (OR): forpair_Adult__Fantasy_200u_pos5_neg1_OR.csv
#books in Adult=331 | #books in Historical=857 | #Adult&Historical=5 | total OR=1,183 | neg_pool=8,232
✅ Completed injection file (OR): forpair_Adult__Historical_2u_pos5_neg1_OR.csv
✅ Completed injection file (OR): forpair_Adult__Historical_6u_pos5_neg1_OR.csv
✅ Completed injection file (OR): forpair_Adult__Historical_50u_pos5_neg1_OR.csv
✅ Completed injection file (OR): forpair_Adult__Historical_200u_pos5_neg1_OR.csv
#books in Adult=331 | #books in Horror=769 | #Adult&Horror=0 | total OR=1,100 | neg_pool=8,315
✅ Completed injection file (OR): forpair_Adult__Horror_2u_pos5_neg1_OR.csv
✅ Completed injection file (OR): forpair_Adult__Horror_6u_pos5_neg1_OR.csv
✅ Completed injection file (OR): forpair_Adult__Horror_50u_pos5_neg1_OR.csv
✅ Completed injection file (OR): forpair_Adult__Horror_200u_pos5_neg1_OR.csv
#books in Adult=331 | #books in Mystery=2,563 | #Adult&Mystery=8 | total OR=2,886 | neg_pool=6,529
✅ Completed injection file (OR): forpair_Adult__Mystery_2u_pos5_neg1_OR.csv
✅ Completed injection file (OR): forpair_Adult__Mystery_6u_pos5_neg1_OR.csv
✅ Completed injection file (OR): forpair_Adult__Mystery_50u_pos5_neg1_OR.csv
✅ Completed injection file (OR): forpair_Adult__Mystery_200u_pos5_neg1_OR.csv
#books in Adult=331 | #books in Nonfiction=1,071 | #Adult&Nonfiction=24 | total OR=1,378 | neg_pool=8,037
✅ Completed injection file (OR): forpair_Adult__Nonfiction_2u_pos5_neg1_OR.csv
✅ Completed injection file (OR): forpair_Adult__Nonfiction_6u_pos5_neg1_OR.csv
✅ Completed injection file (OR): forpair_Adult__Nonfiction_50u_pos5_neg1_OR.csv
✅ Completed injection file (OR): forpair_Adult__Nonfiction_200u_pos5_neg1_OR.csv
#books in Adult=331 | #books in Romance=2,131 | #Adult&Romance=139 | total OR=2,323 | neg_pool=7,092
✅ Completed injection file (OR): forpair_Adult__Romance_2u_pos5_neg1_OR.csv
✅ Completed injection file (OR): forpair_Adult__Romance_6u_pos5_neg1_OR.csv
✅ Completed injection file (OR): forpair_Adult__Romance_50u_pos5_neg1_OR.csv
✅ Completed injection file (OR): forpair_Adult__Romance_200u_pos5_neg1_OR.csv
#books in Adult=331 | #books in Science Fiction=855 | #Adult&Science Fiction=0 | total OR=1,186 | neg_pool=8,229
✅ Completed injection file (OR): forpair_Adult__Science_Fiction_2u_pos5_neg1_OR.csv
✅ Completed injection file (OR): forpair_Adult__Science_Fiction_6u_pos5_neg1_OR.csv
✅ Completed injection file (OR): forpair_Adult__Science_Fiction_50u_pos5_neg1_OR.csv
✅ Completed injection file (OR): forpair_Adult__Science_Fiction_200u_pos5_neg1_OR.csv
#books in Adult=331 | #books in Thriller=1,606 | #Adult&Thriller=4 | total OR=1,933 | neg_pool=7,482
✅ Completed injection file (OR): forpair_Adult__Thriller_2u_pos5_neg1_OR.csv
✅ Completed injection file (OR): forpair_Adult__Thriller_6u_pos5_neg1_OR.csv
✅ Completed injection file (OR): forpair_Adult__Thriller_50u_pos5_neg1_OR.csv
✅ Completed injection file (OR): forpair_Adult__Thriller_200u_pos5_neg1_OR.csv
#books in Adventure=1,789 | #books in Children's=863 | #Adventure&Children's=293 | total OR=2,359 | neg_pool=7,056
✅ Completed injection file (OR): forpair_Adventure__Children_s_2u_pos5_neg1_OR.csv
✅ Completed injection file (OR): forpair_Adventure__Children_s_6u_pos5_neg1_OR.csv
✅ Completed injection file (OR): forpair_Adventure__Children_s_50u_pos5_neg1_OR.csv
✅ Completed injection file (OR): forpair_Adventure__Children_s_200u_pos5_neg1_OR.csv
#books in Adventure=1,789 | #books in Classics=901 | #Adventure&Classics=63 | total OR=2,627 | neg_pool=6,788
✅ Completed injection file (OR): forpair_Adventure__Classics_2u_pos5_neg1_OR.csv
✅ Completed injection file (OR): forpair_Adventure__Classics_6u_pos5_neg1_OR.csv
✅ Completed injection file (OR): forpair_Adventure__Classics_50u_pos5_neg1_OR.csv
✅ Completed injection file (OR): forpair_Adventure__Classics_200u_pos5_neg1_OR.csv
#books in Adventure=1,789 | #books in Drama=3,006 | #Adventure&Drama=51 | total OR=4,744 | neg_pool=4,671
✅ Completed injection file (OR): forpair_Adventure__Drama_2u_pos5_neg1_OR.csv
✅ Completed injection file (OR): forpair_Adventure__Drama_6u_pos5_neg1_OR.csv
✅ Completed injection file (OR): forpair_Adventure__Drama_50u_pos5_neg1_OR.csv
✅ Completed injection file (OR): forpair_Adventure__Drama_200u_pos5_neg1_OR.csv
#books in Adventure=1,789 | #books in Fantasy=2,088 | #Adventure&Fantasy=818 | total OR=3,059 | neg_pool=6,356
✅ Completed injection file (OR): forpair_Adventure__Fantasy_2u_pos5_neg1_OR.csv
✅ Completed injection file (OR): forpair_Adventure__Fantasy_6u_pos5_neg1_OR.csv
✅ Completed injection file (OR): forpair_Adventure__Fantasy_50u_pos5_neg1_OR.csv
✅ Completed injection file (OR): forpair_Adventure__Fantasy_200u_pos5_neg1_OR.csv
#books in Adventure=1,789 | #books in Historical=857 | #Adventure&Historical=48 | total OR=2,598 | neg_pool=6,817
✅ Completed injection file (OR): forpair_Adventure__Historical_2u_pos5_neg1_OR.csv
✅ Completed injection file (OR): forpair_Adventure__Historical_6u_pos5_neg1_OR.csv
✅ Completed injection file (OR): forpair_Adventure__Historical_50u_pos5_neg1_OR.csv
✅ Completed injection file (OR): forpair_Adventure__Historical_200u_pos5_neg1_OR.csv
#books in Adventure=1,789 | #books in Horror=769 | #Adventure&Horror=7 | total OR=2,551 | neg_pool=6,864
✅ Completed injection file (OR): forpair_Adventure__Horror_2u_pos5_neg1_OR.csv
✅ Completed injection file (OR): forpair_Adventure__Horror_6u_pos5_neg1_OR.csv
✅ Completed injection file (OR): forpair_Adventure__Horror_50u_pos5_neg1_OR.csv
✅ Completed injection file (OR): forpair_Adventure__Horror_200u_pos5_neg1_OR.csv
#books in Adventure=1,789 | #books in Mystery=2,563 | #Adventure&Mystery=72 | total OR=4,280 | neg_pool=5,135
✅ Completed injection file (OR): forpair_Adventure__Mystery_2u_pos5_neg1_OR.csv
✅ Completed injection file (OR): forpair_Adventure__Mystery_6u_pos5_neg1_OR.csv
✅ Completed injection file (OR): forpair_Adventure__Mystery_50u_pos5_neg1_OR.csv
✅ Completed injection file (OR): forpair_Adventure__Mystery_200u_pos5_neg1_OR.csv
#books in Adventure=1,789 | #books in Nonfiction=1,071 | #Adventure&Nonfiction=76 | total OR=2,784 | neg_pool=6,631
✅ Completed injection file (OR): forpair_Adventure__Nonfiction_2u_pos5_neg1_OR.csv
✅ Completed injection file (OR): forpair_Adventure__Nonfiction_6u_pos5_neg1_OR.csv
✅ Completed injection file (OR): forpair_Adventure__Nonfiction_50u_pos5_neg1_OR.csv
✅ Completed injection file (OR): forpair_Adventure__Nonfiction_200u_pos5_neg1_OR.csv
#books in Adventure=1,789 | #books in Romance=2,131 | #Adventure&Romance=19 | total OR=3,901 | neg_pool=5,514
✅ Completed injection file (OR): forpair_Adventure__Romance_2u_pos5_neg1_OR.csv
✅ Completed injection file (OR): forpair_Adventure__Romance_6u_pos5_neg1_OR.csv
✅ Completed injection file (OR): forpair_Adventure__Romance_50u_pos5_neg1_OR.csv
✅ Completed injection file (OR): forpair_Adventure__Romance_200u_pos5_neg1_OR.csv
#books in Adventure=1,789 | #books in Science Fiction=855 | #Adventure&Science Fiction=264 | total OR=2,380 | neg_pool=7,035
✅ Completed injection file (OR): forpair_Adventure__Science_Fiction_2u_pos5_neg1_OR.csv
✅ Completed injection file (OR): forpair_Adventure__Science_Fiction_6u_pos5_neg1_OR.csv
✅ Completed injection file (OR): forpair_Adventure__Science_Fiction_50u_pos5_neg1_OR.csv
✅ Completed injection file (OR): forpair_Adventure__Science_Fiction_200u_pos5_neg1_OR.csv
#books in Adventure=1,789 | #books in Thriller=1,606 | #Adventure&Thriller=78 | total OR=3,317 | neg_pool=6,098
✅ Completed injection file (OR): forpair_Adventure__Thriller_2u_pos5_neg1_OR.csv
✅ Completed injection file (OR): forpair_Adventure__Thriller_6u_pos5_neg1_OR.csv
✅ Completed injection file (OR): forpair_Adventure__Thriller_50u_pos5_neg1_OR.csv
✅ Completed injection file (OR): forpair_Adventure__Thriller_200u_pos5_neg1_OR.csv
#books in Children's=863 | #books in Classics=901 | #Children's&Classics=142 | total OR=1,622 | neg_pool=7,793
✅ Completed injection file (OR): forpair_Children_s__Classics_2u_pos5_neg1_OR.csv
✅ Completed injection file (OR): forpair_Children_s__Classics_6u_pos5_neg1_OR.csv
✅ Completed injection file (OR): forpair_Children_s__Classics_50u_pos5_neg1_OR.csv
✅ Completed injection file (OR): forpair_Children_s__Classics_200u_pos5_neg1_OR.csv
#books in Children's=863 | #books in Drama=3,006 | #Children's&Drama=94 | total OR=3,775 | neg_pool=5,640
✅ Completed injection file (OR): forpair_Children_s__Drama_2u_pos5_neg1_OR.csv
✅ Completed injection file (OR): forpair_Children_s__Drama_6u_pos5_neg1_OR.csv
✅ Completed injection file (OR): forpair_Children_s__Drama_50u_pos5_neg1_OR.csv
✅ Completed injection file (OR): forpair_Children_s__Drama_200u_pos5_neg1_OR.csv
#books in Children's=863 | #books in Fantasy=2,088 | #Children's&Fantasy=165 | total OR=2,786 | neg_pool=6,629
✅ Completed injection file (OR): forpair_Children_s__Fantasy_2u_pos5_neg1_OR.csv
✅ Completed injection file (OR): forpair_Children_s__Fantasy_6u_pos5_neg1_OR.csv
✅ Completed injection file (OR): forpair_Children_s__Fantasy_50u_pos5_neg1_OR.csv
✅ Completed injection file (OR): forpair_Children_s__Fantasy_200u_pos5_neg1_OR.csv
#books in Children's=863 | #books in Historical=857 | #Children's&Historical=39 | total OR=1,681 | neg_pool=7,734
✅ Completed injection file (OR): forpair_Children_s__Historical_2u_pos5_neg1_OR.csv
✅ Completed injection file (OR): forpair_Children_s__Historical_6u_pos5_neg1_OR.csv
✅ Completed injection file (OR): forpair_Children_s__Historical_50u_pos5_neg1_OR.csv
✅ Completed injection file (OR): forpair_Children_s__Historical_200u_pos5_neg1_OR.csv
#books in Children's=863 | #books in Horror=769 | #Children's&Horror=12 | total OR=1,620 | neg_pool=7,795
✅ Completed injection file (OR): forpair_Children_s__Horror_2u_pos5_neg1_OR.csv
✅ Completed injection file (OR): forpair_Children_s__Horror_6u_pos5_neg1_OR.csv
✅ Completed injection file (OR): forpair_Children_s__Horror_50u_pos5_neg1_OR.csv
✅ Completed injection file (OR): forpair_Children_s__Horror_200u_pos5_neg1_OR.csv
#books in Children's=863 | #books in Mystery=2,563 | #Children's&Mystery=67 | total OR=3,359 | neg_pool=6,056
✅ Completed injection file (OR): forpair_Children_s__Mystery_2u_pos5_neg1_OR.csv
✅ Completed injection file (OR): forpair_Children_s__Mystery_6u_pos5_neg1_OR.csv
✅ Completed injection file (OR): forpair_Children_s__Mystery_50u_pos5_neg1_OR.csv
✅ Completed injection file (OR): forpair_Children_s__Mystery_200u_pos5_neg1_OR.csv
#books in Children's=863 | #books in Nonfiction=1,071 | #Children's&Nonfiction=17 | total OR=1,917 | neg_pool=7,498
✅ Completed injection file (OR): forpair_Children_s__Nonfiction_2u_pos5_neg1_OR.csv
✅ Completed injection file (OR): forpair_Children_s__Nonfiction_6u_pos5_neg1_OR.csv
✅ Completed injection file (OR): forpair_Children_s__Nonfiction_50u_pos5_neg1_OR.csv
✅ Completed injection file (OR): forpair_Children_s__Nonfiction_200u_pos5_neg1_OR.csv
#books in Children's=863 | #books in Romance=2,131 | #Children's&Romance=22 | total OR=2,972 | neg_pool=6,443
✅ Completed injection file (OR): forpair_Children_s__Romance_2u_pos5_neg1_OR.csv
✅ Completed injection file (OR): forpair_Children_s__Romance_6u_pos5_neg1_OR.csv
✅ Completed injection file (OR): forpair_Children_s__Romance_50u_pos5_neg1_OR.csv
✅ Completed injection file (OR): forpair_Children_s__Romance_200u_pos5_neg1_OR.csv
#books in Children's=863 | #books in Science Fiction=855 | #Children's&Science Fiction=12 | total OR=1,706 | neg_pool=7,709
✅ Completed injection file (OR): forpair_Children_s__Science_Fiction_2u_pos5_neg1_OR.csv
✅ Completed injection file (OR): forpair_Children_s__Science_Fiction_6u_pos5_neg1_OR.csv
✅ Completed injection file (OR): forpair_Children_s__Science_Fiction_50u_pos5_neg1_OR.csv
✅ Completed injection file (OR): forpair_Children_s__Science_Fiction_200u_pos5_neg1_OR.csv
#books in Children's=863 | #books in Thriller=1,606 | #Children's&Thriller=0 | total OR=2,469 | neg_pool=6,946
✅ Completed injection file (OR): forpair_Children_s__Thriller_2u_pos5_neg1_OR.csv
✅ Completed injection file (OR): forpair_Children_s__Thriller_6u_pos5_neg1_OR.csv
✅ Completed injection file (OR): forpair_Children_s__Thriller_50u_pos5_neg1_OR.csv
✅ Completed injection file (OR): forpair_Children_s__Thriller_200u_pos5_neg1_OR.csv
#books in Classics=901 | #books in Drama=3,006 | #Classics&Drama=369 | total OR=3,538 | neg_pool=5,877
✅ Completed injection file (OR): forpair_Classics__Drama_2u_pos5_neg1_OR.csv
✅ Completed injection file (OR): forpair_Classics__Drama_6u_pos5_neg1_OR.csv
✅ Completed injection file (OR): forpair_Classics__Drama_50u_pos5_neg1_OR.csv
✅ Completed injection file (OR): forpair_Classics__Drama_200u_pos5_neg1_OR.csv
#books in Classics=901 | #books in Fantasy=2,088 | #Classics&Fantasy=25 | total OR=2,964 | neg_pool=6,451
✅ Completed injection file (OR): forpair_Classics__Fantasy_2u_pos5_neg1_OR.csv
✅ Completed injection file (OR): forpair_Classics__Fantasy_6u_pos5_neg1_OR.csv
✅ Completed injection file (OR): forpair_Classics__Fantasy_50u_pos5_neg1_OR.csv
✅ Completed injection file (OR): forpair_Classics__Fantasy_200u_pos5_neg1_OR.csv
#books in Classics=901 | #books in Historical=857 | #Classics&Historical=24 | total OR=1,734 | neg_pool=7,681
✅ Completed injection file (OR): forpair_Classics__Historical_2u_pos5_neg1_OR.csv
✅ Completed injection file (OR): forpair_Classics__Historical_6u_pos5_neg1_OR.csv
✅ Completed injection file (OR): forpair_Classics__Historical_50u_pos5_neg1_OR.csv
✅ Completed injection file (OR): forpair_Classics__Historical_200u_pos5_neg1_OR.csv
#books in Classics=901 | #books in Horror=769 | #Classics&Horror=21 | total OR=1,649 | neg_pool=7,766
✅ Completed injection file (OR): forpair_Classics__Horror_2u_pos5_neg1_OR.csv
✅ Completed injection file (OR): forpair_Classics__Horror_6u_pos5_neg1_OR.csv
✅ Completed injection file (OR): forpair_Classics__Horror_50u_pos5_neg1_OR.csv
✅ Completed injection file (OR): forpair_Classics__Horror_200u_pos5_neg1_OR.csv
#books in Classics=901 | #books in Mystery=2,563 | #Classics&Mystery=60 | total OR=3,404 | neg_pool=6,011
✅ Completed injection file (OR): forpair_Classics__Mystery_2u_pos5_neg1_OR.csv
✅ Completed injection file (OR): forpair_Classics__Mystery_6u_pos5_neg1_OR.csv
✅ Completed injection file (OR): forpair_Classics__Mystery_50u_pos5_neg1_OR.csv
✅ Completed injection file (OR): forpair_Classics__Mystery_200u_pos5_neg1_OR.csv
#books in Classics=901 | #books in Nonfiction=1,071 | #Classics&Nonfiction=113 | total OR=1,859 | neg_pool=7,556
✅ Completed injection file (OR): forpair_Classics__Nonfiction_2u_pos5_neg1_OR.csv
✅ Completed injection file (OR): forpair_Classics__Nonfiction_6u_pos5_neg1_OR.csv
✅ Completed injection file (OR): forpair_Classics__Nonfiction_50u_pos5_neg1_OR.csv
✅ Completed injection file (OR): forpair_Classics__Nonfiction_200u_pos5_neg1_OR.csv
#books in Classics=901 | #books in Romance=2,131 | #Classics&Romance=44 | total OR=2,988 | neg_pool=6,427
✅ Completed injection file (OR): forpair_Classics__Romance_2u_pos5_neg1_OR.csv
✅ Completed injection file (OR): forpair_Classics__Romance_6u_pos5_neg1_OR.csv
✅ Completed injection file (OR): forpair_Classics__Romance_50u_pos5_neg1_OR.csv
✅ Completed injection file (OR): forpair_Classics__Romance_200u_pos5_neg1_OR.csv
#books in Classics=901 | #books in Science Fiction=855 | #Classics&Science Fiction=35 | total OR=1,721 | neg_pool=7,694
✅ Completed injection file (OR): forpair_Classics__Science_Fiction_2u_pos5_neg1_OR.csv
✅ Completed injection file (OR): forpair_Classics__Science_Fiction_6u_pos5_neg1_OR.csv
✅ Completed injection file (OR): forpair_Classics__Science_Fiction_50u_pos5_neg1_OR.csv
✅ Completed injection file (OR): forpair_Classics__Science_Fiction_200u_pos5_neg1_OR.csv
#books in Classics=901 | #books in Thriller=1,606 | #Classics&Thriller=0 | total OR=2,507 | neg_pool=6,908
✅ Completed injection file (OR): forpair_Classics__Thriller_2u_pos5_neg1_OR.csv
✅ Completed injection file (OR): forpair_Classics__Thriller_6u_pos5_neg1_OR.csv
✅ Completed injection file (OR): forpair_Classics__Thriller_50u_pos5_neg1_OR.csv
✅ Completed injection file (OR): forpair_Classics__Thriller_200u_pos5_neg1_OR.csv
#books in Drama=3,006 | #books in Fantasy=2,088 | #Drama&Fantasy=99 | total OR=4,995 | neg_pool=4,420
✅ Completed injection file (OR): forpair_Drama__Fantasy_2u_pos5_neg1_OR.csv
✅ Completed injection file (OR): forpair_Drama__Fantasy_6u_pos5_neg1_OR.csv
✅ Completed injection file (OR): forpair_Drama__Fantasy_50u_pos5_neg1_OR.csv
✅ Completed injection file (OR): forpair_Drama__Fantasy_200u_pos5_neg1_OR.csv
#books in Drama=3,006 | #books in Historical=857 | #Drama&Historical=307 | total OR=3,556 | neg_pool=5,859
✅ Completed injection file (OR): forpair_Drama__Historical_2u_pos5_neg1_OR.csv
✅ Completed injection file (OR): forpair_Drama__Historical_6u_pos5_neg1_OR.csv
✅ Completed injection file (OR): forpair_Drama__Historical_50u_pos5_neg1_OR.csv
✅ Completed injection file (OR): forpair_Drama__Historical_200u_pos5_neg1_OR.csv
#books in Drama=3,006 | #books in Horror=769 | #Drama&Horror=33 | total OR=3,742 | neg_pool=5,673
✅ Completed injection file (OR): forpair_Drama__Horror_2u_pos5_neg1_OR.csv
✅ Completed injection file (OR): forpair_Drama__Horror_6u_pos5_neg1_OR.csv
✅ Completed injection file (OR): forpair_Drama__Horror_50u_pos5_neg1_OR.csv
✅ Completed injection file (OR): forpair_Drama__Horror_200u_pos5_neg1_OR.csv
#books in Drama=3,006 | #books in Mystery=2,563 | #Drama&Mystery=272 | total OR=5,297 | neg_pool=4,118
✅ Completed injection file (OR): forpair_Drama__Mystery_2u_pos5_neg1_OR.csv
✅ Completed injection file (OR): forpair_Drama__Mystery_6u_pos5_neg1_OR.csv
✅ Completed injection file (OR): forpair_Drama__Mystery_50u_pos5_neg1_OR.csv
✅ Completed injection file (OR): forpair_Drama__Mystery_200u_pos5_neg1_OR.csv
#books in Drama=3,006 | #books in Nonfiction=1,071 | #Drama&Nonfiction=603 | total OR=3,474 | neg_pool=5,941
✅ Completed injection file (OR): forpair_Drama__Nonfiction_2u_pos5_neg1_OR.csv
✅ Completed injection file (OR): forpair_Drama__Nonfiction_6u_pos5_neg1_OR.csv
✅ Completed injection file (OR): forpair_Drama__Nonfiction_50u_pos5_neg1_OR.csv
✅ Completed injection file (OR): forpair_Drama__Nonfiction_200u_pos5_neg1_OR.csv
#books in Drama=3,006 | #books in Romance=2,131 | #Drama&Romance=941 | total OR=4,196 | neg_pool=5,219
✅ Completed injection file (OR): forpair_Drama__Romance_2u_pos5_neg1_OR.csv
✅ Completed injection file (OR): forpair_Drama__Romance_6u_pos5_neg1_OR.csv
✅ Completed injection file (OR): forpair_Drama__Romance_50u_pos5_neg1_OR.csv
✅ Completed injection file (OR): forpair_Drama__Romance_200u_pos5_neg1_OR.csv
#books in Drama=3,006 | #books in Science Fiction=855 | #Drama&Science Fiction=65 | total OR=3,796 | neg_pool=5,619
✅ Completed injection file (OR): forpair_Drama__Science_Fiction_2u_pos5_neg1_OR.csv
✅ Completed injection file (OR): forpair_Drama__Science_Fiction_6u_pos5_neg1_OR.csv
✅ Completed injection file (OR): forpair_Drama__Science_Fiction_50u_pos5_neg1_OR.csv
✅ Completed injection file (OR): forpair_Drama__Science_Fiction_200u_pos5_neg1_OR.csv
#books in Drama=3,006 | #books in Thriller=1,606 | #Drama&Thriller=28 | total OR=4,584 | neg_pool=4,831
✅ Completed injection file (OR): forpair_Drama__Thriller_2u_pos5_neg1_OR.csv
✅ Completed injection file (OR): forpair_Drama__Thriller_6u_pos5_neg1_OR.csv
✅ Completed injection file (OR): forpair_Drama__Thriller_50u_pos5_neg1_OR.csv
✅ Completed injection file (OR): forpair_Drama__Thriller_200u_pos5_neg1_OR.csv
#books in Fantasy=2,088 | #books in Historical=857 | #Fantasy&Historical=39 | total OR=2,906 | neg_pool=6,509
✅ Completed injection file (OR): forpair_Fantasy__Historical_2u_pos5_neg1_OR.csv
✅ Completed injection file (OR): forpair_Fantasy__Historical_6u_pos5_neg1_OR.csv
✅ Completed injection file (OR): forpair_Fantasy__Historical_50u_pos5_neg1_OR.csv
✅ Completed injection file (OR): forpair_Fantasy__Historical_200u_pos5_neg1_OR.csv
#books in Fantasy=2,088 | #books in Horror=769 | #Fantasy&Horror=235 | total OR=2,622 | neg_pool=6,793
✅ Completed injection file (OR): forpair_Fantasy__Horror_2u_pos5_neg1_OR.csv
✅ Completed injection file (OR): forpair_Fantasy__Horror_6u_pos5_neg1_OR.csv
✅ Completed injection file (OR): forpair_Fantasy__Horror_50u_pos5_neg1_OR.csv
✅ Completed injection file (OR): forpair_Fantasy__Horror_200u_pos5_neg1_OR.csv
#books in Fantasy=2,088 | #books in Mystery=2,563 | #Fantasy&Mystery=250 | total OR=4,401 | neg_pool=5,014
✅ Completed injection file (OR): forpair_Fantasy__Mystery_2u_pos5_neg1_OR.csv
✅ Completed injection file (OR): forpair_Fantasy__Mystery_6u_pos5_neg1_OR.csv
✅ Completed injection file (OR): forpair_Fantasy__Mystery_50u_pos5_neg1_OR.csv
✅ Completed injection file (OR): forpair_Fantasy__Mystery_200u_pos5_neg1_OR.csv
#books in Fantasy=2,088 | #books in Nonfiction=1,071 | #Fantasy&Nonfiction=23 | total OR=3,136 | neg_pool=6,279
✅ Completed injection file (OR): forpair_Fantasy__Nonfiction_2u_pos5_neg1_OR.csv
✅ Completed injection file (OR): forpair_Fantasy__Nonfiction_6u_pos5_neg1_OR.csv
✅ Completed injection file (OR): forpair_Fantasy__Nonfiction_50u_pos5_neg1_OR.csv
✅ Completed injection file (OR): forpair_Fantasy__Nonfiction_200u_pos5_neg1_OR.csv
#books in Fantasy=2,088 | #books in Romance=2,131 | #Fantasy&Romance=351 | total OR=3,868 | neg_pool=5,547
✅ Completed injection file (OR): forpair_Fantasy__Romance_2u_pos5_neg1_OR.csv
✅ Completed injection file (OR): forpair_Fantasy__Romance_6u_pos5_neg1_OR.csv
✅ Completed injection file (OR): forpair_Fantasy__Romance_50u_pos5_neg1_OR.csv
✅ Completed injection file (OR): forpair_Fantasy__Romance_200u_pos5_neg1_OR.csv
#books in Fantasy=2,088 | #books in Science Fiction=855 | #Fantasy&Science Fiction=41 | total OR=2,902 | neg_pool=6,513
✅ Completed injection file (OR): forpair_Fantasy__Science_Fiction_2u_pos5_neg1_OR.csv
✅ Completed injection file (OR): forpair_Fantasy__Science_Fiction_6u_pos5_neg1_OR.csv
✅ Completed injection file (OR): forpair_Fantasy__Science_Fiction_50u_pos5_neg1_OR.csv
✅ Completed injection file (OR): forpair_Fantasy__Science_Fiction_200u_pos5_neg1_OR.csv
#books in Fantasy=2,088 | #books in Thriller=1,606 | #Fantasy&Thriller=40 | total OR=3,654 | neg_pool=5,761
✅ Completed injection file (OR): forpair_Fantasy__Thriller_2u_pos5_neg1_OR.csv
✅ Completed injection file (OR): forpair_Fantasy__Thriller_6u_pos5_neg1_OR.csv
✅ Completed injection file (OR): forpair_Fantasy__Thriller_50u_pos5_neg1_OR.csv
✅ Completed injection file (OR): forpair_Fantasy__Thriller_200u_pos5_neg1_OR.csv
#books in Historical=857 | #books in Horror=769 | #Historical&Horror=1 | total OR=1,625 | neg_pool=7,790
✅ Completed injection file (OR): forpair_Historical__Horror_2u_pos5_neg1_OR.csv
✅ Completed injection file (OR): forpair_Historical__Horror_6u_pos5_neg1_OR.csv
✅ Completed injection file (OR): forpair_Historical__Horror_50u_pos5_neg1_OR.csv
✅ Completed injection file (OR): forpair_Historical__Horror_200u_pos5_neg1_OR.csv
#books in Historical=857 | #books in Mystery=2,563 | #Historical&Mystery=105 | total OR=3,315 | neg_pool=6,100
✅ Completed injection file (OR): forpair_Historical__Mystery_2u_pos5_neg1_OR.csv
✅ Completed injection file (OR): forpair_Historical__Mystery_6u_pos5_neg1_OR.csv
✅ Completed injection file (OR): forpair_Historical__Mystery_50u_pos5_neg1_OR.csv
✅ Completed injection file (OR): forpair_Historical__Mystery_200u_pos5_neg1_OR.csv
#books in Historical=857 | #books in Nonfiction=1,071 | #Historical&Nonfiction=79 | total OR=1,849 | neg_pool=7,566
✅ Completed injection file (OR): forpair_Historical__Nonfiction_2u_pos5_neg1_OR.csv
✅ Completed injection file (OR): forpair_Historical__Nonfiction_6u_pos5_neg1_OR.csv
✅ Completed injection file (OR): forpair_Historical__Nonfiction_50u_pos5_neg1_OR.csv
✅ Completed injection file (OR): forpair_Historical__Nonfiction_200u_pos5_neg1_OR.csv
#books in Historical=857 | #books in Romance=2,131 | #Historical&Romance=189 | total OR=2,799 | neg_pool=6,616
✅ Completed injection file (OR): forpair_Historical__Romance_2u_pos5_neg1_OR.csv
✅ Completed injection file (OR): forpair_Historical__Romance_6u_pos5_neg1_OR.csv
✅ Completed injection file (OR): forpair_Historical__Romance_50u_pos5_neg1_OR.csv
✅ Completed injection file (OR): forpair_Historical__Romance_200u_pos5_neg1_OR.csv
#books in Historical=857 | #books in Science Fiction=855 | #Historical&Science Fiction=8 | total OR=1,704 | neg_pool=7,711
✅ Completed injection file (OR): forpair_Historical__Science_Fiction_2u_pos5_neg1_OR.csv
✅ Completed injection file (OR): forpair_Historical__Science_Fiction_6u_pos5_neg1_OR.csv
✅ Completed injection file (OR): forpair_Historical__Science_Fiction_50u_pos5_neg1_OR.csv
✅ Completed injection file (OR): forpair_Historical__Science_Fiction_200u_pos5_neg1_OR.csv
#books in Historical=857 | #books in Thriller=1,606 | #Historical&Thriller=13 | total OR=2,450 | neg_pool=6,965
✅ Completed injection file (OR): forpair_Historical__Thriller_2u_pos5_neg1_OR.csv
✅ Completed injection file (OR): forpair_Historical__Thriller_6u_pos5_neg1_OR.csv
✅ Completed injection file (OR): forpair_Historical__Thriller_50u_pos5_neg1_OR.csv
✅ Completed injection file (OR): forpair_Historical__Thriller_200u_pos5_neg1_OR.csv
#books in Horror=769 | #books in Mystery=2,563 | #Horror&Mystery=232 | total OR=3,100 | neg_pool=6,315
✅ Completed injection file (OR): forpair_Horror__Mystery_2u_pos5_neg1_OR.csv
✅ Completed injection file (OR): forpair_Horror__Mystery_6u_pos5_neg1_OR.csv
✅ Completed injection file (OR): forpair_Horror__Mystery_50u_pos5_neg1_OR.csv
✅ Completed injection file (OR): forpair_Horror__Mystery_200u_pos5_neg1_OR.csv
#books in Horror=769 | #books in Nonfiction=1,071 | #Horror&Nonfiction=4 | total OR=1,836 | neg_pool=7,579
✅ Completed injection file (OR): forpair_Horror__Nonfiction_2u_pos5_neg1_OR.csv
✅ Completed injection file (OR): forpair_Horror__Nonfiction_6u_pos5_neg1_OR.csv
✅ Completed injection file (OR): forpair_Horror__Nonfiction_50u_pos5_neg1_OR.csv
✅ Completed injection file (OR): forpair_Horror__Nonfiction_200u_pos5_neg1_OR.csv
#books in Horror=769 | #books in Romance=2,131 | #Horror&Romance=55 | total OR=2,845 | neg_pool=6,570
✅ Completed injection file (OR): forpair_Horror__Romance_2u_pos5_neg1_OR.csv
✅ Completed injection file (OR): forpair_Horror__Romance_6u_pos5_neg1_OR.csv
✅ Completed injection file (OR): forpair_Horror__Romance_50u_pos5_neg1_OR.csv
✅ Completed injection file (OR): forpair_Horror__Romance_200u_pos5_neg1_OR.csv
#books in Horror=769 | #books in Science Fiction=855 | #Horror&Science Fiction=46 | total OR=1,578 | neg_pool=7,837
✅ Completed injection file (OR): forpair_Horror__Science_Fiction_2u_pos5_neg1_OR.csv
✅ Completed injection file (OR): forpair_Horror__Science_Fiction_6u_pos5_neg1_OR.csv
✅ Completed injection file (OR): forpair_Horror__Science_Fiction_50u_pos5_neg1_OR.csv
✅ Completed injection file (OR): forpair_Horror__Science_Fiction_200u_pos5_neg1_OR.csv
#books in Horror=769 | #books in Thriller=1,606 | #Horror&Thriller=123 | total OR=2,252 | neg_pool=7,163
✅ Completed injection file (OR): forpair_Horror__Thriller_2u_pos5_neg1_OR.csv
✅ Completed injection file (OR): forpair_Horror__Thriller_6u_pos5_neg1_OR.csv
✅ Completed injection file (OR): forpair_Horror__Thriller_50u_pos5_neg1_OR.csv
✅ Completed injection file (OR): forpair_Horror__Thriller_200u_pos5_neg1_OR.csv
#books in Mystery=2,563 | #books in Nonfiction=1,071 | #Mystery&Nonfiction=22 | total OR=3,612 | neg_pool=5,803
✅ Completed injection file (OR): forpair_Mystery__Nonfiction_2u_pos5_neg1_OR.csv
✅ Completed injection file (OR): forpair_Mystery__Nonfiction_6u_pos5_neg1_OR.csv
✅ Completed injection file (OR): forpair_Mystery__Nonfiction_50u_pos5_neg1_OR.csv
✅ Completed injection file (OR): forpair_Mystery__Nonfiction_200u_pos5_neg1_OR.csv
#books in Mystery=2,563 | #books in Romance=2,131 | #Mystery&Romance=257 | total OR=4,437 | neg_pool=4,978
✅ Completed injection file (OR): forpair_Mystery__Romance_2u_pos5_neg1_OR.csv
✅ Completed injection file (OR): forpair_Mystery__Romance_6u_pos5_neg1_OR.csv
✅ Completed injection file (OR): forpair_Mystery__Romance_50u_pos5_neg1_OR.csv
✅ Completed injection file (OR): forpair_Mystery__Romance_200u_pos5_neg1_OR.csv
#books in Mystery=2,563 | #books in Science Fiction=855 | #Mystery&Science Fiction=130 | total OR=3,288 | neg_pool=6,127
✅ Completed injection file (OR): forpair_Mystery__Science_Fiction_2u_pos5_neg1_OR.csv
✅ Completed injection file (OR): forpair_Mystery__Science_Fiction_6u_pos5_neg1_OR.csv
✅ Completed injection file (OR): forpair_Mystery__Science_Fiction_50u_pos5_neg1_OR.csv
✅ Completed injection file (OR): forpair_Mystery__Science_Fiction_200u_pos5_neg1_OR.csv
#books in Mystery=2,563 | #books in Thriller=1,606 | #Mystery&Thriller=1,088 | total OR=3,081 | neg_pool=6,334
✅ Completed injection file (OR): forpair_Mystery__Thriller_2u_pos5_neg1_OR.csv
✅ Completed injection file (OR): forpair_Mystery__Thriller_6u_pos5_neg1_OR.csv
✅ Completed injection file (OR): forpair_Mystery__Thriller_50u_pos5_neg1_OR.csv
✅ Completed injection file (OR): forpair_Mystery__Thriller_200u_pos5_neg1_OR.csv
#books in Nonfiction=1,071 | #books in Romance=2,131 | #Nonfiction&Romance=30 | total OR=3,172 | neg_pool=6,243
✅ Completed injection file (OR): forpair_Nonfiction__Romance_2u_pos5_neg1_OR.csv
✅ Completed injection file (OR): forpair_Nonfiction__Romance_6u_pos5_neg1_OR.csv
✅ Completed injection file (OR): forpair_Nonfiction__Romance_50u_pos5_neg1_OR.csv
✅ Completed injection file (OR): forpair_Nonfiction__Romance_200u_pos5_neg1_OR.csv
#books in Nonfiction=1,071 | #books in Science Fiction=855 | #Nonfiction&Science Fiction=69 | total OR=1,857 | neg_pool=7,558
✅ Completed injection file (OR): forpair_Nonfiction__Science_Fiction_2u_pos5_neg1_OR.csv
✅ Completed injection file (OR): forpair_Nonfiction__Science_Fiction_6u_pos5_neg1_OR.csv
✅ Completed injection file (OR): forpair_Nonfiction__Science_Fiction_50u_pos5_neg1_OR.csv
✅ Completed injection file (OR): forpair_Nonfiction__Science_Fiction_200u_pos5_neg1_OR.csv
#books in Nonfiction=1,071 | #books in Thriller=1,606 | #Nonfiction&Thriller=11 | total OR=2,666 | neg_pool=6,749
✅ Completed injection file (OR): forpair_Nonfiction__Thriller_2u_pos5_neg1_OR.csv
✅ Completed injection file (OR): forpair_Nonfiction__Thriller_6u_pos5_neg1_OR.csv
✅ Completed injection file (OR): forpair_Nonfiction__Thriller_50u_pos5_neg1_OR.csv
✅ Completed injection file (OR): forpair_Nonfiction__Thriller_200u_pos5_neg1_OR.csv
#books in Romance=2,131 | #books in Science Fiction=855 | #Romance&Science Fiction=24 | total OR=2,962 | neg_pool=6,453
✅ Completed injection file (OR): forpair_Romance__Science_Fiction_2u_pos5_neg1_OR.csv
✅ Completed injection file (OR): forpair_Romance__Science_Fiction_6u_pos5_neg1_OR.csv
✅ Completed injection file (OR): forpair_Romance__Science_Fiction_50u_pos5_neg1_OR.csv
✅ Completed injection file (OR): forpair_Romance__Science_Fiction_200u_pos5_neg1_OR.csv
#books in Romance=2,131 | #books in Thriller=1,606 | #Romance&Thriller=60 | total OR=3,677 | neg_pool=5,738
✅ Completed injection file (OR): forpair_Romance__Thriller_2u_pos5_neg1_OR.csv
✅ Completed injection file (OR): forpair_Romance__Thriller_6u_pos5_neg1_OR.csv
✅ Completed injection file (OR): forpair_Romance__Thriller_50u_pos5_neg1_OR.csv
✅ Completed injection file (OR): forpair_Romance__Thriller_200u_pos5_neg1_OR.csv
#books in Science Fiction=855 | #books in Thriller=1,606 | #Science Fiction&Thriller=161 | total OR=2,300 | neg_pool=7,115
✅ Completed injection file (OR): forpair_Science_Fiction__Thriller_2u_pos5_neg1_OR.csv
✅ Completed injection file (OR): forpair_Science_Fiction__Thriller_6u_pos5_neg1_OR.csv
✅ Completed injection file (OR): forpair_Science_Fiction__Thriller_50u_pos5_neg1_OR.csv
✅ Completed injection file (OR): forpair_Science_Fiction__Thriller_200u_pos5_neg1_OR.csv
✅ Done for pos=5 (ALL pairs, OR). Out: /home/moshtasa/Research/phd-svd-recsys/SVD/Book/result/rec/top_re/1028/data/PAIR_INJECTION/5
