nohup: ignoring input
Loading original CSV...
✅ Completed injection file: fpair_Horror__Children_s_2u_pos5_neg1.csv
✅ Completed injection file: fpair_Horror__Children_s_4u_pos5_neg1.csv
✅ Completed injection file: fpair_Horror__Children_s_6u_pos5_neg1.csv
✅ Completed injection file: fpair_Horror__Children_s_25u_pos5_neg1.csv
✅ Completed injection file: fpair_Horror__Children_s_50u_pos5_neg1.csv
✅ Completed injection file: fpair_Horror__Children_s_100u_pos5_neg1.csv
✅ Completed injection file: fpair_Horror__Children_s_200u_pos5_neg1.csv
✅ Completed injection file: fpair_Horror__Children_s_300u_pos5_neg1.csv
✅ Completed injection file: fpair_Horror__Children_s_500u_pos5_neg1.csv
✅ Completed injection file: fpair_Horror__Children_s_1000u_pos5_neg1.csv
✅ Completed injection file: fpair_Horror__Classics_2u_pos5_neg1.csv
✅ Completed injection file: fpair_Horror__Classics_4u_pos5_neg1.csv
✅ Completed injection file: fpair_Horror__Classics_6u_pos5_neg1.csv
✅ Completed injection file: fpair_Horror__Classics_25u_pos5_neg1.csv
✅ Completed injection file: fpair_Horror__Classics_50u_pos5_neg1.csv
✅ Completed injection file: fpair_Horror__Classics_100u_pos5_neg1.csv
✅ Completed injection file: fpair_Horror__Classics_200u_pos5_neg1.csv
✅ Completed injection file: fpair_Horror__Classics_300u_pos5_neg1.csv
✅ Completed injection file: fpair_Horror__Classics_500u_pos5_neg1.csv
✅ Completed injection file: fpair_Horror__Classics_1000u_pos5_neg1.csv
✅ Completed injection file: fpair_Horror__Drama_2u_pos5_neg1.csv
✅ Completed injection file: fpair_Horror__Drama_4u_pos5_neg1.csv
✅ Completed injection file: fpair_Horror__Drama_6u_pos5_neg1.csv
✅ Completed injection file: fpair_Horror__Drama_25u_pos5_neg1.csv
✅ Completed injection file: fpair_Horror__Drama_50u_pos5_neg1.csv
✅ Completed injection file: fpair_Horror__Drama_100u_pos5_neg1.csv
✅ Completed injection file: fpair_Horror__Drama_200u_pos5_neg1.csv
✅ Completed injection file: fpair_Horror__Drama_300u_pos5_neg1.csv
✅ Completed injection file: fpair_Horror__Drama_500u_pos5_neg1.csv
✅ Completed injection file: fpair_Horror__Drama_1000u_pos5_neg1.csv
✅ Completed injection file: fpair_Horror__Historical_2u_pos5_neg1.csv
✅ Completed injection file: fpair_Horror__Historical_4u_pos5_neg1.csv
✅ Completed injection file: fpair_Horror__Historical_6u_pos5_neg1.csv
✅ Completed injection file: fpair_Horror__Historical_25u_pos5_neg1.csv
✅ Completed injection file: fpair_Horror__Historical_50u_pos5_neg1.csv
✅ Completed injection file: fpair_Horror__Historical_100u_pos5_neg1.csv
✅ Completed injection file: fpair_Horror__Historical_200u_pos5_neg1.csv
✅ Completed injection file: fpair_Horror__Historical_300u_pos5_neg1.csv
✅ Completed injection file: fpair_Horror__Historical_500u_pos5_neg1.csv
✅ Completed injection file: fpair_Horror__Historical_1000u_pos5_neg1.csv
✅ Completed injection file: fpair_Horror__Mystery_2u_pos5_neg1.csv
✅ Completed injection file: fpair_Horror__Mystery_4u_pos5_neg1.csv
✅ Completed injection file: fpair_Horror__Mystery_6u_pos5_neg1.csv
✅ Completed injection file: fpair_Horror__Mystery_25u_pos5_neg1.csv
✅ Completed injection file: fpair_Horror__Mystery_50u_pos5_neg1.csv
✅ Completed injection file: fpair_Horror__Mystery_100u_pos5_neg1.csv
✅ Completed injection file: fpair_Horror__Mystery_200u_pos5_neg1.csv
✅ Completed injection file: fpair_Horror__Mystery_300u_pos5_neg1.csv
✅ Completed injection file: fpair_Horror__Mystery_500u_pos5_neg1.csv
✅ Completed injection file: fpair_Horror__Mystery_1000u_pos5_neg1.csv
✅ Completed injection file: fpair_Horror__Nonfiction_2u_pos5_neg1.csv
✅ Completed injection file: fpair_Horror__Nonfiction_4u_pos5_neg1.csv
✅ Completed injection file: fpair_Horror__Nonfiction_6u_pos5_neg1.csv
✅ Completed injection file: fpair_Horror__Nonfiction_25u_pos5_neg1.csv
✅ Completed injection file: fpair_Horror__Nonfiction_50u_pos5_neg1.csv
✅ Completed injection file: fpair_Horror__Nonfiction_100u_pos5_neg1.csv
✅ Completed injection file: fpair_Horror__Nonfiction_200u_pos5_neg1.csv
✅ Completed injection file: fpair_Horror__Nonfiction_300u_pos5_neg1.csv
✅ Completed injection file: fpair_Horror__Nonfiction_500u_pos5_neg1.csv
✅ Completed injection file: fpair_Horror__Nonfiction_1000u_pos5_neg1.csv
✅ Completed injection file: fpair_Horror__Romance_2u_pos5_neg1.csv
✅ Completed injection file: fpair_Horror__Romance_4u_pos5_neg1.csv
✅ Completed injection file: fpair_Horror__Romance_6u_pos5_neg1.csv
✅ Completed injection file: fpair_Horror__Romance_25u_pos5_neg1.csv
✅ Completed injection file: fpair_Horror__Romance_50u_pos5_neg1.csv
✅ Completed injection file: fpair_Horror__Romance_100u_pos5_neg1.csv
✅ Completed injection file: fpair_Horror__Romance_200u_pos5_neg1.csv
✅ Completed injection file: fpair_Horror__Romance_300u_pos5_neg1.csv
✅ Completed injection file: fpair_Horror__Romance_500u_pos5_neg1.csv
✅ Completed injection file: fpair_Horror__Romance_1000u_pos5_neg1.csv
✅ Completed injection file: fpair_Horror__Science_Fiction_2u_pos5_neg1.csv
✅ Completed injection file: fpair_Horror__Science_Fiction_4u_pos5_neg1.csv
✅ Completed injection file: fpair_Horror__Science_Fiction_6u_pos5_neg1.csv
✅ Completed injection file: fpair_Horror__Science_Fiction_25u_pos5_neg1.csv
✅ Completed injection file: fpair_Horror__Science_Fiction_50u_pos5_neg1.csv
✅ Completed injection file: fpair_Horror__Science_Fiction_100u_pos5_neg1.csv
✅ Completed injection file: fpair_Horror__Science_Fiction_200u_pos5_neg1.csv
✅ Completed injection file: fpair_Horror__Science_Fiction_300u_pos5_neg1.csv
✅ Completed injection file: fpair_Horror__Science_Fiction_500u_pos5_neg1.csv
✅ Completed injection file: fpair_Horror__Science_Fiction_1000u_pos5_neg1.csv
✅ Completed injection file: fpair_Horror__Thriller_2u_pos5_neg1.csv
✅ Completed injection file: fpair_Horror__Thriller_4u_pos5_neg1.csv
✅ Completed injection file: fpair_Horror__Thriller_6u_pos5_neg1.csv
✅ Completed injection file: fpair_Horror__Thriller_25u_pos5_neg1.csv
✅ Completed injection file: fpair_Horror__Thriller_50u_pos5_neg1.csv
✅ Completed injection file: fpair_Horror__Thriller_100u_pos5_neg1.csv
✅ Completed injection file: fpair_Horror__Thriller_200u_pos5_neg1.csv
✅ Completed injection file: fpair_Horror__Thriller_300u_pos5_neg1.csv
✅ Completed injection file: fpair_Horror__Thriller_500u_pos5_neg1.csv
✅ Completed injection file: fpair_Horror__Thriller_1000u_pos5_neg1.csv
✅ Done for Horror-only pairs. Out: /home/moshtasa/Research/phd-svd-recsys/SVD/Book/result/rec/top_re/1020/data/PAIR_INJECTION/5
